============================================================================================== 
Warning! Mixing Conda and module environments may lead to corruption of the
user environment. 
We do not recommend users mixing those two environments unless absolutely
necessary. Note that 
SURF does not provide any support for Conda environment.
For more information, please refer to our software policy page:
https://servicedesk.surf.nl/wiki/display/WIKI/Software+policy+Snellius#SoftwarepolicySnellius-UseofAnacondaandMinicondaenvironmentsonSnellius 

Remember that many packages have already been installed on the system and can
be loaded using 
the 'module load <package__name>' command. If you are uncertain if a package is
already available 
on the system, please use 'module avail' or 'module spider' to search for it.
============================================================================================== 
[I 2024-05-25 00:30:23,136] A new study created in memory with name: no-name-d80d554b-fa6f-4b7c-8e22-8e937521e73c
  0%|          | 0/25 [00:00<?, ?it/s]  4%|▍         | 1/25 [00:02<00:56,  2.36s/it]  8%|▊         | 2/25 [00:04<00:51,  2.22s/it] 12%|█▏        | 3/25 [00:06<00:48,  2.19s/it] 16%|█▌        | 4/25 [00:08<00:45,  2.18s/it] 20%|██        | 5/25 [00:10<00:43,  2.16s/it] 24%|██▍       | 6/25 [00:13<00:40,  2.15s/it] 28%|██▊       | 7/25 [00:15<00:39,  2.18s/it] 32%|███▏      | 8/25 [00:17<00:36,  2.16s/it] 36%|███▌      | 9/25 [00:19<00:34,  2.15s/it] 40%|████      | 10/25 [00:21<00:32,  2.14s/it] 44%|████▍     | 11/25 [00:23<00:30,  2.15s/it] 48%|████▊     | 12/25 [00:25<00:27,  2.14s/it] 52%|█████▏    | 13/25 [00:28<00:25,  2.14s/it] 56%|█████▌    | 14/25 [00:30<00:23,  2.14s/it] 60%|██████    | 15/25 [00:32<00:21,  2.14s/it] 64%|██████▍   | 16/25 [00:34<00:19,  2.14s/it] 68%|██████▊   | 17/25 [00:36<00:17,  2.16s/it] 72%|███████▏  | 18/25 [00:38<00:15,  2.16s/it] 76%|███████▌  | 19/25 [00:41<00:12,  2.16s/it] 80%|████████  | 20/25 [00:43<00:10,  2.15s/it] 84%|████████▍ | 21/25 [00:45<00:08,  2.15s/it] 88%|████████▊ | 22/25 [00:47<00:06,  2.15s/it] 92%|█████████▏| 23/25 [00:49<00:04,  2.15s/it] 96%|█████████▌| 24/25 [00:51<00:02,  2.14s/it]100%|██████████| 25/25 [00:53<00:00,  2.15s/it]100%|██████████| 25/25 [00:53<00:00,  2.16s/it]
[I 2024-05-25 00:31:21,663] Trial 0 finished with value: 0.019072531536221505 and parameters: {'d_model': 64, 'num_heads': 16, 'num_layers': 4, 'lr': 0.00044143673517569606, 'batch_size': 100, 'wd': 4.073396738644411e-06}. Best is trial 0 with value: 0.019072531536221505.
  0%|          | 0/25 [00:00<?, ?it/s]  4%|▍         | 1/25 [00:05<02:03,  5.15s/it]  8%|▊         | 2/25 [00:10<01:57,  5.12s/it] 12%|█▏        | 3/25 [00:15<01:52,  5.09s/it] 16%|█▌        | 4/25 [00:20<01:46,  5.08s/it] 20%|██        | 5/25 [00:25<01:41,  5.07s/it] 24%|██▍       | 6/25 [00:30<01:36,  5.07s/it] 28%|██▊       | 7/25 [00:35<01:31,  5.06s/it] 32%|███▏      | 8/25 [00:40<01:26,  5.09s/it] 36%|███▌      | 9/25 [00:45<01:21,  5.10s/it] 40%|████      | 10/25 [00:50<01:16,  5.09s/it] 44%|████▍     | 11/25 [00:55<01:11,  5.08s/it] 48%|████▊     | 12/25 [01:00<01:05,  5.06s/it] 52%|█████▏    | 13/25 [01:05<01:00,  5.05s/it] 56%|█████▌    | 14/25 [01:11<00:55,  5.05s/it] 60%|██████    | 15/25 [01:16<00:50,  5.04s/it] 64%|██████▍   | 16/25 [01:21<00:45,  5.05s/it] 68%|██████▊   | 17/25 [01:26<00:40,  5.05s/it] 72%|███████▏  | 18/25 [01:31<00:35,  5.05s/it] 76%|███████▌  | 19/25 [01:36<00:30,  5.04s/it] 80%|████████  | 20/25 [01:41<00:25,  5.03s/it] 84%|████████▍ | 21/25 [01:46<00:20,  5.03s/it] 88%|████████▊ | 22/25 [01:51<00:15,  5.03s/it] 92%|█████████▏| 23/25 [01:56<00:10,  5.05s/it] 96%|█████████▌| 24/25 [02:01<00:05,  5.04s/it]100%|██████████| 25/25 [02:06<00:00,  5.05s/it]100%|██████████| 25/25 [02:06<00:00,  5.06s/it]
[I 2024-05-25 00:33:28,256] Trial 1 finished with value: 0.016357721481472253 and parameters: {'d_model': 128, 'num_heads': 4, 'num_layers': 6, 'lr': 0.00017737799675502145, 'batch_size': 100, 'wd': 4.5055469877472145e-05}. Best is trial 1 with value: 0.016357721481472253.
  0%|          | 0/25 [00:00<?, ?it/s]  4%|▍         | 1/25 [00:02<00:57,  2.40s/it]  8%|▊         | 2/25 [00:04<00:55,  2.40s/it] 12%|█▏        | 3/25 [00:07<00:52,  2.40s/it] 16%|█▌        | 4/25 [00:09<00:50,  2.40s/it] 20%|██        | 5/25 [00:12<00:48,  2.40s/it] 24%|██▍       | 6/25 [00:14<00:45,  2.40s/it] 28%|██▊       | 7/25 [00:16<00:43,  2.40s/it] 32%|███▏      | 8/25 [00:19<00:40,  2.40s/it] 36%|███▌      | 9/25 [00:21<00:38,  2.40s/it] 40%|████      | 10/25 [00:23<00:35,  2.40s/it] 44%|████▍     | 11/25 [00:26<00:33,  2.40s/it] 48%|████▊     | 12/25 [00:28<00:31,  2.40s/it] 52%|█████▏    | 13/25 [00:31<00:28,  2.40s/it] 56%|█████▌    | 14/25 [00:33<00:26,  2.40s/it] 60%|██████    | 15/25 [00:36<00:24,  2.40s/it] 64%|██████▍   | 16/25 [00:38<00:21,  2.40s/it] 68%|██████▊   | 17/25 [00:40<00:19,  2.40s/it] 72%|███████▏  | 18/25 [00:43<00:16,  2.40s/it] 76%|███████▌  | 19/25 [00:45<00:14,  2.40s/it] 80%|████████  | 20/25 [00:47<00:12,  2.40s/it] 84%|████████▍ | 21/25 [00:50<00:09,  2.42s/it] 88%|████████▊ | 22/25 [00:52<00:07,  2.45s/it] 92%|█████████▏| 23/25 [00:55<00:04,  2.44s/it] 96%|█████████▌| 24/25 [00:57<00:02,  2.42s/it]100%|██████████| 25/25 [01:00<00:00,  2.41s/it]100%|██████████| 25/25 [01:00<00:00,  2.41s/it]
[I 2024-05-25 00:34:28,502] Trial 2 finished with value: 0.07100853472948074 and parameters: {'d_model': 16, 'num_heads': 8, 'num_layers': 8, 'lr': 4.480849398069643e-05, 'batch_size': 100, 'wd': 0.0035869661097366937}. Best is trial 1 with value: 0.016357721481472253.
  0%|          | 0/25 [00:00<?, ?it/s]  4%|▍         | 1/25 [00:02<01:05,  2.71s/it]  8%|▊         | 2/25 [00:05<01:02,  2.72s/it] 12%|█▏        | 3/25 [00:08<01:01,  2.79s/it] 16%|█▌        | 4/25 [00:11<00:58,  2.77s/it] 20%|██        | 5/25 [00:13<00:55,  2.75s/it] 24%|██▍       | 6/25 [00:16<00:51,  2.74s/it] 28%|██▊       | 7/25 [00:19<00:49,  2.73s/it] 32%|███▏      | 8/25 [00:21<00:46,  2.72s/it] 36%|███▌      | 9/25 [00:24<00:43,  2.72s/it] 40%|████      | 10/25 [00:27<00:40,  2.72s/it] 44%|████▍     | 11/25 [00:30<00:38,  2.72s/it] 48%|████▊     | 12/25 [00:32<00:35,  2.73s/it] 52%|█████▏    | 13/25 [00:36<00:36,  3.03s/it] 56%|█████▌    | 14/25 [00:39<00:32,  2.97s/it] 60%|██████    | 15/25 [00:42<00:29,  2.92s/it] 64%|██████▍   | 16/25 [00:44<00:26,  2.89s/it] 68%|██████▊   | 17/25 [00:48<00:23,  2.96s/it] 72%|███████▏  | 18/25 [00:50<00:20,  2.91s/it] 76%|███████▌  | 19/25 [00:53<00:17,  2.85s/it] 80%|████████  | 20/25 [00:56<00:14,  2.80s/it] 84%|████████▍ | 21/25 [00:58<00:11,  2.77s/it] 88%|████████▊ | 22/25 [01:01<00:08,  2.75s/it] 92%|█████████▏| 23/25 [01:04<00:05,  2.74s/it] 96%|█████████▌| 24/25 [01:07<00:02,  2.73s/it]100%|██████████| 25/25 [01:09<00:00,  2.72s/it]100%|██████████| 25/25 [01:09<00:00,  2.79s/it]
[I 2024-05-25 00:35:38,398] Trial 3 finished with value: 0.02540426142513752 and parameters: {'d_model': 128, 'num_heads': 8, 'num_layers': 3, 'lr': 0.0009763635705074723, 'batch_size': 100, 'wd': 0.006302666377822221}. Best is trial 1 with value: 0.016357721481472253.
  0%|          | 0/25 [00:00<?, ?it/s]  4%|▍         | 1/25 [00:02<00:51,  2.13s/it]  8%|▊         | 2/25 [00:04<00:49,  2.14s/it] 12%|█▏        | 3/25 [00:06<00:46,  2.13s/it] 16%|█▌        | 4/25 [00:08<00:44,  2.14s/it] 20%|██        | 5/25 [00:10<00:42,  2.13s/it] 24%|██▍       | 6/25 [00:12<00:40,  2.15s/it] 28%|██▊       | 7/25 [00:14<00:38,  2.14s/it] 32%|███▏      | 8/25 [00:17<00:36,  2.14s/it] 36%|███▌      | 9/25 [00:19<00:34,  2.13s/it] 40%|████      | 10/25 [00:21<00:31,  2.13s/it] 44%|████▍     | 11/25 [00:23<00:29,  2.13s/it] 48%|████▊     | 12/25 [00:25<00:27,  2.13s/it] 52%|█████▏    | 13/25 [00:27<00:25,  2.13s/it] 56%|█████▌    | 14/25 [00:29<00:23,  2.13s/it] 60%|██████    | 15/25 [00:31<00:21,  2.12s/it] 64%|██████▍   | 16/25 [00:34<00:19,  2.12s/it] 68%|██████▊   | 17/25 [00:36<00:16,  2.12s/it] 72%|███████▏  | 18/25 [00:38<00:14,  2.13s/it] 76%|███████▌  | 19/25 [00:40<00:12,  2.12s/it] 80%|████████  | 20/25 [00:42<00:10,  2.13s/it] 84%|████████▍ | 21/25 [00:44<00:08,  2.13s/it] 88%|████████▊ | 22/25 [00:46<00:06,  2.13s/it] 92%|█████████▏| 23/25 [00:48<00:04,  2.13s/it] 96%|█████████▌| 24/25 [00:51<00:02,  2.13s/it]100%|██████████| 25/25 [00:53<00:00,  2.13s/it]100%|██████████| 25/25 [00:53<00:00,  2.13s/it]
[I 2024-05-25 00:36:31,697] Trial 4 finished with value: 0.07475222535431385 and parameters: {'d_model': 16, 'num_heads': 16, 'num_layers': 4, 'lr': 1.1736217169112474e-05, 'batch_size': 50, 'wd': 0.0003364737721849788}. Best is trial 1 with value: 0.016357721481472253.
  0%|          | 0/25 [00:00<?, ?it/s]  4%|▍         | 1/25 [00:02<00:50,  2.10s/it]  4%|▍         | 1/25 [00:04<01:40,  4.19s/it]
[I 2024-05-25 00:36:35,981] Trial 5 pruned. 
  0%|          | 0/25 [00:00<?, ?it/s]  4%|▍         | 1/25 [00:04<01:37,  4.08s/it]  8%|▊         | 2/25 [00:08<01:34,  4.09s/it] 12%|█▏        | 3/25 [00:12<01:30,  4.09s/it] 16%|█▌        | 4/25 [00:16<01:25,  4.09s/it] 20%|██        | 5/25 [00:20<01:21,  4.08s/it] 24%|██▍       | 6/25 [00:24<01:17,  4.07s/it] 28%|██▊       | 7/25 [00:28<01:13,  4.07s/it] 32%|███▏      | 8/25 [00:32<01:09,  4.06s/it] 36%|███▌      | 9/25 [00:36<01:04,  4.06s/it] 40%|████      | 10/25 [00:40<01:00,  4.05s/it] 44%|████▍     | 11/25 [00:44<00:56,  4.05s/it] 48%|████▊     | 12/25 [00:48<00:52,  4.04s/it] 52%|█████▏    | 13/25 [00:52<00:48,  4.03s/it] 56%|█████▌    | 14/25 [00:56<00:44,  4.02s/it] 60%|██████    | 15/25 [01:00<00:40,  4.01s/it] 64%|██████▍   | 16/25 [01:04<00:35,  4.00s/it] 68%|██████▊   | 17/25 [01:08<00:31,  3.99s/it] 72%|███████▏  | 18/25 [01:12<00:27,  3.99s/it] 76%|███████▌  | 19/25 [01:16<00:23,  3.99s/it] 80%|████████  | 20/25 [01:20<00:19,  3.99s/it] 84%|████████▍ | 21/25 [01:24<00:15,  3.98s/it] 88%|████████▊ | 22/25 [01:28<00:11,  3.98s/it] 88%|████████▊ | 22/25 [01:32<00:12,  4.21s/it]
[I 2024-05-25 00:38:08,583] Trial 6 pruned. 
  0%|          | 0/25 [00:00<?, ?it/s]  0%|          | 0/25 [00:03<?, ?it/s]
[I 2024-05-25 00:38:12,096] Trial 7 pruned. 
  0%|          | 0/25 [00:00<?, ?it/s]  4%|▍         | 1/25 [00:04<01:47,  4.46s/it]  8%|▊         | 2/25 [00:08<01:42,  4.46s/it] 12%|█▏        | 3/25 [00:13<01:38,  4.47s/it] 16%|█▌        | 4/25 [00:17<01:33,  4.47s/it] 20%|██        | 5/25 [00:22<01:29,  4.48s/it] 24%|██▍       | 6/25 [00:26<01:24,  4.47s/it] 28%|██▊       | 7/25 [00:31<01:20,  4.47s/it] 32%|███▏      | 8/25 [00:35<01:16,  4.47s/it] 36%|███▌      | 9/25 [00:40<01:11,  4.46s/it] 40%|████      | 10/25 [00:44<01:06,  4.46s/it] 44%|████▍     | 11/25 [00:49<01:02,  4.46s/it] 48%|████▊     | 12/25 [00:53<00:57,  4.46s/it] 52%|█████▏    | 13/25 [00:58<00:53,  4.46s/it] 56%|█████▌    | 14/25 [01:02<00:49,  4.47s/it] 60%|██████    | 15/25 [01:07<00:44,  4.48s/it] 64%|██████▍   | 16/25 [01:11<00:40,  4.49s/it] 68%|██████▊   | 17/25 [01:16<00:35,  4.49s/it] 72%|███████▏  | 18/25 [01:20<00:31,  4.49s/it] 76%|███████▌  | 19/25 [01:25<00:26,  4.49s/it] 80%|████████  | 20/25 [01:29<00:22,  4.49s/it] 84%|████████▍ | 21/25 [01:34<00:17,  4.49s/it] 88%|████████▊ | 22/25 [01:38<00:13,  4.49s/it] 92%|█████████▏| 23/25 [01:43<00:08,  4.49s/it] 96%|█████████▌| 24/25 [01:47<00:04,  4.49s/it]100%|██████████| 25/25 [01:51<00:00,  4.49s/it]100%|██████████| 25/25 [01:51<00:00,  4.48s/it]
[I 2024-05-25 00:40:04,148] Trial 8 finished with value: 0.017331089079380035 and parameters: {'d_model': 128, 'num_heads': 16, 'num_layers': 3, 'lr': 0.00011287154607685969, 'batch_size': 50, 'wd': 0.00019081227127899092}. Best is trial 1 with value: 0.016357721481472253.
  0%|          | 0/25 [00:00<?, ?it/s]  4%|▍         | 1/25 [00:02<01:04,  2.67s/it]  8%|▊         | 2/25 [00:05<01:01,  2.67s/it] 12%|█▏        | 3/25 [00:07<00:58,  2.66s/it] 16%|█▌        | 4/25 [00:10<00:55,  2.66s/it] 20%|██        | 5/25 [00:13<00:53,  2.66s/it] 24%|██▍       | 6/25 [00:15<00:50,  2.66s/it] 28%|██▊       | 7/25 [00:18<00:47,  2.66s/it] 32%|███▏      | 8/25 [00:21<00:45,  2.65s/it] 36%|███▌      | 9/25 [00:23<00:42,  2.65s/it] 40%|████      | 10/25 [00:26<00:39,  2.65s/it] 44%|████▍     | 11/25 [00:29<00:37,  2.65s/it] 48%|████▊     | 12/25 [00:31<00:34,  2.66s/it] 52%|█████▏    | 13/25 [00:34<00:31,  2.66s/it] 56%|█████▌    | 14/25 [00:37<00:29,  2.67s/it] 60%|██████    | 15/25 [00:39<00:26,  2.68s/it] 64%|██████▍   | 16/25 [00:42<00:24,  2.69s/it] 68%|██████▊   | 17/25 [00:45<00:21,  2.70s/it] 72%|███████▏  | 18/25 [00:48<00:18,  2.70s/it] 76%|███████▌  | 19/25 [00:50<00:16,  2.70s/it] 80%|████████  | 20/25 [00:53<00:13,  2.70s/it] 84%|████████▍ | 21/25 [00:56<00:10,  2.70s/it] 88%|████████▊ | 22/25 [00:58<00:08,  2.70s/it] 92%|█████████▏| 23/25 [01:01<00:05,  2.70s/it] 96%|█████████▌| 24/25 [01:04<00:02,  2.70s/it]100%|██████████| 25/25 [01:07<00:00,  2.70s/it]100%|██████████| 25/25 [01:07<00:00,  2.68s/it]
[I 2024-05-25 00:41:11,265] Trial 9 finished with value: 0.01875750031322241 and parameters: {'d_model': 128, 'num_heads': 4, 'num_layers': 3, 'lr': 0.00010163452165723517, 'batch_size': 100, 'wd': 0.00012202657632934044}. Best is trial 1 with value: 0.016357721481472253.
  0%|          | 0/25 [00:00<?, ?it/s]  0%|          | 0/25 [00:00<?, ?it/s]
[I 2024-05-25 00:41:11,721] Trial 10 pruned. 
  0%|          | 0/25 [00:00<?, ?it/s]  4%|▍         | 1/25 [00:08<03:25,  8.58s/it]  8%|▊         | 2/25 [00:17<03:16,  8.55s/it] 12%|█▏        | 3/25 [00:25<03:07,  8.54s/it] 16%|█▌        | 4/25 [00:34<02:59,  8.53s/it] 20%|██        | 5/25 [00:42<02:50,  8.53s/it] 24%|██▍       | 6/25 [00:51<02:41,  8.52s/it] 28%|██▊       | 7/25 [00:59<02:33,  8.54s/it] 32%|███▏      | 8/25 [01:08<02:25,  8.53s/it] 36%|███▌      | 9/25 [01:16<02:16,  8.53s/it] 40%|████      | 10/25 [01:25<02:07,  8.53s/it] 44%|████▍     | 11/25 [01:33<01:59,  8.52s/it] 48%|████▊     | 12/25 [01:42<01:50,  8.53s/it] 52%|█████▏    | 13/25 [01:50<01:42,  8.53s/it] 56%|█████▌    | 14/25 [01:59<01:33,  8.53s/it] 60%|██████    | 15/25 [02:07<01:25,  8.53s/it] 64%|██████▍   | 16/25 [02:16<01:16,  8.53s/it] 68%|██████▊   | 17/25 [02:25<01:08,  8.52s/it] 72%|███████▏  | 18/25 [02:33<00:59,  8.52s/it] 76%|███████▌  | 19/25 [02:42<00:51,  8.52s/it] 80%|████████  | 20/25 [02:50<00:42,  8.53s/it] 84%|████████▍ | 21/25 [02:59<00:34,  8.53s/it] 88%|████████▊ | 22/25 [03:07<00:25,  8.53s/it] 92%|█████████▏| 23/25 [03:16<00:17,  8.54s/it] 96%|█████████▌| 24/25 [03:24<00:08,  8.53s/it]100%|██████████| 25/25 [03:33<00:00,  8.53s/it]100%|██████████| 25/25 [03:33<00:00,  8.53s/it]
[I 2024-05-25 00:44:45,143] Trial 11 finished with value: 0.0199375840369612 and parameters: {'d_model': 128, 'num_heads': 4, 'num_layers': 6, 'lr': 0.00012767011260707292, 'batch_size': 50, 'wd': 2.2443157279518976e-05}. Best is trial 1 with value: 0.016357721481472253.
  0%|          | 0/25 [00:00<?, ?it/s]  4%|▍         | 1/25 [00:01<00:46,  1.93s/it]  8%|▊         | 2/25 [00:03<00:44,  1.92s/it] 12%|█▏        | 3/25 [00:05<00:42,  1.92s/it] 16%|█▌        | 4/25 [00:07<00:40,  1.92s/it] 20%|██        | 5/25 [00:09<00:38,  1.92s/it] 24%|██▍       | 6/25 [00:11<00:36,  1.91s/it] 28%|██▊       | 7/25 [00:13<00:34,  1.92s/it] 28%|██▊       | 7/25 [00:15<00:39,  2.19s/it]
[I 2024-05-25 00:45:00,590] Trial 12 pruned. 
  0%|          | 0/25 [00:00<?, ?it/s]  0%|          | 0/25 [00:01<?, ?it/s]
[I 2024-05-25 00:45:01,952] Trial 13 pruned. 
  0%|          | 0/25 [00:00<?, ?it/s]  4%|▍         | 1/25 [00:03<01:17,  3.22s/it]  8%|▊         | 2/25 [00:06<01:14,  3.22s/it] 12%|█▏        | 3/25 [00:09<01:11,  3.23s/it] 16%|█▌        | 4/25 [00:12<01:07,  3.22s/it] 20%|██        | 5/25 [00:16<01:04,  3.23s/it] 24%|██▍       | 6/25 [00:19<01:01,  3.22s/it] 28%|██▊       | 7/25 [00:22<00:58,  3.23s/it] 32%|███▏      | 8/25 [00:25<00:54,  3.22s/it] 32%|███▏      | 8/25 [00:29<01:01,  3.63s/it]
[I 2024-05-25 00:45:31,062] Trial 14 pruned. 
  0%|          | 0/25 [00:00<?, ?it/s]  4%|▍         | 1/25 [00:09<03:58,  9.93s/it]  8%|▊         | 2/25 [00:19<03:49,  9.98s/it] 12%|█▏        | 3/25 [00:29<03:39,  9.96s/it] 16%|█▌        | 4/25 [00:39<03:28,  9.95s/it] 20%|██        | 5/25 [00:49<03:18,  9.95s/it] 24%|██▍       | 6/25 [00:59<03:08,  9.92s/it] 28%|██▊       | 7/25 [01:09<02:57,  9.85s/it] 32%|███▏      | 8/25 [01:19<02:46,  9.82s/it] 36%|███▌      | 9/25 [01:28<02:36,  9.78s/it] 40%|████      | 10/25 [01:38<02:26,  9.76s/it] 44%|████▍     | 11/25 [01:48<02:16,  9.75s/it] 48%|████▊     | 12/25 [01:57<02:06,  9.74s/it] 52%|█████▏    | 13/25 [02:07<01:56,  9.73s/it] 56%|█████▌    | 14/25 [02:17<01:47,  9.73s/it] 60%|██████    | 15/25 [02:27<01:37,  9.74s/it] 64%|██████▍   | 16/25 [02:36<01:27,  9.76s/it] 68%|██████▊   | 17/25 [02:46<01:17,  9.75s/it] 72%|███████▏  | 18/25 [02:56<01:08,  9.74s/it] 76%|███████▌  | 19/25 [03:06<00:58,  9.73s/it] 80%|████████  | 20/25 [03:15<00:48,  9.74s/it] 84%|████████▍ | 21/25 [03:25<00:38,  9.73s/it] 88%|████████▊ | 22/25 [03:35<00:29,  9.72s/it] 92%|█████████▏| 23/25 [03:44<00:19,  9.72s/it] 96%|█████████▌| 24/25 [03:54<00:09,  9.72s/it]100%|██████████| 25/25 [04:04<00:00,  9.71s/it]100%|██████████| 25/25 [04:04<00:00,  9.78s/it]
[I 2024-05-25 00:49:35,595] Trial 15 finished with value: 0.018674397887662054 and parameters: {'d_model': 128, 'num_heads': 16, 'num_layers': 7, 'lr': 0.00020500770933494495, 'batch_size': 50, 'wd': 0.0005523292194335053}. Best is trial 1 with value: 0.016357721481472253.
  0%|          | 0/25 [00:00<?, ?it/s]  0%|          | 0/25 [00:03<?, ?it/s]
[I 2024-05-25 00:49:38,747] Trial 16 pruned. 
  0%|          | 0/25 [00:00<?, ?it/s]  0%|          | 0/25 [00:00<?, ?it/s]
[I 2024-05-25 00:49:39,642] Trial 17 pruned. 
  0%|          | 0/25 [00:00<?, ?it/s]  0%|          | 0/25 [00:03<?, ?it/s]
[I 2024-05-25 00:49:43,117] Trial 18 pruned. 
  0%|          | 0/25 [00:00<?, ?it/s]  0%|          | 0/25 [00:03<?, ?it/s]
[I 2024-05-25 00:49:46,612] Trial 19 pruned. 
  0%|          | 0/25 [00:00<?, ?it/s]  4%|▍         | 1/25 [00:03<01:15,  3.13s/it]  8%|▊         | 2/25 [00:06<01:11,  3.12s/it] 12%|█▏        | 3/25 [00:09<01:08,  3.12s/it] 16%|█▌        | 4/25 [00:12<01:05,  3.12s/it] 20%|██        | 5/25 [00:15<01:02,  3.12s/it] 24%|██▍       | 6/25 [00:18<00:59,  3.12s/it] 28%|██▊       | 7/25 [00:21<00:56,  3.12s/it] 32%|███▏      | 8/25 [00:24<00:53,  3.12s/it] 36%|███▌      | 9/25 [00:28<00:49,  3.12s/it] 40%|████      | 10/25 [00:31<00:46,  3.13s/it] 44%|████▍     | 11/25 [00:34<00:43,  3.12s/it] 48%|████▊     | 12/25 [00:37<00:40,  3.12s/it] 52%|█████▏    | 13/25 [00:40<00:37,  3.13s/it] 56%|█████▌    | 14/25 [00:43<00:34,  3.13s/it] 60%|██████    | 15/25 [00:46<00:31,  3.13s/it] 64%|██████▍   | 16/25 [00:49<00:28,  3.12s/it] 68%|██████▊   | 17/25 [00:53<00:25,  3.13s/it] 72%|███████▏  | 18/25 [00:56<00:21,  3.13s/it] 76%|███████▌  | 19/25 [00:59<00:18,  3.13s/it] 80%|████████  | 20/25 [01:02<00:15,  3.13s/it] 84%|████████▍ | 21/25 [01:05<00:12,  3.13s/it] 88%|████████▊ | 22/25 [01:08<00:09,  3.13s/it] 92%|█████████▏| 23/25 [01:11<00:06,  3.13s/it] 96%|█████████▌| 24/25 [01:15<00:03,  3.13s/it]100%|██████████| 25/25 [01:18<00:00,  3.13s/it]100%|██████████| 25/25 [01:18<00:00,  3.13s/it]
[I 2024-05-25 00:51:04,859] Trial 20 finished with value: 0.014385275170207023 and parameters: {'d_model': 128, 'num_heads': 16, 'num_layers': 2, 'lr': 0.00014358483415055872, 'batch_size': 50, 'wd': 8.014236808721734e-06}. Best is trial 20 with value: 0.014385275170207023.
  0%|          | 0/25 [00:00<?, ?it/s]  4%|▍         | 1/25 [00:03<01:15,  3.13s/it]  8%|▊         | 2/25 [00:06<01:12,  3.13s/it] 12%|█▏        | 3/25 [00:09<01:08,  3.13s/it] 16%|█▌        | 4/25 [00:12<01:05,  3.13s/it] 20%|██        | 5/25 [00:15<01:02,  3.13s/it] 24%|██▍       | 6/25 [00:18<00:59,  3.13s/it] 28%|██▊       | 7/25 [00:21<00:56,  3.13s/it] 32%|███▏      | 8/25 [00:25<00:53,  3.12s/it] 36%|███▌      | 9/25 [00:28<00:49,  3.12s/it] 40%|████      | 10/25 [00:31<00:46,  3.12s/it] 44%|████▍     | 11/25 [00:34<00:43,  3.12s/it] 48%|████▊     | 12/25 [00:37<00:40,  3.12s/it] 52%|█████▏    | 13/25 [00:40<00:37,  3.12s/it] 56%|█████▌    | 14/25 [00:43<00:34,  3.13s/it] 60%|██████    | 15/25 [00:46<00:31,  3.13s/it] 64%|██████▍   | 16/25 [00:50<00:28,  3.13s/it] 68%|██████▊   | 17/25 [00:53<00:25,  3.13s/it] 72%|███████▏  | 18/25 [00:56<00:21,  3.13s/it] 76%|███████▌  | 19/25 [00:59<00:18,  3.13s/it] 80%|████████  | 20/25 [01:02<00:15,  3.13s/it] 84%|████████▍ | 21/25 [01:05<00:12,  3.12s/it] 88%|████████▊ | 22/25 [01:08<00:09,  3.12s/it] 92%|█████████▏| 23/25 [01:11<00:06,  3.13s/it] 96%|█████████▌| 24/25 [01:15<00:03,  3.13s/it]100%|██████████| 25/25 [01:18<00:00,  3.13s/it]100%|██████████| 25/25 [01:18<00:00,  3.13s/it]
