[I 2024-05-25 15:17:18,410] Trial 17 finished with value: 0.017528830096125603 and parameters: {'d_model': 128, 'num_heads': 8, 'num_layers': 8, 'lr': 8.942444722005448e-05, 'batch_size': 50, 'wd': 5.34290598610248e-05}. Best is trial 17 with value: 0.017528830096125603.
  0%|          | 0/25 [00:00<?, ?it/s]  0%|          | 0/25 [00:04<?, ?it/s]
[I 2024-05-25 15:17:23,124] Trial 18 pruned. 
  0%|          | 0/25 [00:00<?, ?it/s]  4%|▍         | 1/25 [00:09<03:52,  9.70s/it]  8%|▊         | 2/25 [00:19<03:42,  9.69s/it] 12%|█▏        | 3/25 [00:29<03:33,  9.70s/it] 16%|█▌        | 4/25 [00:38<03:23,  9.70s/it] 20%|██        | 5/25 [00:48<03:13,  9.70s/it] 24%|██▍       | 6/25 [00:58<03:04,  9.69s/it] 28%|██▊       | 7/25 [01:07<02:54,  9.69s/it] 32%|███▏      | 8/25 [01:17<02:44,  9.69s/it] 36%|███▌      | 9/25 [01:27<02:35,  9.69s/it] 40%|████      | 10/25 [01:36<02:25,  9.69s/it] 44%|████▍     | 11/25 [01:46<02:15,  9.69s/it] 48%|████▊     | 12/25 [01:56<02:05,  9.69s/it] 52%|█████▏    | 13/25 [02:05<01:56,  9.69s/it] 56%|█████▌    | 14/25 [02:15<01:46,  9.70s/it] 60%|██████    | 15/25 [02:25<01:37,  9.70s/it] 64%|██████▍   | 16/25 [02:35<01:27,  9.70s/it] 68%|██████▊   | 17/25 [02:44<01:17,  9.70s/it] 72%|███████▏  | 18/25 [02:54<01:07,  9.69s/it] 76%|███████▌  | 19/25 [03:04<00:58,  9.69s/it] 80%|████████  | 20/25 [03:13<00:48,  9.68s/it] 84%|████████▍ | 21/25 [03:23<00:38,  9.69s/it] 88%|████████▊ | 22/25 [03:33<00:29,  9.69s/it] 92%|█████████▏| 23/25 [03:42<00:19,  9.72s/it] 96%|█████████▌| 24/25 [03:52<00:09,  9.73s/it]100%|██████████| 25/25 [04:02<00:00,  9.74s/it]100%|██████████| 25/25 [04:02<00:00,  9.70s/it]
[I 2024-05-25 15:21:25,745] Trial 19 finished with value: 0.019646764965727925 and parameters: {'d_model': 128, 'num_heads': 8, 'num_layers': 5, 'lr': 4.80819906196789e-05, 'batch_size': 50, 'wd': 7.899765271811089e-05}. Best is trial 17 with value: 0.017528830096125603.
  0%|          | 0/25 [00:00<?, ?it/s]  0%|          | 0/25 [00:06<?, ?it/s]
[I 2024-05-25 15:21:32,749] Trial 20 pruned. 
  0%|          | 0/25 [00:00<?, ?it/s]  4%|▍         | 1/25 [00:09<03:57,  9.89s/it]  8%|▊         | 2/25 [00:19<03:48,  9.92s/it] 12%|█▏        | 3/25 [00:29<03:35,  9.79s/it] 16%|█▌        | 4/25 [00:39<03:24,  9.75s/it] 20%|██        | 5/25 [00:48<03:14,  9.71s/it] 24%|██▍       | 6/25 [00:58<03:03,  9.68s/it] 28%|██▊       | 7/25 [01:08<02:53,  9.66s/it] 32%|███▏      | 8/25 [01:17<02:43,  9.65s/it] 36%|███▌      | 9/25 [01:27<02:34,  9.65s/it] 40%|████      | 10/25 [01:36<02:24,  9.65s/it] 44%|████▍     | 11/25 [01:46<02:15,  9.65s/it] 48%|████▊     | 12/25 [01:56<02:05,  9.65s/it] 52%|█████▏    | 13/25 [02:05<01:55,  9.64s/it] 56%|█████▌    | 14/25 [02:15<01:45,  9.63s/it] 60%|██████    | 15/25 [02:25<01:36,  9.64s/it] 64%|██████▍   | 16/25 [02:34<01:26,  9.63s/it] 68%|██████▊   | 17/25 [02:44<01:17,  9.64s/it] 72%|███████▏  | 18/25 [02:54<01:07,  9.64s/it] 76%|███████▌  | 19/25 [03:03<00:57,  9.64s/it] 80%|████████  | 20/25 [03:13<00:48,  9.64s/it] 84%|████████▍ | 21/25 [03:22<00:38,  9.64s/it] 88%|████████▊ | 22/25 [03:32<00:28,  9.64s/it] 92%|█████████▏| 23/25 [03:42<00:19,  9.64s/it] 96%|█████████▌| 24/25 [03:51<00:09,  9.64s/it]100%|██████████| 25/25 [04:01<00:00,  9.65s/it]100%|██████████| 25/25 [04:01<00:00,  9.66s/it]
[I 2024-05-25 15:25:34,440] Trial 21 finished with value: 0.018374395649880172 and parameters: {'d_model': 128, 'num_heads': 8, 'num_layers': 5, 'lr': 5.651910649931044e-05, 'batch_size': 50, 'wd': 1.5237407169626013e-05}. Best is trial 17 with value: 0.017528830096125603.
  0%|          | 0/25 [00:00<?, ?it/s]  0%|          | 0/25 [00:09<?, ?it/s]
[I 2024-05-25 15:25:44,219] Trial 22 pruned. 
  0%|          | 0/25 [00:00<?, ?it/s]  0%|          | 0/25 [00:09<?, ?it/s]
[I 2024-05-25 15:25:53,985] Trial 23 pruned. 
  0%|          | 0/25 [00:00<?, ?it/s]  4%|▍         | 1/25 [00:06<02:27,  6.14s/it]  8%|▊         | 2/25 [00:12<02:21,  6.15s/it] 12%|█▏        | 3/25 [00:18<02:15,  6.15s/it] 16%|█▌        | 4/25 [00:24<02:09,  6.15s/it] 20%|██        | 5/25 [00:30<02:03,  6.15s/it] 24%|██▍       | 6/25 [00:36<01:56,  6.16s/it] 28%|██▊       | 7/25 [00:43<01:50,  6.15s/it] 32%|███▏      | 8/25 [00:49<01:44,  6.16s/it] 36%|███▌      | 9/25 [00:55<01:38,  6.16s/it] 40%|████      | 10/25 [01:01<01:32,  6.16s/it] 44%|████▍     | 11/25 [01:07<01:26,  6.16s/it] 48%|████▊     | 12/25 [01:13<01:20,  6.16s/it] 52%|█████▏    | 13/25 [01:20<01:13,  6.16s/it] 56%|█████▌    | 14/25 [01:26<01:07,  6.16s/it] 60%|██████    | 15/25 [01:32<01:01,  6.15s/it] 64%|██████▍   | 16/25 [01:38<00:55,  6.16s/it] 68%|██████▊   | 17/25 [01:44<00:49,  6.16s/it] 72%|███████▏  | 18/25 [01:50<00:43,  6.15s/it] 76%|███████▌  | 19/25 [01:56<00:36,  6.15s/it] 80%|████████  | 20/25 [02:03<00:30,  6.15s/it] 84%|████████▍ | 21/25 [02:09<00:24,  6.14s/it] 88%|████████▊ | 22/25 [02:15<00:18,  6.15s/it] 92%|█████████▏| 23/25 [02:21<00:12,  6.15s/it] 96%|█████████▌| 24/25 [02:27<00:06,  6.15s/it]100%|██████████| 25/25 [02:33<00:00,  6.14s/it]100%|██████████| 25/25 [02:33<00:00,  6.15s/it]
[I 2024-05-25 15:28:27,898] Trial 24 finished with value: 0.0160122309345752 and parameters: {'d_model': 128, 'num_heads': 8, 'num_layers': 3, 'lr': 9.931337793239401e-05, 'batch_size': 50, 'wd': 9.800905090897443e-05}. Best is trial 24 with value: 0.0160122309345752.
  0%|          | 0/25 [00:00<?, ?it/s]  4%|▍         | 1/25 [00:06<02:27,  6.15s/it]  8%|▊         | 2/25 [00:12<02:21,  6.17s/it] 12%|█▏        | 3/25 [00:18<02:15,  6.16s/it] 16%|█▌        | 4/25 [00:24<02:09,  6.15s/it] 20%|██        | 5/25 [00:30<02:02,  6.15s/it] 24%|██▍       | 6/25 [00:36<01:56,  6.14s/it] 28%|██▊       | 7/25 [00:43<01:50,  6.15s/it] 32%|███▏      | 8/25 [00:49<01:44,  6.15s/it] 36%|███▌      | 9/25 [00:55<01:38,  6.15s/it] 40%|████      | 10/25 [01:01<01:32,  6.15s/it] 44%|████▍     | 11/25 [01:07<01:26,  6.15s/it] 48%|████▊     | 12/25 [01:13<01:20,  6.16s/it] 52%|█████▏    | 13/25 [01:19<01:13,  6.16s/it] 56%|█████▌    | 14/25 [01:26<01:07,  6.16s/it] 60%|██████    | 15/25 [01:32<01:01,  6.16s/it] 64%|██████▍   | 16/25 [01:38<00:55,  6.15s/it] 68%|██████▊   | 17/25 [01:44<00:49,  6.15s/it] 72%|███████▏  | 18/25 [01:50<00:43,  6.14s/it] 76%|███████▌  | 19/25 [01:56<00:36,  6.14s/it] 80%|████████  | 20/25 [02:02<00:30,  6.14s/it] 84%|████████▍ | 21/25 [02:09<00:24,  6.13s/it] 88%|████████▊ | 22/25 [02:15<00:18,  6.14s/it] 92%|█████████▏| 23/25 [02:21<00:12,  6.14s/it] 96%|█████████▌| 24/25 [02:27<00:06,  6.14s/it]100%|██████████| 25/25 [02:33<00:00,  6.14s/it]100%|██████████| 25/25 [02:33<00:00,  6.15s/it]
[I 2024-05-25 15:31:01,669] Trial 25 finished with value: 0.015158591326326132 and parameters: {'d_model': 128, 'num_heads': 8, 'num_layers': 3, 'lr': 0.0001290927134868423, 'batch_size': 50, 'wd': 3.510428348521157e-05}. Best is trial 25 with value: 0.015158591326326132.
  0%|          | 0/25 [00:00<?, ?it/s]  0%|          | 0/25 [00:02<?, ?it/s]
[I 2024-05-25 15:31:03,943] Trial 26 pruned. 
  0%|          | 0/25 [00:00<?, ?it/s]  0%|          | 0/25 [00:01<?, ?it/s]
[I 2024-05-25 15:31:05,908] Trial 27 pruned. 
  0%|          | 0/25 [00:00<?, ?it/s]  0%|          | 0/25 [00:01<?, ?it/s]
[I 2024-05-25 15:31:07,759] Trial 28 pruned. 
  0%|          | 0/25 [00:00<?, ?it/s]  0%|          | 0/25 [00:01<?, ?it/s]
[I 2024-05-25 15:31:08,977] Trial 29 pruned. 
  0%|          | 0/25 [00:00<?, ?it/s]  4%|▍         | 1/25 [00:04<01:46,  4.43s/it]  8%|▊         | 2/25 [00:08<01:41,  4.43s/it] 12%|█▏        | 3/25 [00:13<01:37,  4.42s/it] 16%|█▌        | 4/25 [00:17<01:32,  4.42s/it] 20%|██        | 5/25 [00:22<01:28,  4.42s/it] 24%|██▍       | 6/25 [00:26<01:24,  4.43s/it] 28%|██▊       | 7/25 [00:30<01:19,  4.43s/it] 32%|███▏      | 8/25 [00:35<01:15,  4.42s/it] 36%|███▌      | 9/25 [00:39<01:10,  4.42s/it] 40%|████      | 10/25 [00:44<01:06,  4.42s/it] 44%|████▍     | 11/25 [00:48<01:01,  4.42s/it] 48%|████▊     | 12/25 [00:53<00:57,  4.42s/it] 52%|█████▏    | 13/25 [00:57<00:52,  4.41s/it] 56%|█████▌    | 14/25 [01:01<00:48,  4.42s/it] 60%|██████    | 15/25 [01:06<00:44,  4.42s/it] 64%|██████▍   | 16/25 [01:10<00:39,  4.41s/it] 68%|██████▊   | 17/25 [01:15<00:35,  4.42s/it] 72%|███████▏  | 18/25 [01:19<00:30,  4.42s/it] 76%|███████▌  | 19/25 [01:23<00:26,  4.42s/it] 80%|████████  | 20/25 [01:28<00:22,  4.42s/it] 84%|████████▍ | 21/25 [01:32<00:17,  4.42s/it] 88%|████████▊ | 22/25 [01:37<00:13,  4.42s/it] 92%|█████████▏| 23/25 [01:41<00:08,  4.41s/it] 96%|█████████▌| 24/25 [01:46<00:04,  4.41s/it]100%|██████████| 25/25 [01:50<00:00,  4.41s/it]100%|██████████| 25/25 [01:50<00:00,  4.42s/it]
[I 2024-05-25 15:32:59,507] Trial 30 finished with value: 0.01852858536876738 and parameters: {'d_model': 128, 'num_heads': 16, 'num_layers': 2, 'lr': 7.362727640443012e-05, 'batch_size': 50, 'wd': 5.2033093823773915e-06}. Best is trial 25 with value: 0.015158591326326132.
  0%|          | 0/25 [00:00<?, ?it/s]  4%|▍         | 1/25 [00:07<03:08,  7.87s/it]  8%|▊         | 2/25 [00:15<03:01,  7.88s/it] 12%|█▏        | 3/25 [00:23<02:53,  7.87s/it] 16%|█▌        | 4/25 [00:31<02:45,  7.86s/it] 20%|██        | 5/25 [00:39<02:37,  7.87s/it] 24%|██▍       | 6/25 [00:47<02:29,  7.87s/it] 28%|██▊       | 7/25 [00:55<02:21,  7.87s/it] 32%|███▏      | 8/25 [01:02<02:13,  7.87s/it] 36%|███▌      | 9/25 [01:10<02:05,  7.87s/it] 40%|████      | 10/25 [01:18<01:58,  7.87s/it] 44%|████▍     | 11/25 [01:26<01:50,  7.87s/it] 48%|████▊     | 12/25 [01:34<01:42,  7.87s/it] 52%|█████▏    | 13/25 [01:42<01:34,  7.87s/it] 56%|█████▌    | 14/25 [01:50<01:26,  7.86s/it] 60%|██████    | 15/25 [01:58<01:18,  7.87s/it] 64%|██████▍   | 16/25 [02:05<01:10,  7.87s/it] 68%|██████▊   | 17/25 [02:13<01:02,  7.86s/it] 72%|███████▏  | 18/25 [02:21<00:55,  7.86s/it] 76%|███████▌  | 19/25 [02:29<00:47,  7.86s/it] 80%|████████  | 20/25 [02:37<00:39,  7.86s/it] 84%|████████▍ | 21/25 [02:45<00:31,  7.86s/it] 88%|████████▊ | 22/25 [02:53<00:23,  7.87s/it] 92%|█████████▏| 23/25 [03:00<00:15,  7.86s/it] 96%|█████████▌| 24/25 [03:08<00:07,  7.87s/it]100%|██████████| 25/25 [03:16<00:00,  7.86s/it]100%|██████████| 25/25 [03:16<00:00,  7.87s/it]
[I 2024-05-25 15:36:16,258] Trial 31 finished with value: 0.015426053619012236 and parameters: {'d_model': 128, 'num_heads': 8, 'num_layers': 4, 'lr': 0.0001191855328684818, 'batch_size': 50, 'wd': 1.7111263786864174e-05}. Best is trial 25 with value: 0.015158591326326132.
  0%|          | 0/25 [00:00<?, ?it/s]  4%|▍         | 1/25 [00:07<03:09,  7.88s/it]  4%|▍         | 1/25 [00:15<06:17, 15.74s/it]
[I 2024-05-25 15:36:32,106] Trial 32 pruned. 
slurmstepd: error: *** JOB 6382815 ON gcn35 CANCELLED AT 2024-05-25T15:37:03 DUE TO TIME LIMIT ***
  0%|          | 0/25 [00:00<?, ?it/s]  4%|▍         | 1/25 [00:06<02:27,  6.14s/it]  8%|▊         | 2/25 [00:12<02:21,  6.13s/it] 12%|█▏        | 3/25 [00:18<02:14,  6.13s/it] 16%|█▌        | 4/25 [00:24<02:08,  6.12s/it] 20%|██        | 5/25 [00:30<02:02,  6.13s/it]slurmstepd: error: *** STEP 6382815.0 ON gcn35 CANCELLED AT 2024-05-25T15:37:03 DUE TO TIME LIMIT ***

JOB STATISTICS
==============
Job ID: 6382815
Cluster: snellius
User/Group: igardner/igardner
State: TIMEOUT (exit code 0)
Nodes: 1
Cores per node: 18
CPU Utilized: 00:00:01
CPU Efficiency: 0.00% of 18:01:30 core-walltime
Job Wall-clock time: 01:00:05
Memory Utilized: 6.99 MB
Memory Efficiency: 0.01% of 120.00 GB
