[I 2024-05-25 01:10:10,306] Trial 80 pruned. 
  0%|          | 0/25 [00:00<?, ?it/s]  4%|▍         | 1/25 [00:05<02:18,  5.78s/it]  8%|▊         | 2/25 [00:11<02:12,  5.78s/it] 12%|█▏        | 3/25 [00:17<02:06,  5.77s/it] 16%|█▌        | 4/25 [00:23<02:01,  5.77s/it] 20%|██        | 5/25 [00:28<01:55,  5.77s/it] 24%|██▍       | 6/25 [00:34<01:49,  5.77s/it] 28%|██▊       | 7/25 [00:40<01:43,  5.77s/it] 32%|███▏      | 8/25 [00:46<01:38,  5.77s/it] 36%|███▌      | 9/25 [00:51<01:32,  5.77s/it] 40%|████      | 10/25 [00:57<01:26,  5.76s/it] 44%|████▍     | 11/25 [01:03<01:20,  5.76s/it] 48%|████▊     | 12/25 [01:09<01:14,  5.77s/it] 52%|█████▏    | 13/25 [01:14<01:09,  5.77s/it] 56%|█████▌    | 14/25 [01:20<01:03,  5.76s/it] 60%|██████    | 15/25 [01:26<00:57,  5.76s/it] 64%|██████▍   | 16/25 [01:32<00:51,  5.76s/it] 68%|██████▊   | 17/25 [01:38<00:46,  5.77s/it] 72%|███████▏  | 18/25 [01:43<00:40,  5.76s/it] 76%|███████▌  | 19/25 [01:49<00:34,  5.76s/it] 80%|████████  | 20/25 [01:55<00:28,  5.76s/it] 84%|████████▍ | 21/25 [02:01<00:23,  5.76s/it] 88%|████████▊ | 22/25 [02:06<00:17,  5.76s/it] 92%|█████████▏| 23/25 [02:12<00:11,  5.76s/it] 96%|█████████▌| 24/25 [02:18<00:05,  5.76s/it]100%|██████████| 25/25 [02:24<00:00,  5.76s/it]100%|██████████| 25/25 [02:24<00:00,  5.76s/it]
[I 2024-05-25 01:12:34,523] Trial 81 finished with value: 0.015863790782168506 and parameters: {'d_model': 128, 'num_heads': 16, 'num_layers': 4, 'lr': 0.00024967439103456613, 'batch_size': 50, 'wd': 1.0241467642200279e-05}. Best is trial 23 with value: 0.013589171133935452.
  0%|          | 0/25 [00:00<?, ?it/s]  4%|▍         | 1/25 [00:05<02:18,  5.77s/it]  8%|▊         | 2/25 [00:11<02:12,  5.76s/it] 12%|█▏        | 3/25 [00:17<02:06,  5.76s/it] 16%|█▌        | 4/25 [00:23<02:00,  5.76s/it] 20%|██        | 5/25 [00:28<01:55,  5.77s/it] 20%|██        | 5/25 [00:34<02:18,  6.92s/it]
[I 2024-05-25 01:13:09,305] Trial 82 pruned. 
  0%|          | 0/25 [00:00<?, ?it/s]  4%|▍         | 1/25 [00:05<02:17,  5.75s/it]  4%|▍         | 1/25 [00:11<04:35, 11.49s/it]
[I 2024-05-25 01:13:20,906] Trial 83 pruned. 
  0%|          | 0/25 [00:00<?, ?it/s]  0%|          | 0/25 [00:07<?, ?it/s]
[I 2024-05-25 01:13:28,078] Trial 84 pruned. 
  0%|          | 0/25 [00:00<?, ?it/s]  0%|          | 0/25 [00:01<?, ?it/s]
[I 2024-05-25 01:13:30,119] Trial 85 pruned. 
  0%|          | 0/25 [00:00<?, ?it/s]  4%|▍         | 1/25 [00:05<02:18,  5.76s/it]  8%|▊         | 2/25 [00:11<02:12,  5.75s/it] 12%|█▏        | 3/25 [00:17<02:06,  5.76s/it] 16%|█▌        | 4/25 [00:23<02:00,  5.76s/it] 20%|██        | 5/25 [00:28<01:55,  5.76s/it] 24%|██▍       | 6/25 [00:34<01:49,  5.76s/it] 28%|██▊       | 7/25 [00:40<01:43,  5.76s/it] 32%|███▏      | 8/25 [00:46<01:37,  5.76s/it] 36%|███▌      | 9/25 [00:51<01:32,  5.75s/it] 40%|████      | 10/25 [00:57<01:26,  5.76s/it] 44%|████▍     | 11/25 [01:03<01:20,  5.75s/it] 48%|████▊     | 12/25 [01:09<01:14,  5.76s/it] 52%|█████▏    | 13/25 [01:14<01:09,  5.76s/it] 56%|█████▌    | 14/25 [01:20<01:03,  5.76s/it] 60%|██████    | 15/25 [01:26<00:57,  5.76s/it] 64%|██████▍   | 16/25 [01:32<00:51,  5.75s/it] 68%|██████▊   | 17/25 [01:37<00:46,  5.75s/it] 72%|███████▏  | 18/25 [01:43<00:40,  5.75s/it] 76%|███████▌  | 19/25 [01:49<00:34,  5.75s/it] 80%|████████  | 20/25 [01:55<00:28,  5.75s/it] 84%|████████▍ | 21/25 [02:00<00:22,  5.75s/it] 88%|████████▊ | 22/25 [02:06<00:17,  5.75s/it] 92%|█████████▏| 23/25 [02:12<00:11,  5.75s/it] 96%|█████████▌| 24/25 [02:18<00:05,  5.75s/it]100%|██████████| 25/25 [02:23<00:00,  5.75s/it]100%|██████████| 25/25 [02:23<00:00,  5.75s/it]
[I 2024-05-25 01:15:54,053] Trial 86 finished with value: 0.015684516308829187 and parameters: {'d_model': 128, 'num_heads': 16, 'num_layers': 4, 'lr': 0.00020567739916435695, 'batch_size': 50, 'wd': 1.607007567786502e-05}. Best is trial 23 with value: 0.013589171133935452.
  0%|          | 0/25 [00:00<?, ?it/s]  0%|          | 0/25 [00:02<?, ?it/s]
[I 2024-05-25 01:15:56,476] Trial 87 pruned. 
  0%|          | 0/25 [00:00<?, ?it/s]  0%|          | 0/25 [00:03<?, ?it/s]
[I 2024-05-25 01:16:00,196] Trial 88 pruned. 
  0%|          | 0/25 [00:00<?, ?it/s]  0%|          | 0/25 [00:07<?, ?it/s]
[I 2024-05-25 01:16:07,387] Trial 89 pruned. 
  0%|          | 0/25 [00:00<?, ?it/s]  0%|          | 0/25 [00:01<?, ?it/s]
[I 2024-05-25 01:16:08,598] Trial 90 pruned. 
  0%|          | 0/25 [00:00<?, ?it/s]  4%|▍         | 1/25 [00:05<02:18,  5.79s/it]  8%|▊         | 2/25 [00:11<02:12,  5.78s/it] 12%|█▏        | 3/25 [00:17<02:07,  5.78s/it] 16%|█▌        | 4/25 [00:23<02:01,  5.79s/it] 16%|█▌        | 4/25 [00:28<02:31,  7.23s/it]
[I 2024-05-25 01:16:37,619] Trial 91 pruned. 
  0%|          | 0/25 [00:00<?, ?it/s]  0%|          | 0/25 [00:04<?, ?it/s]
[I 2024-05-25 01:16:42,193] Trial 92 pruned. 
  0%|          | 0/25 [00:00<?, ?it/s]  0%|          | 0/25 [00:05<?, ?it/s]
[I 2024-05-25 01:16:48,060] Trial 93 pruned. 
  0%|          | 0/25 [00:00<?, ?it/s]  0%|          | 0/25 [00:03<?, ?it/s]
[I 2024-05-25 01:16:51,321] Trial 94 pruned. 
  0%|          | 0/25 [00:00<?, ?it/s]  0%|          | 0/25 [00:04<?, ?it/s]
[I 2024-05-25 01:16:55,876] Trial 95 pruned. 
  0%|          | 0/25 [00:00<?, ?it/s]  0%|          | 0/25 [00:01<?, ?it/s]
[I 2024-05-25 01:16:57,881] Trial 96 pruned. 
  0%|          | 0/25 [00:00<?, ?it/s]  0%|          | 0/25 [00:03<?, ?it/s]
[I 2024-05-25 01:17:01,137] Trial 97 pruned. 
  0%|          | 0/25 [00:00<?, ?it/s]  4%|▍         | 1/25 [00:04<01:47,  4.47s/it]  8%|▊         | 2/25 [00:08<01:43,  4.49s/it] 12%|█▏        | 3/25 [00:13<01:38,  4.47s/it] 16%|█▌        | 4/25 [00:17<01:33,  4.47s/it] 16%|█▌        | 4/25 [00:22<01:57,  5.59s/it]
[I 2024-05-25 01:17:23,606] Trial 98 pruned. 
  0%|          | 0/25 [00:00<?, ?it/s]  0%|          | 0/25 [00:03<?, ?it/s]
[I 2024-05-25 01:17:26,868] Trial 99 pruned. 
0 False
Number of finished trials:  100
Best hyperparameters:  {'d_model': 128, 'num_heads': 16, 'num_layers': 2, 'lr': 0.00029016639028707004, 'batch_size': 50, 'wd': 4.296375369629711e-06}
Best validation loss:  0.013589171133935452

JOB STATISTICS
==============
Job ID: 6377397
Cluster: snellius
User/Group: igardner/igardner
State: COMPLETED (exit code 0)
Nodes: 1
Cores per node: 18
CPU Utilized: 14:03:21
CPU Efficiency: 98.74% of 14:14:06 core-walltime
Job Wall-clock time: 00:47:27
Memory Utilized: 2.92 GB
Memory Efficiency: 2.43% of 120.00 GB
