[I 2024-05-25 00:52:23,156] Trial 21 finished with value: 0.013680708920583129 and parameters: {'d_model': 128, 'num_heads': 16, 'num_layers': 2, 'lr': 0.00016889165630816193, 'batch_size': 50, 'wd': 7.626643295943669e-06}. Best is trial 21 with value: 0.013680708920583129.
  0%|          | 0/25 [00:00<?, ?it/s]  4%|▍         | 1/25 [00:03<01:15,  3.13s/it]  8%|▊         | 2/25 [00:06<01:11,  3.13s/it] 12%|█▏        | 3/25 [00:09<01:08,  3.13s/it] 16%|█▌        | 4/25 [00:12<01:05,  3.13s/it] 20%|██        | 5/25 [00:15<01:02,  3.13s/it] 24%|██▍       | 6/25 [00:18<00:59,  3.13s/it] 28%|██▊       | 7/25 [00:21<00:56,  3.13s/it] 32%|███▏      | 8/25 [00:25<00:53,  3.13s/it] 36%|███▌      | 9/25 [00:28<00:50,  3.13s/it] 40%|████      | 10/25 [00:31<00:46,  3.13s/it] 44%|████▍     | 11/25 [00:34<00:43,  3.13s/it] 48%|████▊     | 12/25 [00:37<00:40,  3.13s/it] 52%|█████▏    | 13/25 [00:40<00:37,  3.13s/it] 56%|█████▌    | 14/25 [00:43<00:34,  3.13s/it] 60%|██████    | 15/25 [00:46<00:31,  3.13s/it] 64%|██████▍   | 16/25 [00:50<00:28,  3.15s/it] 68%|██████▊   | 17/25 [00:53<00:25,  3.15s/it] 72%|███████▏  | 18/25 [00:56<00:22,  3.14s/it] 76%|███████▌  | 19/25 [00:59<00:18,  3.14s/it] 80%|████████  | 20/25 [01:02<00:15,  3.14s/it] 84%|████████▍ | 21/25 [01:05<00:12,  3.13s/it] 88%|████████▊ | 22/25 [01:08<00:09,  3.13s/it] 92%|█████████▏| 23/25 [01:12<00:06,  3.13s/it] 96%|█████████▌| 24/25 [01:15<00:03,  3.13s/it]100%|██████████| 25/25 [01:18<00:00,  3.13s/it]100%|██████████| 25/25 [01:18<00:00,  3.13s/it]
[I 2024-05-25 00:53:41,559] Trial 22 finished with value: 0.01552490503527224 and parameters: {'d_model': 128, 'num_heads': 16, 'num_layers': 2, 'lr': 0.00018476088814169028, 'batch_size': 50, 'wd': 7.044900604111999e-06}. Best is trial 21 with value: 0.013680708920583129.
  0%|          | 0/25 [00:00<?, ?it/s]  4%|▍         | 1/25 [00:03<01:15,  3.13s/it]  8%|▊         | 2/25 [00:06<01:11,  3.13s/it] 12%|█▏        | 3/25 [00:09<01:08,  3.13s/it] 16%|█▌        | 4/25 [00:12<01:05,  3.13s/it] 20%|██        | 5/25 [00:15<01:02,  3.13s/it] 24%|██▍       | 6/25 [00:18<00:59,  3.12s/it] 28%|██▊       | 7/25 [00:21<00:56,  3.12s/it] 32%|███▏      | 8/25 [00:24<00:53,  3.12s/it] 36%|███▌      | 9/25 [00:28<00:49,  3.12s/it] 40%|████      | 10/25 [00:31<00:46,  3.12s/it] 44%|████▍     | 11/25 [00:34<00:43,  3.12s/it] 48%|████▊     | 12/25 [00:37<00:40,  3.12s/it] 52%|█████▏    | 13/25 [00:40<00:37,  3.12s/it] 56%|█████▌    | 14/25 [00:43<00:34,  3.13s/it] 60%|██████    | 15/25 [00:46<00:31,  3.12s/it] 64%|██████▍   | 16/25 [00:49<00:28,  3.12s/it] 68%|██████▊   | 17/25 [00:53<00:24,  3.12s/it] 72%|███████▏  | 18/25 [00:56<00:21,  3.12s/it] 76%|███████▌  | 19/25 [00:59<00:18,  3.12s/it] 80%|████████  | 20/25 [01:02<00:15,  3.12s/it] 84%|████████▍ | 21/25 [01:05<00:12,  3.12s/it] 88%|████████▊ | 22/25 [01:08<00:09,  3.12s/it] 92%|█████████▏| 23/25 [01:11<00:06,  3.12s/it] 96%|█████████▌| 24/25 [01:14<00:03,  3.12s/it]100%|██████████| 25/25 [01:18<00:00,  3.12s/it]100%|██████████| 25/25 [01:18<00:00,  3.12s/it]
[I 2024-05-25 00:54:59,695] Trial 23 finished with value: 0.013589171133935452 and parameters: {'d_model': 128, 'num_heads': 16, 'num_layers': 2, 'lr': 0.00029016639028707004, 'batch_size': 50, 'wd': 4.296375369629711e-06}. Best is trial 23 with value: 0.013589171133935452.
  0%|          | 0/25 [00:00<?, ?it/s]  4%|▍         | 1/25 [00:03<01:14,  3.11s/it]  8%|▊         | 2/25 [00:06<01:11,  3.11s/it] 12%|█▏        | 3/25 [00:09<01:08,  3.11s/it] 16%|█▌        | 4/25 [00:12<01:05,  3.11s/it] 20%|██        | 5/25 [00:15<01:02,  3.11s/it] 24%|██▍       | 6/25 [00:18<00:59,  3.12s/it] 28%|██▊       | 7/25 [00:21<00:56,  3.12s/it] 32%|███▏      | 8/25 [00:24<00:52,  3.12s/it] 36%|███▌      | 9/25 [00:28<00:49,  3.12s/it] 40%|████      | 10/25 [00:31<00:46,  3.12s/it] 44%|████▍     | 11/25 [00:34<00:43,  3.12s/it] 48%|████▊     | 12/25 [00:37<00:40,  3.12s/it] 52%|█████▏    | 13/25 [00:40<00:37,  3.12s/it] 56%|█████▌    | 14/25 [00:43<00:34,  3.12s/it] 60%|██████    | 15/25 [00:46<00:31,  3.12s/it] 64%|██████▍   | 16/25 [00:49<00:28,  3.12s/it] 68%|██████▊   | 17/25 [00:52<00:24,  3.11s/it] 72%|███████▏  | 18/25 [00:56<00:21,  3.12s/it] 76%|███████▌  | 19/25 [00:59<00:18,  3.12s/it] 80%|████████  | 20/25 [01:02<00:15,  3.12s/it] 84%|████████▍ | 21/25 [01:05<00:12,  3.11s/it] 88%|████████▊ | 22/25 [01:08<00:09,  3.11s/it] 92%|█████████▏| 23/25 [01:11<00:06,  3.11s/it] 96%|█████████▌| 24/25 [01:14<00:03,  3.11s/it]100%|██████████| 25/25 [01:17<00:00,  3.12s/it]100%|██████████| 25/25 [01:17<00:00,  3.12s/it]
[I 2024-05-25 00:56:17,731] Trial 24 finished with value: 0.015140638640150427 and parameters: {'d_model': 128, 'num_heads': 16, 'num_layers': 2, 'lr': 0.00031400252167945427, 'batch_size': 50, 'wd': 4.196458082957035e-06}. Best is trial 23 with value: 0.013589171133935452.
  0%|          | 0/25 [00:00<?, ?it/s]  0%|          | 0/25 [00:01<?, ?it/s]
[I 2024-05-25 00:56:19,670] Trial 25 pruned. 
  0%|          | 0/25 [00:00<?, ?it/s]  4%|▍         | 1/25 [00:01<00:33,  1.39s/it]  4%|▍         | 1/25 [00:02<01:06,  2.77s/it]
[I 2024-05-25 00:56:22,512] Trial 26 pruned. 
  0%|          | 0/25 [00:00<?, ?it/s]  0%|          | 0/25 [00:00<?, ?it/s]
[I 2024-05-25 00:56:23,261] Trial 27 pruned. 
  0%|          | 0/25 [00:00<?, ?it/s]  0%|          | 0/25 [00:01<?, ?it/s]
[I 2024-05-25 00:56:25,230] Trial 28 pruned. 
  0%|          | 0/25 [00:00<?, ?it/s]  4%|▍         | 1/25 [00:02<01:03,  2.66s/it]  8%|▊         | 2/25 [00:05<01:01,  2.66s/it] 12%|█▏        | 3/25 [00:07<00:58,  2.66s/it] 16%|█▌        | 4/25 [00:10<00:55,  2.66s/it] 20%|██        | 5/25 [00:13<00:53,  2.66s/it] 24%|██▍       | 6/25 [00:15<00:50,  2.66s/it] 28%|██▊       | 7/25 [00:18<00:47,  2.66s/it] 32%|███▏      | 8/25 [00:21<00:45,  2.66s/it] 36%|███▌      | 9/25 [00:23<00:42,  2.66s/it] 40%|████      | 10/25 [00:26<00:39,  2.66s/it] 44%|████▍     | 11/25 [00:29<00:37,  2.66s/it] 48%|████▊     | 12/25 [00:31<00:34,  2.66s/it] 52%|█████▏    | 13/25 [00:34<00:31,  2.66s/it] 56%|█████▌    | 14/25 [00:37<00:29,  2.66s/it] 60%|██████    | 15/25 [00:39<00:26,  2.66s/it] 64%|██████▍   | 16/25 [00:42<00:23,  2.66s/it] 68%|██████▊   | 17/25 [00:45<00:21,  2.66s/it] 72%|███████▏  | 18/25 [00:47<00:18,  2.66s/it] 76%|███████▌  | 19/25 [00:50<00:15,  2.66s/it] 80%|████████  | 20/25 [00:53<00:13,  2.66s/it] 84%|████████▍ | 21/25 [00:55<00:10,  2.66s/it] 88%|████████▊ | 22/25 [00:58<00:07,  2.66s/it] 92%|█████████▏| 23/25 [01:01<00:05,  2.65s/it] 96%|█████████▌| 24/25 [01:03<00:02,  2.65s/it]100%|██████████| 25/25 [01:06<00:00,  2.66s/it]100%|██████████| 25/25 [01:06<00:00,  2.66s/it]
[I 2024-05-25 00:57:31,733] Trial 29 finished with value: 0.0170505007263273 and parameters: {'d_model': 64, 'num_heads': 16, 'num_layers': 3, 'lr': 0.0003498806114403844, 'batch_size': 50, 'wd': 4.415081810825599e-06}. Best is trial 23 with value: 0.013589171133935452.
  0%|          | 0/25 [00:00<?, ?it/s]  0%|          | 0/25 [00:02<?, ?it/s]
[I 2024-05-25 00:57:34,298] Trial 30 pruned. 
  0%|          | 0/25 [00:00<?, ?it/s]  0%|          | 0/25 [00:03<?, ?it/s]
[I 2024-05-25 00:57:37,572] Trial 31 pruned. 
  0%|          | 0/25 [00:00<?, ?it/s]  0%|          | 0/25 [00:03<?, ?it/s]
[I 2024-05-25 00:57:40,822] Trial 32 pruned. 
  0%|          | 0/25 [00:00<?, ?it/s]  0%|          | 0/25 [00:01<?, ?it/s]
[I 2024-05-25 00:57:42,775] Trial 33 pruned. 
  0%|          | 0/25 [00:00<?, ?it/s]  0%|          | 0/25 [00:04<?, ?it/s]
[I 2024-05-25 00:57:47,290] Trial 34 pruned. 
  0%|          | 0/25 [00:00<?, ?it/s]  0%|          | 0/25 [00:01<?, ?it/s]
[I 2024-05-25 00:57:48,643] Trial 35 pruned. 
  0%|          | 0/25 [00:00<?, ?it/s]  0%|          | 0/25 [00:01<?, ?it/s]
[I 2024-05-25 00:57:50,304] Trial 36 pruned. 
  0%|          | 0/25 [00:00<?, ?it/s]  4%|▍         | 1/25 [00:01<00:44,  1.87s/it]  8%|▊         | 2/25 [00:03<00:42,  1.87s/it] 12%|█▏        | 3/25 [00:05<00:41,  1.87s/it] 16%|█▌        | 4/25 [00:07<00:39,  1.87s/it] 16%|█▌        | 4/25 [00:09<00:49,  2.33s/it]
[I 2024-05-25 00:57:59,721] Trial 37 pruned. 
  0%|          | 0/25 [00:00<?, ?it/s]  0%|          | 0/25 [00:03<?, ?it/s]
[I 2024-05-25 00:58:03,226] Trial 38 pruned. 
  0%|          | 0/25 [00:00<?, ?it/s]  0%|          | 0/25 [00:01<?, ?it/s]
[I 2024-05-25 00:58:05,237] Trial 39 pruned. 
  0%|          | 0/25 [00:00<?, ?it/s]  0%|          | 0/25 [00:00<?, ?it/s]
[I 2024-05-25 00:58:05,997] Trial 40 pruned. 
  0%|          | 0/25 [00:00<?, ?it/s]  0%|          | 0/25 [00:03<?, ?it/s]
[I 2024-05-25 00:58:09,253] Trial 41 pruned. 
  0%|          | 0/25 [00:00<?, ?it/s]  0%|          | 0/25 [00:03<?, ?it/s]
[I 2024-05-25 00:58:12,503] Trial 42 pruned. 
  0%|          | 0/25 [00:00<?, ?it/s]  0%|          | 0/25 [00:01<?, ?it/s]
[I 2024-05-25 00:58:14,454] Trial 43 pruned. 
  0%|          | 0/25 [00:00<?, ?it/s]  0%|          | 0/25 [00:04<?, ?it/s]
[I 2024-05-25 00:58:19,009] Trial 44 pruned. 
  0%|          | 0/25 [00:00<?, ?it/s]  0%|          | 0/25 [00:01<?, ?it/s]
[I 2024-05-25 00:58:20,366] Trial 45 pruned. 
  0%|          | 0/25 [00:00<?, ?it/s]  0%|          | 0/25 [00:01<?, ?it/s]
[I 2024-05-25 00:58:22,313] Trial 46 pruned. 
  0%|          | 0/25 [00:00<?, ?it/s]  0%|          | 0/25 [00:00<?, ?it/s]
[I 2024-05-25 00:58:23,252] Trial 47 pruned. 
  0%|          | 0/25 [00:00<?, ?it/s]  4%|▍         | 1/25 [00:04<01:46,  4.45s/it]  8%|▊         | 2/25 [00:08<01:42,  4.44s/it] 12%|█▏        | 3/25 [00:13<01:37,  4.44s/it] 16%|█▌        | 4/25 [00:17<01:33,  4.44s/it] 20%|██        | 5/25 [00:22<01:28,  4.44s/it] 24%|██▍       | 6/25 [00:26<01:24,  4.44s/it] 28%|██▊       | 7/25 [00:31<01:19,  4.44s/it] 32%|███▏      | 8/25 [00:35<01:15,  4.44s/it] 36%|███▌      | 9/25 [00:39<01:10,  4.44s/it] 40%|████      | 10/25 [00:44<01:06,  4.43s/it] 44%|████▍     | 11/25 [00:48<01:02,  4.43s/it] 48%|████▊     | 12/25 [00:53<00:57,  4.43s/it] 52%|█████▏    | 13/25 [00:57<00:53,  4.44s/it] 56%|█████▌    | 14/25 [01:02<00:48,  4.44s/it] 60%|██████    | 15/25 [01:06<00:44,  4.44s/it] 64%|██████▍   | 16/25 [01:11<00:39,  4.44s/it] 68%|██████▊   | 17/25 [01:15<00:35,  4.44s/it] 72%|███████▏  | 18/25 [01:19<00:31,  4.44s/it] 76%|███████▌  | 19/25 [01:24<00:26,  4.45s/it] 80%|████████  | 20/25 [01:28<00:22,  4.45s/it] 84%|████████▍ | 21/25 [01:33<00:17,  4.44s/it] 88%|████████▊ | 22/25 [01:37<00:13,  4.44s/it] 92%|█████████▏| 23/25 [01:42<00:08,  4.44s/it] 96%|█████████▌| 24/25 [01:46<00:04,  4.44s/it]100%|██████████| 25/25 [01:50<00:00,  4.44s/it]100%|██████████| 25/25 [01:50<00:00,  4.44s/it]
[I 2024-05-25 01:00:14,346] Trial 48 finished with value: 0.015935639571398496 and parameters: {'d_model': 128, 'num_heads': 8, 'num_layers': 3, 'lr': 0.00016472411288967915, 'batch_size': 50, 'wd': 2.0927480222596027e-06}. Best is trial 23 with value: 0.013589171133935452.
  0%|          | 0/25 [00:00<?, ?it/s]  4%|▍         | 1/25 [00:05<02:18,  5.76s/it]  8%|▊         | 2/25 [00:11<02:12,  5.75s/it] 12%|█▏        | 3/25 [00:17<02:06,  5.73s/it] 16%|█▌        | 4/25 [00:22<02:00,  5.73s/it] 20%|██        | 5/25 [00:28<01:54,  5.73s/it] 24%|██▍       | 6/25 [00:34<01:48,  5.73s/it] 28%|██▊       | 7/25 [00:40<01:43,  5.73s/it] 32%|███▏      | 8/25 [00:45<01:37,  5.73s/it] 36%|███▌      | 9/25 [00:51<01:31,  5.73s/it] 40%|████      | 10/25 [00:57<01:25,  5.73s/it] 44%|████▍     | 11/25 [01:03<01:20,  5.73s/it] 48%|████▊     | 12/25 [01:08<01:14,  5.73s/it] 52%|█████▏    | 13/25 [01:14<01:08,  5.74s/it] 56%|█████▌    | 14/25 [01:20<01:03,  5.74s/it] 60%|██████    | 15/25 [01:26<00:57,  5.74s/it] 64%|██████▍   | 16/25 [01:31<00:51,  5.74s/it] 68%|██████▊   | 17/25 [01:37<00:45,  5.74s/it] 72%|███████▏  | 18/25 [01:43<00:40,  5.74s/it] 76%|███████▌  | 19/25 [01:48<00:34,  5.74s/it] 80%|████████  | 20/25 [01:54<00:28,  5.74s/it] 84%|████████▍ | 21/25 [02:00<00:22,  5.74s/it] 88%|████████▊ | 22/25 [02:06<00:17,  5.74s/it] 92%|█████████▏| 23/25 [02:11<00:11,  5.74s/it] 96%|█████████▌| 24/25 [02:17<00:05,  5.74s/it]100%|██████████| 25/25 [02:23<00:00,  5.74s/it]100%|██████████| 25/25 [02:23<00:00,  5.74s/it]
[I 2024-05-25 01:02:37,868] Trial 49 finished with value: 0.01610355288721621 and parameters: {'d_model': 128, 'num_heads': 16, 'num_layers': 4, 'lr': 0.0002479627711553373, 'batch_size': 50, 'wd': 9.986149422415395e-06}. Best is trial 23 with value: 0.013589171133935452.
  0%|          | 0/25 [00:00<?, ?it/s]  0%|          | 0/25 [00:00<?, ?it/s]
[I 2024-05-25 01:02:38,422] Trial 50 pruned. 
  0%|          | 0/25 [00:00<?, ?it/s]  0%|          | 0/25 [00:04<?, ?it/s]
[I 2024-05-25 01:02:42,950] Trial 51 pruned. 
  0%|          | 0/25 [00:00<?, ?it/s]  4%|▍         | 1/25 [00:03<01:15,  3.15s/it]  8%|▊         | 2/25 [00:06<01:12,  3.14s/it] 12%|█▏        | 3/25 [00:09<01:08,  3.14s/it] 16%|█▌        | 4/25 [00:12<01:05,  3.13s/it] 20%|██        | 5/25 [00:15<01:02,  3.13s/it] 24%|██▍       | 6/25 [00:18<00:59,  3.13s/it] 28%|██▊       | 7/25 [00:21<00:56,  3.13s/it] 32%|███▏      | 8/25 [00:25<00:53,  3.13s/it] 36%|███▌      | 9/25 [00:28<00:50,  3.14s/it] 40%|████      | 10/25 [00:31<00:46,  3.13s/it] 44%|████▍     | 11/25 [00:34<00:43,  3.14s/it] 48%|████▊     | 12/25 [00:37<00:40,  3.14s/it] 52%|█████▏    | 13/25 [00:40<00:37,  3.14s/it] 56%|█████▌    | 14/25 [00:43<00:34,  3.14s/it] 60%|██████    | 15/25 [00:47<00:31,  3.14s/it] 64%|██████▍   | 16/25 [00:50<00:28,  3.14s/it] 68%|██████▊   | 17/25 [00:53<00:25,  3.14s/it] 72%|███████▏  | 18/25 [00:56<00:21,  3.14s/it] 76%|███████▌  | 19/25 [00:59<00:18,  3.14s/it] 80%|████████  | 20/25 [01:02<00:15,  3.14s/it] 84%|████████▍ | 21/25 [01:05<00:12,  3.14s/it] 88%|████████▊ | 22/25 [01:09<00:09,  3.14s/it] 92%|█████████▏| 23/25 [01:12<00:06,  3.14s/it] 96%|█████████▌| 24/25 [01:15<00:03,  3.14s/it]100%|██████████| 25/25 [01:18<00:00,  3.14s/it]100%|██████████| 25/25 [01:18<00:00,  3.14s/it]
[I 2024-05-25 01:04:01,489] Trial 52 finished with value: 0.015148735139518976 and parameters: {'d_model': 128, 'num_heads': 8, 'num_layers': 2, 'lr': 0.0001687758661682943, 'batch_size': 50, 'wd': 1.303332957675732e-06}. Best is trial 23 with value: 0.013589171133935452.
  0%|          | 0/25 [00:00<?, ?it/s]  0%|          | 0/25 [00:03<?, ?it/s]
[I 2024-05-25 01:04:04,741] Trial 53 pruned. 
  0%|          | 0/25 [00:00<?, ?it/s]  0%|          | 0/25 [00:03<?, ?it/s]
[I 2024-05-25 01:04:07,977] Trial 54 pruned. 
  0%|          | 0/25 [00:00<?, ?it/s]  0%|          | 0/25 [00:00<?, ?it/s]
[I 2024-05-25 01:04:08,890] Trial 55 pruned. 
  0%|          | 0/25 [00:00<?, ?it/s]  0%|          | 0/25 [00:01<?, ?it/s]
[I 2024-05-25 01:04:10,342] Trial 56 pruned. 
  0%|          | 0/25 [00:00<?, ?it/s]  0%|          | 0/25 [00:04<?, ?it/s]
[I 2024-05-25 01:04:14,894] Trial 57 pruned. 
  0%|          | 0/25 [00:00<?, ?it/s]  0%|          | 0/25 [00:04<?, ?it/s]
[I 2024-05-25 01:04:19,202] Trial 58 pruned. 
  0%|          | 0/25 [00:00<?, ?it/s]  0%|          | 0/25 [00:00<?, ?it/s]
[I 2024-05-25 01:04:19,955] Trial 59 pruned. 
  0%|          | 0/25 [00:00<?, ?it/s]  4%|▍         | 1/25 [00:03<01:16,  3.17s/it]  8%|▊         | 2/25 [00:06<01:14,  3.24s/it] 12%|█▏        | 3/25 [00:09<01:10,  3.21s/it] 16%|█▌        | 4/25 [00:12<01:07,  3.19s/it] 20%|██        | 5/25 [00:15<01:03,  3.19s/it] 24%|██▍       | 6/25 [00:19<01:00,  3.18s/it] 28%|██▊       | 7/25 [00:22<00:57,  3.18s/it] 32%|███▏      | 8/25 [00:25<00:53,  3.17s/it] 36%|███▌      | 9/25 [00:28<00:50,  3.17s/it] 40%|████      | 10/25 [00:31<00:47,  3.18s/it] 44%|████▍     | 11/25 [00:35<00:44,  3.17s/it] 48%|████▊     | 12/25 [00:38<00:41,  3.17s/it] 52%|█████▏    | 13/25 [00:41<00:38,  3.17s/it] 56%|█████▌    | 14/25 [00:44<00:34,  3.17s/it] 60%|██████    | 15/25 [00:47<00:31,  3.17s/it] 64%|██████▍   | 16/25 [00:50<00:28,  3.17s/it] 68%|██████▊   | 17/25 [00:54<00:25,  3.17s/it] 72%|███████▏  | 18/25 [00:57<00:22,  3.17s/it] 76%|███████▌  | 19/25 [01:00<00:19,  3.17s/it] 80%|████████  | 20/25 [01:03<00:15,  3.17s/it] 84%|████████▍ | 21/25 [01:06<00:12,  3.17s/it] 88%|████████▊ | 22/25 [01:09<00:09,  3.17s/it] 92%|█████████▏| 23/25 [01:13<00:06,  3.16s/it] 96%|█████████▌| 24/25 [01:16<00:03,  3.16s/it]100%|██████████| 25/25 [01:19<00:00,  3.17s/it]100%|██████████| 25/25 [01:19<00:00,  3.17s/it]
[I 2024-05-25 01:05:39,389] Trial 60 finished with value: 0.014181244559586048 and parameters: {'d_model': 128, 'num_heads': 16, 'num_layers': 2, 'lr': 0.00033912054503379435, 'batch_size': 50, 'wd': 5.031360032676995e-06}. Best is trial 23 with value: 0.013589171133935452.
  0%|          | 0/25 [00:00<?, ?it/s]  0%|          | 0/25 [00:03<?, ?it/s]
[I 2024-05-25 01:05:42,659] Trial 61 pruned. 
  0%|          | 0/25 [00:00<?, ?it/s]  0%|          | 0/25 [00:03<?, ?it/s]
[I 2024-05-25 01:05:45,919] Trial 62 pruned. 
  0%|          | 0/25 [00:00<?, ?it/s]  0%|          | 0/25 [00:03<?, ?it/s]
[I 2024-05-25 01:05:49,207] Trial 63 pruned. 
  0%|          | 0/25 [00:00<?, ?it/s]  4%|▍         | 1/25 [00:04<01:47,  4.49s/it]  8%|▊         | 2/25 [00:08<01:42,  4.47s/it] 12%|█▏        | 3/25 [00:13<01:38,  4.47s/it] 16%|█▌        | 4/25 [00:17<01:33,  4.47s/it] 20%|██        | 5/25 [00:22<01:29,  4.47s/it] 24%|██▍       | 6/25 [00:26<01:25,  4.47s/it] 28%|██▊       | 7/25 [00:31<01:20,  4.47s/it] 32%|███▏      | 8/25 [00:35<01:16,  4.47s/it] 36%|███▌      | 9/25 [00:40<01:11,  4.48s/it] 40%|████      | 10/25 [00:44<01:07,  4.49s/it] 44%|████▍     | 11/25 [00:49<01:02,  4.49s/it] 48%|████▊     | 12/25 [00:53<00:58,  4.49s/it] 52%|█████▏    | 13/25 [00:58<00:53,  4.49s/it] 56%|█████▌    | 14/25 [01:02<00:49,  4.48s/it] 60%|██████    | 15/25 [01:07<00:44,  4.48s/it] 64%|██████▍   | 16/25 [01:11<00:40,  4.48s/it] 68%|██████▊   | 17/25 [01:16<00:35,  4.47s/it] 72%|███████▏  | 18/25 [01:20<00:31,  4.47s/it] 76%|███████▌  | 19/25 [01:25<00:26,  4.48s/it] 80%|████████  | 20/25 [01:29<00:22,  4.48s/it] 84%|████████▍ | 21/25 [01:34<00:17,  4.47s/it] 88%|████████▊ | 22/25 [01:38<00:13,  4.47s/it] 92%|█████████▏| 23/25 [01:42<00:08,  4.47s/it] 96%|█████████▌| 24/25 [01:47<00:04,  4.47s/it]100%|██████████| 25/25 [01:51<00:00,  4.47s/it]100%|██████████| 25/25 [01:51<00:00,  4.48s/it]
[I 2024-05-25 01:07:41,230] Trial 64 finished with value: 0.01626007314771414 and parameters: {'d_model': 128, 'num_heads': 16, 'num_layers': 3, 'lr': 0.00022309834882486103, 'batch_size': 50, 'wd': 3.3569066887894628e-06}. Best is trial 23 with value: 0.013589171133935452.
  0%|          | 0/25 [00:00<?, ?it/s]  0%|          | 0/25 [00:01<?, ?it/s]
[I 2024-05-25 01:07:43,208] Trial 65 pruned. 
  0%|          | 0/25 [00:00<?, ?it/s]  0%|          | 0/25 [00:03<?, ?it/s]
[I 2024-05-25 01:07:46,495] Trial 66 pruned. 
  0%|          | 0/25 [00:00<?, ?it/s]  0%|          | 0/25 [00:05<?, ?it/s]
[I 2024-05-25 01:07:52,368] Trial 67 pruned. 
  0%|          | 0/25 [00:00<?, ?it/s]  0%|          | 0/25 [00:01<?, ?it/s]
[I 2024-05-25 01:07:53,834] Trial 68 pruned. 
  0%|          | 0/25 [00:00<?, ?it/s]  0%|          | 0/25 [00:00<?, ?it/s]
[I 2024-05-25 01:07:54,679] Trial 69 pruned. 
  0%|          | 0/25 [00:00<?, ?it/s]  0%|          | 0/25 [00:10<?, ?it/s]
[I 2024-05-25 01:08:05,765] Trial 70 pruned. 
  0%|          | 0/25 [00:00<?, ?it/s]  4%|▍         | 1/25 [00:04<01:47,  4.48s/it]  8%|▊         | 2/25 [00:08<01:42,  4.48s/it] 12%|█▏        | 3/25 [00:13<01:38,  4.48s/it] 16%|█▌        | 4/25 [00:17<01:34,  4.48s/it] 20%|██        | 5/25 [00:22<01:29,  4.48s/it] 24%|██▍       | 6/25 [00:26<01:25,  4.48s/it] 28%|██▊       | 7/25 [00:31<01:20,  4.48s/it] 32%|███▏      | 8/25 [00:35<01:16,  4.48s/it] 36%|███▌      | 9/25 [00:40<01:11,  4.49s/it] 40%|████      | 10/25 [00:44<01:07,  4.48s/it] 44%|████▍     | 11/25 [00:49<01:02,  4.48s/it] 48%|████▊     | 12/25 [00:53<00:58,  4.48s/it] 52%|█████▏    | 13/25 [00:58<00:53,  4.48s/it] 56%|█████▌    | 14/25 [01:02<00:49,  4.48s/it] 60%|██████    | 15/25 [01:07<00:44,  4.47s/it] 64%|██████▍   | 16/25 [01:11<00:40,  4.48s/it] 68%|██████▊   | 17/25 [01:16<00:35,  4.48s/it] 72%|███████▏  | 18/25 [01:20<00:31,  4.48s/it] 76%|███████▌  | 19/25 [01:25<00:26,  4.48s/it] 80%|████████  | 20/25 [01:29<00:22,  4.48s/it] 80%|████████  | 20/25 [01:34<00:23,  4.70s/it]
[I 2024-05-25 01:09:39,940] Trial 71 pruned. 
  0%|          | 0/25 [00:00<?, ?it/s]  0%|          | 0/25 [00:03<?, ?it/s]
[I 2024-05-25 01:09:43,210] Trial 72 pruned. 
  0%|          | 0/25 [00:00<?, ?it/s]  0%|          | 0/25 [00:04<?, ?it/s]
[I 2024-05-25 01:09:47,778] Trial 73 pruned. 
  0%|          | 0/25 [00:00<?, ?it/s]  0%|          | 0/25 [00:03<?, ?it/s]
[I 2024-05-25 01:09:51,033] Trial 74 pruned. 
  0%|          | 0/25 [00:00<?, ?it/s]  4%|▍         | 1/25 [00:01<00:44,  1.87s/it]  8%|▊         | 2/25 [00:03<00:42,  1.87s/it] 12%|█▏        | 3/25 [00:05<00:41,  1.86s/it] 12%|█▏        | 3/25 [00:07<00:54,  2.48s/it]
[I 2024-05-25 01:09:58,572] Trial 75 pruned. 
  0%|          | 0/25 [00:00<?, ?it/s]  0%|          | 0/25 [00:01<?, ?it/s]
[I 2024-05-25 01:09:59,784] Trial 76 pruned. 
  0%|          | 0/25 [00:00<?, ?it/s]  0%|          | 0/25 [00:01<?, ?it/s]
[I 2024-05-25 01:10:01,797] Trial 77 pruned. 
  0%|          | 0/25 [00:00<?, ?it/s]  0%|          | 0/25 [00:04<?, ?it/s]
[I 2024-05-25 01:10:06,361] Trial 78 pruned. 
  0%|          | 0/25 [00:00<?, ?it/s]  0%|          | 0/25 [00:01<?, ?it/s]
[I 2024-05-25 01:10:08,320] Trial 79 pruned. 
  0%|          | 0/25 [00:00<?, ?it/s]  0%|          | 0/25 [00:01<?, ?it/s]
