============================================================================================== 
Warning! Mixing Conda and module environments may lead to corruption of the
user environment. 
We do not recommend users mixing those two environments unless absolutely
necessary. Note that 
SURF does not provide any support for Conda environment.
For more information, please refer to our software policy page:
https://servicedesk.surf.nl/wiki/display/WIKI/Software+policy+Snellius#SoftwarepolicySnellius-UseofAnacondaandMinicondaenvironmentsonSnellius 

Remember that many packages have already been installed on the system and can
be loaded using 
the 'module load <package__name>' command. If you are uncertain if a package is
already available 
on the system, please use 'module avail' or 'module spider' to search for it.
============================================================================================== 
[I 2024-05-23 18:49:39,884] A new study created in memory with name: no-name-3ad2b743-e525-4890-b600-c8c77bbcbe72
  0%|          | 0/25 [00:00<?, ?it/s]  4%|▍         | 1/25 [00:05<02:13,  5.57s/it]  8%|▊         | 2/25 [00:10<02:02,  5.33s/it] 12%|█▏        | 3/25 [00:15<01:55,  5.26s/it] 16%|█▌        | 4/25 [00:21<01:49,  5.21s/it] 20%|██        | 5/25 [00:26<01:43,  5.19s/it] 24%|██▍       | 6/25 [00:31<01:38,  5.16s/it] 28%|██▊       | 7/25 [00:36<01:32,  5.14s/it] 32%|███▏      | 8/25 [00:41<01:27,  5.14s/it] 36%|███▌      | 9/25 [00:46<01:22,  5.13s/it] 40%|████      | 10/25 [00:51<01:16,  5.12s/it] 44%|████▍     | 11/25 [00:56<01:11,  5.13s/it] 48%|████▊     | 12/25 [01:02<01:06,  5.13s/it] 52%|█████▏    | 13/25 [01:07<01:01,  5.12s/it] 56%|█████▌    | 14/25 [01:12<00:56,  5.11s/it] 60%|██████    | 15/25 [01:17<00:51,  5.13s/it] 64%|██████▍   | 16/25 [01:22<00:46,  5.12s/it] 68%|██████▊   | 17/25 [01:27<00:41,  5.15s/it] 72%|███████▏  | 18/25 [01:32<00:35,  5.13s/it] 76%|███████▌  | 19/25 [01:37<00:30,  5.13s/it] 80%|████████  | 20/25 [01:43<00:25,  5.13s/it] 84%|████████▍ | 21/25 [01:48<00:20,  5.12s/it] 88%|████████▊ | 22/25 [01:53<00:15,  5.11s/it] 92%|█████████▏| 23/25 [01:58<00:10,  5.10s/it] 96%|█████████▌| 24/25 [02:03<00:05,  5.11s/it]100%|██████████| 25/25 [02:08<00:00,  5.11s/it]100%|██████████| 25/25 [02:08<00:00,  5.14s/it]
[I 2024-05-23 18:51:49,991] Trial 0 finished with value: 0.03314769938588143 and parameters: {'d_model': 64, 'num_heads': 16, 'num_layers': 4, 'lr': 4.340970619152508e-05, 'batch_size': 100, 'wd': 0.0007716233664748098}. Best is trial 0 with value: 0.03314769938588143.
  0%|          | 0/25 [00:00<?, ?it/s]  4%|▍         | 1/25 [00:01<00:41,  1.73s/it]  8%|▊         | 2/25 [00:03<00:39,  1.74s/it] 12%|█▏        | 3/25 [00:05<00:38,  1.74s/it] 16%|█▌        | 4/25 [00:06<00:36,  1.74s/it] 20%|██        | 5/25 [00:08<00:34,  1.73s/it] 24%|██▍       | 6/25 [00:10<00:32,  1.73s/it] 28%|██▊       | 7/25 [00:12<00:31,  1.73s/it] 32%|███▏      | 8/25 [00:13<00:29,  1.74s/it] 36%|███▌      | 9/25 [00:15<00:27,  1.73s/it] 40%|████      | 10/25 [00:17<00:26,  1.73s/it] 44%|████▍     | 11/25 [00:19<00:24,  1.74s/it] 48%|████▊     | 12/25 [00:20<00:22,  1.74s/it] 52%|█████▏    | 13/25 [00:22<00:20,  1.74s/it] 56%|█████▌    | 14/25 [00:24<00:19,  1.74s/it] 60%|██████    | 15/25 [00:26<00:17,  1.74s/it] 64%|██████▍   | 16/25 [00:27<00:15,  1.73s/it] 68%|██████▊   | 17/25 [00:29<00:13,  1.73s/it] 72%|███████▏  | 18/25 [00:31<00:12,  1.74s/it] 76%|███████▌  | 19/25 [00:32<00:10,  1.74s/it] 80%|████████  | 20/25 [00:34<00:08,  1.74s/it] 84%|████████▍ | 21/25 [00:36<00:06,  1.74s/it] 88%|████████▊ | 22/25 [00:38<00:05,  1.74s/it] 92%|█████████▏| 23/25 [00:39<00:03,  1.74s/it] 96%|█████████▌| 24/25 [00:41<00:01,  1.74s/it]100%|██████████| 25/25 [00:43<00:00,  1.74s/it]100%|██████████| 25/25 [00:43<00:00,  1.74s/it]
[I 2024-05-23 18:52:33,553] Trial 1 finished with value: 0.031041094101965427 and parameters: {'d_model': 64, 'num_heads': 16, 'num_layers': 1, 'lr': 0.0003669582764737167, 'batch_size': 100, 'wd': 0.00018124440792974524}. Best is trial 1 with value: 0.031041094101965427.
  0%|          | 0/25 [00:00<?, ?it/s]  4%|▍         | 1/25 [00:04<01:46,  4.45s/it]  8%|▊         | 2/25 [00:08<01:42,  4.45s/it] 12%|█▏        | 3/25 [00:13<01:37,  4.44s/it] 16%|█▌        | 4/25 [00:17<01:33,  4.44s/it] 20%|██        | 5/25 [00:22<01:28,  4.43s/it] 24%|██▍       | 6/25 [00:26<01:24,  4.43s/it] 28%|██▊       | 7/25 [00:31<01:19,  4.43s/it] 32%|███▏      | 8/25 [00:35<01:15,  4.43s/it] 36%|███▌      | 9/25 [00:39<01:10,  4.43s/it] 40%|████      | 10/25 [00:44<01:06,  4.44s/it] 44%|████▍     | 11/25 [00:48<01:02,  4.44s/it] 48%|████▊     | 12/25 [00:53<00:57,  4.45s/it] 52%|█████▏    | 13/25 [00:57<00:53,  4.44s/it] 56%|█████▌    | 14/25 [01:02<00:48,  4.44s/it] 60%|██████    | 15/25 [01:06<00:44,  4.44s/it] 64%|██████▍   | 16/25 [01:11<00:39,  4.44s/it] 68%|██████▊   | 17/25 [01:15<00:35,  4.44s/it] 72%|███████▏  | 18/25 [01:19<00:31,  4.43s/it] 76%|███████▌  | 19/25 [01:24<00:26,  4.44s/it] 80%|████████  | 20/25 [01:28<00:22,  4.44s/it] 84%|████████▍ | 21/25 [01:33<00:17,  4.44s/it] 88%|████████▊ | 22/25 [01:37<00:13,  4.44s/it] 92%|█████████▏| 23/25 [01:42<00:08,  4.44s/it] 96%|█████████▌| 24/25 [01:46<00:04,  4.44s/it]100%|██████████| 25/25 [01:50<00:00,  4.45s/it]100%|██████████| 25/25 [01:50<00:00,  4.44s/it]
[I 2024-05-23 18:54:24,713] Trial 2 finished with value: 0.043691789358854295 and parameters: {'d_model': 16, 'num_heads': 16, 'num_layers': 6, 'lr': 7.27482349593114e-05, 'batch_size': 100, 'wd': 0.00019281083144534413}. Best is trial 1 with value: 0.031041094101965427.
  0%|          | 0/25 [00:00<?, ?it/s]  4%|▍         | 1/25 [00:03<01:35,  3.98s/it]  8%|▊         | 2/25 [00:08<01:32,  4.01s/it] 12%|█▏        | 3/25 [00:11<01:27,  3.97s/it] 16%|█▌        | 4/25 [00:15<01:22,  3.94s/it] 20%|██        | 5/25 [00:19<01:19,  3.95s/it] 24%|██▍       | 6/25 [00:23<01:14,  3.93s/it] 28%|██▊       | 7/25 [00:27<01:10,  3.92s/it] 32%|███▏      | 8/25 [00:31<01:06,  3.93s/it] 36%|███▌      | 9/25 [00:35<01:02,  3.92s/it] 40%|████      | 10/25 [00:39<00:58,  3.91s/it] 44%|████▍     | 11/25 [00:43<00:54,  3.92s/it] 48%|████▊     | 12/25 [00:47<00:51,  3.92s/it] 52%|█████▏    | 13/25 [00:51<00:47,  3.94s/it] 56%|█████▌    | 14/25 [00:55<00:43,  3.93s/it] 60%|██████    | 15/25 [00:58<00:39,  3.91s/it] 64%|██████▍   | 16/25 [01:02<00:35,  3.93s/it] 68%|██████▊   | 17/25 [01:06<00:31,  3.92s/it] 72%|███████▏  | 18/25 [01:10<00:27,  3.92s/it] 76%|███████▌  | 19/25 [01:14<00:23,  3.91s/it] 80%|████████  | 20/25 [01:18<00:19,  3.95s/it] 84%|████████▍ | 21/25 [01:22<00:15,  3.93s/it] 88%|████████▊ | 22/25 [01:26<00:11,  3.92s/it] 92%|█████████▏| 23/25 [01:30<00:07,  3.92s/it] 96%|█████████▌| 24/25 [01:34<00:03,  3.91s/it]100%|██████████| 25/25 [01:38<00:00,  3.94s/it]100%|██████████| 25/25 [01:38<00:00,  3.93s/it]
[I 2024-05-23 18:56:03,152] Trial 3 finished with value: 0.04974902868270874 and parameters: {'d_model': 32, 'num_heads': 16, 'num_layers': 7, 'lr': 5.8810302507766843e-05, 'batch_size': 200, 'wd': 0.006578413542579518}. Best is trial 1 with value: 0.031041094101965427.
  0%|          | 0/25 [00:00<?, ?it/s]  4%|▍         | 1/25 [00:13<05:27, 13.66s/it]  8%|▊         | 2/25 [00:27<05:12, 13.57s/it] 12%|█▏        | 3/25 [00:40<04:57, 13.53s/it] 16%|█▌        | 4/25 [00:54<04:43, 13.50s/it] 20%|██        | 5/25 [01:07<04:30, 13.50s/it] 24%|██▍       | 6/25 [01:21<04:16, 13.48s/it] 28%|██▊       | 7/25 [01:34<04:02, 13.49s/it] 32%|███▏      | 8/25 [01:48<03:49, 13.49s/it] 36%|███▌      | 9/25 [02:01<03:35, 13.50s/it] 40%|████      | 10/25 [02:15<03:22, 13.49s/it] 44%|████▍     | 11/25 [02:28<03:08, 13.49s/it] 48%|████▊     | 12/25 [02:42<02:55, 13.49s/it] 52%|█████▏    | 13/25 [02:55<02:41, 13.48s/it] 56%|█████▌    | 14/25 [03:08<02:28, 13.48s/it] 60%|██████    | 15/25 [03:22<02:14, 13.47s/it] 64%|██████▍   | 16/25 [03:35<02:01, 13.49s/it] 68%|██████▊   | 17/25 [03:49<01:47, 13.50s/it] 72%|███████▏  | 18/25 [04:02<01:34, 13.49s/it] 76%|███████▌  | 19/25 [04:16<01:21, 13.51s/it] 80%|████████  | 20/25 [04:29<01:07, 13.50s/it] 84%|████████▍ | 21/25 [04:43<00:54, 13.51s/it] 88%|████████▊ | 22/25 [04:56<00:40, 13.50s/it] 92%|█████████▏| 23/25 [05:10<00:27, 13.52s/it] 96%|█████████▌| 24/25 [05:24<00:13, 13.50s/it]100%|██████████| 25/25 [05:37<00:00, 13.47s/it]100%|██████████| 25/25 [05:37<00:00, 13.50s/it]
[I 2024-05-23 19:01:40,824] Trial 4 finished with value: 0.03288351148366928 and parameters: {'d_model': 128, 'num_heads': 16, 'num_layers': 7, 'lr': 2.8440930776561445e-05, 'batch_size': 100, 'wd': 7.448725818465316e-05}. Best is trial 1 with value: 0.031041094101965427.
  0%|          | 0/25 [00:00<?, ?it/s]  4%|▍         | 1/25 [00:05<02:10,  5.44s/it]  8%|▊         | 2/25 [00:10<02:06,  5.49s/it] 12%|█▏        | 3/25 [00:16<02:00,  5.46s/it] 16%|█▌        | 4/25 [00:21<01:54,  5.43s/it] 20%|██        | 5/25 [00:27<01:49,  5.45s/it] 24%|██▍       | 6/25 [00:32<01:43,  5.45s/it] 28%|██▊       | 7/25 [00:38<01:38,  5.46s/it] 32%|███▏      | 8/25 [00:43<01:33,  5.47s/it] 36%|███▌      | 9/25 [00:49<01:27,  5.47s/it] 40%|████      | 10/25 [00:54<01:22,  5.49s/it] 44%|████▍     | 11/25 [01:00<01:16,  5.50s/it] 48%|████▊     | 12/25 [01:05<01:11,  5.50s/it] 52%|█████▏    | 13/25 [01:11<01:05,  5.49s/it] 56%|█████▌    | 14/25 [01:16<01:00,  5.47s/it] 60%|██████    | 15/25 [01:22<00:54,  5.46s/it] 64%|██████▍   | 16/25 [01:27<00:49,  5.48s/it] 68%|██████▊   | 17/25 [01:33<00:43,  5.50s/it] 72%|███████▏  | 18/25 [01:38<00:38,  5.49s/it] 76%|███████▌  | 19/25 [01:44<00:33,  5.51s/it] 80%|████████  | 20/25 [01:49<00:27,  5.46s/it] 84%|████████▍ | 21/25 [01:54<00:21,  5.44s/it] 88%|████████▊ | 22/25 [02:00<00:16,  5.44s/it] 92%|█████████▏| 23/25 [02:05<00:10,  5.42s/it] 96%|█████████▌| 24/25 [02:11<00:05,  5.42s/it]100%|██████████| 25/25 [02:16<00:00,  5.41s/it]100%|██████████| 25/25 [02:16<00:00,  5.46s/it]
[I 2024-05-23 19:03:57,519] Trial 5 finished with value: 0.02279564126261643 and parameters: {'d_model': 128, 'num_heads': 8, 'num_layers': 4, 'lr': 8.602532690342511e-05, 'batch_size': 150, 'wd': 9.743225732970514e-05}. Best is trial 5 with value: 0.02279564126261643.
  0%|          | 0/25 [00:00<?, ?it/s]  0%|          | 0/25 [00:05<?, ?it/s]
[I 2024-05-23 19:04:03,702] Trial 6 pruned. 
  0%|          | 0/25 [00:00<?, ?it/s]  0%|          | 0/25 [00:02<?, ?it/s]
[I 2024-05-23 19:04:05,990] Trial 7 pruned. 
  0%|          | 0/25 [00:00<?, ?it/s]  4%|▍         | 1/25 [00:02<01:09,  2.88s/it]  8%|▊         | 2/25 [00:05<01:06,  2.89s/it] 12%|█▏        | 3/25 [00:08<01:03,  2.88s/it] 16%|█▌        | 4/25 [00:11<01:00,  2.88s/it] 20%|██        | 5/25 [00:14<00:57,  2.88s/it] 24%|██▍       | 6/25 [00:17<00:54,  2.88s/it] 28%|██▊       | 7/25 [00:20<00:51,  2.88s/it] 32%|███▏      | 8/25 [00:23<00:48,  2.88s/it] 36%|███▌      | 9/25 [00:25<00:46,  2.88s/it] 40%|████      | 10/25 [00:28<00:43,  2.88s/it] 44%|████▍     | 11/25 [00:31<00:40,  2.88s/it] 48%|████▊     | 12/25 [00:34<00:37,  2.89s/it] 52%|█████▏    | 13/25 [00:37<00:34,  2.89s/it] 56%|█████▌    | 14/25 [00:40<00:31,  2.89s/it] 60%|██████    | 15/25 [00:43<00:28,  2.89s/it] 64%|██████▍   | 16/25 [00:46<00:26,  2.89s/it] 68%|██████▊   | 17/25 [00:49<00:23,  2.89s/it] 72%|███████▏  | 18/25 [00:51<00:20,  2.89s/it] 76%|███████▌  | 19/25 [00:54<00:17,  2.89s/it] 80%|████████  | 20/25 [00:57<00:14,  2.89s/it] 84%|████████▍ | 21/25 [01:00<00:11,  2.89s/it] 88%|████████▊ | 22/25 [01:03<00:08,  2.88s/it] 92%|█████████▏| 23/25 [01:06<00:05,  2.89s/it] 96%|█████████▌| 24/25 [01:09<00:02,  2.89s/it]100%|██████████| 25/25 [01:12<00:00,  2.89s/it]100%|██████████| 25/25 [01:12<00:00,  2.89s/it]
[I 2024-05-23 19:05:18,251] Trial 8 finished with value: 0.014451615512371063 and parameters: {'d_model': 64, 'num_heads': 16, 'num_layers': 1, 'lr': 0.0007662485610245121, 'batch_size': 50, 'wd': 1.3188567715912266e-05}. Best is trial 8 with value: 0.014451615512371063.
  0%|          | 0/25 [00:00<?, ?it/s]  0%|          | 0/25 [00:05<?, ?it/s]
[I 2024-05-23 19:05:24,447] Trial 9 pruned. 
  0%|          | 0/25 [00:00<?, ?it/s]  4%|▍         | 1/25 [00:04<01:54,  4.76s/it]  8%|▊         | 2/25 [00:09<01:49,  4.75s/it] 12%|█▏        | 3/25 [00:14<01:44,  4.76s/it] 16%|█▌        | 4/25 [00:19<01:40,  4.77s/it] 20%|██        | 5/25 [00:23<01:35,  4.77s/it] 24%|██▍       | 6/25 [00:28<01:30,  4.77s/it] 28%|██▊       | 7/25 [00:33<01:25,  4.76s/it] 32%|███▏      | 8/25 [00:38<01:20,  4.76s/it] 36%|███▌      | 9/25 [00:42<01:16,  4.77s/it] 40%|████      | 10/25 [00:47<01:11,  4.77s/it] 44%|████▍     | 11/25 [00:52<01:06,  4.77s/it] 48%|████▊     | 12/25 [00:57<01:01,  4.77s/it] 52%|█████▏    | 13/25 [01:01<00:57,  4.76s/it] 56%|█████▌    | 14/25 [01:06<00:52,  4.76s/it] 60%|██████    | 15/25 [01:11<00:47,  4.76s/it] 64%|██████▍   | 16/25 [01:16<00:42,  4.75s/it] 68%|██████▊   | 17/25 [01:20<00:38,  4.76s/it] 72%|███████▏  | 18/25 [01:25<00:33,  4.75s/it] 76%|███████▌  | 19/25 [01:30<00:28,  4.75s/it] 80%|████████  | 20/25 [01:35<00:23,  4.75s/it] 84%|████████▍ | 21/25 [01:39<00:18,  4.75s/it] 88%|████████▊ | 22/25 [01:44<00:14,  4.75s/it] 92%|█████████▏| 23/25 [01:49<00:09,  4.76s/it] 96%|█████████▌| 24/25 [01:54<00:04,  4.75s/it]100%|██████████| 25/25 [01:58<00:00,  4.75s/it]100%|██████████| 25/25 [01:58<00:00,  4.76s/it]
[I 2024-05-23 19:07:23,566] Trial 10 finished with value: 0.014509762963280081 and parameters: {'d_model': 64, 'num_heads': 8, 'num_layers': 2, 'lr': 0.0002273407327375292, 'batch_size': 50, 'wd': 3.888868530817049e-06}. Best is trial 8 with value: 0.014451615512371063.
  0%|          | 0/25 [00:00<?, ?it/s]  4%|▍         | 1/25 [00:04<01:53,  4.75s/it]  8%|▊         | 2/25 [00:09<01:49,  4.75s/it] 12%|█▏        | 3/25 [00:14<01:44,  4.75s/it] 16%|█▌        | 4/25 [00:19<01:40,  4.76s/it] 20%|██        | 5/25 [00:23<01:35,  4.76s/it] 24%|██▍       | 6/25 [00:28<01:30,  4.75s/it] 28%|██▊       | 7/25 [00:33<01:25,  4.76s/it] 32%|███▏      | 8/25 [00:38<01:20,  4.75s/it] 36%|███▌      | 9/25 [00:42<01:16,  4.76s/it] 40%|████      | 10/25 [00:47<01:11,  4.76s/it] 44%|████▍     | 11/25 [00:52<01:06,  4.75s/it] 48%|████▊     | 12/25 [00:57<01:01,  4.75s/it] 52%|█████▏    | 13/25 [01:01<00:57,  4.76s/it] 56%|█████▌    | 14/25 [01:06<00:52,  4.76s/it] 60%|██████    | 15/25 [01:11<00:47,  4.76s/it] 64%|██████▍   | 16/25 [01:16<00:42,  4.76s/it] 68%|██████▊   | 17/25 [01:20<00:38,  4.77s/it] 72%|███████▏  | 18/25 [01:25<00:33,  4.76s/it] 76%|███████▌  | 19/25 [01:30<00:28,  4.76s/it] 80%|████████  | 20/25 [01:35<00:23,  4.76s/it] 84%|████████▍ | 21/25 [01:39<00:19,  4.76s/it] 88%|████████▊ | 22/25 [01:44<00:14,  4.76s/it] 92%|█████████▏| 23/25 [01:49<00:09,  4.77s/it] 96%|█████████▌| 24/25 [01:54<00:04,  4.76s/it]100%|██████████| 25/25 [01:58<00:00,  4.76s/it]100%|██████████| 25/25 [01:58<00:00,  4.76s/it]
[I 2024-05-23 19:09:22,700] Trial 11 finished with value: 0.01396198603324592 and parameters: {'d_model': 64, 'num_heads': 8, 'num_layers': 2, 'lr': 0.0002599474894281322, 'batch_size': 50, 'wd': 3.431770789192175e-06}. Best is trial 11 with value: 0.01396198603324592.
  0%|          | 0/25 [00:00<?, ?it/s]  4%|▍         | 1/25 [00:06<02:39,  6.64s/it]  8%|▊         | 2/25 [00:13<02:32,  6.63s/it] 12%|█▏        | 3/25 [00:19<02:26,  6.64s/it] 16%|█▌        | 4/25 [00:26<02:19,  6.63s/it] 20%|██        | 5/25 [00:33<02:12,  6.64s/it] 24%|██▍       | 6/25 [00:39<02:06,  6.63s/it] 28%|██▊       | 7/25 [00:46<01:59,  6.64s/it] 32%|███▏      | 8/25 [00:53<01:52,  6.64s/it] 36%|███▌      | 9/25 [00:59<01:46,  6.64s/it] 40%|████      | 10/25 [01:06<01:39,  6.63s/it] 44%|████▍     | 11/25 [01:12<01:32,  6.64s/it] 48%|████▊     | 12/25 [01:19<01:26,  6.65s/it] 52%|█████▏    | 13/25 [01:26<01:19,  6.64s/it] 56%|█████▌    | 14/25 [01:32<01:12,  6.63s/it] 60%|██████    | 15/25 [01:39<01:06,  6.63s/it] 64%|██████▍   | 16/25 [01:46<00:59,  6.63s/it] 68%|██████▊   | 17/25 [01:52<00:53,  6.64s/it] 72%|███████▏  | 18/25 [01:59<00:46,  6.64s/it] 76%|███████▌  | 19/25 [02:06<00:39,  6.63s/it] 80%|████████  | 20/25 [02:12<00:33,  6.64s/it] 84%|████████▍ | 21/25 [02:19<00:26,  6.64s/it] 88%|████████▊ | 22/25 [02:25<00:19,  6.63s/it] 92%|█████████▏| 23/25 [02:32<00:13,  6.63s/it] 96%|█████████▌| 24/25 [02:39<00:06,  6.62s/it]100%|██████████| 25/25 [02:45<00:00,  6.62s/it]100%|██████████| 25/25 [02:45<00:00,  6.63s/it]
[I 2024-05-23 19:12:08,703] Trial 12 finished with value: 0.013330796547234059 and parameters: {'d_model': 64, 'num_heads': 8, 'num_layers': 3, 'lr': 0.0008006467211350503, 'batch_size': 50, 'wd': 2.140122460896808e-06}. Best is trial 12 with value: 0.013330796547234059.
  0%|          | 0/25 [00:00<?, ?it/s]  4%|▍         | 1/25 [00:06<02:39,  6.65s/it]  8%|▊         | 2/25 [00:13<02:32,  6.64s/it] 12%|█▏        | 3/25 [00:19<02:25,  6.63s/it] 16%|█▌        | 4/25 [00:26<02:19,  6.63s/it] 20%|██        | 5/25 [00:33<02:12,  6.63s/it] 24%|██▍       | 6/25 [00:39<02:05,  6.63s/it] 28%|██▊       | 7/25 [00:46<01:59,  6.62s/it] 32%|███▏      | 8/25 [00:53<01:52,  6.62s/it] 36%|███▌      | 9/25 [00:59<01:45,  6.62s/it] 40%|████      | 10/25 [01:06<01:39,  6.63s/it] 44%|████▍     | 11/25 [01:12<01:32,  6.63s/it] 48%|████▊     | 12/25 [01:19<01:26,  6.62s/it] 52%|█████▏    | 13/25 [01:26<01:19,  6.62s/it] 56%|█████▌    | 14/25 [01:32<01:12,  6.63s/it] 60%|██████    | 15/25 [01:39<01:06,  6.62s/it] 64%|██████▍   | 16/25 [01:46<00:59,  6.62s/it] 68%|██████▊   | 17/25 [01:52<00:52,  6.62s/it] 72%|███████▏  | 18/25 [01:59<00:46,  6.62s/it] 76%|███████▌  | 19/25 [02:05<00:39,  6.63s/it] 80%|████████  | 20/25 [02:12<00:33,  6.63s/it] 84%|████████▍ | 21/25 [02:19<00:26,  6.63s/it] 88%|████████▊ | 22/25 [02:25<00:19,  6.63s/it] 92%|█████████▏| 23/25 [02:32<00:13,  6.64s/it] 96%|█████████▌| 24/25 [02:39<00:06,  6.63s/it]100%|██████████| 25/25 [02:45<00:00,  6.63s/it]100%|██████████| 25/25 [02:45<00:00,  6.63s/it]
[I 2024-05-23 19:14:54,588] Trial 13 finished with value: 0.014839138835668564 and parameters: {'d_model': 64, 'num_heads': 8, 'num_layers': 3, 'lr': 0.00023627750818720617, 'batch_size': 50, 'wd': 1.0086282358705839e-06}. Best is trial 12 with value: 0.013330796547234059.
  0%|          | 0/25 [00:00<?, ?it/s]  0%|          | 0/25 [00:04<?, ?it/s]
[I 2024-05-23 19:14:58,777] Trial 14 pruned. 
  0%|          | 0/25 [00:00<?, ?it/s]  0%|          | 0/25 [00:02<?, ?it/s]
[I 2024-05-23 19:15:01,647] Trial 15 pruned. 
  0%|          | 0/25 [00:00<?, ?it/s]  4%|▍         | 1/25 [00:04<01:54,  4.78s/it]  8%|▊         | 2/25 [00:09<01:50,  4.78s/it] 12%|█▏        | 3/25 [00:14<01:45,  4.78s/it] 16%|█▌        | 4/25 [00:19<01:40,  4.78s/it] 20%|██        | 5/25 [00:23<01:35,  4.78s/it] 24%|██▍       | 6/25 [00:28<01:30,  4.78s/it] 28%|██▊       | 7/25 [00:33<01:26,  4.78s/it] 32%|███▏      | 8/25 [00:38<01:21,  4.78s/it] 36%|███▌      | 9/25 [00:43<01:16,  4.78s/it] 40%|████      | 10/25 [00:47<01:11,  4.78s/it] 44%|████▍     | 11/25 [00:52<01:06,  4.77s/it] 48%|████▊     | 12/25 [00:57<01:02,  4.77s/it] 52%|█████▏    | 13/25 [01:02<00:57,  4.77s/it] 56%|█████▌    | 14/25 [01:06<00:52,  4.77s/it] 60%|██████    | 15/25 [01:11<00:47,  4.78s/it] 64%|██████▍   | 16/25 [01:16<00:43,  4.78s/it] 68%|██████▊   | 17/25 [01:21<00:38,  4.77s/it] 72%|███████▏  | 18/25 [01:25<00:33,  4.77s/it] 76%|███████▌  | 19/25 [01:30<00:28,  4.76s/it] 80%|████████  | 20/25 [01:35<00:23,  4.77s/it] 84%|████████▍ | 21/25 [01:40<00:19,  4.77s/it] 88%|████████▊ | 22/25 [01:45<00:14,  4.77s/it] 92%|█████████▏| 23/25 [01:49<00:09,  4.77s/it] 96%|█████████▌| 24/25 [01:54<00:04,  4.77s/it]100%|██████████| 25/25 [01:59<00:00,  4.76s/it]100%|██████████| 25/25 [01:59<00:00,  4.77s/it]
[I 2024-05-23 19:17:01,094] Trial 16 finished with value: 0.01734793186187744 and parameters: {'d_model': 64, 'num_heads': 8, 'num_layers': 2, 'lr': 0.0001526619398803814, 'batch_size': 50, 'wd': 5.0892044145597546e-06}. Best is trial 12 with value: 0.013330796547234059.
  0%|          | 0/25 [00:00<?, ?it/s]  4%|▍         | 1/25 [00:04<01:54,  4.76s/it]  8%|▊         | 2/25 [00:09<01:49,  4.76s/it] 12%|█▏        | 3/25 [00:14<01:45,  4.78s/it] 16%|█▌        | 4/25 [00:19<01:40,  4.77s/it] 20%|██        | 5/25 [00:23<01:35,  4.77s/it] 24%|██▍       | 6/25 [00:28<01:30,  4.76s/it] 28%|██▊       | 7/25 [00:33<01:25,  4.76s/it] 32%|███▏      | 8/25 [00:38<01:21,  4.77s/it] 36%|███▌      | 9/25 [00:42<01:16,  4.77s/it] 40%|████      | 10/25 [00:47<01:11,  4.77s/it] 44%|████▍     | 11/25 [00:52<01:06,  4.77s/it] 48%|████▊     | 12/25 [00:57<01:01,  4.76s/it] 52%|█████▏    | 13/25 [01:01<00:57,  4.76s/it] 56%|█████▌    | 14/25 [01:06<00:52,  4.76s/it] 60%|██████    | 15/25 [01:11<00:47,  4.77s/it] 64%|██████▍   | 16/25 [01:16<00:42,  4.77s/it] 68%|██████▊   | 17/25 [01:21<00:38,  4.77s/it] 72%|███████▏  | 18/25 [01:25<00:33,  4.77s/it] 76%|███████▌  | 19/25 [01:30<00:28,  4.77s/it] 80%|████████  | 20/25 [01:35<00:23,  4.77s/it] 84%|████████▍ | 21/25 [01:40<00:19,  4.77s/it] 88%|████████▊ | 22/25 [01:44<00:14,  4.77s/it] 92%|█████████▏| 23/25 [01:49<00:09,  4.77s/it] 96%|█████████▌| 24/25 [01:54<00:04,  4.77s/it]100%|██████████| 25/25 [01:59<00:00,  4.77s/it]100%|██████████| 25/25 [01:59<00:00,  4.77s/it]
[I 2024-05-23 19:19:00,475] Trial 17 finished with value: 0.016257054172456264 and parameters: {'d_model': 64, 'num_heads': 8, 'num_layers': 2, 'lr': 0.0005556634099720319, 'batch_size': 50, 'wd': 2.329674728959175e-05}. Best is trial 12 with value: 0.013330796547234059.
  0%|          | 0/25 [00:00<?, ?it/s]  0%|          | 0/25 [00:09<?, ?it/s]
