[I 2024-05-23 19:50:20,952] Trial 58 pruned. 
  0%|          | 0/25 [00:00<?, ?it/s]  0%|          | 0/25 [00:01<?, ?it/s]
[I 2024-05-23 19:50:22,858] Trial 59 pruned. 
  0%|          | 0/25 [00:00<?, ?it/s]  0%|          | 0/25 [00:06<?, ?it/s]
[I 2024-05-23 19:50:29,622] Trial 60 pruned. 
  0%|          | 0/25 [00:00<?, ?it/s]  0%|          | 0/25 [00:08<?, ?it/s]
[I 2024-05-23 19:50:38,292] Trial 61 pruned. 
  0%|          | 0/25 [00:00<?, ?it/s]  0%|          | 0/25 [00:08<?, ?it/s]
[I 2024-05-23 19:50:46,958] Trial 62 pruned. 
  0%|          | 0/25 [00:00<?, ?it/s]  0%|          | 0/25 [00:10<?, ?it/s]
[I 2024-05-23 19:50:57,483] Trial 63 pruned. 
  0%|          | 0/25 [00:00<?, ?it/s]  0%|          | 0/25 [00:12<?, ?it/s]
[I 2024-05-23 19:51:09,854] Trial 64 pruned. 
  0%|          | 0/25 [00:00<?, ?it/s]  4%|▍         | 1/25 [00:04<01:57,  4.91s/it]  4%|▍         | 1/25 [00:09<03:55,  9.79s/it]
[I 2024-05-23 19:51:19,796] Trial 65 pruned. 
  0%|          | 0/25 [00:00<?, ?it/s]  4%|▍         | 1/25 [00:08<03:23,  8.49s/it]  4%|▍         | 1/25 [00:16<06:47, 16.96s/it]
[I 2024-05-23 19:51:36,921] Trial 66 pruned. 
  0%|          | 0/25 [00:00<?, ?it/s]  4%|▍         | 1/25 [00:07<03:04,  7.69s/it]  8%|▊         | 2/25 [00:15<02:56,  7.66s/it] 12%|█▏        | 3/25 [00:22<02:48,  7.65s/it] 16%|█▌        | 4/25 [00:30<02:40,  7.66s/it] 20%|██        | 5/25 [00:38<02:33,  7.67s/it] 24%|██▍       | 6/25 [00:45<02:25,  7.67s/it] 28%|██▊       | 7/25 [00:53<02:17,  7.66s/it] 32%|███▏      | 8/25 [01:01<02:10,  7.67s/it] 36%|███▌      | 9/25 [01:09<02:02,  7.67s/it] 40%|████      | 10/25 [01:16<01:54,  7.66s/it] 44%|████▍     | 11/25 [01:24<01:47,  7.65s/it] 48%|████▊     | 12/25 [01:31<01:39,  7.66s/it] 52%|█████▏    | 13/25 [01:39<01:31,  7.66s/it] 56%|█████▌    | 14/25 [01:47<01:24,  7.66s/it] 60%|██████    | 15/25 [01:54<01:16,  7.66s/it] 64%|██████▍   | 16/25 [02:02<01:08,  7.66s/it] 68%|██████▊   | 17/25 [02:10<01:01,  7.67s/it] 72%|███████▏  | 18/25 [02:17<00:53,  7.67s/it] 76%|███████▌  | 19/25 [02:25<00:45,  7.66s/it] 80%|████████  | 20/25 [02:33<00:38,  7.67s/it] 84%|████████▍ | 21/25 [02:40<00:30,  7.68s/it] 88%|████████▊ | 22/25 [02:48<00:23,  7.67s/it] 92%|█████████▏| 23/25 [02:56<00:15,  7.67s/it] 96%|█████████▌| 24/25 [03:04<00:07,  7.68s/it]100%|██████████| 25/25 [03:11<00:00,  7.67s/it]100%|██████████| 25/25 [03:11<00:00,  7.67s/it]
[I 2024-05-23 19:54:48,764] Trial 67 finished with value: 0.01306972661986947 and parameters: {'d_model': 128, 'num_heads': 8, 'num_layers': 2, 'lr': 0.00043025163091054303, 'batch_size': 50, 'wd': 2.700595839502613e-06}. Best is trial 50 with value: 0.01273965840227902.
  0%|          | 0/25 [00:00<?, ?it/s]  0%|          | 0/25 [00:01<?, ?it/s]
[I 2024-05-23 19:54:50,802] Trial 68 pruned. 
  0%|          | 0/25 [00:00<?, ?it/s]  4%|▍         | 1/25 [00:07<03:03,  7.63s/it]  8%|▊         | 2/25 [00:15<02:55,  7.64s/it] 12%|█▏        | 3/25 [00:22<02:48,  7.66s/it] 16%|█▌        | 4/25 [00:30<02:40,  7.66s/it] 20%|██        | 5/25 [00:38<02:33,  7.66s/it] 24%|██▍       | 6/25 [00:45<02:25,  7.66s/it] 28%|██▊       | 7/25 [00:53<02:17,  7.66s/it] 32%|███▏      | 8/25 [01:01<02:10,  7.65s/it] 36%|███▌      | 9/25 [01:08<02:02,  7.65s/it] 40%|████      | 10/25 [01:16<01:54,  7.65s/it] 44%|████▍     | 11/25 [01:24<01:47,  7.66s/it] 48%|████▊     | 12/25 [01:31<01:39,  7.66s/it] 52%|█████▏    | 13/25 [01:39<01:31,  7.65s/it] 56%|█████▌    | 14/25 [01:47<01:24,  7.65s/it] 60%|██████    | 15/25 [01:54<01:16,  7.66s/it] 64%|██████▍   | 16/25 [02:02<01:08,  7.66s/it] 68%|██████▊   | 17/25 [02:10<01:01,  7.67s/it] 72%|███████▏  | 18/25 [02:17<00:53,  7.70s/it] 76%|███████▌  | 19/25 [02:25<00:46,  7.70s/it] 80%|████████  | 20/25 [02:33<00:38,  7.69s/it] 84%|████████▍ | 21/25 [02:40<00:30,  7.67s/it] 88%|████████▊ | 22/25 [02:48<00:22,  7.65s/it] 92%|█████████▏| 23/25 [02:56<00:15,  7.65s/it] 96%|█████████▌| 24/25 [03:03<00:07,  7.64s/it]100%|██████████| 25/25 [03:11<00:00,  7.63s/it]100%|██████████| 25/25 [03:11<00:00,  7.66s/it]
[I 2024-05-23 19:58:02,426] Trial 69 finished with value: 0.011955003417097033 and parameters: {'d_model': 128, 'num_heads': 4, 'num_layers': 2, 'lr': 0.00040071791905841523, 'batch_size': 50, 'wd': 5.8557787046115575e-06}. Best is trial 69 with value: 0.011955003417097033.
  0%|          | 0/25 [00:00<?, ?it/s]  0%|          | 0/25 [00:04<?, ?it/s]
[I 2024-05-23 19:58:07,162] Trial 70 pruned. 
  0%|          | 0/25 [00:00<?, ?it/s]  4%|▍         | 1/25 [00:07<03:03,  7.63s/it]  8%|▊         | 2/25 [00:15<02:55,  7.63s/it] 12%|█▏        | 3/25 [00:22<02:47,  7.61s/it] 16%|█▌        | 4/25 [00:30<02:39,  7.61s/it] 20%|██        | 5/25 [00:38<02:32,  7.62s/it] 24%|██▍       | 6/25 [00:45<02:24,  7.62s/it] 28%|██▊       | 7/25 [00:53<02:16,  7.60s/it] 32%|███▏      | 8/25 [01:00<02:09,  7.61s/it] 36%|███▌      | 9/25 [01:08<02:01,  7.62s/it] 40%|████      | 10/25 [01:16<01:54,  7.62s/it] 44%|████▍     | 11/25 [01:23<01:46,  7.62s/it] 48%|████▊     | 12/25 [01:31<01:39,  7.62s/it] 52%|█████▏    | 13/25 [01:39<01:31,  7.63s/it] 56%|█████▌    | 14/25 [01:46<01:23,  7.63s/it] 60%|██████    | 15/25 [01:54<01:16,  7.63s/it] 64%|██████▍   | 16/25 [02:01<01:08,  7.63s/it] 68%|██████▊   | 17/25 [02:09<01:01,  7.63s/it] 72%|███████▏  | 18/25 [02:17<00:53,  7.62s/it] 76%|███████▌  | 19/25 [02:24<00:45,  7.61s/it] 80%|████████  | 20/25 [02:32<00:38,  7.60s/it] 84%|████████▍ | 21/25 [02:39<00:30,  7.60s/it] 88%|████████▊ | 22/25 [02:47<00:22,  7.61s/it] 92%|█████████▏| 23/25 [02:55<00:15,  7.61s/it] 96%|█████████▌| 24/25 [03:02<00:07,  7.61s/it]100%|██████████| 25/25 [03:10<00:00,  7.62s/it]100%|██████████| 25/25 [03:10<00:00,  7.62s/it]
[I 2024-05-23 20:01:17,813] Trial 71 finished with value: 0.012214972195215524 and parameters: {'d_model': 128, 'num_heads': 4, 'num_layers': 2, 'lr': 0.00027481628427934653, 'batch_size': 50, 'wd': 5.660147304139253e-06}. Best is trial 69 with value: 0.011955003417097033.
  0%|          | 0/25 [00:00<?, ?it/s]  0%|          | 0/25 [00:04<?, ?it/s]
[I 2024-05-23 20:01:22,569] Trial 72 pruned. 
  0%|          | 0/25 [00:00<?, ?it/s]  4%|▍         | 1/25 [00:07<03:01,  7.58s/it]  8%|▊         | 2/25 [00:15<02:55,  7.62s/it] 12%|█▏        | 3/25 [00:22<02:47,  7.63s/it] 16%|█▌        | 4/25 [00:30<02:40,  7.63s/it] 20%|██        | 5/25 [00:38<02:32,  7.63s/it] 24%|██▍       | 6/25 [00:45<02:25,  7.64s/it] 28%|██▊       | 7/25 [00:53<02:17,  7.63s/it] 32%|███▏      | 8/25 [01:01<02:09,  7.62s/it] 36%|███▌      | 9/25 [01:08<02:01,  7.62s/it] 40%|████      | 10/25 [01:16<01:54,  7.63s/it] 44%|████▍     | 11/25 [01:23<01:46,  7.63s/it] 48%|████▊     | 12/25 [01:31<01:39,  7.62s/it] 52%|█████▏    | 13/25 [01:39<01:31,  7.63s/it] 56%|█████▌    | 14/25 [01:46<01:23,  7.63s/it] 60%|██████    | 15/25 [01:54<01:16,  7.63s/it] 64%|██████▍   | 16/25 [02:02<01:08,  7.64s/it] 68%|██████▊   | 17/25 [02:09<01:01,  7.63s/it] 72%|███████▏  | 18/25 [02:17<00:53,  7.63s/it] 76%|███████▌  | 19/25 [02:24<00:45,  7.63s/it] 80%|████████  | 20/25 [02:32<00:38,  7.63s/it] 84%|████████▍ | 21/25 [02:40<00:30,  7.63s/it] 88%|████████▊ | 22/25 [02:47<00:22,  7.64s/it] 92%|█████████▏| 23/25 [02:55<00:15,  7.65s/it] 96%|█████████▌| 24/25 [03:03<00:07,  7.63s/it]100%|██████████| 25/25 [03:10<00:00,  7.64s/it]100%|██████████| 25/25 [03:10<00:00,  7.63s/it]
[I 2024-05-23 20:04:33,550] Trial 73 finished with value: 0.012808832153677941 and parameters: {'d_model': 128, 'num_heads': 4, 'num_layers': 2, 'lr': 0.0002452442140816531, 'batch_size': 50, 'wd': 5.651555137650409e-06}. Best is trial 69 with value: 0.011955003417097033.
  0%|          | 0/25 [00:00<?, ?it/s]  0%|          | 0/25 [00:07<?, ?it/s]
[I 2024-05-23 20:04:41,324] Trial 74 pruned. 
  0%|          | 0/25 [00:00<?, ?it/s]  4%|▍         | 1/25 [00:04<01:49,  4.55s/it]  8%|▊         | 2/25 [00:09<01:44,  4.55s/it] 12%|█▏        | 3/25 [00:13<01:40,  4.56s/it] 16%|█▌        | 4/25 [00:18<01:35,  4.56s/it] 20%|██        | 5/25 [00:22<01:31,  4.57s/it] 20%|██        | 5/25 [00:27<01:49,  5.48s/it]
[I 2024-05-23 20:05:08,874] Trial 75 pruned. 
  0%|          | 0/25 [00:00<?, ?it/s]  0%|          | 0/25 [00:07<?, ?it/s]
[I 2024-05-23 20:05:16,721] Trial 76 pruned. 
  0%|          | 0/25 [00:00<?, ?it/s]  0%|          | 0/25 [00:26<?, ?it/s]
[I 2024-05-23 20:05:43,099] Trial 77 pruned. 
  0%|          | 0/25 [00:00<?, ?it/s]  0%|          | 0/25 [00:02<?, ?it/s]
[I 2024-05-23 20:05:45,998] Trial 78 pruned. 
  0%|          | 0/25 [00:00<?, ?it/s]  0%|          | 0/25 [00:10<?, ?it/s]
[I 2024-05-23 20:05:56,849] Trial 79 pruned. 
  0%|          | 0/25 [00:00<?, ?it/s]  0%|          | 0/25 [00:04<?, ?it/s]
[I 2024-05-23 20:06:01,642] Trial 80 pruned. 
  0%|          | 0/25 [00:00<?, ?it/s]  0%|          | 0/25 [00:07<?, ?it/s]
[I 2024-05-23 20:06:09,508] Trial 81 pruned. 
  0%|          | 0/25 [00:00<?, ?it/s]  4%|▍         | 1/25 [00:07<03:04,  7.68s/it]  8%|▊         | 2/25 [00:15<02:56,  7.67s/it] 12%|█▏        | 3/25 [00:22<02:48,  7.66s/it] 16%|█▌        | 4/25 [00:30<02:40,  7.65s/it] 20%|██        | 5/25 [00:38<02:33,  7.67s/it] 24%|██▍       | 6/25 [00:45<02:25,  7.67s/it] 28%|██▊       | 7/25 [00:53<02:18,  7.67s/it] 28%|██▊       | 7/25 [01:01<02:37,  8.77s/it]
[I 2024-05-23 20:07:11,069] Trial 82 pruned. 
  0%|          | 0/25 [00:00<?, ?it/s]  0%|          | 0/25 [00:07<?, ?it/s]
[I 2024-05-23 20:07:18,939] Trial 83 pruned. 
  0%|          | 0/25 [00:00<?, ?it/s]  0%|          | 0/25 [00:04<?, ?it/s]
[I 2024-05-23 20:07:23,162] Trial 84 pruned. 
  0%|          | 0/25 [00:00<?, ?it/s]  0%|          | 0/25 [00:07<?, ?it/s]
[I 2024-05-23 20:07:30,982] Trial 85 pruned. 
  0%|          | 0/25 [00:00<?, ?it/s]  0%|          | 0/25 [00:04<?, ?it/s]
[I 2024-05-23 20:07:35,739] Trial 86 pruned. 
  0%|          | 0/25 [00:00<?, ?it/s]  0%|          | 0/25 [00:04<?, ?it/s]
[I 2024-05-23 20:07:40,430] Trial 87 pruned. 
  0%|          | 0/25 [00:00<?, ?it/s]  0%|          | 0/25 [00:02<?, ?it/s]
[I 2024-05-23 20:07:42,627] Trial 88 pruned. 
  0%|          | 0/25 [00:00<?, ?it/s]  0%|          | 0/25 [00:02<?, ?it/s]
[I 2024-05-23 20:07:45,711] Trial 89 pruned. 
  0%|          | 0/25 [00:00<?, ?it/s]  0%|          | 0/25 [00:10<?, ?it/s]
[I 2024-05-23 20:07:56,607] Trial 90 pruned. 
  0%|          | 0/25 [00:00<?, ?it/s]  0%|          | 0/25 [00:04<?, ?it/s]
[I 2024-05-23 20:08:01,567] Trial 91 pruned. 
  0%|          | 0/25 [00:00<?, ?it/s]  0%|          | 0/25 [00:04<?, ?it/s]
[I 2024-05-23 20:08:06,530] Trial 92 pruned. 
  0%|          | 0/25 [00:00<?, ?it/s]  0%|          | 0/25 [00:04<?, ?it/s]
[I 2024-05-23 20:08:11,510] Trial 93 pruned. 
  0%|          | 0/25 [00:00<?, ?it/s]  4%|▍         | 1/25 [00:02<01:09,  2.91s/it]  8%|▊         | 2/25 [00:05<01:06,  2.91s/it] 12%|█▏        | 3/25 [00:08<01:04,  2.91s/it] 12%|█▏        | 3/25 [00:11<01:25,  3.89s/it]
[I 2024-05-23 20:08:23,324] Trial 94 pruned. 
  0%|          | 0/25 [00:00<?, ?it/s]  0%|          | 0/25 [00:07<?, ?it/s]
[I 2024-05-23 20:08:31,176] Trial 95 pruned. 
  0%|          | 0/25 [00:00<?, ?it/s]  0%|          | 0/25 [00:02<?, ?it/s]
[I 2024-05-23 20:08:33,769] Trial 96 pruned. 
  0%|          | 0/25 [00:00<?, ?it/s]  0%|          | 0/25 [00:04<?, ?it/s]
[I 2024-05-23 20:08:38,735] Trial 97 pruned. 
  0%|          | 0/25 [00:00<?, ?it/s]  4%|▍         | 1/25 [00:04<01:55,  4.83s/it]  4%|▍         | 1/25 [00:09<03:51,  9.63s/it]
[I 2024-05-23 20:08:48,523] Trial 98 pruned. 
  0%|          | 0/25 [00:00<?, ?it/s]  0%|          | 0/25 [00:02<?, ?it/s]
[I 2024-05-23 20:08:50,885] Trial 99 pruned. 
0 False
Number of finished trials:  100
Best hyperparameters:  {'d_model': 128, 'num_heads': 4, 'num_layers': 2, 'lr': 0.00040071791905841523, 'batch_size': 50, 'wd': 5.8557787046115575e-06}
Best validation loss:  0.011955003417097033

JOB STATISTICS
==============
Job ID: 6362016
Cluster: snellius
User/Group: igardner/igardner
State: COMPLETED (exit code 0)
Nodes: 1
Cores per node: 18
CPU Utilized: 23:36:01
CPU Efficiency: 98.33% of 1-00:00:00 core-walltime
Job Wall-clock time: 01:20:00
Memory Utilized: 2.63 GB
Memory Efficiency: 2.19% of 120.00 GB
