============================================================================================== 
Warning! Mixing Conda and module environments may lead to corruption of the
user environment. 
We do not recommend users mixing those two environments unless absolutely
necessary. Note that 
SURF does not provide any support for Conda environment.
For more information, please refer to our software policy page:
https://servicedesk.surf.nl/wiki/display/WIKI/Software+policy+Snellius#SoftwarepolicySnellius-UseofAnacondaandMinicondaenvironmentsonSnellius 

Remember that many packages have already been installed on the system and can
be loaded using 
the 'module load <package__name>' command. If you are uncertain if a package is
already available 
on the system, please use 'module avail' or 'module spider' to search for it.
============================================================================================== 
[I 2024-05-25 14:37:11,341] A new study created in memory with name: no-name-e0601c4d-60b0-436b-baf0-3628ff919b02
  0%|          | 0/25 [00:00<?, ?it/s]  4%|▍         | 1/25 [00:01<00:28,  1.17s/it]  8%|▊         | 2/25 [00:02<00:22,  1.02it/s] 12%|█▏        | 3/25 [00:02<00:20,  1.08it/s] 16%|█▌        | 4/25 [00:03<00:18,  1.11it/s] 20%|██        | 5/25 [00:04<00:17,  1.12it/s] 24%|██▍       | 6/25 [00:05<00:16,  1.12it/s] 28%|██▊       | 7/25 [00:06<00:15,  1.14it/s] 32%|███▏      | 8/25 [00:07<00:14,  1.14it/s] 36%|███▌      | 9/25 [00:08<00:13,  1.15it/s] 40%|████      | 10/25 [00:08<00:12,  1.16it/s] 44%|████▍     | 11/25 [00:09<00:12,  1.16it/s] 48%|████▊     | 12/25 [00:10<00:11,  1.16it/s] 52%|█████▏    | 13/25 [00:11<00:10,  1.16it/s] 56%|█████▌    | 14/25 [00:12<00:09,  1.17it/s] 60%|██████    | 15/25 [00:13<00:08,  1.16it/s] 64%|██████▍   | 16/25 [00:14<00:07,  1.16it/s] 68%|██████▊   | 17/25 [00:14<00:06,  1.17it/s] 72%|███████▏  | 18/25 [00:15<00:05,  1.17it/s] 76%|███████▌  | 19/25 [00:16<00:05,  1.17it/s] 80%|████████  | 20/25 [00:17<00:04,  1.17it/s] 84%|████████▍ | 21/25 [00:18<00:03,  1.18it/s] 88%|████████▊ | 22/25 [00:19<00:02,  1.19it/s] 92%|█████████▏| 23/25 [00:20<00:01,  1.18it/s] 96%|█████████▌| 24/25 [00:20<00:00,  1.18it/s]100%|██████████| 25/25 [00:21<00:00,  1.18it/s]100%|██████████| 25/25 [00:21<00:00,  1.15it/s]
[I 2024-05-25 14:37:33,957] Trial 0 finished with value: 0.07542514503002166 and parameters: {'d_model': 32, 'num_heads': 16, 'num_layers': 2, 'lr': 1.9110765239434846e-05, 'batch_size': 200, 'wd': 0.00029432343728531845}. Best is trial 0 with value: 0.07542514503002166.
  0%|          | 0/25 [00:00<?, ?it/s]  4%|▍         | 1/25 [00:01<00:27,  1.16s/it]  8%|▊         | 2/25 [00:02<00:26,  1.15s/it] 12%|█▏        | 3/25 [00:03<00:25,  1.16s/it] 16%|█▌        | 4/25 [00:04<00:24,  1.16s/it] 20%|██        | 5/25 [00:05<00:23,  1.16s/it] 24%|██▍       | 6/25 [00:06<00:22,  1.16s/it] 28%|██▊       | 7/25 [00:08<00:20,  1.16s/it] 32%|███▏      | 8/25 [00:09<00:19,  1.16s/it] 36%|███▌      | 9/25 [00:10<00:18,  1.16s/it] 40%|████      | 10/25 [00:11<00:17,  1.16s/it] 44%|████▍     | 11/25 [00:12<00:16,  1.15s/it] 48%|████▊     | 12/25 [00:13<00:15,  1.16s/it] 52%|█████▏    | 13/25 [00:15<00:13,  1.16s/it] 56%|█████▌    | 14/25 [00:16<00:12,  1.16s/it] 60%|██████    | 15/25 [00:17<00:11,  1.16s/it] 64%|██████▍   | 16/25 [00:18<00:10,  1.16s/it] 68%|██████▊   | 17/25 [00:19<00:09,  1.16s/it] 72%|███████▏  | 18/25 [00:20<00:08,  1.15s/it] 76%|███████▌  | 19/25 [00:21<00:06,  1.15s/it] 80%|████████  | 20/25 [00:23<00:05,  1.15s/it] 84%|████████▍ | 21/25 [00:24<00:04,  1.15s/it] 88%|████████▊ | 22/25 [00:25<00:03,  1.15s/it] 92%|█████████▏| 23/25 [00:26<00:02,  1.15s/it] 96%|█████████▌| 24/25 [00:27<00:01,  1.16s/it]100%|██████████| 25/25 [00:28<00:00,  1.15s/it]100%|██████████| 25/25 [00:28<00:00,  1.16s/it]
[I 2024-05-25 14:38:02,960] Trial 1 finished with value: 0.07978421236787524 and parameters: {'d_model': 32, 'num_heads': 4, 'num_layers': 3, 'lr': 1.1223615458048341e-05, 'batch_size': 150, 'wd': 1.5908681835318516e-05}. Best is trial 0 with value: 0.07542514503002166.
  0%|          | 0/25 [00:00<?, ?it/s]  4%|▍         | 1/25 [00:00<00:09,  2.44it/s]  8%|▊         | 2/25 [00:00<00:09,  2.45it/s] 12%|█▏        | 3/25 [00:01<00:08,  2.46it/s] 16%|█▌        | 4/25 [00:01<00:08,  2.46it/s] 20%|██        | 5/25 [00:02<00:08,  2.46it/s] 24%|██▍       | 6/25 [00:02<00:07,  2.46it/s] 28%|██▊       | 7/25 [00:02<00:07,  2.46it/s] 32%|███▏      | 8/25 [00:03<00:06,  2.46it/s] 36%|███▌      | 9/25 [00:03<00:06,  2.46it/s] 40%|████      | 10/25 [00:04<00:06,  2.46it/s] 44%|████▍     | 11/25 [00:04<00:05,  2.46it/s] 48%|████▊     | 12/25 [00:04<00:05,  2.34it/s] 52%|█████▏    | 13/25 [00:05<00:05,  2.38it/s] 56%|█████▌    | 14/25 [00:05<00:04,  2.40it/s] 60%|██████    | 15/25 [00:06<00:04,  2.42it/s] 64%|██████▍   | 16/25 [00:06<00:03,  2.44it/s] 68%|██████▊   | 17/25 [00:06<00:03,  2.45it/s] 72%|███████▏  | 18/25 [00:07<00:02,  2.45it/s] 76%|███████▌  | 19/25 [00:07<00:02,  2.46it/s] 80%|████████  | 20/25 [00:08<00:02,  2.46it/s] 84%|████████▍ | 21/25 [00:08<00:01,  2.47it/s] 88%|████████▊ | 22/25 [00:08<00:01,  2.47it/s] 92%|█████████▏| 23/25 [00:09<00:00,  2.47it/s] 96%|█████████▌| 24/25 [00:09<00:00,  2.47it/s]100%|██████████| 25/25 [00:10<00:00,  2.46it/s]100%|██████████| 25/25 [00:10<00:00,  2.45it/s]
[I 2024-05-25 14:38:13,276] Trial 2 finished with value: 0.05000796541571617 and parameters: {'d_model': 16, 'num_heads': 16, 'num_layers': 1, 'lr': 0.00018509610118597186, 'batch_size': 150, 'wd': 0.0003683881041741911}. Best is trial 2 with value: 0.05000796541571617.
  0%|          | 0/25 [00:00<?, ?it/s]  4%|▍         | 1/25 [00:02<01:03,  2.63s/it]  8%|▊         | 2/25 [00:05<01:00,  2.62s/it] 12%|█▏        | 3/25 [00:07<00:57,  2.63s/it] 16%|█▌        | 4/25 [00:10<00:55,  2.63s/it] 20%|██        | 5/25 [00:13<00:52,  2.63s/it] 24%|██▍       | 6/25 [00:15<00:49,  2.63s/it] 28%|██▊       | 7/25 [00:18<00:47,  2.63s/it] 32%|███▏      | 8/25 [00:21<00:44,  2.63s/it] 36%|███▌      | 9/25 [00:23<00:41,  2.62s/it] 40%|████      | 10/25 [00:26<00:39,  2.63s/it] 44%|████▍     | 11/25 [00:28<00:36,  2.63s/it] 48%|████▊     | 12/25 [00:31<00:34,  2.63s/it] 52%|█████▏    | 13/25 [00:34<00:31,  2.63s/it] 56%|█████▌    | 14/25 [00:36<00:28,  2.63s/it] 60%|██████    | 15/25 [00:39<00:26,  2.63s/it] 64%|██████▍   | 16/25 [00:42<00:23,  2.62s/it] 68%|██████▊   | 17/25 [00:44<00:20,  2.62s/it] 72%|███████▏  | 18/25 [00:47<00:18,  2.62s/it] 76%|███████▌  | 19/25 [00:49<00:15,  2.62s/it] 80%|████████  | 20/25 [00:52<00:13,  2.62s/it] 84%|████████▍ | 21/25 [00:55<00:10,  2.63s/it] 88%|████████▊ | 22/25 [00:57<00:07,  2.62s/it] 92%|█████████▏| 23/25 [01:00<00:05,  2.62s/it] 96%|█████████▌| 24/25 [01:03<00:02,  2.62s/it]100%|██████████| 25/25 [01:05<00:00,  2.62s/it]100%|██████████| 25/25 [01:05<00:00,  2.63s/it]
[I 2024-05-25 14:39:18,985] Trial 3 finished with value: 0.027968536131083965 and parameters: {'d_model': 128, 'num_heads': 8, 'num_layers': 1, 'lr': 0.00047721042440416166, 'batch_size': 50, 'wd': 0.0014669834358864854}. Best is trial 3 with value: 0.027968536131083965.
  0%|          | 0/25 [00:00<?, ?it/s]  4%|▍         | 1/25 [00:05<02:01,  5.05s/it]  8%|▊         | 2/25 [00:09<01:52,  4.90s/it] 12%|█▏        | 3/25 [00:14<01:46,  4.82s/it] 16%|█▌        | 4/25 [00:19<01:40,  4.79s/it] 20%|██        | 5/25 [00:24<01:35,  4.77s/it] 24%|██▍       | 6/25 [00:28<01:30,  4.76s/it] 28%|██▊       | 7/25 [00:33<01:25,  4.75s/it] 32%|███▏      | 8/25 [00:38<01:21,  4.77s/it] 36%|███▌      | 9/25 [00:43<01:16,  4.78s/it] 40%|████      | 10/25 [00:47<01:11,  4.77s/it] 44%|████▍     | 11/25 [00:52<01:06,  4.76s/it] 48%|████▊     | 12/25 [00:57<01:01,  4.74s/it] 52%|█████▏    | 13/25 [01:02<00:57,  4.77s/it] 56%|█████▌    | 14/25 [01:06<00:52,  4.75s/it] 60%|██████    | 15/25 [01:11<00:47,  4.77s/it] 64%|██████▍   | 16/25 [01:16<00:42,  4.77s/it] 68%|██████▊   | 17/25 [01:21<00:38,  4.77s/it] 72%|███████▏  | 18/25 [01:25<00:33,  4.76s/it] 76%|███████▌  | 19/25 [01:30<00:28,  4.77s/it] 80%|████████  | 20/25 [01:35<00:23,  4.77s/it] 84%|████████▍ | 21/25 [01:40<00:19,  4.82s/it] 88%|████████▊ | 22/25 [01:45<00:14,  4.79s/it] 92%|█████████▏| 23/25 [01:49<00:09,  4.76s/it] 96%|█████████▌| 24/25 [01:54<00:04,  4.75s/it]100%|██████████| 25/25 [01:59<00:00,  4.75s/it]100%|██████████| 25/25 [01:59<00:00,  4.77s/it]
[I 2024-05-25 14:41:18,413] Trial 4 finished with value: 0.02742764763534069 and parameters: {'d_model': 128, 'num_heads': 8, 'num_layers': 4, 'lr': 0.00034314220663523963, 'batch_size': 200, 'wd': 0.0005659274980348767}. Best is trial 4 with value: 0.02742764763534069.
  0%|          | 0/25 [00:00<?, ?it/s]  0%|          | 0/25 [00:02<?, ?it/s]
[I 2024-05-25 14:41:20,837] Trial 5 pruned. 
  0%|          | 0/25 [00:00<?, ?it/s]  4%|▍         | 1/25 [00:01<00:26,  1.11s/it]  8%|▊         | 2/25 [00:02<00:25,  1.10s/it] 12%|█▏        | 3/25 [00:03<00:24,  1.10s/it] 16%|█▌        | 4/25 [00:04<00:23,  1.10s/it] 20%|██        | 5/25 [00:05<00:22,  1.10s/it] 24%|██▍       | 6/25 [00:06<00:20,  1.10s/it] 28%|██▊       | 7/25 [00:07<00:19,  1.10s/it] 32%|███▏      | 8/25 [00:08<00:18,  1.10s/it] 36%|███▌      | 9/25 [00:09<00:17,  1.10s/it] 40%|████      | 10/25 [00:10<00:16,  1.10s/it] 44%|████▍     | 11/25 [00:12<00:15,  1.10s/it] 48%|████▊     | 12/25 [00:13<00:14,  1.10s/it] 52%|█████▏    | 13/25 [00:14<00:13,  1.10s/it] 56%|█████▌    | 14/25 [00:15<00:12,  1.10s/it] 60%|██████    | 15/25 [00:16<00:10,  1.10s/it] 64%|██████▍   | 16/25 [00:17<00:09,  1.10s/it] 68%|██████▊   | 17/25 [00:18<00:08,  1.10s/it] 72%|███████▏  | 18/25 [00:19<00:07,  1.10s/it] 76%|███████▌  | 19/25 [00:20<00:06,  1.10s/it] 80%|████████  | 20/25 [00:22<00:05,  1.10s/it] 84%|████████▍ | 21/25 [00:23<00:04,  1.10s/it] 88%|████████▊ | 22/25 [00:24<00:03,  1.10s/it] 92%|█████████▏| 23/25 [00:25<00:02,  1.10s/it] 96%|█████████▌| 24/25 [00:26<00:01,  1.10s/it]100%|██████████| 25/25 [00:27<00:00,  1.10s/it]100%|██████████| 25/25 [00:27<00:00,  1.10s/it]
[I 2024-05-25 14:41:48,420] Trial 6 finished with value: 0.030382139794528484 and parameters: {'d_model': 64, 'num_heads': 16, 'num_layers': 1, 'lr': 0.00019526672326898565, 'batch_size': 100, 'wd': 0.000266712828436682}. Best is trial 4 with value: 0.02742764763534069.
  0%|          | 0/25 [00:00<?, ?it/s]  0%|          | 0/25 [00:02<?, ?it/s]
[I 2024-05-25 14:41:50,905] Trial 7 pruned. 
  0%|          | 0/25 [00:00<?, ?it/s]  0%|          | 0/25 [00:00<?, ?it/s]
[I 2024-05-25 14:41:51,872] Trial 8 pruned. 
  0%|          | 0/25 [00:00<?, ?it/s]  4%|▍         | 1/25 [00:03<01:15,  3.14s/it]  8%|▊         | 2/25 [00:06<01:11,  3.09s/it] 12%|█▏        | 3/25 [00:09<01:07,  3.08s/it] 16%|█▌        | 4/25 [00:12<01:04,  3.07s/it] 20%|██        | 5/25 [00:15<01:01,  3.07s/it] 24%|██▍       | 6/25 [00:18<00:58,  3.07s/it] 28%|██▊       | 7/25 [00:21<00:55,  3.07s/it] 32%|███▏      | 8/25 [00:24<00:52,  3.07s/it] 36%|███▌      | 9/25 [00:27<00:49,  3.06s/it] 40%|████      | 10/25 [00:30<00:45,  3.06s/it] 44%|████▍     | 11/25 [00:33<00:42,  3.06s/it] 48%|████▊     | 12/25 [00:36<00:39,  3.06s/it] 52%|█████▏    | 13/25 [00:39<00:36,  3.06s/it] 56%|█████▌    | 14/25 [00:42<00:33,  3.06s/it] 60%|██████    | 15/25 [00:46<00:30,  3.07s/it] 64%|██████▍   | 16/25 [00:49<00:27,  3.07s/it] 68%|██████▊   | 17/25 [00:52<00:24,  3.06s/it] 72%|███████▏  | 18/25 [00:55<00:21,  3.06s/it] 76%|███████▌  | 19/25 [00:58<00:18,  3.07s/it] 80%|████████  | 20/25 [01:01<00:15,  3.08s/it] 84%|████████▍ | 21/25 [01:04<00:12,  3.08s/it] 88%|████████▊ | 22/25 [01:07<00:09,  3.08s/it] 92%|█████████▏| 23/25 [01:10<00:06,  3.07s/it] 96%|█████████▌| 24/25 [01:13<00:03,  3.07s/it]100%|██████████| 25/25 [01:16<00:00,  3.07s/it]100%|██████████| 25/25 [01:16<00:00,  3.07s/it]
[I 2024-05-25 14:43:08,708] Trial 9 finished with value: 0.03149242177605629 and parameters: {'d_model': 64, 'num_heads': 4, 'num_layers': 4, 'lr': 5.325071995077364e-05, 'batch_size': 100, 'wd': 1.1998935069658135e-06}. Best is trial 4 with value: 0.02742764763534069.
  0%|          | 0/25 [00:00<?, ?it/s]  0%|          | 0/25 [00:07<?, ?it/s]
[I 2024-05-25 14:43:16,838] Trial 10 pruned. 
  0%|          | 0/25 [00:00<?, ?it/s]  4%|▍         | 1/25 [00:11<04:33, 11.41s/it]  8%|▊         | 2/25 [00:22<04:23, 11.44s/it] 12%|█▏        | 3/25 [00:34<04:11, 11.43s/it] 16%|█▌        | 4/25 [00:45<03:59, 11.41s/it] 20%|██        | 5/25 [00:57<03:47, 11.40s/it] 24%|██▍       | 6/25 [01:08<03:36, 11.39s/it] 28%|██▊       | 7/25 [01:19<03:25, 11.39s/it] 32%|███▏      | 8/25 [01:31<03:13, 11.38s/it] 36%|███▌      | 9/25 [01:42<03:02, 11.38s/it] 40%|████      | 10/25 [01:53<02:50, 11.38s/it] 44%|████▍     | 11/25 [02:05<02:39, 11.39s/it] 48%|████▊     | 12/25 [02:16<02:28, 11.39s/it] 52%|█████▏    | 13/25 [02:28<02:16, 11.39s/it] 56%|█████▌    | 14/25 [02:39<02:05, 11.39s/it] 60%|██████    | 15/25 [02:50<01:53, 11.39s/it] 64%|██████▍   | 16/25 [03:02<01:42, 11.38s/it] 68%|██████▊   | 17/25 [03:13<01:31, 11.38s/it] 72%|███████▏  | 18/25 [03:24<01:19, 11.37s/it] 76%|███████▌  | 19/25 [03:36<01:08, 11.37s/it] 80%|████████  | 20/25 [03:47<00:56, 11.37s/it] 84%|████████▍ | 21/25 [03:59<00:45, 11.37s/it] 88%|████████▊ | 22/25 [04:10<00:34, 11.38s/it] 92%|█████████▏| 23/25 [04:21<00:22, 11.39s/it] 96%|█████████▌| 24/25 [04:33<00:11, 11.39s/it]100%|██████████| 25/25 [04:44<00:00, 11.40s/it]100%|██████████| 25/25 [04:44<00:00, 11.39s/it]
[I 2024-05-25 14:48:01,683] Trial 11 finished with value: 0.023757470678538083 and parameters: {'d_model': 128, 'num_heads': 8, 'num_layers': 6, 'lr': 0.0007729374489108563, 'batch_size': 50, 'wd': 0.003843086984859152}. Best is trial 11 with value: 0.023757470678538083.
  0%|          | 0/25 [00:00<?, ?it/s]  4%|▍         | 1/25 [00:11<04:33, 11.41s/it]  8%|▊         | 2/25 [00:22<04:22, 11.39s/it] 12%|█▏        | 3/25 [00:34<04:10, 11.39s/it] 16%|█▌        | 4/25 [00:45<03:59, 11.40s/it] 20%|██        | 5/25 [00:56<03:47, 11.40s/it] 24%|██▍       | 6/25 [01:08<03:36, 11.40s/it] 28%|██▊       | 7/25 [01:19<03:25, 11.40s/it] 32%|███▏      | 8/25 [01:31<03:13, 11.39s/it] 36%|███▌      | 9/25 [01:42<03:02, 11.39s/it] 40%|████      | 10/25 [01:53<02:50, 11.38s/it] 44%|████▍     | 11/25 [02:05<02:39, 11.38s/it] 48%|████▊     | 12/25 [02:16<02:27, 11.38s/it] 52%|█████▏    | 13/25 [02:28<02:16, 11.38s/it] 56%|█████▌    | 14/25 [02:39<02:05, 11.38s/it] 60%|██████    | 15/25 [02:50<01:53, 11.38s/it] 64%|██████▍   | 16/25 [03:02<01:42, 11.37s/it] 68%|██████▊   | 17/25 [03:13<01:30, 11.37s/it] 72%|███████▏  | 18/25 [03:24<01:19, 11.36s/it] 76%|███████▌  | 19/25 [03:36<01:08, 11.36s/it] 80%|████████  | 20/25 [03:47<00:56, 11.36s/it] 84%|████████▍ | 21/25 [03:58<00:45, 11.36s/it] 88%|████████▊ | 22/25 [04:10<00:34, 11.36s/it] 92%|█████████▏| 23/25 [04:21<00:22, 11.36s/it] 96%|█████████▌| 24/25 [04:33<00:11, 11.37s/it]100%|██████████| 25/25 [04:44<00:00, 11.38s/it]100%|██████████| 25/25 [04:44<00:00, 11.38s/it]
[I 2024-05-25 14:52:46,255] Trial 12 finished with value: 0.02010286981239915 and parameters: {'d_model': 128, 'num_heads': 8, 'num_layers': 6, 'lr': 0.00043069966412913633, 'batch_size': 50, 'wd': 0.007109258745227271}. Best is trial 12 with value: 0.02010286981239915.
  0%|          | 0/25 [00:00<?, ?it/s]  4%|▍         | 1/25 [00:11<04:33, 11.41s/it]  8%|▊         | 2/25 [00:22<04:22, 11.41s/it] 12%|█▏        | 3/25 [00:34<04:11, 11.41s/it] 16%|█▌        | 4/25 [00:45<03:59, 11.41s/it] 20%|██        | 5/25 [00:57<03:48, 11.41s/it] 20%|██        | 5/25 [01:08<04:33, 13.68s/it]
[I 2024-05-25 14:53:54,814] Trial 13 pruned. 
  0%|          | 0/25 [00:00<?, ?it/s]  4%|▍         | 1/25 [00:11<04:33, 11.38s/it]  8%|▊         | 2/25 [00:22<04:22, 11.41s/it] 12%|█▏        | 3/25 [00:34<04:10, 11.40s/it] 16%|█▌        | 4/25 [00:45<03:59, 11.40s/it] 20%|██        | 5/25 [00:56<03:47, 11.39s/it] 24%|██▍       | 6/25 [01:08<03:36, 11.41s/it] 28%|██▊       | 7/25 [01:19<03:25, 11.41s/it] 32%|███▏      | 8/25 [01:31<03:13, 11.40s/it] 36%|███▌      | 9/25 [01:42<03:02, 11.39s/it] 40%|████      | 10/25 [01:54<02:51, 11.41s/it] 44%|████▍     | 11/25 [02:05<02:39, 11.40s/it] 48%|████▊     | 12/25 [02:16<02:28, 11.39s/it] 52%|█████▏    | 13/25 [02:28<02:16, 11.40s/it] 56%|█████▌    | 14/25 [02:39<02:05, 11.39s/it] 60%|██████    | 15/25 [02:50<01:53, 11.39s/it] 64%|██████▍   | 16/25 [03:02<01:42, 11.38s/it] 68%|██████▊   | 17/25 [03:13<01:30, 11.37s/it] 72%|███████▏  | 18/25 [03:25<01:19, 11.38s/it] 76%|███████▌  | 19/25 [03:36<01:08, 11.38s/it] 80%|████████  | 20/25 [03:47<00:56, 11.38s/it] 84%|████████▍ | 21/25 [03:59<00:45, 11.38s/it] 88%|████████▊ | 22/25 [04:10<00:34, 11.37s/it] 92%|█████████▏| 23/25 [04:21<00:22, 11.37s/it] 96%|█████████▌| 24/25 [04:33<00:11, 11.38s/it]100%|██████████| 25/25 [04:44<00:00, 11.39s/it]100%|██████████| 25/25 [04:44<00:00, 11.39s/it]
[I 2024-05-25 14:58:39,664] Trial 14 finished with value: 0.024217929504811764 and parameters: {'d_model': 128, 'num_heads': 8, 'num_layers': 6, 'lr': 0.00036534815324392074, 'batch_size': 50, 'wd': 0.0022792537423549104}. Best is trial 12 with value: 0.02010286981239915.
  0%|          | 0/25 [00:00<?, ?it/s]  4%|▍         | 1/25 [00:14<05:57, 14.91s/it]  8%|▊         | 2/25 [00:29<05:42, 14.88s/it] 12%|█▏        | 3/25 [00:44<05:27, 14.90s/it] 16%|█▌        | 4/25 [00:59<05:12, 14.90s/it] 20%|██        | 5/25 [01:14<04:57, 14.89s/it] 24%|██▍       | 6/25 [01:29<04:42, 14.88s/it] 28%|██▊       | 7/25 [01:44<04:27, 14.88s/it] 32%|███▏      | 8/25 [01:59<04:12, 14.88s/it] 36%|███▌      | 9/25 [02:13<03:58, 14.88s/it] 40%|████      | 10/25 [02:28<03:43, 14.89s/it] 44%|████▍     | 11/25 [02:43<03:28, 14.89s/it] 48%|████▊     | 12/25 [02:58<03:13, 14.89s/it] 52%|█████▏    | 13/25 [03:13<02:58, 14.88s/it] 56%|█████▌    | 14/25 [03:28<02:43, 14.88s/it] 60%|██████    | 15/25 [03:43<02:28, 14.88s/it] 64%|██████▍   | 16/25 [03:58<02:13, 14.88s/it] 68%|██████▊   | 17/25 [04:13<01:59, 14.89s/it] 72%|███████▏  | 18/25 [04:28<01:44, 14.91s/it] 76%|███████▌  | 19/25 [04:42<01:29, 14.90s/it] 80%|████████  | 20/25 [04:57<01:14, 14.91s/it] 84%|████████▍ | 21/25 [05:12<00:59, 14.88s/it] 88%|████████▊ | 22/25 [05:27<00:44, 14.88s/it] 92%|█████████▏| 23/25 [05:42<00:29, 14.88s/it] 96%|█████████▌| 24/25 [05:57<00:14, 14.89s/it]100%|██████████| 25/25 [06:12<00:00, 14.88s/it]100%|██████████| 25/25 [06:12<00:00, 14.89s/it]
[I 2024-05-25 15:04:52,012] Trial 15 finished with value: 0.02086728918366134 and parameters: {'d_model': 128, 'num_heads': 8, 'num_layers': 8, 'lr': 8.414772078035483e-05, 'batch_size': 50, 'wd': 0.0026194330594923533}. Best is trial 12 with value: 0.02010286981239915.
  0%|          | 0/25 [00:00<?, ?it/s]  4%|▍         | 1/25 [00:14<05:58, 14.94s/it]  8%|▊         | 2/25 [00:29<05:43, 14.95s/it] 12%|█▏        | 3/25 [00:44<05:29, 14.96s/it] 16%|█▌        | 4/25 [00:59<05:13, 14.95s/it] 20%|██        | 5/25 [01:14<04:59, 14.95s/it] 24%|██▍       | 6/25 [01:29<04:43, 14.93s/it] 28%|██▊       | 7/25 [01:44<04:28, 14.92s/it] 32%|███▏      | 8/25 [01:59<04:13, 14.92s/it] 36%|███▌      | 9/25 [02:14<03:58, 14.90s/it] 40%|████      | 10/25 [02:29<03:43, 14.89s/it] 44%|████▍     | 11/25 [02:44<03:28, 14.90s/it] 48%|████▊     | 12/25 [02:59<03:13, 14.91s/it] 52%|█████▏    | 13/25 [03:13<02:58, 14.90s/it] 56%|█████▌    | 14/25 [03:28<02:43, 14.91s/it] 60%|██████    | 15/25 [03:43<02:29, 14.91s/it] 64%|██████▍   | 16/25 [03:58<02:14, 14.91s/it] 68%|██████▊   | 17/25 [04:13<01:59, 14.92s/it] 72%|███████▏  | 18/25 [04:28<01:44, 14.92s/it] 76%|███████▌  | 19/25 [04:43<01:29, 14.92s/it] 80%|████████  | 20/25 [04:58<01:14, 14.93s/it] 84%|████████▍ | 21/25 [05:13<00:59, 14.91s/it] 88%|████████▊ | 22/25 [05:28<00:44, 14.91s/it] 92%|█████████▏| 23/25 [05:43<00:29, 14.92s/it] 96%|█████████▌| 24/25 [05:58<00:14, 14.91s/it]100%|██████████| 25/25 [06:12<00:00, 14.90s/it]100%|██████████| 25/25 [06:12<00:00, 14.92s/it]
[I 2024-05-25 15:11:05,081] Trial 16 finished with value: 0.021643916703760625 and parameters: {'d_model': 128, 'num_heads': 8, 'num_layers': 8, 'lr': 8.058937198541161e-05, 'batch_size': 50, 'wd': 0.0014375341430764733}. Best is trial 12 with value: 0.02010286981239915.
  0%|          | 0/25 [00:00<?, ?it/s]  4%|▍         | 1/25 [00:14<05:59, 14.98s/it]  8%|▊         | 2/25 [00:29<05:43, 14.95s/it] 12%|█▏        | 3/25 [00:44<05:29, 14.98s/it] 16%|█▌        | 4/25 [00:59<05:14, 14.96s/it] 20%|██        | 5/25 [01:14<04:59, 14.96s/it] 24%|██▍       | 6/25 [01:29<04:43, 14.94s/it] 28%|██▊       | 7/25 [01:44<04:28, 14.94s/it] 32%|███▏      | 8/25 [01:59<04:13, 14.94s/it] 36%|███▌      | 9/25 [02:14<03:58, 14.92s/it] 40%|████      | 10/25 [02:29<03:43, 14.92s/it] 44%|████▍     | 11/25 [02:44<03:28, 14.91s/it] 48%|████▊     | 12/25 [02:59<03:13, 14.91s/it] 52%|█████▏    | 13/25 [03:14<02:59, 14.92s/it] 56%|█████▌    | 14/25 [03:29<02:44, 14.92s/it] 60%|██████    | 15/25 [03:43<02:29, 14.92s/it] 64%|██████▍   | 16/25 [03:58<02:14, 14.92s/it] 68%|██████▊   | 17/25 [04:13<01:59, 14.92s/it] 72%|███████▏  | 18/25 [04:28<01:44, 14.92s/it] 76%|███████▌  | 19/25 [04:43<01:29, 14.94s/it] 80%|████████  | 20/25 [04:58<01:14, 14.93s/it] 84%|████████▍ | 21/25 [05:13<00:59, 14.93s/it] 88%|████████▊ | 22/25 [05:28<00:44, 14.92s/it] 92%|█████████▏| 23/25 [05:43<00:29, 14.92s/it] 96%|█████████▌| 24/25 [05:58<00:14, 14.91s/it]100%|██████████| 25/25 [06:13<00:00, 14.91s/it]100%|██████████| 25/25 [06:13<00:00, 14.93s/it]
