[I 2024-05-23 19:19:10,341] Trial 18 pruned. 
  0%|          | 0/25 [00:00<?, ?it/s]  0%|          | 0/25 [00:02<?, ?it/s]
[I 2024-05-23 19:19:12,502] Trial 19 pruned. 
  0%|          | 0/25 [00:00<?, ?it/s]  4%|▍         | 1/25 [00:08<03:23,  8.49s/it]  8%|▊         | 2/25 [00:16<03:15,  8.50s/it] 12%|█▏        | 3/25 [00:25<03:07,  8.51s/it] 16%|█▌        | 4/25 [00:34<02:58,  8.52s/it] 20%|██        | 5/25 [00:42<02:50,  8.51s/it] 24%|██▍       | 6/25 [00:51<02:41,  8.51s/it] 28%|██▊       | 7/25 [00:59<02:33,  8.51s/it] 32%|███▏      | 8/25 [01:08<02:24,  8.51s/it] 36%|███▌      | 9/25 [01:16<02:16,  8.51s/it] 40%|████      | 10/25 [01:25<02:07,  8.51s/it] 44%|████▍     | 11/25 [01:33<01:59,  8.52s/it] 48%|████▊     | 12/25 [01:42<01:50,  8.51s/it] 52%|█████▏    | 13/25 [01:50<01:42,  8.51s/it] 56%|█████▌    | 14/25 [01:59<01:33,  8.52s/it] 60%|██████    | 15/25 [02:07<01:25,  8.52s/it] 64%|██████▍   | 16/25 [02:16<01:16,  8.51s/it] 68%|██████▊   | 17/25 [02:24<01:08,  8.51s/it] 72%|███████▏  | 18/25 [02:33<00:59,  8.52s/it] 76%|███████▌  | 19/25 [02:41<00:51,  8.52s/it] 80%|████████  | 20/25 [02:50<00:42,  8.51s/it] 84%|████████▍ | 21/25 [02:58<00:34,  8.52s/it] 88%|████████▊ | 22/25 [03:07<00:25,  8.51s/it] 92%|█████████▏| 23/25 [03:15<00:17,  8.51s/it] 96%|█████████▌| 24/25 [03:24<00:08,  8.52s/it]100%|██████████| 25/25 [03:32<00:00,  8.52s/it]100%|██████████| 25/25 [03:32<00:00,  8.51s/it]
[I 2024-05-23 19:22:45,523] Trial 20 finished with value: 0.017309257248416542 and parameters: {'d_model': 64, 'num_heads': 8, 'num_layers': 4, 'lr': 0.00029896837474379436, 'batch_size': 50, 'wd': 2.2636936051207907e-06}. Best is trial 12 with value: 0.013330796547234059.
  0%|          | 0/25 [00:00<?, ?it/s]  4%|▍         | 1/25 [00:02<01:09,  2.90s/it]  8%|▊         | 2/25 [00:05<01:06,  2.90s/it] 12%|█▏        | 3/25 [00:08<01:03,  2.90s/it] 16%|█▌        | 4/25 [00:11<01:00,  2.90s/it] 20%|██        | 5/25 [00:14<00:57,  2.90s/it] 24%|██▍       | 6/25 [00:17<00:55,  2.90s/it] 28%|██▊       | 7/25 [00:20<00:52,  2.90s/it] 32%|███▏      | 8/25 [00:23<00:49,  2.90s/it] 36%|███▌      | 9/25 [00:26<00:46,  2.91s/it] 40%|████      | 10/25 [00:29<00:43,  2.91s/it] 44%|████▍     | 11/25 [00:31<00:40,  2.90s/it] 48%|████▊     | 12/25 [00:34<00:37,  2.90s/it] 52%|█████▏    | 13/25 [00:37<00:34,  2.90s/it] 56%|█████▌    | 14/25 [00:40<00:31,  2.90s/it] 60%|██████    | 15/25 [00:43<00:28,  2.90s/it] 60%|██████    | 15/25 [00:46<00:30,  3.09s/it]
[I 2024-05-23 19:23:32,062] Trial 21 pruned. 
  0%|          | 0/25 [00:00<?, ?it/s]  4%|▍         | 1/25 [00:04<01:54,  4.79s/it]  8%|▊         | 2/25 [00:09<01:50,  4.81s/it] 12%|█▏        | 3/25 [00:14<01:45,  4.80s/it] 16%|█▌        | 4/25 [00:19<01:40,  4.80s/it] 20%|██        | 5/25 [00:23<01:35,  4.80s/it] 24%|██▍       | 6/25 [00:28<01:31,  4.80s/it] 28%|██▊       | 7/25 [00:33<01:26,  4.79s/it] 32%|███▏      | 8/25 [00:38<01:21,  4.79s/it] 36%|███▌      | 9/25 [00:43<01:16,  4.80s/it] 40%|████      | 10/25 [00:47<01:11,  4.80s/it] 44%|████▍     | 11/25 [00:52<01:07,  4.80s/it] 48%|████▊     | 12/25 [00:57<01:02,  4.80s/it] 52%|█████▏    | 13/25 [01:02<00:57,  4.80s/it] 56%|█████▌    | 14/25 [01:07<00:52,  4.80s/it] 60%|██████    | 15/25 [01:11<00:48,  4.80s/it] 64%|██████▍   | 16/25 [01:16<00:43,  4.80s/it] 68%|██████▊   | 17/25 [01:21<00:38,  4.80s/it] 72%|███████▏  | 18/25 [01:26<00:33,  4.80s/it] 76%|███████▌  | 19/25 [01:31<00:28,  4.80s/it] 80%|████████  | 20/25 [01:35<00:23,  4.80s/it] 84%|████████▍ | 21/25 [01:40<00:19,  4.80s/it] 88%|████████▊ | 22/25 [01:45<00:14,  4.80s/it] 92%|█████████▏| 23/25 [01:50<00:09,  4.80s/it] 96%|█████████▌| 24/25 [01:55<00:04,  4.83s/it]100%|██████████| 25/25 [02:00<00:00,  4.82s/it]100%|██████████| 25/25 [02:00<00:00,  4.80s/it]
[I 2024-05-23 19:25:32,269] Trial 22 finished with value: 0.014889019634574651 and parameters: {'d_model': 64, 'num_heads': 16, 'num_layers': 2, 'lr': 0.0006276715726024782, 'batch_size': 50, 'wd': 7.218373739864157e-06}. Best is trial 12 with value: 0.013330796547234059.
  0%|          | 0/25 [00:00<?, ?it/s]  4%|▍         | 1/25 [00:02<01:09,  2.90s/it]  8%|▊         | 2/25 [00:05<01:06,  2.90s/it] 12%|█▏        | 3/25 [00:08<01:04,  2.91s/it] 16%|█▌        | 4/25 [00:11<01:01,  2.91s/it] 20%|██        | 5/25 [00:14<00:58,  2.91s/it] 24%|██▍       | 6/25 [00:17<00:55,  2.91s/it] 28%|██▊       | 7/25 [00:20<00:52,  2.91s/it] 32%|███▏      | 8/25 [00:23<00:49,  2.91s/it] 36%|███▌      | 9/25 [00:26<00:46,  2.91s/it] 40%|████      | 10/25 [00:29<00:43,  2.91s/it] 44%|████▍     | 11/25 [00:31<00:40,  2.91s/it] 48%|████▊     | 12/25 [00:34<00:37,  2.91s/it] 52%|█████▏    | 13/25 [00:37<00:34,  2.91s/it] 56%|█████▌    | 14/25 [00:40<00:32,  2.92s/it] 60%|██████    | 15/25 [00:43<00:29,  2.91s/it] 60%|██████    | 15/25 [00:46<00:31,  3.10s/it]
[I 2024-05-23 19:26:18,978] Trial 23 pruned. 
  0%|          | 0/25 [00:00<?, ?it/s]  4%|▍         | 1/25 [00:04<01:53,  4.75s/it]  8%|▊         | 2/25 [00:09<01:49,  4.75s/it] 12%|█▏        | 3/25 [00:14<01:44,  4.75s/it] 16%|█▌        | 4/25 [00:19<01:39,  4.76s/it] 20%|██        | 5/25 [00:23<01:35,  4.77s/it] 24%|██▍       | 6/25 [00:28<01:30,  4.76s/it] 28%|██▊       | 7/25 [00:33<01:25,  4.76s/it] 32%|███▏      | 8/25 [00:38<01:20,  4.76s/it] 36%|███▌      | 9/25 [00:42<01:16,  4.76s/it] 40%|████      | 10/25 [00:47<01:11,  4.76s/it] 44%|████▍     | 11/25 [00:52<01:06,  4.77s/it] 48%|████▊     | 12/25 [00:57<01:02,  4.77s/it] 52%|█████▏    | 13/25 [01:01<00:57,  4.77s/it] 56%|█████▌    | 14/25 [01:06<00:52,  4.77s/it] 60%|██████    | 15/25 [01:11<00:47,  4.77s/it] 64%|██████▍   | 16/25 [01:16<00:42,  4.77s/it] 68%|██████▊   | 17/25 [01:20<00:38,  4.77s/it] 72%|███████▏  | 18/25 [01:25<00:33,  4.78s/it] 76%|███████▌  | 19/25 [01:30<00:28,  4.77s/it] 80%|████████  | 20/25 [01:35<00:23,  4.77s/it] 84%|████████▍ | 21/25 [01:40<00:19,  4.77s/it] 88%|████████▊ | 22/25 [01:44<00:14,  4.76s/it] 92%|█████████▏| 23/25 [01:49<00:09,  4.76s/it] 96%|█████████▌| 24/25 [01:54<00:04,  4.77s/it]100%|██████████| 25/25 [01:59<00:00,  4.76s/it]100%|██████████| 25/25 [01:59<00:00,  4.76s/it]
[I 2024-05-23 19:28:18,269] Trial 24 finished with value: 0.014505334571003914 and parameters: {'d_model': 64, 'num_heads': 8, 'num_layers': 2, 'lr': 0.00044362191039453233, 'batch_size': 50, 'wd': 2.8550314401762785e-06}. Best is trial 12 with value: 0.013330796547234059.
  0%|          | 0/25 [00:00<?, ?it/s]  4%|▍         | 1/25 [00:06<02:39,  6.63s/it]  8%|▊         | 2/25 [00:13<02:32,  6.64s/it] 12%|█▏        | 3/25 [00:19<02:26,  6.64s/it] 16%|█▌        | 4/25 [00:26<02:19,  6.65s/it] 16%|█▌        | 4/25 [00:33<02:54,  8.31s/it]
[I 2024-05-23 19:28:51,670] Trial 25 pruned. 
  0%|          | 0/25 [00:00<?, ?it/s]  0%|          | 0/25 [00:02<?, ?it/s]
[I 2024-05-23 19:28:54,701] Trial 26 pruned. 
  0%|          | 0/25 [00:00<?, ?it/s]  0%|          | 0/25 [00:01<?, ?it/s]
[I 2024-05-23 19:28:56,296] Trial 27 pruned. 
  0%|          | 0/25 [00:00<?, ?it/s]  0%|          | 0/25 [00:01<?, ?it/s]
[I 2024-05-23 19:28:58,396] Trial 28 pruned. 
  0%|          | 0/25 [00:00<?, ?it/s]  0%|          | 0/25 [00:03<?, ?it/s]
[I 2024-05-23 19:29:02,550] Trial 29 pruned. 
  0%|          | 0/25 [00:00<?, ?it/s]  0%|          | 0/25 [00:02<?, ?it/s]
[I 2024-05-23 19:29:05,605] Trial 30 pruned. 
  0%|          | 0/25 [00:00<?, ?it/s]  0%|          | 0/25 [00:04<?, ?it/s]
[I 2024-05-23 19:29:10,526] Trial 31 pruned. 
  0%|          | 0/25 [00:00<?, ?it/s]  4%|▍         | 1/25 [00:04<01:55,  4.81s/it]  8%|▊         | 2/25 [00:09<01:50,  4.79s/it] 12%|█▏        | 3/25 [00:14<01:45,  4.79s/it] 16%|█▌        | 4/25 [00:19<01:40,  4.78s/it] 20%|██        | 5/25 [00:23<01:35,  4.79s/it] 24%|██▍       | 6/25 [00:28<01:30,  4.79s/it] 28%|██▊       | 7/25 [00:33<01:26,  4.79s/it] 32%|███▏      | 8/25 [00:38<01:21,  4.79s/it] 36%|███▌      | 9/25 [00:43<01:16,  4.79s/it] 40%|████      | 10/25 [00:47<01:11,  4.79s/it] 44%|████▍     | 11/25 [00:52<01:06,  4.78s/it] 48%|████▊     | 12/25 [00:57<01:02,  4.78s/it] 52%|█████▏    | 13/25 [01:02<00:57,  4.79s/it] 56%|█████▌    | 14/25 [01:07<00:52,  4.79s/it] 60%|██████    | 15/25 [01:11<00:47,  4.79s/it] 64%|██████▍   | 16/25 [01:16<00:43,  4.79s/it] 68%|██████▊   | 17/25 [01:21<00:38,  4.78s/it] 72%|███████▏  | 18/25 [01:26<00:33,  4.78s/it] 76%|███████▌  | 19/25 [01:30<00:28,  4.79s/it] 80%|████████  | 20/25 [01:35<00:23,  4.79s/it] 84%|████████▍ | 21/25 [01:40<00:19,  4.79s/it] 88%|████████▊ | 22/25 [01:45<00:14,  4.79s/it] 92%|█████████▏| 23/25 [01:50<00:09,  4.79s/it] 96%|█████████▌| 24/25 [01:54<00:04,  4.79s/it]100%|██████████| 25/25 [01:59<00:00,  4.79s/it]100%|██████████| 25/25 [01:59<00:00,  4.79s/it]
[I 2024-05-23 19:31:10,378] Trial 32 finished with value: 0.012755643040873111 and parameters: {'d_model': 64, 'num_heads': 8, 'num_layers': 2, 'lr': 0.0006944200244334994, 'batch_size': 50, 'wd': 2.3851233928446604e-06}. Best is trial 32 with value: 0.012755643040873111.
  0%|          | 0/25 [00:00<?, ?it/s]  4%|▍         | 1/25 [00:02<01:10,  2.94s/it]  8%|▊         | 2/25 [00:05<01:07,  2.92s/it] 12%|█▏        | 3/25 [00:08<01:04,  2.92s/it] 16%|█▌        | 4/25 [00:11<01:01,  2.92s/it] 20%|██        | 5/25 [00:14<00:58,  2.92s/it] 20%|██        | 5/25 [00:17<01:10,  3.50s/it]
[I 2024-05-23 19:31:28,047] Trial 33 pruned. 
  0%|          | 0/25 [00:00<?, ?it/s]  0%|          | 0/25 [00:02<?, ?it/s]
[I 2024-05-23 19:31:31,079] Trial 34 pruned. 
  0%|          | 0/25 [00:00<?, ?it/s]  4%|▍         | 1/25 [00:06<02:39,  6.66s/it]  4%|▍         | 1/25 [00:13<05:20, 13.34s/it]
[I 2024-05-23 19:31:44,574] Trial 35 pruned. 
  0%|          | 0/25 [00:00<?, ?it/s]  0%|          | 0/25 [00:03<?, ?it/s]
[I 2024-05-23 19:31:47,853] Trial 36 pruned. 
  0%|          | 0/25 [00:00<?, ?it/s]  0%|          | 0/25 [00:00<?, ?it/s]
[I 2024-05-23 19:31:48,833] Trial 37 pruned. 
  0%|          | 0/25 [00:00<?, ?it/s]  4%|▍         | 1/25 [00:16<06:44, 16.84s/it]  8%|▊         | 2/25 [00:33<06:28, 16.91s/it]  8%|▊         | 2/25 [00:50<09:43, 25.39s/it]
[I 2024-05-23 19:32:39,843] Trial 38 pruned. 
  0%|          | 0/25 [00:00<?, ?it/s]  0%|          | 0/25 [00:01<?, ?it/s]
[I 2024-05-23 19:32:41,983] Trial 39 pruned. 
  0%|          | 0/25 [00:00<?, ?it/s]  4%|▍         | 1/25 [00:04<01:50,  4.59s/it]  8%|▊         | 2/25 [00:09<01:45,  4.59s/it] 12%|█▏        | 3/25 [00:13<01:41,  4.60s/it] 16%|█▌        | 4/25 [00:18<01:36,  4.60s/it] 16%|█▌        | 4/25 [00:22<02:00,  5.75s/it]
[I 2024-05-23 19:33:05,145] Trial 40 pruned. 
  0%|          | 0/25 [00:00<?, ?it/s]  4%|▍         | 1/25 [00:04<01:54,  4.78s/it]  8%|▊         | 2/25 [00:09<01:50,  4.79s/it] 12%|█▏        | 3/25 [00:14<01:45,  4.78s/it] 16%|█▌        | 4/25 [00:19<01:40,  4.77s/it] 20%|██        | 5/25 [00:23<01:35,  4.77s/it] 24%|██▍       | 6/25 [00:28<01:30,  4.77s/it] 28%|██▊       | 7/25 [00:33<01:25,  4.77s/it] 32%|███▏      | 8/25 [00:38<01:21,  4.77s/it] 36%|███▌      | 9/25 [00:42<01:16,  4.77s/it] 40%|████      | 10/25 [00:47<01:11,  4.77s/it] 44%|████▍     | 11/25 [00:52<01:06,  4.77s/it] 48%|████▊     | 12/25 [00:57<01:01,  4.77s/it] 52%|█████▏    | 13/25 [01:02<00:57,  4.77s/it] 56%|█████▌    | 14/25 [01:06<00:52,  4.78s/it] 60%|██████    | 15/25 [01:11<00:47,  4.77s/it] 64%|██████▍   | 16/25 [01:16<00:42,  4.77s/it] 68%|██████▊   | 17/25 [01:21<00:38,  4.77s/it] 72%|███████▏  | 18/25 [01:25<00:33,  4.77s/it] 76%|███████▌  | 19/25 [01:30<00:28,  4.77s/it] 80%|████████  | 20/25 [01:35<00:23,  4.77s/it] 84%|████████▍ | 21/25 [01:40<00:19,  4.77s/it] 88%|████████▊ | 22/25 [01:44<00:14,  4.77s/it] 92%|█████████▏| 23/25 [01:49<00:09,  4.77s/it] 96%|█████████▌| 24/25 [01:54<00:04,  4.77s/it]100%|██████████| 25/25 [01:59<00:00,  4.77s/it]100%|██████████| 25/25 [01:59<00:00,  4.77s/it]
[I 2024-05-23 19:35:04,577] Trial 41 finished with value: 0.013633974269032479 and parameters: {'d_model': 64, 'num_heads': 8, 'num_layers': 2, 'lr': 0.0004970489428017158, 'batch_size': 50, 'wd': 3.5758653186915373e-06}. Best is trial 32 with value: 0.012755643040873111.
  0%|          | 0/25 [00:00<?, ?it/s]  4%|▍         | 1/25 [00:04<01:54,  4.77s/it]  8%|▊         | 2/25 [00:09<01:49,  4.78s/it] 12%|█▏        | 3/25 [00:14<01:45,  4.77s/it] 16%|█▌        | 4/25 [00:19<01:40,  4.77s/it] 20%|██        | 5/25 [00:23<01:35,  4.77s/it] 24%|██▍       | 6/25 [00:28<01:30,  4.77s/it] 28%|██▊       | 7/25 [00:33<01:25,  4.77s/it] 32%|███▏      | 8/25 [00:38<01:21,  4.78s/it] 36%|███▌      | 9/25 [00:42<01:16,  4.78s/it] 40%|████      | 10/25 [00:47<01:11,  4.78s/it] 44%|████▍     | 11/25 [00:52<01:06,  4.77s/it] 48%|████▊     | 12/25 [00:57<01:02,  4.77s/it] 52%|█████▏    | 13/25 [01:02<00:57,  4.77s/it] 56%|█████▌    | 14/25 [01:06<00:52,  4.78s/it] 60%|██████    | 15/25 [01:11<00:47,  4.78s/it] 64%|██████▍   | 16/25 [01:16<00:42,  4.77s/it] 68%|██████▊   | 17/25 [01:21<00:38,  4.77s/it] 72%|███████▏  | 18/25 [01:25<00:33,  4.77s/it] 76%|███████▌  | 19/25 [01:30<00:28,  4.77s/it] 80%|████████  | 20/25 [01:35<00:23,  4.77s/it] 84%|████████▍ | 21/25 [01:40<00:19,  4.78s/it] 88%|████████▊ | 22/25 [01:45<00:14,  4.77s/it] 92%|█████████▏| 23/25 [01:49<00:09,  4.78s/it] 96%|█████████▌| 24/25 [01:54<00:04,  4.77s/it]100%|██████████| 25/25 [01:59<00:00,  4.78s/it]100%|██████████| 25/25 [01:59<00:00,  4.77s/it]
[I 2024-05-23 19:37:04,125] Trial 42 finished with value: 0.013407411333173514 and parameters: {'d_model': 64, 'num_heads': 8, 'num_layers': 2, 'lr': 0.0007152143809828815, 'batch_size': 50, 'wd': 6.875092607982687e-06}. Best is trial 32 with value: 0.012755643040873111.
  0%|          | 0/25 [00:00<?, ?it/s]  4%|▍         | 1/25 [00:04<01:54,  4.78s/it]  8%|▊         | 2/25 [00:09<01:50,  4.80s/it] 12%|█▏        | 3/25 [00:14<01:45,  4.79s/it] 16%|█▌        | 4/25 [00:19<01:40,  4.79s/it] 20%|██        | 5/25 [00:23<01:35,  4.78s/it] 24%|██▍       | 6/25 [00:28<01:30,  4.78s/it] 28%|██▊       | 7/25 [00:33<01:26,  4.79s/it] 32%|███▏      | 8/25 [00:38<01:21,  4.80s/it] 36%|███▌      | 9/25 [00:43<01:16,  4.79s/it] 40%|████      | 10/25 [00:47<01:11,  4.79s/it] 44%|████▍     | 11/25 [00:52<01:07,  4.79s/it] 48%|████▊     | 12/25 [00:57<01:02,  4.79s/it] 52%|█████▏    | 13/25 [01:02<00:57,  4.79s/it] 56%|█████▌    | 14/25 [01:07<00:52,  4.80s/it] 60%|██████    | 15/25 [01:11<00:47,  4.80s/it] 64%|██████▍   | 16/25 [01:16<00:43,  4.80s/it] 68%|██████▊   | 17/25 [01:21<00:38,  4.79s/it] 72%|███████▏  | 18/25 [01:26<00:33,  4.79s/it] 76%|███████▌  | 19/25 [01:31<00:28,  4.79s/it] 80%|████████  | 20/25 [01:35<00:23,  4.79s/it] 84%|████████▍ | 21/25 [01:40<00:19,  4.80s/it] 88%|████████▊ | 22/25 [01:45<00:14,  4.80s/it] 92%|█████████▏| 23/25 [01:50<00:09,  4.79s/it] 96%|█████████▌| 24/25 [01:55<00:04,  4.79s/it]100%|██████████| 25/25 [01:59<00:00,  4.79s/it]100%|██████████| 25/25 [01:59<00:00,  4.79s/it]
[I 2024-05-23 19:39:04,084] Trial 43 finished with value: 0.013466261327266693 and parameters: {'d_model': 64, 'num_heads': 8, 'num_layers': 2, 'lr': 0.0005125856857860812, 'batch_size': 50, 'wd': 7.84918358695617e-06}. Best is trial 32 with value: 0.012755643040873111.
  0%|          | 0/25 [00:00<?, ?it/s]  4%|▍         | 1/25 [00:06<02:39,  6.65s/it]  8%|▊         | 2/25 [00:13<02:33,  6.67s/it] 12%|█▏        | 3/25 [00:19<02:26,  6.66s/it] 12%|█▏        | 3/25 [00:26<03:15,  8.88s/it]
[I 2024-05-23 19:39:30,883] Trial 44 pruned. 
  0%|          | 0/25 [00:00<?, ?it/s]  0%|          | 0/25 [00:01<?, ?it/s]
[I 2024-05-23 19:39:32,815] Trial 45 pruned. 
  0%|          | 0/25 [00:00<?, ?it/s]  4%|▍         | 1/25 [00:12<04:55, 12.31s/it]  4%|▍         | 1/25 [00:24<09:50, 24.60s/it]
[I 2024-05-23 19:39:57,593] Trial 46 pruned. 
  0%|          | 0/25 [00:00<?, ?it/s]  0%|          | 0/25 [00:13<?, ?it/s]
[I 2024-05-23 19:40:11,583] Trial 47 pruned. 
  0%|          | 0/25 [00:00<?, ?it/s]  0%|          | 0/25 [00:04<?, ?it/s]
[I 2024-05-23 19:40:15,763] Trial 48 pruned. 
  0%|          | 0/25 [00:00<?, ?it/s]  0%|          | 0/25 [00:03<?, ?it/s]
[I 2024-05-23 19:40:19,459] Trial 49 pruned. 
  0%|          | 0/25 [00:00<?, ?it/s]  4%|▍         | 1/25 [00:06<02:39,  6.66s/it]  8%|▊         | 2/25 [00:13<02:32,  6.65s/it] 12%|█▏        | 3/25 [00:19<02:26,  6.66s/it] 16%|█▌        | 4/25 [00:26<02:19,  6.66s/it] 20%|██        | 5/25 [00:33<02:13,  6.66s/it] 24%|██▍       | 6/25 [00:39<02:06,  6.66s/it] 28%|██▊       | 7/25 [00:46<01:59,  6.65s/it] 32%|███▏      | 8/25 [00:53<01:53,  6.65s/it] 36%|███▌      | 9/25 [00:59<01:46,  6.65s/it] 40%|████      | 10/25 [01:06<01:39,  6.65s/it] 44%|████▍     | 11/25 [01:13<01:33,  6.65s/it] 48%|████▊     | 12/25 [01:19<01:26,  6.65s/it] 52%|█████▏    | 13/25 [01:26<01:19,  6.65s/it] 56%|█████▌    | 14/25 [01:33<01:13,  6.65s/it] 60%|██████    | 15/25 [01:39<01:06,  6.65s/it] 64%|██████▍   | 16/25 [01:46<00:59,  6.65s/it] 68%|██████▊   | 17/25 [01:53<00:53,  6.65s/it] 72%|███████▏  | 18/25 [01:59<00:46,  6.65s/it] 76%|███████▌  | 19/25 [02:06<00:39,  6.64s/it] 80%|████████  | 20/25 [02:12<00:33,  6.63s/it] 84%|████████▍ | 21/25 [02:19<00:26,  6.63s/it] 88%|████████▊ | 22/25 [02:26<00:19,  6.63s/it] 92%|█████████▏| 23/25 [02:32<00:13,  6.63s/it] 96%|█████████▌| 24/25 [02:39<00:06,  6.62s/it]100%|██████████| 25/25 [02:46<00:00,  6.62s/it]100%|██████████| 25/25 [02:46<00:00,  6.64s/it]
[I 2024-05-23 19:43:05,683] Trial 50 finished with value: 0.01273965840227902 and parameters: {'d_model': 64, 'num_heads': 8, 'num_layers': 3, 'lr': 0.0008221384959321219, 'batch_size': 50, 'wd': 1.1564615360187462e-06}. Best is trial 50 with value: 0.01273965840227902.
  0%|          | 0/25 [00:00<?, ?it/s]  0%|          | 0/25 [00:06<?, ?it/s]
[I 2024-05-23 19:43:12,714] Trial 51 pruned. 
  0%|          | 0/25 [00:00<?, ?it/s]  4%|▍         | 1/25 [00:04<01:54,  4.76s/it]  8%|▊         | 2/25 [00:09<01:49,  4.76s/it] 12%|█▏        | 3/25 [00:14<01:44,  4.76s/it] 12%|█▏        | 3/25 [00:19<02:19,  6.34s/it]
[I 2024-05-23 19:43:31,894] Trial 52 pruned. 
  0%|          | 0/25 [00:00<?, ?it/s]  4%|▍         | 1/25 [00:06<02:38,  6.61s/it]  8%|▊         | 2/25 [00:13<02:32,  6.63s/it] 12%|█▏        | 3/25 [00:19<02:25,  6.62s/it] 16%|█▌        | 4/25 [00:26<02:18,  6.61s/it] 20%|██        | 5/25 [00:33<02:12,  6.61s/it] 24%|██▍       | 6/25 [00:39<02:05,  6.62s/it] 28%|██▊       | 7/25 [00:46<01:59,  6.62s/it] 32%|███▏      | 8/25 [00:52<01:52,  6.61s/it] 36%|███▌      | 9/25 [00:59<01:45,  6.61s/it] 40%|████      | 10/25 [01:06<01:39,  6.61s/it] 44%|████▍     | 11/25 [01:12<01:32,  6.61s/it] 48%|████▊     | 12/25 [01:19<01:25,  6.61s/it] 52%|█████▏    | 13/25 [01:25<01:19,  6.61s/it] 56%|█████▌    | 14/25 [01:32<01:12,  6.61s/it] 60%|██████    | 15/25 [01:39<01:06,  6.62s/it] 64%|██████▍   | 16/25 [01:45<00:59,  6.61s/it] 68%|██████▊   | 17/25 [01:52<00:52,  6.61s/it] 72%|███████▏  | 18/25 [01:59<00:46,  6.61s/it] 76%|███████▌  | 19/25 [02:05<00:39,  6.62s/it] 80%|████████  | 20/25 [02:12<00:33,  6.63s/it] 84%|████████▍ | 21/25 [02:18<00:26,  6.62s/it] 88%|████████▊ | 22/25 [02:25<00:19,  6.62s/it] 92%|█████████▏| 23/25 [02:32<00:13,  6.62s/it] 96%|█████████▌| 24/25 [02:38<00:06,  6.62s/it]100%|██████████| 25/25 [02:45<00:00,  6.63s/it]100%|██████████| 25/25 [02:45<00:00,  6.62s/it]
[I 2024-05-23 19:46:17,472] Trial 53 finished with value: 0.014289050223305821 and parameters: {'d_model': 64, 'num_heads': 8, 'num_layers': 3, 'lr': 0.000525332062274811, 'batch_size': 50, 'wd': 1.0045881272995626e-06}. Best is trial 50 with value: 0.01273965840227902.
  0%|          | 0/25 [00:00<?, ?it/s]  4%|▍         | 1/25 [00:08<03:23,  8.46s/it]  8%|▊         | 2/25 [00:16<03:14,  8.47s/it] 12%|█▏        | 3/25 [00:25<03:06,  8.49s/it] 16%|█▌        | 4/25 [00:33<02:58,  8.48s/it] 20%|██        | 5/25 [00:42<02:49,  8.48s/it] 24%|██▍       | 6/25 [00:50<02:41,  8.48s/it] 28%|██▊       | 7/25 [00:59<02:32,  8.50s/it] 32%|███▏      | 8/25 [01:07<02:24,  8.49s/it] 36%|███▌      | 9/25 [01:16<02:15,  8.48s/it] 40%|████      | 10/25 [01:24<02:07,  8.49s/it] 44%|████▍     | 11/25 [01:33<01:58,  8.49s/it] 48%|████▊     | 12/25 [01:41<01:50,  8.49s/it] 52%|█████▏    | 13/25 [01:50<01:41,  8.49s/it] 56%|█████▌    | 14/25 [01:58<01:33,  8.49s/it] 60%|██████    | 15/25 [02:07<01:24,  8.49s/it] 64%|██████▍   | 16/25 [02:15<01:16,  8.48s/it] 68%|██████▊   | 17/25 [02:24<01:07,  8.49s/it] 72%|███████▏  | 18/25 [02:32<00:59,  8.49s/it] 76%|███████▌  | 19/25 [02:41<00:50,  8.48s/it] 80%|████████  | 20/25 [02:49<00:42,  8.49s/it] 84%|████████▍ | 21/25 [02:58<00:33,  8.49s/it] 88%|████████▊ | 22/25 [03:06<00:25,  8.49s/it] 92%|█████████▏| 23/25 [03:15<00:16,  8.49s/it] 96%|█████████▌| 24/25 [03:23<00:08,  8.50s/it]100%|██████████| 25/25 [03:32<00:00,  8.50s/it]100%|██████████| 25/25 [03:32<00:00,  8.49s/it]
[I 2024-05-23 19:49:49,856] Trial 54 finished with value: 0.013766009965911508 and parameters: {'d_model': 64, 'num_heads': 8, 'num_layers': 4, 'lr': 0.0006483058820611464, 'batch_size': 50, 'wd': 2.4884665334848307e-06}. Best is trial 50 with value: 0.01273965840227902.
  0%|          | 0/25 [00:00<?, ?it/s]  0%|          | 0/25 [00:02<?, ?it/s]
[I 2024-05-23 19:49:52,986] Trial 55 pruned. 
  0%|          | 0/25 [00:00<?, ?it/s]  0%|          | 0/25 [00:02<?, ?it/s]
[I 2024-05-23 19:49:55,862] Trial 56 pruned. 
  0%|          | 0/25 [00:00<?, ?it/s]  0%|          | 0/25 [00:10<?, ?it/s]
[I 2024-05-23 19:50:06,394] Trial 57 pruned. 
  0%|          | 0/25 [00:00<?, ?it/s]  4%|▍         | 1/25 [00:04<01:55,  4.82s/it]  8%|▊         | 2/25 [00:09<01:50,  4.81s/it]  8%|▊         | 2/25 [00:14<02:45,  7.20s/it]
