[I 2024-05-23 19:23:43,433] Trial 60 pruned. 
  0%|          | 0/25 [00:00<?, ?it/s]  0%|          | 0/25 [00:01<?, ?it/s]
[I 2024-05-23 19:23:45,491] Trial 61 pruned. 
  0%|          | 0/25 [00:00<?, ?it/s]  4%|▍         | 1/25 [00:01<00:28,  1.19s/it]  8%|▊         | 2/25 [00:02<00:27,  1.19s/it] 12%|█▏        | 3/25 [00:03<00:26,  1.19s/it] 16%|█▌        | 4/25 [00:04<00:25,  1.19s/it] 20%|██        | 5/25 [00:05<00:23,  1.19s/it] 24%|██▍       | 6/25 [00:07<00:22,  1.19s/it] 28%|██▊       | 7/25 [00:08<00:21,  1.20s/it] 32%|███▏      | 8/25 [00:09<00:20,  1.19s/it] 36%|███▌      | 9/25 [00:10<00:19,  1.19s/it] 40%|████      | 10/25 [00:11<00:17,  1.19s/it] 44%|████▍     | 11/25 [00:13<00:16,  1.19s/it] 44%|████▍     | 11/25 [00:14<00:18,  1.30s/it]
[I 2024-05-23 19:23:59,858] Trial 62 pruned. 
  0%|          | 0/25 [00:00<?, ?it/s]  4%|▍         | 1/25 [00:01<00:47,  1.97s/it]  8%|▊         | 2/25 [00:03<00:45,  1.97s/it] 12%|█▏        | 3/25 [00:05<00:43,  1.97s/it] 16%|█▌        | 4/25 [00:07<00:41,  1.97s/it] 20%|██        | 5/25 [00:09<00:39,  1.97s/it] 24%|██▍       | 6/25 [00:11<00:37,  1.96s/it] 28%|██▊       | 7/25 [00:13<00:35,  1.96s/it] 32%|███▏      | 8/25 [00:15<00:33,  1.96s/it] 36%|███▌      | 9/25 [00:17<00:31,  1.97s/it] 40%|████      | 10/25 [00:19<00:29,  1.97s/it] 44%|████▍     | 11/25 [00:21<00:27,  1.97s/it] 48%|████▊     | 12/25 [00:23<00:25,  1.97s/it] 52%|█████▏    | 13/25 [00:25<00:23,  1.97s/it] 56%|█████▌    | 14/25 [00:27<00:21,  1.97s/it] 60%|██████    | 15/25 [00:29<00:19,  1.97s/it] 64%|██████▍   | 16/25 [00:31<00:17,  1.97s/it] 68%|██████▊   | 17/25 [00:33<00:15,  1.97s/it] 72%|███████▏  | 18/25 [00:35<00:13,  1.97s/it] 76%|███████▌  | 19/25 [00:37<00:11,  1.97s/it] 80%|████████  | 20/25 [00:39<00:09,  1.97s/it] 84%|████████▍ | 21/25 [00:41<00:07,  1.97s/it] 88%|████████▊ | 22/25 [00:43<00:05,  1.97s/it] 92%|█████████▏| 23/25 [00:45<00:03,  1.97s/it] 96%|█████████▌| 24/25 [00:47<00:01,  1.97s/it]100%|██████████| 25/25 [00:49<00:00,  1.97s/it]100%|██████████| 25/25 [00:49<00:00,  1.97s/it]
[I 2024-05-23 19:24:49,134] Trial 63 finished with value: 0.012577616143971682 and parameters: {'d_model': 64, 'num_heads': 16, 'num_layers': 2, 'lr': 0.0008324999910177085, 'batch_size': 50, 'wd': 3.1441865435423127e-06}. Best is trial 63 with value: 0.012577616143971682.
  0%|          | 0/25 [00:00<?, ?it/s]  4%|▍         | 1/25 [00:02<01:06,  2.75s/it]  8%|▊         | 2/25 [00:05<01:03,  2.76s/it] 12%|█▏        | 3/25 [00:08<01:00,  2.76s/it] 16%|█▌        | 4/25 [00:11<00:57,  2.76s/it] 20%|██        | 5/25 [00:13<00:55,  2.75s/it] 24%|██▍       | 6/25 [00:16<00:52,  2.75s/it] 28%|██▊       | 7/25 [00:19<00:49,  2.75s/it] 32%|███▏      | 8/25 [00:22<00:46,  2.75s/it] 36%|███▌      | 9/25 [00:24<00:43,  2.75s/it] 40%|████      | 10/25 [00:27<00:41,  2.75s/it] 44%|████▍     | 11/25 [00:30<00:38,  2.75s/it] 48%|████▊     | 12/25 [00:33<00:35,  2.75s/it] 52%|█████▏    | 13/25 [00:35<00:33,  2.76s/it] 56%|█████▌    | 14/25 [00:38<00:30,  2.75s/it] 60%|██████    | 15/25 [00:41<00:27,  2.75s/it] 64%|██████▍   | 16/25 [00:44<00:24,  2.75s/it] 68%|██████▊   | 17/25 [00:46<00:22,  2.75s/it] 72%|███████▏  | 18/25 [00:49<00:19,  2.75s/it] 76%|███████▌  | 19/25 [00:52<00:16,  2.75s/it] 80%|████████  | 20/25 [00:55<00:13,  2.75s/it] 84%|████████▍ | 21/25 [00:57<00:10,  2.75s/it] 88%|████████▊ | 22/25 [01:00<00:08,  2.75s/it] 92%|█████████▏| 23/25 [01:03<00:05,  2.75s/it] 96%|█████████▌| 24/25 [01:06<00:02,  2.75s/it]100%|██████████| 25/25 [01:08<00:00,  2.75s/it]100%|██████████| 25/25 [01:08<00:00,  2.75s/it]
[I 2024-05-23 19:25:57,999] Trial 64 finished with value: 0.014203869365155697 and parameters: {'d_model': 64, 'num_heads': 16, 'num_layers': 3, 'lr': 0.0008834779378369761, 'batch_size': 50, 'wd': 1.7263899528422825e-05}. Best is trial 63 with value: 0.012577616143971682.
  0%|          | 0/25 [00:00<?, ?it/s]  4%|▍         | 1/25 [00:02<01:06,  2.75s/it]  8%|▊         | 2/25 [00:05<01:03,  2.75s/it] 12%|█▏        | 3/25 [00:08<01:00,  2.75s/it] 16%|█▌        | 4/25 [00:10<00:57,  2.75s/it] 20%|██        | 5/25 [00:13<00:54,  2.75s/it] 24%|██▍       | 6/25 [00:16<00:52,  2.75s/it] 28%|██▊       | 7/25 [00:19<00:49,  2.75s/it] 32%|███▏      | 8/25 [00:22<00:46,  2.75s/it] 36%|███▌      | 9/25 [00:24<00:44,  2.75s/it] 40%|████      | 10/25 [00:27<00:41,  2.76s/it] 44%|████▍     | 11/25 [00:30<00:38,  2.75s/it] 48%|████▊     | 12/25 [00:33<00:35,  2.75s/it] 52%|█████▏    | 13/25 [00:35<00:32,  2.75s/it] 56%|█████▌    | 14/25 [00:38<00:30,  2.75s/it] 60%|██████    | 15/25 [00:41<00:27,  2.75s/it] 64%|██████▍   | 16/25 [00:44<00:24,  2.75s/it] 68%|██████▊   | 17/25 [00:46<00:22,  2.75s/it] 72%|███████▏  | 18/25 [00:49<00:19,  2.75s/it] 76%|███████▌  | 19/25 [00:52<00:16,  2.75s/it] 80%|████████  | 20/25 [00:55<00:13,  2.75s/it] 84%|████████▍ | 21/25 [00:57<00:11,  2.75s/it] 88%|████████▊ | 22/25 [01:00<00:08,  2.75s/it] 92%|█████████▏| 23/25 [01:03<00:05,  2.75s/it] 96%|█████████▌| 24/25 [01:06<00:02,  2.75s/it]100%|██████████| 25/25 [01:08<00:00,  2.75s/it]100%|██████████| 25/25 [01:08<00:00,  2.75s/it]
[I 2024-05-23 19:27:06,891] Trial 65 finished with value: 0.013806069362908601 and parameters: {'d_model': 64, 'num_heads': 16, 'num_layers': 3, 'lr': 0.0005635327010754286, 'batch_size': 50, 'wd': 4.7753293006603924e-06}. Best is trial 63 with value: 0.012577616143971682.
  0%|          | 0/25 [00:00<?, ?it/s]  4%|▍         | 1/25 [00:01<00:47,  1.97s/it]  8%|▊         | 2/25 [00:03<00:45,  1.97s/it] 12%|█▏        | 3/25 [00:05<00:43,  1.98s/it] 16%|█▌        | 4/25 [00:07<00:41,  1.98s/it] 20%|██        | 5/25 [00:09<00:39,  1.98s/it] 24%|██▍       | 6/25 [00:11<00:37,  1.98s/it] 28%|██▊       | 7/25 [00:13<00:35,  1.98s/it] 32%|███▏      | 8/25 [00:15<00:33,  1.98s/it] 36%|███▌      | 9/25 [00:17<00:31,  1.98s/it] 40%|████      | 10/25 [00:19<00:29,  1.98s/it] 44%|████▍     | 11/25 [00:21<00:27,  1.98s/it] 48%|████▊     | 12/25 [00:23<00:25,  1.98s/it] 52%|█████▏    | 13/25 [00:25<00:23,  1.97s/it] 56%|█████▌    | 14/25 [00:27<00:21,  1.97s/it] 60%|██████    | 15/25 [00:29<00:19,  1.97s/it] 64%|██████▍   | 16/25 [00:31<00:17,  1.97s/it] 68%|██████▊   | 17/25 [00:33<00:15,  1.98s/it] 72%|███████▏  | 18/25 [00:35<00:13,  1.97s/it] 76%|███████▌  | 19/25 [00:37<00:11,  1.98s/it] 80%|████████  | 20/25 [00:39<00:09,  1.97s/it] 84%|████████▍ | 21/25 [00:41<00:07,  1.98s/it] 88%|████████▊ | 22/25 [00:43<00:05,  1.98s/it] 92%|█████████▏| 23/25 [00:45<00:03,  1.98s/it] 96%|█████████▌| 24/25 [00:47<00:01,  1.98s/it]100%|██████████| 25/25 [00:49<00:00,  1.98s/it]100%|██████████| 25/25 [00:49<00:00,  1.98s/it]
[I 2024-05-23 19:27:56,381] Trial 66 finished with value: 0.01420531733892858 and parameters: {'d_model': 64, 'num_heads': 16, 'num_layers': 2, 'lr': 0.000999808353474852, 'batch_size': 50, 'wd': 9.901921662173348e-06}. Best is trial 63 with value: 0.012577616143971682.
  0%|          | 0/25 [00:00<?, ?it/s]  0%|          | 0/25 [00:01<?, ?it/s]
[I 2024-05-23 19:27:57,660] Trial 67 pruned. 
  0%|          | 0/25 [00:00<?, ?it/s]  0%|          | 0/25 [00:04<?, ?it/s]
[I 2024-05-23 19:28:02,320] Trial 68 pruned. 
  0%|          | 0/25 [00:00<?, ?it/s]  4%|▍         | 1/25 [00:01<00:34,  1.45s/it]  8%|▊         | 2/25 [00:02<00:33,  1.45s/it] 12%|█▏        | 3/25 [00:04<00:31,  1.45s/it] 16%|█▌        | 4/25 [00:05<00:30,  1.45s/it] 20%|██        | 5/25 [00:07<00:29,  1.45s/it] 24%|██▍       | 6/25 [00:08<00:27,  1.45s/it] 28%|██▊       | 7/25 [00:10<00:26,  1.45s/it] 32%|███▏      | 8/25 [00:11<00:24,  1.45s/it] 36%|███▌      | 9/25 [00:13<00:23,  1.45s/it] 40%|████      | 10/25 [00:14<00:21,  1.45s/it] 44%|████▍     | 11/25 [00:15<00:20,  1.45s/it] 48%|████▊     | 12/25 [00:17<00:18,  1.45s/it] 52%|█████▏    | 13/25 [00:18<00:17,  1.46s/it] 56%|█████▌    | 14/25 [00:20<00:16,  1.46s/it] 60%|██████    | 15/25 [00:21<00:14,  1.46s/it] 64%|██████▍   | 16/25 [00:23<00:13,  1.46s/it] 68%|██████▊   | 17/25 [00:24<00:11,  1.46s/it] 72%|███████▏  | 18/25 [00:26<00:10,  1.45s/it] 76%|███████▌  | 19/25 [00:27<00:08,  1.46s/it] 80%|████████  | 20/25 [00:29<00:07,  1.45s/it] 84%|████████▍ | 21/25 [00:30<00:05,  1.45s/it] 88%|████████▊ | 22/25 [00:31<00:04,  1.45s/it] 92%|█████████▏| 23/25 [00:33<00:02,  1.45s/it] 96%|█████████▌| 24/25 [00:34<00:01,  1.45s/it]100%|██████████| 25/25 [00:36<00:00,  1.45s/it]100%|██████████| 25/25 [00:36<00:00,  1.45s/it]
[I 2024-05-23 19:28:38,756] Trial 69 finished with value: 0.013851131312549114 and parameters: {'d_model': 32, 'num_heads': 16, 'num_layers': 2, 'lr': 0.0008642369507844691, 'batch_size': 50, 'wd': 1.4273213262648435e-05}. Best is trial 63 with value: 0.012577616143971682.
  0%|          | 0/25 [00:00<?, ?it/s]  0%|          | 0/25 [00:01<?, ?it/s]
[I 2024-05-23 19:28:39,973] Trial 70 pruned. 
  0%|          | 0/25 [00:00<?, ?it/s]  4%|▍         | 1/25 [00:01<00:47,  1.98s/it]  8%|▊         | 2/25 [00:03<00:45,  1.97s/it] 12%|█▏        | 3/25 [00:05<00:43,  1.97s/it] 16%|█▌        | 4/25 [00:07<00:41,  1.97s/it] 20%|██        | 5/25 [00:09<00:39,  1.97s/it] 24%|██▍       | 6/25 [00:11<00:37,  1.97s/it] 28%|██▊       | 7/25 [00:13<00:35,  1.98s/it] 32%|███▏      | 8/25 [00:15<00:33,  1.97s/it] 36%|███▌      | 9/25 [00:17<00:31,  1.97s/it] 40%|████      | 10/25 [00:19<00:29,  1.97s/it] 44%|████▍     | 11/25 [00:21<00:27,  1.97s/it] 48%|████▊     | 12/25 [00:23<00:25,  1.97s/it] 52%|█████▏    | 13/25 [00:25<00:23,  1.97s/it] 56%|█████▌    | 14/25 [00:27<00:21,  1.97s/it] 60%|██████    | 15/25 [00:29<00:19,  1.97s/it] 64%|██████▍   | 16/25 [00:31<00:17,  1.97s/it] 68%|██████▊   | 17/25 [00:33<00:15,  1.97s/it] 72%|███████▏  | 18/25 [00:35<00:13,  1.97s/it] 76%|███████▌  | 19/25 [00:37<00:11,  1.97s/it] 80%|████████  | 20/25 [00:39<00:09,  1.97s/it] 84%|████████▍ | 21/25 [00:41<00:07,  1.97s/it] 88%|████████▊ | 22/25 [00:43<00:05,  1.97s/it] 92%|█████████▏| 23/25 [00:45<00:03,  1.97s/it] 96%|█████████▌| 24/25 [00:47<00:01,  1.97s/it]100%|██████████| 25/25 [00:49<00:00,  1.97s/it]100%|██████████| 25/25 [00:49<00:00,  1.97s/it]
[I 2024-05-23 19:29:29,326] Trial 71 finished with value: 0.013048390205949546 and parameters: {'d_model': 64, 'num_heads': 16, 'num_layers': 2, 'lr': 0.0006975732589702728, 'batch_size': 50, 'wd': 1.9224610619124776e-06}. Best is trial 63 with value: 0.012577616143971682.
  0%|          | 0/25 [00:00<?, ?it/s]  4%|▍         | 1/25 [00:01<00:47,  1.98s/it]  8%|▊         | 2/25 [00:03<00:45,  1.97s/it] 12%|█▏        | 3/25 [00:05<00:43,  1.97s/it] 16%|█▌        | 4/25 [00:07<00:41,  1.98s/it] 20%|██        | 5/25 [00:09<00:39,  1.97s/it] 24%|██▍       | 6/25 [00:11<00:37,  1.98s/it] 28%|██▊       | 7/25 [00:13<00:35,  1.97s/it] 32%|███▏      | 8/25 [00:15<00:33,  1.97s/it] 36%|███▌      | 9/25 [00:17<00:31,  1.97s/it] 40%|████      | 10/25 [00:19<00:29,  1.97s/it] 44%|████▍     | 11/25 [00:21<00:27,  1.97s/it] 48%|████▊     | 12/25 [00:23<00:25,  1.97s/it] 52%|█████▏    | 13/25 [00:25<00:23,  1.98s/it] 56%|█████▌    | 14/25 [00:27<00:21,  1.98s/it] 60%|██████    | 15/25 [00:29<00:19,  1.98s/it] 64%|██████▍   | 16/25 [00:31<00:17,  1.98s/it] 68%|██████▊   | 17/25 [00:33<00:15,  1.98s/it] 72%|███████▏  | 18/25 [00:35<00:13,  1.98s/it] 76%|███████▌  | 19/25 [00:37<00:11,  1.98s/it] 80%|████████  | 20/25 [00:39<00:09,  1.97s/it] 84%|████████▍ | 21/25 [00:41<00:07,  1.98s/it] 88%|████████▊ | 22/25 [00:43<00:05,  1.97s/it] 92%|█████████▏| 23/25 [00:45<00:03,  1.97s/it] 96%|█████████▌| 24/25 [00:47<00:01,  1.97s/it]100%|██████████| 25/25 [00:49<00:00,  1.98s/it]100%|██████████| 25/25 [00:49<00:00,  1.98s/it]
[I 2024-05-23 19:30:18,807] Trial 72 finished with value: 0.01321802195161581 and parameters: {'d_model': 64, 'num_heads': 16, 'num_layers': 2, 'lr': 0.0007145848629830365, 'batch_size': 50, 'wd': 1.3299779275857775e-06}. Best is trial 63 with value: 0.012577616143971682.
  0%|          | 0/25 [00:00<?, ?it/s]  0%|          | 0/25 [00:01<?, ?it/s]
[I 2024-05-23 19:30:20,872] Trial 73 pruned. 
  0%|          | 0/25 [00:00<?, ?it/s]  4%|▍         | 1/25 [00:01<00:28,  1.17s/it]  8%|▊         | 2/25 [00:02<00:27,  1.18s/it] 12%|█▏        | 3/25 [00:03<00:26,  1.18s/it] 16%|█▌        | 4/25 [00:04<00:24,  1.18s/it] 20%|██        | 5/25 [00:05<00:23,  1.18s/it] 24%|██▍       | 6/25 [00:07<00:22,  1.18s/it] 28%|██▊       | 7/25 [00:08<00:21,  1.18s/it] 32%|███▏      | 8/25 [00:09<00:20,  1.18s/it] 32%|███▏      | 8/25 [00:10<00:22,  1.33s/it]
[I 2024-05-23 19:30:31,558] Trial 74 pruned. 
  0%|          | 0/25 [00:00<?, ?it/s]  4%|▍         | 1/25 [00:01<00:47,  1.96s/it]  8%|▊         | 2/25 [00:03<00:45,  1.96s/it] 12%|█▏        | 3/25 [00:05<00:43,  1.96s/it] 16%|█▌        | 4/25 [00:07<00:41,  1.96s/it] 20%|██        | 5/25 [00:09<00:39,  1.97s/it] 24%|██▍       | 6/25 [00:11<00:37,  1.97s/it] 28%|██▊       | 7/25 [00:13<00:35,  1.97s/it] 28%|██▊       | 7/25 [00:15<00:40,  2.25s/it]
[I 2024-05-23 19:30:47,380] Trial 75 pruned. 
  0%|          | 0/25 [00:00<?, ?it/s]  4%|▍         | 1/25 [00:01<00:28,  1.19s/it]  4%|▍         | 1/25 [00:02<00:56,  2.37s/it]
[I 2024-05-23 19:30:49,827] Trial 76 pruned. 
  0%|          | 0/25 [00:00<?, ?it/s]  4%|▍         | 1/25 [00:01<00:30,  1.26s/it]  8%|▊         | 2/25 [00:02<00:27,  1.22s/it] 12%|█▏        | 3/25 [00:03<00:26,  1.21s/it] 16%|█▌        | 4/25 [00:04<00:25,  1.20s/it] 20%|██        | 5/25 [00:06<00:23,  1.19s/it] 20%|██        | 5/25 [00:07<00:28,  1.44s/it]
[I 2024-05-23 19:30:57,104] Trial 77 pruned. 
  0%|          | 0/25 [00:00<?, ?it/s]  0%|          | 0/25 [00:00<?, ?it/s]
[I 2024-05-23 19:30:57,968] Trial 78 pruned. 
  0%|          | 0/25 [00:00<?, ?it/s]  4%|▍         | 1/25 [00:02<01:05,  2.75s/it]  8%|▊         | 2/25 [00:05<01:03,  2.74s/it] 12%|█▏        | 3/25 [00:08<01:00,  2.74s/it] 16%|█▌        | 4/25 [00:10<00:57,  2.74s/it] 20%|██        | 5/25 [00:13<00:54,  2.74s/it] 24%|██▍       | 6/25 [00:16<00:52,  2.74s/it] 28%|██▊       | 7/25 [00:19<00:49,  2.74s/it] 32%|███▏      | 8/25 [00:21<00:46,  2.74s/it] 36%|███▌      | 9/25 [00:24<00:43,  2.74s/it] 40%|████      | 10/25 [00:27<00:41,  2.74s/it] 44%|████▍     | 11/25 [00:30<00:38,  2.74s/it] 48%|████▊     | 12/25 [00:32<00:35,  2.74s/it] 52%|█████▏    | 13/25 [00:35<00:32,  2.74s/it] 56%|█████▌    | 14/25 [00:38<00:30,  2.74s/it] 60%|██████    | 15/25 [00:41<00:27,  2.74s/it] 64%|██████▍   | 16/25 [00:43<00:24,  2.74s/it] 68%|██████▊   | 17/25 [00:46<00:21,  2.73s/it] 72%|███████▏  | 18/25 [00:49<00:19,  2.74s/it] 76%|███████▌  | 19/25 [00:52<00:16,  2.74s/it] 80%|████████  | 20/25 [00:54<00:13,  2.73s/it] 84%|████████▍ | 21/25 [00:57<00:10,  2.74s/it] 88%|████████▊ | 22/25 [01:00<00:08,  2.74s/it] 92%|█████████▏| 23/25 [01:02<00:05,  2.73s/it] 96%|█████████▌| 24/25 [01:05<00:02,  2.74s/it]100%|██████████| 25/25 [01:08<00:00,  2.74s/it]100%|██████████| 25/25 [01:08<00:00,  2.74s/it]
[I 2024-05-23 19:32:06,491] Trial 79 finished with value: 0.012991472706198692 and parameters: {'d_model': 64, 'num_heads': 16, 'num_layers': 3, 'lr': 0.000867718819802119, 'batch_size': 50, 'wd': 0.0001734186706909255}. Best is trial 63 with value: 0.012577616143971682.
  0%|          | 0/25 [00:00<?, ?it/s]  4%|▍         | 1/25 [00:02<01:05,  2.74s/it]  8%|▊         | 2/25 [00:05<01:03,  2.74s/it] 12%|█▏        | 3/25 [00:08<01:00,  2.74s/it] 16%|█▌        | 4/25 [00:10<00:57,  2.74s/it] 20%|██        | 5/25 [00:13<00:54,  2.74s/it] 20%|██        | 5/25 [00:16<01:05,  3.29s/it]
[I 2024-05-23 19:32:23,002] Trial 80 pruned. 
  0%|          | 0/25 [00:00<?, ?it/s]  0%|          | 0/25 [00:02<?, ?it/s]
[I 2024-05-23 19:32:25,859] Trial 81 pruned. 
  0%|          | 0/25 [00:00<?, ?it/s]  0%|          | 0/25 [00:02<?, ?it/s]
[I 2024-05-23 19:32:28,684] Trial 82 pruned. 
  0%|          | 0/25 [00:00<?, ?it/s]  4%|▍         | 1/25 [00:01<00:47,  1.96s/it]  8%|▊         | 2/25 [00:03<00:45,  1.96s/it] 12%|█▏        | 3/25 [00:05<00:43,  1.96s/it] 16%|█▌        | 4/25 [00:07<00:41,  1.96s/it] 20%|██        | 5/25 [00:09<00:39,  1.96s/it] 24%|██▍       | 6/25 [00:11<00:37,  1.96s/it] 28%|██▊       | 7/25 [00:13<00:35,  1.97s/it] 32%|███▏      | 8/25 [00:15<00:33,  1.96s/it] 36%|███▌      | 9/25 [00:17<00:31,  1.96s/it] 40%|████      | 10/25 [00:19<00:29,  1.96s/it] 44%|████▍     | 11/25 [00:21<00:27,  1.96s/it] 48%|████▊     | 12/25 [00:23<00:25,  1.96s/it] 52%|█████▏    | 13/25 [00:25<00:23,  1.97s/it] 56%|█████▌    | 14/25 [00:27<00:21,  1.97s/it] 60%|██████    | 15/25 [00:29<00:19,  1.96s/it] 64%|██████▍   | 16/25 [00:31<00:17,  1.96s/it] 68%|██████▊   | 17/25 [00:33<00:15,  1.96s/it] 72%|███████▏  | 18/25 [00:35<00:13,  1.96s/it] 76%|███████▌  | 19/25 [00:37<00:11,  1.96s/it] 80%|████████  | 20/25 [00:39<00:09,  1.96s/it] 84%|████████▍ | 21/25 [00:41<00:07,  1.96s/it] 88%|████████▊ | 22/25 [00:43<00:05,  1.96s/it] 92%|█████████▏| 23/25 [00:45<00:03,  1.96s/it] 96%|█████████▌| 24/25 [00:47<00:01,  1.96s/it]100%|██████████| 25/25 [00:49<00:00,  1.96s/it]100%|██████████| 25/25 [00:49<00:00,  1.96s/it]
[I 2024-05-23 19:33:17,843] Trial 83 finished with value: 0.013904489995911717 and parameters: {'d_model': 64, 'num_heads': 16, 'num_layers': 2, 'lr': 0.00097894632307521, 'batch_size': 50, 'wd': 1.046876028207113e-05}. Best is trial 63 with value: 0.012577616143971682.
  0%|          | 0/25 [00:00<?, ?it/s]  4%|▍         | 1/25 [00:02<01:05,  2.74s/it]  8%|▊         | 2/25 [00:05<01:02,  2.74s/it] 12%|█▏        | 3/25 [00:08<01:00,  2.74s/it] 12%|█▏        | 3/25 [00:10<01:20,  3.65s/it]
[I 2024-05-23 19:33:28,891] Trial 84 pruned. 
  0%|          | 0/25 [00:00<?, ?it/s]  0%|          | 0/25 [00:01<?, ?it/s]
[I 2024-05-23 19:33:30,436] Trial 85 pruned. 
  0%|          | 0/25 [00:00<?, ?it/s]  0%|          | 0/25 [00:01<?, ?it/s]
[I 2024-05-23 19:33:32,480] Trial 86 pruned. 
  0%|          | 0/25 [00:00<?, ?it/s]  0%|          | 0/25 [00:01<?, ?it/s]
[I 2024-05-23 19:33:34,518] Trial 87 pruned. 
  0%|          | 0/25 [00:00<?, ?it/s]  0%|          | 0/25 [00:00<?, ?it/s]
[I 2024-05-23 19:33:35,062] Trial 88 pruned. 
  0%|          | 0/25 [00:00<?, ?it/s]  4%|▍         | 1/25 [00:01<00:39,  1.64s/it]  4%|▍         | 1/25 [00:03<01:18,  3.28s/it]
[I 2024-05-23 19:33:38,422] Trial 89 pruned. 
  0%|          | 0/25 [00:00<?, ?it/s]  4%|▍         | 1/25 [00:01<00:46,  1.96s/it]  8%|▊         | 2/25 [00:03<00:45,  1.96s/it] 12%|█▏        | 3/25 [00:05<00:43,  1.96s/it] 16%|█▌        | 4/25 [00:07<00:41,  1.96s/it] 16%|█▌        | 4/25 [00:09<00:51,  2.45s/it]
[I 2024-05-23 19:33:48,286] Trial 90 pruned. 
  0%|          | 0/25 [00:00<?, ?it/s]  0%|          | 0/25 [00:01<?, ?it/s]
[I 2024-05-23 19:33:50,038] Trial 91 pruned. 
  0%|          | 0/25 [00:00<?, ?it/s]  0%|          | 0/25 [00:02<?, ?it/s]
[I 2024-05-23 19:33:52,257] Trial 92 pruned. 
  0%|          | 0/25 [00:00<?, ?it/s]  0%|          | 0/25 [00:01<?, ?it/s]
[I 2024-05-23 19:33:54,036] Trial 93 pruned. 
  0%|          | 0/25 [00:00<?, ?it/s]  0%|          | 0/25 [00:03<?, ?it/s]
[I 2024-05-23 19:33:57,637] Trial 94 pruned. 
  0%|          | 0/25 [00:00<?, ?it/s]  0%|          | 0/25 [00:01<?, ?it/s]
[I 2024-05-23 19:33:58,912] Trial 95 pruned. 
  0%|          | 0/25 [00:00<?, ?it/s]  0%|          | 0/25 [00:02<?, ?it/s]
[I 2024-05-23 19:34:01,727] Trial 96 pruned. 
  0%|          | 0/25 [00:00<?, ?it/s]  0%|          | 0/25 [00:01<?, ?it/s]
[I 2024-05-23 19:34:03,774] Trial 97 pruned. 
  0%|          | 0/25 [00:00<?, ?it/s]  0%|          | 0/25 [00:04<?, ?it/s]
[I 2024-05-23 19:34:07,877] Trial 98 pruned. 
  0%|          | 0/25 [00:00<?, ?it/s]  0%|          | 0/25 [00:03<?, ?it/s]
[I 2024-05-23 19:34:11,506] Trial 99 pruned. 
0 True
Number of finished trials:  100
Best hyperparameters:  {'d_model': 64, 'num_heads': 16, 'num_layers': 2, 'lr': 0.0008324999910177085, 'batch_size': 50, 'wd': 3.1441865435423127e-06}
Best validation loss:  0.012577616143971682

JOB STATISTICS
==============
Job ID: 6362054
Cluster: snellius
User/Group: igardner/igardner
State: COMPLETED (exit code 0)
Nodes: 1
Cores per node: 18
CPU Utilized: 12:47:13
CPU Efficiency: 99.16% of 12:53:42 core-walltime
Job Wall-clock time: 00:42:59
Memory Utilized: 2.84 GB
Memory Efficiency: 2.36% of 120.00 GB
