[I 2024-05-23 19:58:30,283] Trial 98 pruned. 
  0%|          | 0/25 [00:00<?, ?it/s]  0%|          | 0/25 [00:01<?, ?it/s]
[I 2024-05-23 19:58:31,640] Trial 99 pruned. 
0 False
Number of finished trials:  100
Best hyperparameters:  {'d_model': 128, 'num_heads': 16, 'num_layers': 3, 'lr': 0.0005928402663043801, 'batch_size': 50, 'wd': 1.0578935648117125e-06}
Best validation loss:  0.011614744132384659

JOB STATISTICS
==============
Job ID: 6362030
Cluster: snellius
User/Group: igardner/igardner
State: COMPLETED (exit code 0)
Nodes: 1
Cores per node: 18
CPU Utilized: 19:57:14
CPU Efficiency: 98.61% of 20:14:06 core-walltime
Job Wall-clock time: 01:07:27
Memory Utilized: 3.14 GB
Memory Efficiency: 2.62% of 120.00 GB
