[I 2024-05-23 19:34:29,964] Trial 49 pruned. 
  0%|          | 0/25 [00:00<?, ?it/s]  4%|▍         | 1/25 [00:03<01:28,  3.67s/it]  8%|▊         | 2/25 [00:07<01:24,  3.67s/it] 12%|█▏        | 3/25 [00:10<01:20,  3.65s/it] 16%|█▌        | 4/25 [00:14<01:16,  3.65s/it] 20%|██        | 5/25 [00:18<01:13,  3.66s/it] 24%|██▍       | 6/25 [00:21<01:09,  3.66s/it] 28%|██▊       | 7/25 [00:25<01:05,  3.66s/it] 32%|███▏      | 8/25 [00:29<01:02,  3.66s/it] 36%|███▌      | 9/25 [00:32<00:58,  3.65s/it] 40%|████      | 10/25 [00:36<00:54,  3.65s/it] 44%|████▍     | 11/25 [00:40<00:51,  3.65s/it] 48%|████▊     | 12/25 [00:43<00:47,  3.65s/it] 52%|█████▏    | 13/25 [00:47<00:43,  3.66s/it] 56%|█████▌    | 14/25 [00:51<00:40,  3.64s/it] 60%|██████    | 15/25 [00:54<00:36,  3.64s/it] 64%|██████▍   | 16/25 [00:58<00:32,  3.65s/it] 68%|██████▊   | 17/25 [01:02<00:29,  3.64s/it] 72%|███████▏  | 18/25 [01:05<00:25,  3.64s/it] 76%|███████▌  | 19/25 [01:09<00:21,  3.64s/it] 80%|████████  | 20/25 [01:12<00:18,  3.64s/it] 84%|████████▍ | 21/25 [01:16<00:14,  3.65s/it] 88%|████████▊ | 22/25 [01:20<00:10,  3.64s/it] 92%|█████████▏| 23/25 [01:23<00:07,  3.64s/it] 96%|█████████▌| 24/25 [01:27<00:03,  3.64s/it]100%|██████████| 25/25 [01:31<00:00,  3.64s/it]100%|██████████| 25/25 [01:31<00:00,  3.65s/it]
[I 2024-05-23 19:36:01,257] Trial 50 finished with value: 0.013467330159619451 and parameters: {'d_model': 64, 'num_heads': 4, 'num_layers': 4, 'lr': 0.0007518706008487604, 'batch_size': 50, 'wd': 4.102531862366253e-05}. Best is trial 23 with value: 0.011614744132384659.
  0%|          | 0/25 [00:00<?, ?it/s]  4%|▍         | 1/25 [00:03<01:26,  3.61s/it]  8%|▊         | 2/25 [00:07<01:23,  3.62s/it] 12%|█▏        | 3/25 [00:10<01:19,  3.63s/it] 16%|█▌        | 4/25 [00:14<01:16,  3.64s/it] 20%|██        | 5/25 [00:18<01:12,  3.63s/it] 24%|██▍       | 6/25 [00:21<01:09,  3.64s/it] 28%|██▊       | 7/25 [00:25<01:05,  3.64s/it] 32%|███▏      | 8/25 [00:29<01:01,  3.64s/it] 36%|███▌      | 9/25 [00:32<00:58,  3.63s/it] 40%|████      | 10/25 [00:36<00:54,  3.63s/it] 44%|████▍     | 11/25 [00:39<00:50,  3.63s/it] 48%|████▊     | 12/25 [00:43<00:47,  3.63s/it] 52%|█████▏    | 13/25 [00:47<00:43,  3.64s/it] 56%|█████▌    | 14/25 [00:50<00:39,  3.62s/it] 60%|██████    | 15/25 [00:54<00:36,  3.63s/it] 64%|██████▍   | 16/25 [00:58<00:32,  3.63s/it] 68%|██████▊   | 17/25 [01:01<00:29,  3.64s/it] 72%|███████▏  | 18/25 [01:05<00:25,  3.64s/it] 76%|███████▌  | 19/25 [01:09<00:21,  3.65s/it] 80%|████████  | 20/25 [01:12<00:18,  3.64s/it] 84%|████████▍ | 21/25 [01:16<00:14,  3.64s/it] 88%|████████▊ | 22/25 [01:19<00:10,  3.64s/it] 92%|█████████▏| 23/25 [01:23<00:07,  3.66s/it] 96%|█████████▌| 24/25 [01:27<00:03,  3.65s/it]100%|██████████| 25/25 [01:30<00:00,  3.65s/it]100%|██████████| 25/25 [01:30<00:00,  3.64s/it]
[I 2024-05-23 19:37:32,281] Trial 51 finished with value: 0.012845471547916532 and parameters: {'d_model': 64, 'num_heads': 4, 'num_layers': 4, 'lr': 0.0007552147834872205, 'batch_size': 50, 'wd': 3.878661704697554e-05}. Best is trial 23 with value: 0.011614744132384659.
  0%|          | 0/25 [00:00<?, ?it/s]  4%|▍         | 1/25 [00:03<01:27,  3.66s/it]  8%|▊         | 2/25 [00:07<01:24,  3.66s/it] 12%|█▏        | 3/25 [00:10<01:20,  3.66s/it] 16%|█▌        | 4/25 [00:14<01:17,  3.67s/it] 20%|██        | 5/25 [00:18<01:13,  3.68s/it] 24%|██▍       | 6/25 [00:21<01:09,  3.66s/it] 28%|██▊       | 7/25 [00:25<01:05,  3.63s/it] 32%|███▏      | 8/25 [00:29<01:02,  3.65s/it] 36%|███▌      | 9/25 [00:32<00:58,  3.65s/it] 36%|███▌      | 9/25 [00:36<01:05,  4.06s/it]
[I 2024-05-23 19:38:08,939] Trial 52 pruned. 
  0%|          | 0/25 [00:00<?, ?it/s]  0%|          | 0/25 [00:02<?, ?it/s]
[I 2024-05-23 19:38:11,870] Trial 53 pruned. 
  0%|          | 0/25 [00:00<?, ?it/s]  0%|          | 0/25 [00:03<?, ?it/s]
[I 2024-05-23 19:38:15,548] Trial 54 pruned. 
  0%|          | 0/25 [00:00<?, ?it/s]  4%|▍         | 1/25 [00:02<01:08,  2.84s/it]  8%|▊         | 2/25 [00:05<01:04,  2.83s/it] 12%|█▏        | 3/25 [00:08<01:02,  2.82s/it] 16%|█▌        | 4/25 [00:11<00:59,  2.82s/it] 20%|██        | 5/25 [00:14<00:56,  2.83s/it] 24%|██▍       | 6/25 [00:16<00:53,  2.82s/it] 28%|██▊       | 7/25 [00:19<00:50,  2.83s/it] 32%|███▏      | 8/25 [00:22<00:48,  2.83s/it] 36%|███▌      | 9/25 [00:25<00:45,  2.83s/it] 36%|███▌      | 9/25 [00:28<00:50,  3.14s/it]
[I 2024-05-23 19:38:43,899] Trial 55 pruned. 
  0%|          | 0/25 [00:00<?, ?it/s]  4%|▍         | 1/25 [00:03<01:26,  3.62s/it]  8%|▊         | 2/25 [00:07<01:22,  3.60s/it]  8%|▊         | 2/25 [00:10<02:04,  5.41s/it]
[I 2024-05-23 19:38:54,800] Trial 56 pruned. 
  0%|          | 0/25 [00:00<?, ?it/s]  0%|          | 0/25 [00:01<?, ?it/s]
[I 2024-05-23 19:38:56,560] Trial 57 pruned. 
  0%|          | 0/25 [00:00<?, ?it/s]  4%|▍         | 1/25 [00:02<01:08,  2.84s/it]  8%|▊         | 2/25 [00:05<01:05,  2.84s/it] 12%|█▏        | 3/25 [00:08<01:02,  2.83s/it] 16%|█▌        | 4/25 [00:11<00:59,  2.83s/it] 16%|█▌        | 4/25 [00:14<01:14,  3.55s/it]
[I 2024-05-23 19:39:10,830] Trial 58 pruned. 
  0%|          | 0/25 [00:00<?, ?it/s]  4%|▍         | 1/25 [00:03<01:27,  3.63s/it]  8%|▊         | 2/25 [00:07<01:23,  3.65s/it] 12%|█▏        | 3/25 [00:10<01:19,  3.63s/it] 16%|█▌        | 4/25 [00:14<01:16,  3.63s/it] 20%|██        | 5/25 [00:18<01:12,  3.64s/it] 24%|██▍       | 6/25 [00:21<01:09,  3.64s/it] 28%|██▊       | 7/25 [00:25<01:05,  3.64s/it] 28%|██▊       | 7/25 [00:29<01:14,  4.16s/it]
[I 2024-05-23 19:39:40,010] Trial 59 pruned. 
  0%|          | 0/25 [00:00<?, ?it/s]  0%|          | 0/25 [00:01<?, ?it/s]
[I 2024-05-23 19:39:42,046] Trial 60 pruned. 
  0%|          | 0/25 [00:00<?, ?it/s]  4%|▍         | 1/25 [00:03<01:27,  3.65s/it]  4%|▍         | 1/25 [00:07<02:54,  7.27s/it]
[I 2024-05-23 19:39:49,401] Trial 61 pruned. 
  0%|          | 0/25 [00:00<?, ?it/s]  4%|▍         | 1/25 [00:03<01:26,  3.62s/it]  8%|▊         | 2/25 [00:07<01:23,  3.61s/it] 12%|█▏        | 3/25 [00:10<01:19,  3.61s/it] 16%|█▌        | 4/25 [00:14<01:15,  3.61s/it] 20%|██        | 5/25 [00:18<01:12,  3.62s/it] 24%|██▍       | 6/25 [00:21<01:08,  3.60s/it] 28%|██▊       | 7/25 [00:25<01:04,  3.61s/it] 32%|███▏      | 8/25 [00:28<01:01,  3.63s/it] 36%|███▌      | 9/25 [00:32<00:57,  3.62s/it] 40%|████      | 10/25 [00:36<00:54,  3.62s/it] 44%|████▍     | 11/25 [00:39<00:50,  3.61s/it] 48%|████▊     | 12/25 [00:43<00:46,  3.61s/it] 52%|█████▏    | 13/25 [00:46<00:43,  3.62s/it] 56%|█████▌    | 14/25 [00:50<00:39,  3.61s/it] 60%|██████    | 15/25 [00:54<00:36,  3.61s/it] 64%|██████▍   | 16/25 [00:57<00:32,  3.61s/it] 68%|██████▊   | 17/25 [01:01<00:28,  3.61s/it] 72%|███████▏  | 18/25 [01:05<00:25,  3.62s/it] 76%|███████▌  | 19/25 [01:08<00:21,  3.61s/it] 80%|████████  | 20/25 [01:12<00:18,  3.61s/it] 84%|████████▍ | 21/25 [01:15<00:14,  3.61s/it] 88%|████████▊ | 22/25 [01:19<00:10,  3.61s/it] 92%|█████████▏| 23/25 [01:23<00:07,  3.60s/it] 96%|█████████▌| 24/25 [01:26<00:03,  3.61s/it]100%|██████████| 25/25 [01:30<00:00,  3.61s/it]100%|██████████| 25/25 [01:30<00:00,  3.61s/it]
[I 2024-05-23 19:41:19,790] Trial 62 finished with value: 0.014084563637152315 and parameters: {'d_model': 64, 'num_heads': 4, 'num_layers': 4, 'lr': 0.0006747285642892267, 'batch_size': 50, 'wd': 3.0122756780580243e-05}. Best is trial 23 with value: 0.011614744132384659.
  0%|          | 0/25 [00:00<?, ?it/s]  4%|▍         | 1/25 [00:02<01:08,  2.84s/it]  8%|▊         | 2/25 [00:05<01:05,  2.84s/it] 12%|█▏        | 3/25 [00:08<01:02,  2.84s/it] 12%|█▏        | 3/25 [00:11<01:23,  3.79s/it]
[I 2024-05-23 19:41:31,244] Trial 63 pruned. 
  0%|          | 0/25 [00:00<?, ?it/s]  4%|▍         | 1/25 [00:02<00:48,  2.04s/it]  8%|▊         | 2/25 [00:04<00:46,  2.04s/it] 12%|█▏        | 3/25 [00:06<00:44,  2.04s/it] 16%|█▌        | 4/25 [00:08<00:42,  2.04s/it] 20%|██        | 5/25 [00:10<00:40,  2.04s/it] 24%|██▍       | 6/25 [00:12<00:38,  2.04s/it] 24%|██▍       | 6/25 [00:14<00:45,  2.38s/it]
[I 2024-05-23 19:41:45,627] Trial 64 pruned. 
  0%|          | 0/25 [00:00<?, ?it/s]  4%|▍         | 1/25 [00:04<01:46,  4.42s/it]  8%|▊         | 2/25 [00:08<01:42,  4.44s/it] 12%|█▏        | 3/25 [00:13<01:37,  4.42s/it] 16%|█▌        | 4/25 [00:17<01:32,  4.42s/it] 20%|██        | 5/25 [00:22<01:27,  4.40s/it] 20%|██        | 5/25 [00:26<01:45,  5.30s/it]
[I 2024-05-23 19:42:12,206] Trial 65 pruned. 
  0%|          | 0/25 [00:00<?, ?it/s]  4%|▍         | 1/25 [00:03<01:27,  3.63s/it]  4%|▍         | 1/25 [00:07<02:54,  7.25s/it]
[I 2024-05-23 19:42:19,544] Trial 66 pruned. 
  0%|          | 0/25 [00:00<?, ?it/s]  4%|▍         | 1/25 [00:01<00:40,  1.71s/it]  4%|▍         | 1/25 [00:03<01:21,  3.40s/it]
[I 2024-05-23 19:42:23,019] Trial 67 pruned. 
  0%|          | 0/25 [00:00<?, ?it/s]  0%|          | 0/25 [00:02<?, ?it/s]
[I 2024-05-23 19:42:25,695] Trial 68 pruned. 
  0%|          | 0/25 [00:00<?, ?it/s]  4%|▍         | 1/25 [00:02<00:49,  2.07s/it]  8%|▊         | 2/25 [00:04<00:47,  2.07s/it] 12%|█▏        | 3/25 [00:06<00:45,  2.08s/it] 12%|█▏        | 3/25 [00:08<01:00,  2.77s/it]
[I 2024-05-23 19:42:34,077] Trial 69 pruned. 
  0%|          | 0/25 [00:00<?, ?it/s]  0%|          | 0/25 [00:02<?, ?it/s]
[I 2024-05-23 19:42:36,341] Trial 70 pruned. 
  0%|          | 0/25 [00:00<?, ?it/s]  4%|▍         | 1/25 [00:07<02:58,  7.43s/it]  8%|▊         | 2/25 [00:14<02:50,  7.43s/it] 12%|█▏        | 3/25 [00:22<02:43,  7.44s/it] 16%|█▌        | 4/25 [00:29<02:36,  7.45s/it] 20%|██        | 5/25 [00:37<02:29,  7.45s/it] 24%|██▍       | 6/25 [00:44<02:21,  7.45s/it] 28%|██▊       | 7/25 [00:52<02:13,  7.43s/it] 32%|███▏      | 8/25 [00:59<02:06,  7.42s/it] 36%|███▌      | 9/25 [01:06<01:58,  7.43s/it] 40%|████      | 10/25 [01:14<01:51,  7.42s/it] 44%|████▍     | 11/25 [01:21<01:43,  7.43s/it] 48%|████▊     | 12/25 [01:29<01:36,  7.43s/it] 52%|█████▏    | 13/25 [01:36<01:29,  7.42s/it] 56%|█████▌    | 14/25 [01:44<01:21,  7.45s/it] 60%|██████    | 15/25 [01:51<01:14,  7.46s/it] 64%|██████▍   | 16/25 [01:59<01:07,  7.45s/it] 64%|██████▍   | 16/25 [02:06<01:11,  7.91s/it]
[I 2024-05-23 19:44:42,963] Trial 71 pruned. 
  0%|          | 0/25 [00:00<?, ?it/s]  4%|▍         | 1/25 [00:08<03:32,  8.85s/it]  8%|▊         | 2/25 [00:17<03:23,  8.84s/it] 12%|█▏        | 3/25 [00:26<03:14,  8.86s/it] 16%|█▌        | 4/25 [00:35<03:05,  8.84s/it] 20%|██        | 5/25 [00:44<02:56,  8.83s/it] 24%|██▍       | 6/25 [00:52<02:47,  8.82s/it] 28%|██▊       | 7/25 [01:01<02:39,  8.84s/it] 32%|███▏      | 8/25 [01:10<02:30,  8.84s/it] 36%|███▌      | 9/25 [01:19<02:21,  8.85s/it] 40%|████      | 10/25 [01:28<02:12,  8.82s/it] 44%|████▍     | 11/25 [01:37<02:03,  8.82s/it] 48%|████▊     | 12/25 [01:45<01:54,  8.82s/it] 52%|█████▏    | 13/25 [01:54<01:45,  8.82s/it] 56%|█████▌    | 14/25 [02:03<01:37,  8.85s/it] 60%|██████    | 15/25 [02:12<01:28,  8.85s/it] 64%|██████▍   | 16/25 [02:21<01:19,  8.84s/it] 68%|██████▊   | 17/25 [02:30<01:10,  8.84s/it] 72%|███████▏  | 18/25 [02:39<01:01,  8.82s/it] 76%|███████▌  | 19/25 [02:47<00:52,  8.81s/it] 80%|████████  | 20/25 [02:56<00:44,  8.82s/it] 84%|████████▍ | 21/25 [03:05<00:35,  8.85s/it] 88%|████████▊ | 22/25 [03:14<00:26,  8.84s/it] 92%|█████████▏| 23/25 [03:23<00:17,  8.84s/it] 96%|█████████▌| 24/25 [03:31<00:08,  8.82s/it]100%|██████████| 25/25 [03:40<00:00,  8.82s/it]100%|██████████| 25/25 [03:40<00:00,  8.83s/it]
[I 2024-05-23 19:48:23,883] Trial 72 finished with value: 0.01399456518702209 and parameters: {'d_model': 128, 'num_heads': 16, 'num_layers': 6, 'lr': 0.0003301932294924629, 'batch_size': 50, 'wd': 1.2314491486301488e-06}. Best is trial 23 with value: 0.011614744132384659.
  0%|          | 0/25 [00:00<?, ?it/s]  0%|          | 0/25 [00:06<?, ?it/s]
[I 2024-05-23 19:48:30,120] Trial 73 pruned. 
  0%|          | 0/25 [00:00<?, ?it/s]  4%|▍         | 1/25 [00:06<02:26,  6.10s/it]  4%|▍         | 1/25 [00:12<04:53, 12.23s/it]
[I 2024-05-23 19:48:42,476] Trial 74 pruned. 
  0%|          | 0/25 [00:00<?, ?it/s]  0%|          | 0/25 [00:07<?, ?it/s]
[I 2024-05-23 19:48:50,092] Trial 75 pruned. 
  0%|          | 0/25 [00:00<?, ?it/s]  0%|          | 0/25 [00:07<?, ?it/s]
[I 2024-05-23 19:48:57,643] Trial 76 pruned. 
  0%|          | 0/25 [00:00<?, ?it/s]  4%|▍         | 1/25 [00:10<04:05, 10.21s/it]  8%|▊         | 2/25 [00:20<03:55, 10.23s/it] 12%|█▏        | 3/25 [00:30<03:44, 10.21s/it] 16%|█▌        | 4/25 [00:40<03:34, 10.21s/it] 20%|██        | 5/25 [00:51<03:24, 10.21s/it] 20%|██        | 5/25 [01:01<04:05, 12.26s/it]
[I 2024-05-23 19:49:59,081] Trial 77 pruned. 
  0%|          | 0/25 [00:00<?, ?it/s]  4%|▍         | 1/25 [00:01<00:41,  1.74s/it]  4%|▍         | 1/25 [00:03<01:23,  3.47s/it]
[I 2024-05-23 19:50:02,631] Trial 78 pruned. 
  0%|          | 0/25 [00:00<?, ?it/s]  0%|          | 0/25 [00:03<?, ?it/s]
[I 2024-05-23 19:50:06,360] Trial 79 pruned. 
  0%|          | 0/25 [00:00<?, ?it/s]  4%|▍         | 1/25 [00:02<00:49,  2.07s/it]  4%|▍         | 1/25 [00:04<01:39,  4.14s/it]
[I 2024-05-23 19:50:10,580] Trial 80 pruned. 
  0%|          | 0/25 [00:00<?, ?it/s]  4%|▍         | 1/25 [00:02<01:09,  2.89s/it]  8%|▊         | 2/25 [00:05<01:06,  2.91s/it] 12%|█▏        | 3/25 [00:08<01:03,  2.89s/it] 16%|█▌        | 4/25 [00:11<01:00,  2.89s/it] 20%|██        | 5/25 [00:14<00:57,  2.90s/it] 24%|██▍       | 6/25 [00:17<00:54,  2.89s/it] 28%|██▊       | 7/25 [00:20<00:52,  2.89s/it] 32%|███▏      | 8/25 [00:23<00:49,  2.88s/it] 36%|███▌      | 9/25 [00:25<00:46,  2.88s/it] 40%|████      | 10/25 [00:28<00:43,  2.87s/it] 44%|████▍     | 11/25 [00:31<00:40,  2.87s/it] 48%|████▊     | 12/25 [00:34<00:37,  2.87s/it] 52%|█████▏    | 13/25 [00:37<00:34,  2.88s/it] 56%|█████▌    | 14/25 [00:40<00:31,  2.87s/it] 60%|██████    | 15/25 [00:43<00:28,  2.88s/it] 64%|██████▍   | 16/25 [00:46<00:25,  2.88s/it] 68%|██████▊   | 17/25 [00:48<00:23,  2.88s/it] 72%|███████▏  | 18/25 [00:51<00:20,  2.88s/it] 76%|███████▌  | 19/25 [00:54<00:17,  2.88s/it] 80%|████████  | 20/25 [00:57<00:14,  2.88s/it] 84%|████████▍ | 21/25 [01:00<00:11,  2.89s/it] 88%|████████▊ | 22/25 [01:03<00:08,  2.89s/it] 92%|█████████▏| 23/25 [01:06<00:05,  2.89s/it] 96%|█████████▌| 24/25 [01:09<00:02,  2.89s/it]100%|██████████| 25/25 [01:12<00:00,  2.89s/it]100%|██████████| 25/25 [01:12<00:00,  2.89s/it]
[I 2024-05-23 19:51:22,794] Trial 81 finished with value: 0.013269238267093897 and parameters: {'d_model': 64, 'num_heads': 8, 'num_layers': 3, 'lr': 0.0005979936308120802, 'batch_size': 50, 'wd': 3.3013655841034296e-05}. Best is trial 23 with value: 0.011614744132384659.
  0%|          | 0/25 [00:00<?, ?it/s]  0%|          | 0/25 [00:02<?, ?it/s]
[I 2024-05-23 19:51:25,774] Trial 82 pruned. 
  0%|          | 0/25 [00:00<?, ?it/s]  4%|▍         | 1/25 [00:02<00:50,  2.09s/it]  8%|▊         | 2/25 [00:04<00:47,  2.09s/it] 12%|█▏        | 3/25 [00:06<00:46,  2.09s/it] 16%|█▌        | 4/25 [00:08<00:43,  2.09s/it] 20%|██        | 5/25 [00:10<00:41,  2.09s/it] 20%|██        | 5/25 [00:12<00:50,  2.50s/it]
[I 2024-05-23 19:51:38,366] Trial 83 pruned. 
  0%|          | 0/25 [00:00<?, ?it/s]  4%|▍         | 1/25 [00:02<01:09,  2.89s/it]  8%|▊         | 2/25 [00:05<01:06,  2.89s/it] 12%|█▏        | 3/25 [00:08<01:03,  2.90s/it] 16%|█▌        | 4/25 [00:11<01:01,  2.91s/it] 20%|██        | 5/25 [00:14<00:58,  2.90s/it] 24%|██▍       | 6/25 [00:17<00:54,  2.89s/it] 28%|██▊       | 7/25 [00:20<00:52,  2.90s/it] 32%|███▏      | 8/25 [00:23<00:49,  2.89s/it] 36%|███▌      | 9/25 [00:26<00:46,  2.89s/it] 40%|████      | 10/25 [00:28<00:43,  2.88s/it] 44%|████▍     | 11/25 [00:31<00:40,  2.88s/it] 48%|████▊     | 12/25 [00:34<00:37,  2.88s/it] 52%|█████▏    | 13/25 [00:37<00:34,  2.89s/it] 56%|█████▌    | 14/25 [00:40<00:31,  2.88s/it] 60%|██████    | 15/25 [00:43<00:28,  2.88s/it] 64%|██████▍   | 16/25 [00:46<00:25,  2.87s/it] 68%|██████▊   | 17/25 [00:49<00:22,  2.87s/it] 72%|███████▏  | 18/25 [00:51<00:20,  2.87s/it] 76%|███████▌  | 19/25 [00:54<00:17,  2.86s/it] 80%|████████  | 20/25 [00:57<00:14,  2.87s/it] 84%|████████▍ | 21/25 [01:00<00:11,  2.87s/it] 88%|████████▊ | 22/25 [01:03<00:08,  2.87s/it] 92%|█████████▏| 23/25 [01:06<00:05,  2.87s/it] 96%|█████████▌| 24/25 [01:09<00:02,  2.87s/it]100%|██████████| 25/25 [01:12<00:00,  2.87s/it]100%|██████████| 25/25 [01:12<00:00,  2.88s/it]
[I 2024-05-23 19:52:50,482] Trial 84 finished with value: 0.013561340374872088 and parameters: {'d_model': 64, 'num_heads': 8, 'num_layers': 3, 'lr': 0.00048560251306189035, 'batch_size': 50, 'wd': 5.22868744741957e-05}. Best is trial 23 with value: 0.011614744132384659.
  0%|          | 0/25 [00:00<?, ?it/s]  4%|▍         | 1/25 [00:02<01:08,  2.86s/it]  8%|▊         | 2/25 [00:05<01:06,  2.87s/it] 12%|█▏        | 3/25 [00:08<01:03,  2.89s/it] 16%|█▌        | 4/25 [00:11<01:00,  2.88s/it] 16%|█▌        | 4/25 [00:14<01:15,  3.60s/it]
[I 2024-05-23 19:53:04,959] Trial 85 pruned. 
  0%|          | 0/25 [00:00<?, ?it/s]  0%|          | 0/25 [00:02<?, ?it/s]
[I 2024-05-23 19:53:07,928] Trial 86 pruned. 
  0%|          | 0/25 [00:00<?, ?it/s]  0%|          | 0/25 [00:01<?, ?it/s]
[I 2024-05-23 19:53:09,208] Trial 87 pruned. 
  0%|          | 0/25 [00:00<?, ?it/s]  0%|          | 0/25 [00:00<?, ?it/s]
[I 2024-05-23 19:53:10,097] Trial 88 pruned. 
  0%|          | 0/25 [00:00<?, ?it/s]  4%|▍         | 1/25 [00:03<01:29,  3.71s/it]  4%|▍         | 1/25 [00:07<02:58,  7.45s/it]
[I 2024-05-23 19:53:17,628] Trial 89 pruned. 
  0%|          | 0/25 [00:00<?, ?it/s]  0%|          | 0/25 [00:02<?, ?it/s]
[I 2024-05-23 19:53:20,636] Trial 90 pruned. 
  0%|          | 0/25 [00:00<?, ?it/s]  0%|          | 0/25 [00:06<?, ?it/s]
[I 2024-05-23 19:53:26,841] Trial 91 pruned. 
  0%|          | 0/25 [00:00<?, ?it/s]  4%|▍         | 1/25 [00:06<02:26,  6.11s/it]  8%|▊         | 2/25 [00:12<02:21,  6.13s/it] 12%|█▏        | 3/25 [00:18<02:14,  6.13s/it] 16%|█▌        | 4/25 [00:24<02:08,  6.13s/it] 20%|██        | 5/25 [00:30<02:02,  6.12s/it] 24%|██▍       | 6/25 [00:36<01:56,  6.13s/it] 28%|██▊       | 7/25 [00:42<01:50,  6.14s/it] 32%|███▏      | 8/25 [00:49<01:44,  6.14s/it] 36%|███▌      | 9/25 [00:55<01:38,  6.14s/it] 40%|████      | 10/25 [01:01<01:32,  6.14s/it] 44%|████▍     | 11/25 [01:07<01:25,  6.13s/it] 48%|████▊     | 12/25 [01:13<01:19,  6.11s/it] 52%|█████▏    | 13/25 [01:19<01:13,  6.11s/it] 56%|█████▌    | 14/25 [01:25<01:07,  6.11s/it] 60%|██████    | 15/25 [01:31<01:01,  6.12s/it] 64%|██████▍   | 16/25 [01:37<00:54,  6.10s/it] 68%|██████▊   | 17/25 [01:44<00:48,  6.10s/it] 72%|███████▏  | 18/25 [01:50<00:42,  6.09s/it] 76%|███████▌  | 19/25 [01:56<00:36,  6.09s/it] 80%|████████  | 20/25 [02:02<00:30,  6.08s/it] 84%|████████▍ | 21/25 [02:08<00:24,  6.08s/it] 88%|████████▊ | 22/25 [02:14<00:18,  6.08s/it] 92%|█████████▏| 23/25 [02:20<00:12,  6.08s/it] 96%|█████████▌| 24/25 [02:26<00:06,  6.10s/it]100%|██████████| 25/25 [02:32<00:00,  6.09s/it]100%|██████████| 25/25 [02:32<00:00,  6.11s/it]
[I 2024-05-23 19:55:59,638] Trial 92 finished with value: 0.015383569663390518 and parameters: {'d_model': 128, 'num_heads': 4, 'num_layers': 4, 'lr': 0.0003397813983543306, 'batch_size': 50, 'wd': 3.39176219672944e-05}. Best is trial 23 with value: 0.011614744132384659.
  0%|          | 0/25 [00:00<?, ?it/s]  0%|          | 0/25 [00:05<?, ?it/s]
[I 2024-05-23 19:56:04,766] Trial 93 pruned. 
  0%|          | 0/25 [00:00<?, ?it/s]  0%|          | 0/25 [00:02<?, ?it/s]
[I 2024-05-23 19:56:07,719] Trial 94 pruned. 
  0%|          | 0/25 [00:00<?, ?it/s]  4%|▍         | 1/25 [00:03<01:27,  3.66s/it]  4%|▍         | 1/25 [00:07<02:56,  7.34s/it]
[I 2024-05-23 19:56:15,153] Trial 95 pruned. 
  0%|          | 0/25 [00:00<?, ?it/s]  4%|▍         | 1/25 [00:04<01:55,  4.80s/it]  8%|▊         | 2/25 [00:09<01:49,  4.78s/it] 12%|█▏        | 3/25 [00:14<01:44,  4.76s/it] 16%|█▌        | 4/25 [00:19<01:39,  4.76s/it] 20%|██        | 5/25 [00:23<01:35,  4.76s/it] 24%|██▍       | 6/25 [00:28<01:30,  4.77s/it] 28%|██▊       | 7/25 [00:33<01:25,  4.78s/it] 32%|███▏      | 8/25 [00:38<01:21,  4.77s/it] 36%|███▌      | 9/25 [00:42<01:16,  4.76s/it] 40%|████      | 10/25 [00:47<01:11,  4.77s/it] 44%|████▍     | 11/25 [00:52<01:06,  4.76s/it] 48%|████▊     | 12/25 [00:57<01:01,  4.74s/it] 52%|█████▏    | 13/25 [01:01<00:56,  4.74s/it] 56%|█████▌    | 14/25 [01:06<00:52,  4.74s/it] 60%|██████    | 15/25 [01:11<00:47,  4.74s/it] 64%|██████▍   | 16/25 [01:16<00:42,  4.73s/it] 68%|██████▊   | 17/25 [01:20<00:37,  4.73s/it] 72%|███████▏  | 18/25 [01:25<00:33,  4.74s/it] 76%|███████▌  | 19/25 [01:30<00:28,  4.74s/it] 80%|████████  | 20/25 [01:35<00:23,  4.74s/it] 84%|████████▍ | 21/25 [01:39<00:18,  4.75s/it] 88%|████████▊ | 22/25 [01:44<00:14,  4.75s/it] 92%|█████████▏| 23/25 [01:49<00:09,  4.75s/it] 96%|█████████▌| 24/25 [01:54<00:04,  4.74s/it]100%|██████████| 25/25 [01:58<00:00,  4.73s/it]100%|██████████| 25/25 [01:58<00:00,  4.75s/it]
[I 2024-05-23 19:58:13,997] Trial 96 finished with value: 0.012875672476366163 and parameters: {'d_model': 128, 'num_heads': 16, 'num_layers': 3, 'lr': 0.00044052010786026083, 'batch_size': 50, 'wd': 3.0478952192368578e-05}. Best is trial 23 with value: 0.011614744132384659.
  0%|          | 0/25 [00:00<?, ?it/s]  0%|          | 0/25 [00:04<?, ?it/s]
[I 2024-05-23 19:58:18,812] Trial 97 pruned. 
  0%|          | 0/25 [00:00<?, ?it/s]  4%|▍         | 1/25 [00:02<01:08,  2.85s/it]  8%|▊         | 2/25 [00:05<01:05,  2.84s/it] 12%|█▏        | 3/25 [00:08<01:02,  2.84s/it] 12%|█▏        | 3/25 [00:11<01:23,  3.79s/it]
