[I 2024-05-25 01:25:14,193] Trial 23 pruned. 
  0%|          | 0/25 [00:00<?, ?it/s]  4%|▍         | 1/25 [00:04<01:47,  4.47s/it]  8%|▊         | 2/25 [00:08<01:42,  4.47s/it] 12%|█▏        | 3/25 [00:13<01:38,  4.46s/it] 16%|█▌        | 4/25 [00:17<01:33,  4.45s/it] 20%|██        | 5/25 [00:22<01:29,  4.45s/it] 24%|██▍       | 6/25 [00:26<01:24,  4.45s/it] 28%|██▊       | 7/25 [00:31<01:20,  4.45s/it] 32%|███▏      | 8/25 [00:35<01:15,  4.45s/it] 36%|███▌      | 9/25 [00:40<01:11,  4.46s/it] 40%|████      | 10/25 [00:44<01:06,  4.45s/it] 44%|████▍     | 11/25 [00:48<01:02,  4.45s/it] 48%|████▊     | 12/25 [00:53<00:57,  4.45s/it] 52%|█████▏    | 13/25 [00:57<00:53,  4.45s/it] 56%|█████▌    | 14/25 [01:02<00:49,  4.46s/it] 60%|██████    | 15/25 [01:06<00:44,  4.45s/it] 64%|██████▍   | 16/25 [01:11<00:40,  4.46s/it] 68%|██████▊   | 17/25 [01:15<00:35,  4.45s/it] 72%|███████▏  | 18/25 [01:20<00:31,  4.45s/it] 76%|███████▌  | 19/25 [01:24<00:26,  4.45s/it] 80%|████████  | 20/25 [01:29<00:22,  4.45s/it] 84%|████████▍ | 21/25 [01:33<00:17,  4.45s/it] 88%|████████▊ | 22/25 [01:37<00:13,  4.45s/it] 92%|█████████▏| 23/25 [01:42<00:08,  4.46s/it] 96%|█████████▌| 24/25 [01:46<00:04,  4.46s/it]100%|██████████| 25/25 [01:51<00:00,  4.46s/it]100%|██████████| 25/25 [01:51<00:00,  4.45s/it]
[I 2024-05-25 01:27:05,671] Trial 24 finished with value: 0.014982370054349303 and parameters: {'d_model': 128, 'num_heads': 4, 'num_layers': 3, 'lr': 0.00031412783819831646, 'batch_size': 50, 'wd': 4.587977896645715e-05}. Best is trial 2 with value: 0.014630778785794973.
  0%|          | 0/25 [00:00<?, ?it/s]  4%|▍         | 1/25 [00:05<02:17,  5.74s/it]  8%|▊         | 2/25 [00:11<02:12,  5.74s/it] 12%|█▏        | 3/25 [00:17<02:06,  5.73s/it] 16%|█▌        | 4/25 [00:22<02:00,  5.74s/it] 20%|██        | 5/25 [00:28<01:54,  5.73s/it] 24%|██▍       | 6/25 [00:34<01:48,  5.73s/it] 28%|██▊       | 7/25 [00:40<01:43,  5.73s/it] 32%|███▏      | 8/25 [00:45<01:37,  5.73s/it] 36%|███▌      | 9/25 [00:51<01:31,  5.74s/it] 40%|████      | 10/25 [00:57<01:26,  5.74s/it] 44%|████▍     | 11/25 [01:03<01:20,  5.73s/it] 48%|████▊     | 12/25 [01:08<01:14,  5.73s/it] 52%|█████▏    | 13/25 [01:14<01:08,  5.73s/it] 56%|█████▌    | 14/25 [01:20<01:03,  5.74s/it] 60%|██████    | 15/25 [01:26<00:57,  5.73s/it] 64%|██████▍   | 16/25 [01:31<00:51,  5.74s/it] 68%|██████▊   | 17/25 [01:37<00:45,  5.74s/it] 72%|███████▏  | 18/25 [01:43<00:40,  5.74s/it] 76%|███████▌  | 19/25 [01:48<00:34,  5.74s/it] 80%|████████  | 20/25 [01:54<00:28,  5.74s/it] 84%|████████▍ | 21/25 [02:00<00:22,  5.74s/it] 88%|████████▊ | 22/25 [02:06<00:17,  5.74s/it] 92%|█████████▏| 23/25 [02:11<00:11,  5.74s/it] 96%|█████████▌| 24/25 [02:17<00:05,  5.74s/it]100%|██████████| 25/25 [02:23<00:00,  5.74s/it]100%|██████████| 25/25 [02:23<00:00,  5.74s/it]
[I 2024-05-25 01:29:29,207] Trial 25 finished with value: 0.012769817933440208 and parameters: {'d_model': 128, 'num_heads': 4, 'num_layers': 4, 'lr': 0.0003053937467586808, 'batch_size': 50, 'wd': 4.8953629467309986e-05}. Best is trial 25 with value: 0.012769817933440208.
  0%|          | 0/25 [00:00<?, ?it/s]  4%|▍         | 1/25 [00:01<00:44,  1.87s/it]  4%|▍         | 1/25 [00:03<01:29,  3.73s/it]
[I 2024-05-25 01:29:33,039] Trial 26 pruned. 
  0%|          | 0/25 [00:00<?, ?it/s]  0%|          | 0/25 [00:01<?, ?it/s]
[I 2024-05-25 01:29:34,545] Trial 27 pruned. 
  0%|          | 0/25 [00:00<?, ?it/s]  4%|▍         | 1/25 [00:03<01:21,  3.41s/it]  4%|▍         | 1/25 [00:06<02:43,  6.82s/it]
[I 2024-05-25 01:29:41,459] Trial 28 pruned. 
  0%|          | 0/25 [00:00<?, ?it/s]  0%|          | 0/25 [00:03<?, ?it/s]
[I 2024-05-25 01:29:45,087] Trial 29 pruned. 
  0%|          | 0/25 [00:00<?, ?it/s]  0%|          | 0/25 [00:04<?, ?it/s]
[I 2024-05-25 01:29:49,405] Trial 30 pruned. 
  0%|          | 0/25 [00:00<?, ?it/s]  4%|▍         | 1/25 [00:04<01:47,  4.48s/it]  8%|▊         | 2/25 [00:09<01:43,  4.51s/it] 12%|█▏        | 3/25 [00:13<01:38,  4.49s/it] 16%|█▌        | 4/25 [00:17<01:34,  4.49s/it] 20%|██        | 5/25 [00:22<01:29,  4.48s/it] 24%|██▍       | 6/25 [00:26<01:25,  4.49s/it] 28%|██▊       | 7/25 [00:31<01:20,  4.48s/it] 32%|███▏      | 8/25 [00:35<01:16,  4.51s/it] 36%|███▌      | 9/25 [00:40<01:11,  4.50s/it] 40%|████      | 10/25 [00:44<01:07,  4.48s/it] 44%|████▍     | 11/25 [00:49<01:02,  4.48s/it] 48%|████▊     | 12/25 [00:53<00:58,  4.47s/it] 52%|█████▏    | 13/25 [00:58<00:53,  4.46s/it] 56%|█████▌    | 14/25 [01:02<00:49,  4.47s/it] 60%|██████    | 15/25 [01:07<00:44,  4.47s/it] 64%|██████▍   | 16/25 [01:11<00:40,  4.46s/it] 68%|██████▊   | 17/25 [01:16<00:35,  4.47s/it] 72%|███████▏  | 18/25 [01:20<00:31,  4.47s/it] 76%|███████▌  | 19/25 [01:25<00:26,  4.47s/it] 80%|████████  | 20/25 [01:29<00:22,  4.47s/it] 84%|████████▍ | 21/25 [01:34<00:17,  4.48s/it] 88%|████████▊ | 22/25 [01:38<00:13,  4.47s/it] 92%|█████████▏| 23/25 [01:42<00:08,  4.46s/it] 96%|█████████▌| 24/25 [01:47<00:04,  4.46s/it]100%|██████████| 25/25 [01:51<00:00,  4.46s/it]100%|██████████| 25/25 [01:51<00:00,  4.47s/it]
[I 2024-05-25 01:31:41,385] Trial 31 finished with value: 0.01600979850627482 and parameters: {'d_model': 128, 'num_heads': 4, 'num_layers': 3, 'lr': 0.00024817222996441324, 'batch_size': 50, 'wd': 2.544935103618783e-06}. Best is trial 25 with value: 0.012769817933440208.
  0%|          | 0/25 [00:00<?, ?it/s]  4%|▍         | 1/25 [00:04<01:46,  4.44s/it]  8%|▊         | 2/25 [00:08<01:42,  4.45s/it] 12%|█▏        | 3/25 [00:13<01:38,  4.46s/it] 16%|█▌        | 4/25 [00:17<01:33,  4.46s/it] 20%|██        | 5/25 [00:22<01:29,  4.46s/it] 24%|██▍       | 6/25 [00:26<01:24,  4.46s/it] 28%|██▊       | 7/25 [00:31<01:20,  4.45s/it] 32%|███▏      | 8/25 [00:35<01:15,  4.45s/it] 36%|███▌      | 9/25 [00:40<01:11,  4.45s/it] 40%|████      | 10/25 [00:44<01:06,  4.45s/it] 44%|████▍     | 11/25 [00:48<01:02,  4.45s/it] 48%|████▊     | 12/25 [00:53<00:57,  4.44s/it] 52%|█████▏    | 13/25 [00:57<00:53,  4.44s/it] 56%|█████▌    | 14/25 [01:02<00:48,  4.45s/it] 60%|██████    | 15/25 [01:06<00:44,  4.45s/it] 64%|██████▍   | 16/25 [01:11<00:40,  4.45s/it] 68%|██████▊   | 17/25 [01:15<00:35,  4.45s/it] 72%|███████▏  | 18/25 [01:20<00:31,  4.45s/it] 76%|███████▌  | 19/25 [01:24<00:26,  4.45s/it] 80%|████████  | 20/25 [01:28<00:22,  4.44s/it] 84%|████████▍ | 21/25 [01:33<00:17,  4.44s/it] 88%|████████▊ | 22/25 [01:37<00:13,  4.44s/it] 92%|█████████▏| 23/25 [01:42<00:08,  4.45s/it] 96%|█████████▌| 24/25 [01:46<00:04,  4.44s/it]100%|██████████| 25/25 [01:51<00:00,  4.44s/it]100%|██████████| 25/25 [01:51<00:00,  4.45s/it]
[I 2024-05-25 01:33:32,693] Trial 32 finished with value: 0.01528257979080081 and parameters: {'d_model': 128, 'num_heads': 4, 'num_layers': 3, 'lr': 0.00021554841701023863, 'batch_size': 50, 'wd': 5.572420752772204e-05}. Best is trial 25 with value: 0.012769817933440208.
  0%|          | 0/25 [00:00<?, ?it/s]  4%|▍         | 1/25 [00:04<01:46,  4.44s/it]  8%|▊         | 2/25 [00:08<01:42,  4.44s/it] 12%|█▏        | 3/25 [00:13<01:37,  4.45s/it] 16%|█▌        | 4/25 [00:17<01:33,  4.45s/it] 20%|██        | 5/25 [00:22<01:29,  4.46s/it] 24%|██▍       | 6/25 [00:26<01:24,  4.46s/it] 28%|██▊       | 7/25 [00:31<01:20,  4.45s/it] 32%|███▏      | 8/25 [00:35<01:15,  4.45s/it] 36%|███▌      | 9/25 [00:40<01:11,  4.45s/it] 40%|████      | 10/25 [00:44<01:06,  4.45s/it] 44%|████▍     | 11/25 [00:48<01:02,  4.45s/it] 48%|████▊     | 12/25 [00:53<00:57,  4.45s/it] 52%|█████▏    | 13/25 [00:57<00:53,  4.45s/it] 56%|█████▌    | 14/25 [01:02<00:48,  4.45s/it] 60%|██████    | 15/25 [01:06<00:44,  4.45s/it] 64%|██████▍   | 16/25 [01:11<00:40,  4.45s/it] 68%|██████▊   | 17/25 [01:15<00:35,  4.45s/it] 72%|███████▏  | 18/25 [01:20<00:31,  4.45s/it] 76%|███████▌  | 19/25 [01:24<00:26,  4.45s/it] 80%|████████  | 20/25 [01:29<00:22,  4.45s/it] 84%|████████▍ | 21/25 [01:33<00:17,  4.45s/it] 88%|████████▊ | 22/25 [01:37<00:13,  4.45s/it] 92%|█████████▏| 23/25 [01:42<00:08,  4.45s/it] 96%|█████████▌| 24/25 [01:46<00:04,  4.45s/it]100%|██████████| 25/25 [01:51<00:00,  4.45s/it]100%|██████████| 25/25 [01:51<00:00,  4.45s/it]
[I 2024-05-25 01:35:24,067] Trial 33 finished with value: 0.014153988007456065 and parameters: {'d_model': 128, 'num_heads': 4, 'num_layers': 3, 'lr': 0.00036814307358714666, 'batch_size': 50, 'wd': 0.00017564851235694833}. Best is trial 25 with value: 0.012769817933440208.
  0%|          | 0/25 [00:00<?, ?it/s]  0%|          | 0/25 [00:02<?, ?it/s]
[I 2024-05-25 01:35:26,471] Trial 34 pruned. 
  0%|          | 0/25 [00:00<?, ?it/s]  0%|          | 0/25 [00:03<?, ?it/s]
[I 2024-05-25 01:35:29,741] Trial 35 pruned. 
  0%|          | 0/25 [00:00<?, ?it/s]  0%|          | 0/25 [00:01<?, ?it/s]
[I 2024-05-25 01:35:31,719] Trial 36 pruned. 
  0%|          | 0/25 [00:00<?, ?it/s]  0%|          | 0/25 [00:00<?, ?it/s]
[I 2024-05-25 01:35:32,545] Trial 37 pruned. 
  0%|          | 0/25 [00:00<?, ?it/s]  4%|▍         | 1/25 [00:01<00:46,  1.94s/it]  4%|▍         | 1/25 [00:03<01:32,  3.87s/it]
[I 2024-05-25 01:35:36,503] Trial 38 pruned. 
  0%|          | 0/25 [00:00<?, ?it/s]  4%|▍         | 1/25 [00:05<02:20,  5.84s/it]  4%|▍         | 1/25 [00:11<04:38, 11.61s/it]
[I 2024-05-25 01:35:48,245] Trial 39 pruned. 
  0%|          | 0/25 [00:00<?, ?it/s]  0%|          | 0/25 [00:02<?, ?it/s]
[I 2024-05-25 01:35:51,125] Trial 40 pruned. 
  0%|          | 0/25 [00:00<?, ?it/s]  4%|▍         | 1/25 [00:04<01:48,  4.51s/it]  8%|▊         | 2/25 [00:09<01:43,  4.50s/it] 12%|█▏        | 3/25 [00:13<01:38,  4.49s/it] 16%|█▌        | 4/25 [00:17<01:34,  4.49s/it] 20%|██        | 5/25 [00:22<01:29,  4.48s/it] 24%|██▍       | 6/25 [00:26<01:25,  4.48s/it] 28%|██▊       | 7/25 [00:31<01:20,  4.48s/it] 32%|███▏      | 8/25 [00:35<01:16,  4.48s/it] 36%|███▌      | 9/25 [00:40<01:11,  4.48s/it] 40%|████      | 10/25 [00:44<01:07,  4.47s/it] 44%|████▍     | 11/25 [00:49<01:02,  4.48s/it] 48%|████▊     | 12/25 [00:53<00:58,  4.47s/it] 52%|█████▏    | 13/25 [00:58<00:53,  4.47s/it] 56%|█████▌    | 14/25 [01:02<00:49,  4.48s/it] 60%|██████    | 15/25 [01:07<00:44,  4.48s/it] 64%|██████▍   | 16/25 [01:11<00:40,  4.47s/it] 68%|██████▊   | 17/25 [01:16<00:35,  4.47s/it] 72%|███████▏  | 18/25 [01:20<00:31,  4.48s/it] 76%|███████▌  | 19/25 [01:25<00:26,  4.48s/it] 80%|████████  | 20/25 [01:29<00:22,  4.49s/it] 84%|████████▍ | 21/25 [01:34<00:17,  4.49s/it] 88%|████████▊ | 22/25 [01:38<00:13,  4.49s/it] 92%|█████████▏| 23/25 [01:43<00:08,  4.50s/it] 96%|█████████▌| 24/25 [01:47<00:04,  4.49s/it]100%|██████████| 25/25 [01:52<00:00,  4.49s/it]100%|██████████| 25/25 [01:52<00:00,  4.48s/it]
[I 2024-05-25 01:37:43,349] Trial 41 finished with value: 0.015210084710270166 and parameters: {'d_model': 128, 'num_heads': 4, 'num_layers': 3, 'lr': 0.00019848815069584057, 'batch_size': 50, 'wd': 9.680350946909795e-06}. Best is trial 25 with value: 0.012769817933440208.
  0%|          | 0/25 [00:00<?, ?it/s]  0%|          | 0/25 [00:04<?, ?it/s]
[I 2024-05-25 01:37:47,954] Trial 42 pruned. 
  0%|          | 0/25 [00:00<?, ?it/s]  0%|          | 0/25 [00:03<?, ?it/s]
[I 2024-05-25 01:37:51,226] Trial 43 pruned. 
  0%|          | 0/25 [00:00<?, ?it/s]  4%|▍         | 1/25 [00:02<01:04,  2.68s/it]  8%|▊         | 2/25 [00:05<01:01,  2.68s/it] 12%|█▏        | 3/25 [00:08<00:58,  2.67s/it] 16%|█▌        | 4/25 [00:10<00:56,  2.67s/it] 20%|██        | 5/25 [00:13<00:53,  2.66s/it] 24%|██▍       | 6/25 [00:16<00:50,  2.66s/it] 28%|██▊       | 7/25 [00:18<00:47,  2.66s/it] 32%|███▏      | 8/25 [00:21<00:45,  2.66s/it] 36%|███▌      | 9/25 [00:23<00:42,  2.66s/it] 40%|████      | 10/25 [00:26<00:39,  2.66s/it] 44%|████▍     | 11/25 [00:29<00:37,  2.66s/it] 48%|████▊     | 12/25 [00:31<00:34,  2.66s/it] 52%|█████▏    | 13/25 [00:34<00:31,  2.66s/it] 56%|█████▌    | 14/25 [00:37<00:29,  2.66s/it] 60%|██████    | 15/25 [00:39<00:26,  2.66s/it] 64%|██████▍   | 16/25 [00:42<00:23,  2.66s/it] 68%|██████▊   | 17/25 [00:45<00:21,  2.66s/it] 72%|███████▏  | 18/25 [00:47<00:18,  2.66s/it] 76%|███████▌  | 19/25 [00:50<00:15,  2.66s/it] 80%|████████  | 20/25 [00:53<00:13,  2.66s/it] 84%|████████▍ | 21/25 [00:55<00:10,  2.66s/it] 88%|████████▊ | 22/25 [00:58<00:07,  2.66s/it] 92%|█████████▏| 23/25 [01:01<00:05,  2.66s/it] 96%|█████████▌| 24/25 [01:03<00:02,  2.66s/it]100%|██████████| 25/25 [01:06<00:00,  2.66s/it]100%|██████████| 25/25 [01:06<00:00,  2.66s/it]
[I 2024-05-25 01:38:57,862] Trial 44 finished with value: 0.015676488867029548 and parameters: {'d_model': 64, 'num_heads': 4, 'num_layers': 3, 'lr': 0.00046694684205634266, 'batch_size': 50, 'wd': 3.1950225142026717e-05}. Best is trial 25 with value: 0.012769817933440208.
  0%|          | 0/25 [00:00<?, ?it/s]  0%|          | 0/25 [00:02<?, ?it/s]
[I 2024-05-25 01:39:00,452] Trial 45 pruned. 
  0%|          | 0/25 [00:00<?, ?it/s]  0%|          | 0/25 [00:01<?, ?it/s]
[I 2024-05-25 01:39:01,653] Trial 46 pruned. 
  0%|          | 0/25 [00:00<?, ?it/s]  0%|          | 0/25 [00:02<?, ?it/s]
[I 2024-05-25 01:39:04,426] Trial 47 pruned. 
  0%|          | 0/25 [00:00<?, ?it/s]  4%|▍         | 1/25 [00:05<02:18,  5.79s/it]  4%|▍         | 1/25 [00:11<04:37, 11.56s/it]
[I 2024-05-25 01:39:16,089] Trial 48 pruned. 
  0%|          | 0/25 [00:00<?, ?it/s]  0%|          | 0/25 [00:01<?, ?it/s]
[I 2024-05-25 01:39:18,053] Trial 49 pruned. 
  0%|          | 0/25 [00:00<?, ?it/s]  0%|          | 0/25 [00:04<?, ?it/s]
[I 2024-05-25 01:39:22,621] Trial 50 pruned. 
  0%|          | 0/25 [00:00<?, ?it/s]  4%|▍         | 1/25 [00:04<01:47,  4.48s/it]  8%|▊         | 2/25 [00:08<01:42,  4.47s/it] 12%|█▏        | 3/25 [00:13<01:38,  4.46s/it] 16%|█▌        | 4/25 [00:17<01:33,  4.47s/it] 20%|██        | 5/25 [00:22<01:29,  4.47s/it] 24%|██▍       | 6/25 [00:26<01:24,  4.46s/it] 28%|██▊       | 7/25 [00:31<01:20,  4.46s/it] 32%|███▏      | 8/25 [00:35<01:15,  4.46s/it] 36%|███▌      | 9/25 [00:40<01:11,  4.46s/it] 40%|████      | 10/25 [00:44<01:06,  4.46s/it] 44%|████▍     | 11/25 [00:49<01:02,  4.46s/it] 48%|████▊     | 12/25 [00:53<00:57,  4.46s/it] 52%|█████▏    | 13/25 [00:58<00:53,  4.46s/it] 56%|█████▌    | 14/25 [01:02<00:49,  4.46s/it] 60%|██████    | 15/25 [01:06<00:44,  4.46s/it] 64%|██████▍   | 16/25 [01:11<00:40,  4.45s/it] 68%|██████▊   | 17/25 [01:15<00:35,  4.45s/it] 72%|███████▏  | 18/25 [01:20<00:31,  4.46s/it] 76%|███████▌  | 19/25 [01:24<00:26,  4.46s/it] 80%|████████  | 20/25 [01:29<00:22,  4.46s/it] 84%|████████▍ | 21/25 [01:33<00:17,  4.46s/it] 88%|████████▊ | 22/25 [01:38<00:13,  4.47s/it] 92%|█████████▏| 23/25 [01:42<00:08,  4.46s/it] 96%|█████████▌| 24/25 [01:47<00:04,  4.46s/it]100%|██████████| 25/25 [01:51<00:00,  4.47s/it]100%|██████████| 25/25 [01:51<00:00,  4.46s/it]
[I 2024-05-25 01:41:14,274] Trial 51 finished with value: 0.015204816032201052 and parameters: {'d_model': 128, 'num_heads': 4, 'num_layers': 3, 'lr': 0.0002201211574583851, 'batch_size': 50, 'wd': 1.7979048209177696e-06}. Best is trial 25 with value: 0.012769817933440208.
  0%|          | 0/25 [00:00<?, ?it/s]  4%|▍         | 1/25 [00:04<01:47,  4.47s/it]  8%|▊         | 2/25 [00:08<01:43,  4.49s/it] 12%|█▏        | 3/25 [00:13<01:38,  4.47s/it] 16%|█▌        | 4/25 [00:17<01:33,  4.47s/it] 20%|██        | 5/25 [00:22<01:29,  4.48s/it] 24%|██▍       | 6/25 [00:26<01:24,  4.47s/it] 28%|██▊       | 7/25 [00:31<01:20,  4.47s/it] 32%|███▏      | 8/25 [00:35<01:15,  4.47s/it] 36%|███▌      | 9/25 [00:40<01:11,  4.47s/it] 40%|████      | 10/25 [00:44<01:07,  4.47s/it] 44%|████▍     | 11/25 [00:49<01:02,  4.47s/it] 48%|████▊     | 12/25 [00:53<00:58,  4.46s/it] 52%|█████▏    | 13/25 [00:58<00:53,  4.46s/it] 56%|█████▌    | 14/25 [01:02<00:49,  4.46s/it] 60%|██████    | 15/25 [01:07<00:44,  4.46s/it] 64%|██████▍   | 16/25 [01:11<00:40,  4.47s/it] 68%|██████▊   | 17/25 [01:15<00:35,  4.47s/it] 72%|███████▏  | 18/25 [01:20<00:31,  4.47s/it] 76%|███████▌  | 19/25 [01:24<00:26,  4.47s/it] 80%|████████  | 20/25 [01:29<00:22,  4.47s/it] 84%|████████▍ | 21/25 [01:33<00:17,  4.47s/it] 88%|████████▊ | 22/25 [01:38<00:13,  4.47s/it] 92%|█████████▏| 23/25 [01:42<00:08,  4.47s/it] 96%|█████████▌| 24/25 [01:47<00:04,  4.48s/it]100%|██████████| 25/25 [01:51<00:00,  4.48s/it]100%|██████████| 25/25 [01:51<00:00,  4.47s/it]
[I 2024-05-25 01:43:06,149] Trial 52 finished with value: 0.014394325716421009 and parameters: {'d_model': 128, 'num_heads': 4, 'num_layers': 3, 'lr': 0.000246705982974012, 'batch_size': 50, 'wd': 1.5321813825803041e-06}. Best is trial 25 with value: 0.012769817933440208.
  0%|          | 0/25 [00:00<?, ?it/s]  4%|▍         | 1/25 [00:05<02:18,  5.78s/it]  8%|▊         | 2/25 [00:11<02:12,  5.77s/it] 12%|█▏        | 3/25 [00:17<02:06,  5.76s/it] 16%|█▌        | 4/25 [00:23<02:01,  5.77s/it] 20%|██        | 5/25 [00:28<01:55,  5.76s/it] 24%|██▍       | 6/25 [00:34<01:49,  5.76s/it] 28%|██▊       | 7/25 [00:40<01:43,  5.77s/it] 32%|███▏      | 8/25 [00:46<01:38,  5.77s/it] 36%|███▌      | 9/25 [00:51<01:32,  5.77s/it] 40%|████      | 10/25 [00:57<01:26,  5.77s/it] 44%|████▍     | 11/25 [01:03<01:20,  5.77s/it] 48%|████▊     | 12/25 [01:09<01:14,  5.76s/it] 52%|█████▏    | 13/25 [01:14<01:09,  5.76s/it] 56%|█████▌    | 14/25 [01:20<01:03,  5.77s/it] 60%|██████    | 15/25 [01:26<00:57,  5.77s/it] 64%|██████▍   | 16/25 [01:32<00:51,  5.76s/it] 68%|██████▊   | 17/25 [01:38<00:46,  5.76s/it] 72%|███████▏  | 18/25 [01:43<00:40,  5.76s/it] 76%|███████▌  | 19/25 [01:49<00:34,  5.76s/it] 80%|████████  | 20/25 [01:55<00:28,  5.77s/it] 84%|████████▍ | 21/25 [02:01<00:23,  5.77s/it] 88%|████████▊ | 22/25 [02:06<00:17,  5.78s/it] 92%|█████████▏| 23/25 [02:12<00:11,  5.78s/it] 96%|█████████▌| 24/25 [02:18<00:05,  5.77s/it]100%|██████████| 25/25 [02:24<00:00,  5.77s/it]100%|██████████| 25/25 [02:24<00:00,  5.77s/it]
[I 2024-05-25 01:45:30,451] Trial 53 finished with value: 0.012758137425407767 and parameters: {'d_model': 128, 'num_heads': 4, 'num_layers': 4, 'lr': 0.000324296731132769, 'batch_size': 50, 'wd': 3.4875463174300063e-06}. Best is trial 53 with value: 0.012758137425407767.
  0%|          | 0/25 [00:00<?, ?it/s]  0%|          | 0/25 [00:05<?, ?it/s]
[I 2024-05-25 01:45:36,379] Trial 54 pruned. 
  0%|          | 0/25 [00:00<?, ?it/s]  4%|▍         | 1/25 [00:05<02:19,  5.80s/it]  8%|▊         | 2/25 [00:11<02:13,  5.79s/it] 12%|█▏        | 3/25 [00:17<02:07,  5.81s/it] 16%|█▌        | 4/25 [00:23<02:01,  5.80s/it] 20%|██        | 5/25 [00:28<01:55,  5.79s/it] 24%|██▍       | 6/25 [00:34<01:49,  5.78s/it] 28%|██▊       | 7/25 [00:40<01:44,  5.78s/it] 32%|███▏      | 8/25 [00:46<01:38,  5.78s/it] 36%|███▌      | 9/25 [00:52<01:32,  5.78s/it] 40%|████      | 10/25 [00:57<01:26,  5.78s/it] 44%|████▍     | 11/25 [01:03<01:20,  5.78s/it] 48%|████▊     | 12/25 [01:09<01:15,  5.78s/it] 52%|█████▏    | 13/25 [01:15<01:09,  5.77s/it] 56%|█████▌    | 14/25 [01:20<01:03,  5.79s/it] 60%|██████    | 15/25 [01:26<00:57,  5.78s/it] 64%|██████▍   | 16/25 [01:32<00:52,  5.78s/it] 68%|██████▊   | 17/25 [01:38<00:46,  5.79s/it] 72%|███████▏  | 18/25 [01:44<00:40,  5.78s/it] 76%|███████▌  | 19/25 [01:49<00:34,  5.79s/it] 80%|████████  | 20/25 [01:55<00:28,  5.79s/it] 84%|████████▍ | 21/25 [02:01<00:23,  5.78s/it] 88%|████████▊ | 22/25 [02:07<00:17,  5.79s/it] 92%|█████████▏| 23/25 [02:13<00:11,  5.79s/it] 96%|█████████▌| 24/25 [02:18<00:05,  5.79s/it]100%|██████████| 25/25 [02:24<00:00,  5.79s/it]100%|██████████| 25/25 [02:24<00:00,  5.79s/it]
[I 2024-05-25 01:48:01,150] Trial 55 finished with value: 0.013756479974836111 and parameters: {'d_model': 128, 'num_heads': 4, 'num_layers': 4, 'lr': 0.0004054964890884772, 'batch_size': 50, 'wd': 1.4289512882311713e-06}. Best is trial 53 with value: 0.012758137425407767.
  0%|          | 0/25 [00:00<?, ?it/s]  0%|          | 0/25 [00:00<?, ?it/s]
[I 2024-05-25 01:48:02,138] Trial 56 pruned. 
  0%|          | 0/25 [00:00<?, ?it/s]  0%|          | 0/25 [00:07<?, ?it/s]
[I 2024-05-25 01:48:09,332] Trial 57 pruned. 
  0%|          | 0/25 [00:00<?, ?it/s]  0%|          | 0/25 [00:01<?, ?it/s]
[I 2024-05-25 01:48:10,746] Trial 58 pruned. 
  0%|          | 0/25 [00:00<?, ?it/s]  0%|          | 0/25 [00:04<?, ?it/s]
[I 2024-05-25 01:48:15,043] Trial 59 pruned. 
  0%|          | 0/25 [00:00<?, ?it/s]  4%|▍         | 1/25 [00:05<02:18,  5.77s/it]  8%|▊         | 2/25 [00:11<02:12,  5.76s/it]  8%|▊         | 2/25 [00:17<03:18,  8.65s/it]
[I 2024-05-25 01:48:32,476] Trial 60 pruned. 
  0%|          | 0/25 [00:00<?, ?it/s]  0%|          | 0/25 [00:04<?, ?it/s]
