[I 2024-05-23 19:08:40,413] Trial 16 finished with value: 0.017175298323854803 and parameters: {'d_model': 64, 'num_heads': 16, 'num_layers': 8, 'lr': 0.000448801749516343, 'batch_size': 50, 'wd': 0.0001105455596843135}. Best is trial 13 with value: 0.016084018209949136.
  0%|          | 0/25 [00:00<?, ?it/s]  4%|▍         | 1/25 [00:02<01:08,  2.85s/it]  8%|▊         | 2/25 [00:05<01:05,  2.84s/it] 12%|█▏        | 3/25 [00:08<01:02,  2.84s/it] 16%|█▌        | 4/25 [00:11<00:59,  2.84s/it] 20%|██        | 5/25 [00:14<00:56,  2.84s/it] 24%|██▍       | 6/25 [00:17<00:53,  2.84s/it] 28%|██▊       | 7/25 [00:19<00:51,  2.83s/it] 32%|███▏      | 8/25 [00:22<00:48,  2.83s/it] 36%|███▌      | 9/25 [00:25<00:45,  2.83s/it] 40%|████      | 10/25 [00:28<00:42,  2.83s/it] 44%|████▍     | 11/25 [00:31<00:39,  2.83s/it] 48%|████▊     | 12/25 [00:33<00:36,  2.83s/it] 52%|█████▏    | 13/25 [00:36<00:34,  2.84s/it] 56%|█████▌    | 14/25 [00:39<00:31,  2.83s/it] 60%|██████    | 15/25 [00:42<00:28,  2.83s/it] 64%|██████▍   | 16/25 [00:45<00:25,  2.83s/it] 68%|██████▊   | 17/25 [00:48<00:22,  2.83s/it] 72%|███████▏  | 18/25 [00:51<00:19,  2.83s/it] 76%|███████▌  | 19/25 [00:53<00:16,  2.83s/it] 80%|████████  | 20/25 [00:56<00:14,  2.83s/it] 84%|████████▍ | 21/25 [00:59<00:11,  2.83s/it] 88%|████████▊ | 22/25 [01:02<00:08,  2.83s/it] 92%|█████████▏| 23/25 [01:05<00:05,  2.84s/it] 96%|█████████▌| 24/25 [01:08<00:02,  2.84s/it]100%|██████████| 25/25 [01:10<00:00,  2.84s/it]100%|██████████| 25/25 [01:10<00:00,  2.83s/it]
[I 2024-05-23 19:09:51,379] Trial 17 finished with value: 0.01550259068608284 and parameters: {'d_model': 64, 'num_heads': 8, 'num_layers': 3, 'lr': 0.00046632996835880756, 'batch_size': 50, 'wd': 3.488483930985905e-05}. Best is trial 17 with value: 0.01550259068608284.
  0%|          | 0/25 [00:00<?, ?it/s]  4%|▍         | 1/25 [00:02<01:07,  2.81s/it]  8%|▊         | 2/25 [00:05<01:04,  2.82s/it] 12%|█▏        | 3/25 [00:08<01:01,  2.81s/it] 16%|█▌        | 4/25 [00:11<00:58,  2.81s/it] 20%|██        | 5/25 [00:14<00:56,  2.81s/it] 24%|██▍       | 6/25 [00:16<00:53,  2.81s/it] 28%|██▊       | 7/25 [00:19<00:50,  2.81s/it] 32%|███▏      | 8/25 [00:22<00:47,  2.81s/it] 36%|███▌      | 9/25 [00:25<00:45,  2.82s/it] 40%|████      | 10/25 [00:28<00:42,  2.82s/it] 44%|████▍     | 11/25 [00:30<00:39,  2.81s/it] 48%|████▊     | 12/25 [00:33<00:36,  2.82s/it] 52%|█████▏    | 13/25 [00:36<00:33,  2.82s/it] 56%|█████▌    | 14/25 [00:39<00:30,  2.81s/it] 60%|██████    | 15/25 [00:42<00:28,  2.81s/it] 64%|██████▍   | 16/25 [00:44<00:25,  2.80s/it] 68%|██████▊   | 17/25 [00:47<00:22,  2.79s/it] 72%|███████▏  | 18/25 [00:50<00:19,  2.79s/it] 76%|███████▌  | 19/25 [00:53<00:16,  2.79s/it] 80%|████████  | 20/25 [00:56<00:13,  2.79s/it] 84%|████████▍ | 21/25 [00:58<00:11,  2.78s/it] 88%|████████▊ | 22/25 [01:01<00:08,  2.78s/it] 92%|█████████▏| 23/25 [01:04<00:05,  2.78s/it] 96%|█████████▌| 24/25 [01:07<00:02,  2.78s/it]100%|██████████| 25/25 [01:09<00:00,  2.78s/it]100%|██████████| 25/25 [01:09<00:00,  2.80s/it]
[I 2024-05-23 19:11:01,432] Trial 18 finished with value: 0.013829791778698563 and parameters: {'d_model': 64, 'num_heads': 8, 'num_layers': 3, 'lr': 0.0005592310200757335, 'batch_size': 50, 'wd': 2.471206650588981e-05}. Best is trial 18 with value: 0.013829791778698563.
  0%|          | 0/25 [00:00<?, ?it/s]  0%|          | 0/25 [00:00<?, ?it/s]
[I 2024-05-23 19:11:02,148] Trial 19 pruned. 
  0%|          | 0/25 [00:00<?, ?it/s]  4%|▍         | 1/25 [00:04<01:50,  4.62s/it]  8%|▊         | 2/25 [00:09<01:46,  4.63s/it] 12%|█▏        | 3/25 [00:13<01:41,  4.63s/it] 16%|█▌        | 4/25 [00:18<01:37,  4.63s/it] 20%|██        | 5/25 [00:23<01:32,  4.64s/it] 24%|██▍       | 6/25 [00:27<01:28,  4.64s/it] 28%|██▊       | 7/25 [00:32<01:23,  4.64s/it] 32%|███▏      | 8/25 [00:37<01:18,  4.65s/it] 36%|███▌      | 9/25 [00:41<01:14,  4.65s/it] 40%|████      | 10/25 [00:46<01:09,  4.66s/it] 44%|████▍     | 11/25 [00:51<01:05,  4.64s/it] 48%|████▊     | 12/25 [00:55<01:00,  4.64s/it] 52%|█████▏    | 13/25 [01:00<00:55,  4.66s/it] 56%|█████▌    | 14/25 [01:05<00:51,  4.67s/it] 60%|██████    | 15/25 [01:09<00:46,  4.67s/it] 64%|██████▍   | 16/25 [01:14<00:41,  4.66s/it] 68%|██████▊   | 17/25 [01:19<00:37,  4.65s/it] 72%|███████▏  | 18/25 [01:23<00:32,  4.64s/it] 76%|███████▌  | 19/25 [01:28<00:27,  4.65s/it] 80%|████████  | 20/25 [01:32<00:23,  4.64s/it] 84%|████████▍ | 21/25 [01:37<00:18,  4.63s/it] 88%|████████▊ | 22/25 [01:42<00:13,  4.63s/it] 92%|█████████▏| 23/25 [01:46<00:09,  4.63s/it] 96%|█████████▌| 24/25 [01:51<00:04,  4.63s/it]100%|██████████| 25/25 [01:56<00:00,  4.64s/it]100%|██████████| 25/25 [01:56<00:00,  4.64s/it]
[I 2024-05-23 19:12:58,348] Trial 20 finished with value: 0.013895352883264423 and parameters: {'d_model': 128, 'num_heads': 16, 'num_layers': 3, 'lr': 0.000547497955470862, 'batch_size': 50, 'wd': 8.22304121489234e-06}. Best is trial 18 with value: 0.013829791778698563.
  0%|          | 0/25 [00:00<?, ?it/s]  4%|▍         | 1/25 [00:04<01:51,  4.65s/it]  8%|▊         | 2/25 [00:09<01:46,  4.64s/it] 12%|█▏        | 3/25 [00:13<01:42,  4.64s/it] 16%|█▌        | 4/25 [00:18<01:37,  4.65s/it] 20%|██        | 5/25 [00:23<01:33,  4.66s/it] 24%|██▍       | 6/25 [00:27<01:28,  4.67s/it] 28%|██▊       | 7/25 [00:32<01:24,  4.69s/it] 32%|███▏      | 8/25 [00:37<01:19,  4.69s/it] 36%|███▌      | 9/25 [00:42<01:15,  4.70s/it] 40%|████      | 10/25 [00:46<01:10,  4.71s/it] 44%|████▍     | 11/25 [00:51<01:06,  4.72s/it] 48%|████▊     | 12/25 [00:56<01:01,  4.72s/it] 52%|█████▏    | 13/25 [01:01<00:56,  4.72s/it] 56%|█████▌    | 14/25 [01:05<00:51,  4.72s/it] 60%|██████    | 15/25 [01:10<00:47,  4.72s/it] 64%|██████▍   | 16/25 [01:15<00:42,  4.73s/it] 68%|██████▊   | 17/25 [01:19<00:37,  4.73s/it] 72%|███████▏  | 18/25 [01:24<00:32,  4.71s/it] 76%|███████▌  | 19/25 [01:29<00:28,  4.71s/it] 80%|████████  | 20/25 [01:34<00:23,  4.71s/it] 84%|████████▍ | 21/25 [01:38<00:18,  4.71s/it] 88%|████████▊ | 22/25 [01:43<00:14,  4.72s/it] 92%|█████████▏| 23/25 [01:48<00:09,  4.71s/it] 96%|█████████▌| 24/25 [01:52<00:04,  4.72s/it]100%|██████████| 25/25 [01:57<00:00,  4.72s/it]100%|██████████| 25/25 [01:57<00:00,  4.71s/it]
[I 2024-05-23 19:14:56,102] Trial 21 finished with value: 0.012605613423511386 and parameters: {'d_model': 128, 'num_heads': 16, 'num_layers': 3, 'lr': 0.0005151928236946968, 'batch_size': 50, 'wd': 6.511293411405846e-06}. Best is trial 21 with value: 0.012605613423511386.
  0%|          | 0/25 [00:00<?, ?it/s]  4%|▍         | 1/25 [00:03<01:20,  3.36s/it]  8%|▊         | 2/25 [00:06<01:16,  3.34s/it] 12%|█▏        | 3/25 [00:10<01:13,  3.35s/it] 16%|█▌        | 4/25 [00:13<01:10,  3.36s/it] 20%|██        | 5/25 [00:16<01:07,  3.37s/it] 24%|██▍       | 6/25 [00:20<01:04,  3.38s/it] 28%|██▊       | 7/25 [00:23<01:00,  3.37s/it] 32%|███▏      | 8/25 [00:26<00:57,  3.37s/it] 36%|███▌      | 9/25 [00:30<00:53,  3.37s/it] 40%|████      | 10/25 [00:33<00:50,  3.37s/it] 44%|████▍     | 11/25 [00:37<00:47,  3.37s/it] 48%|████▊     | 12/25 [00:40<00:43,  3.37s/it] 52%|█████▏    | 13/25 [00:43<00:40,  3.37s/it] 56%|█████▌    | 14/25 [00:47<00:37,  3.38s/it] 60%|██████    | 15/25 [00:50<00:33,  3.38s/it] 64%|██████▍   | 16/25 [00:53<00:30,  3.37s/it] 68%|██████▊   | 17/25 [00:57<00:26,  3.37s/it] 72%|███████▏  | 18/25 [01:00<00:23,  3.35s/it] 76%|███████▌  | 19/25 [01:03<00:20,  3.37s/it] 80%|████████  | 20/25 [01:07<00:16,  3.37s/it] 84%|████████▍ | 21/25 [01:10<00:13,  3.37s/it] 88%|████████▊ | 22/25 [01:14<00:10,  3.36s/it] 92%|█████████▏| 23/25 [01:17<00:06,  3.36s/it] 96%|█████████▌| 24/25 [01:20<00:03,  3.37s/it]100%|██████████| 25/25 [01:24<00:00,  3.37s/it]100%|██████████| 25/25 [01:24<00:00,  3.37s/it]
[I 2024-05-23 19:16:20,392] Trial 22 finished with value: 0.01612190096639097 and parameters: {'d_model': 128, 'num_heads': 16, 'num_layers': 2, 'lr': 0.00022263239233584473, 'batch_size': 50, 'wd': 6.774954593039385e-06}. Best is trial 21 with value: 0.012605613423511386.
  0%|          | 0/25 [00:00<?, ?it/s]  4%|▍         | 1/25 [00:04<01:53,  4.73s/it]  8%|▊         | 2/25 [00:09<01:48,  4.72s/it] 12%|█▏        | 3/25 [00:14<01:43,  4.70s/it] 16%|█▌        | 4/25 [00:18<01:38,  4.69s/it] 20%|██        | 5/25 [00:23<01:33,  4.68s/it] 24%|██▍       | 6/25 [00:28<01:29,  4.69s/it] 28%|██▊       | 7/25 [00:32<01:24,  4.69s/it] 32%|███▏      | 8/25 [00:37<01:19,  4.69s/it] 36%|███▌      | 9/25 [00:42<01:14,  4.68s/it] 40%|████      | 10/25 [00:46<01:09,  4.67s/it] 44%|████▍     | 11/25 [00:51<01:05,  4.68s/it] 48%|████▊     | 12/25 [00:56<01:00,  4.68s/it] 52%|█████▏    | 13/25 [01:00<00:56,  4.69s/it] 56%|█████▌    | 14/25 [01:05<00:51,  4.69s/it] 60%|██████    | 15/25 [01:10<00:47,  4.70s/it] 64%|██████▍   | 16/25 [01:15<00:42,  4.70s/it] 68%|██████▊   | 17/25 [01:19<00:37,  4.71s/it] 72%|███████▏  | 18/25 [01:24<00:33,  4.72s/it] 76%|███████▌  | 19/25 [01:29<00:28,  4.71s/it] 80%|████████  | 20/25 [01:33<00:23,  4.71s/it] 84%|████████▍ | 21/25 [01:38<00:18,  4.70s/it] 88%|████████▊ | 22/25 [01:43<00:14,  4.70s/it] 92%|█████████▏| 23/25 [01:48<00:09,  4.70s/it] 96%|█████████▌| 24/25 [01:52<00:04,  4.70s/it]100%|██████████| 25/25 [01:57<00:00,  4.70s/it]100%|██████████| 25/25 [01:57<00:00,  4.70s/it]
[I 2024-05-23 19:18:17,902] Trial 23 finished with value: 0.011614744132384659 and parameters: {'d_model': 128, 'num_heads': 16, 'num_layers': 3, 'lr': 0.0005928402663043801, 'batch_size': 50, 'wd': 1.0578935648117125e-06}. Best is trial 23 with value: 0.011614744132384659.
  0%|          | 0/25 [00:00<?, ?it/s]  4%|▍         | 1/25 [00:04<01:52,  4.68s/it]  8%|▊         | 2/25 [00:09<01:48,  4.71s/it] 12%|█▏        | 3/25 [00:14<01:43,  4.69s/it] 16%|█▌        | 4/25 [00:18<01:38,  4.68s/it] 20%|██        | 5/25 [00:23<01:33,  4.69s/it] 24%|██▍       | 6/25 [00:28<01:29,  4.70s/it] 28%|██▊       | 7/25 [00:32<01:24,  4.71s/it] 32%|███▏      | 8/25 [00:37<01:19,  4.70s/it] 36%|███▌      | 9/25 [00:42<01:15,  4.70s/it] 40%|████      | 10/25 [00:46<01:10,  4.70s/it] 44%|████▍     | 11/25 [00:51<01:05,  4.69s/it] 48%|████▊     | 12/25 [00:56<01:00,  4.68s/it] 52%|█████▏    | 13/25 [01:00<00:56,  4.68s/it] 56%|█████▌    | 14/25 [01:05<00:51,  4.68s/it] 60%|██████    | 15/25 [01:10<00:46,  4.68s/it] 64%|██████▍   | 16/25 [01:15<00:42,  4.68s/it] 68%|██████▊   | 17/25 [01:19<00:37,  4.69s/it] 72%|███████▏  | 18/25 [01:24<00:32,  4.69s/it] 76%|███████▌  | 19/25 [01:29<00:28,  4.69s/it] 80%|████████  | 20/25 [01:33<00:23,  4.69s/it] 84%|████████▍ | 21/25 [01:38<00:18,  4.69s/it] 88%|████████▊ | 22/25 [01:43<00:14,  4.68s/it] 92%|█████████▏| 23/25 [01:47<00:09,  4.68s/it] 96%|█████████▌| 24/25 [01:52<00:04,  4.69s/it]100%|██████████| 25/25 [01:57<00:00,  4.69s/it]100%|██████████| 25/25 [01:57<00:00,  4.69s/it]
[I 2024-05-23 19:20:15,239] Trial 24 finished with value: 0.01583497952669859 and parameters: {'d_model': 128, 'num_heads': 16, 'num_layers': 3, 'lr': 0.00027715847196727343, 'batch_size': 50, 'wd': 1.3621559141154673e-06}. Best is trial 23 with value: 0.011614744132384659.
  0%|          | 0/25 [00:00<?, ?it/s]  4%|▍         | 1/25 [00:04<01:53,  4.72s/it]  8%|▊         | 2/25 [00:09<01:48,  4.71s/it] 12%|█▏        | 3/25 [00:14<01:43,  4.70s/it] 16%|█▌        | 4/25 [00:18<01:38,  4.69s/it] 20%|██        | 5/25 [00:23<01:33,  4.68s/it] 24%|██▍       | 6/25 [00:28<01:29,  4.69s/it] 28%|██▊       | 7/25 [00:32<01:24,  4.69s/it] 32%|███▏      | 8/25 [00:37<01:19,  4.69s/it] 36%|███▌      | 9/25 [00:42<01:14,  4.68s/it] 40%|████      | 10/25 [00:46<01:10,  4.69s/it] 44%|████▍     | 11/25 [00:51<01:05,  4.70s/it] 48%|████▊     | 12/25 [00:56<01:01,  4.70s/it] 52%|█████▏    | 13/25 [01:01<00:56,  4.71s/it] 56%|█████▌    | 14/25 [01:05<00:51,  4.72s/it] 60%|██████    | 15/25 [01:10<00:47,  4.72s/it] 64%|██████▍   | 16/25 [01:15<00:42,  4.71s/it] 68%|██████▊   | 17/25 [01:19<00:37,  4.71s/it] 72%|███████▏  | 18/25 [01:24<00:33,  4.72s/it] 76%|███████▌  | 19/25 [01:29<00:28,  4.71s/it] 80%|████████  | 20/25 [01:34<00:23,  4.71s/it] 84%|████████▍ | 21/25 [01:38<00:18,  4.71s/it] 88%|████████▊ | 22/25 [01:43<00:14,  4.72s/it] 92%|█████████▏| 23/25 [01:48<00:09,  4.71s/it] 96%|█████████▌| 24/25 [01:52<00:04,  4.70s/it]100%|██████████| 25/25 [01:57<00:00,  4.70s/it]100%|██████████| 25/25 [01:57<00:00,  4.70s/it]
[I 2024-05-23 19:22:12,915] Trial 25 finished with value: 0.014162293681874872 and parameters: {'d_model': 128, 'num_heads': 16, 'num_layers': 3, 'lr': 0.0006122502573520002, 'batch_size': 50, 'wd': 2.8828448314347505e-06}. Best is trial 23 with value: 0.011614744132384659.
  0%|          | 0/25 [00:00<?, ?it/s]  4%|▍         | 1/25 [00:07<02:57,  7.41s/it]  8%|▊         | 2/25 [00:14<02:50,  7.43s/it] 12%|█▏        | 3/25 [00:22<02:42,  7.41s/it] 16%|█▌        | 4/25 [00:29<02:35,  7.41s/it] 20%|██        | 5/25 [00:37<02:27,  7.40s/it] 24%|██▍       | 6/25 [00:44<02:20,  7.42s/it] 28%|██▊       | 7/25 [00:51<02:13,  7.39s/it] 32%|███▏      | 8/25 [00:59<02:05,  7.41s/it] 36%|███▌      | 9/25 [01:06<01:58,  7.43s/it] 40%|████      | 10/25 [01:14<01:51,  7.42s/it] 44%|████▍     | 11/25 [01:21<01:43,  7.42s/it] 48%|████▊     | 12/25 [01:28<01:36,  7.42s/it] 52%|█████▏    | 13/25 [01:36<01:29,  7.42s/it] 56%|█████▌    | 14/25 [01:43<01:21,  7.41s/it] 60%|██████    | 15/25 [01:51<01:14,  7.42s/it] 64%|██████▍   | 16/25 [01:58<01:06,  7.44s/it] 68%|██████▊   | 17/25 [02:06<00:59,  7.44s/it] 72%|███████▏  | 18/25 [02:13<00:52,  7.43s/it] 76%|███████▌  | 19/25 [02:21<00:44,  7.44s/it] 80%|████████  | 20/25 [02:28<00:37,  7.45s/it] 84%|████████▍ | 21/25 [02:35<00:29,  7.43s/it] 88%|████████▊ | 22/25 [02:43<00:22,  7.43s/it] 92%|█████████▏| 23/25 [02:50<00:14,  7.42s/it] 96%|█████████▌| 24/25 [02:58<00:07,  7.40s/it]100%|██████████| 25/25 [03:05<00:00,  7.40s/it]100%|██████████| 25/25 [03:05<00:00,  7.42s/it]
[I 2024-05-23 19:25:18,498] Trial 26 finished with value: 0.013613431947305799 and parameters: {'d_model': 128, 'num_heads': 16, 'num_layers': 5, 'lr': 0.00030826920291920874, 'batch_size': 50, 'wd': 1.2050445000911075e-06}. Best is trial 23 with value: 0.011614744132384659.
  0%|          | 0/25 [00:00<?, ?it/s]  0%|          | 0/25 [00:02<?, ?it/s]
[I 2024-05-23 19:25:21,572] Trial 27 pruned. 
  0%|          | 0/25 [00:00<?, ?it/s]  0%|          | 0/25 [00:03<?, ?it/s]
[I 2024-05-23 19:25:24,841] Trial 28 pruned. 
  0%|          | 0/25 [00:00<?, ?it/s]  4%|▍         | 1/25 [00:10<04:05, 10.21s/it]  8%|▊         | 2/25 [00:20<03:53, 10.16s/it] 12%|█▏        | 3/25 [00:30<03:43, 10.18s/it] 16%|█▌        | 4/25 [00:40<03:33, 10.18s/it] 20%|██        | 5/25 [00:50<03:23, 10.19s/it] 24%|██▍       | 6/25 [01:01<03:13, 10.21s/it] 28%|██▊       | 7/25 [01:11<03:03, 10.17s/it] 32%|███▏      | 8/25 [01:21<02:52, 10.15s/it] 36%|███▌      | 9/25 [01:31<02:41, 10.12s/it] 40%|████      | 10/25 [01:41<02:31, 10.10s/it] 44%|████▍     | 11/25 [01:51<02:21, 10.10s/it] 48%|████▊     | 12/25 [02:01<02:11, 10.10s/it] 52%|█████▏    | 13/25 [02:11<02:01, 10.11s/it] 56%|█████▌    | 14/25 [02:21<01:51, 10.10s/it] 60%|██████    | 15/25 [02:31<01:40, 10.09s/it] 64%|██████▍   | 16/25 [02:42<01:30, 10.10s/it] 68%|██████▊   | 17/25 [02:52<01:20, 10.09s/it] 72%|███████▏  | 18/25 [03:02<01:10, 10.09s/it] 76%|███████▌  | 19/25 [03:12<01:00, 10.12s/it] 80%|████████  | 20/25 [03:22<00:50, 10.16s/it] 84%|████████▍ | 21/25 [03:32<00:40, 10.19s/it] 88%|████████▊ | 22/25 [03:43<00:30, 10.21s/it] 92%|█████████▏| 23/25 [03:53<00:20, 10.22s/it] 96%|█████████▌| 24/25 [04:03<00:10, 10.22s/it]100%|██████████| 25/25 [04:13<00:00, 10.21s/it]100%|██████████| 25/25 [04:13<00:00, 10.15s/it]
[I 2024-05-23 19:29:38,831] Trial 29 finished with value: 0.013085107086226344 and parameters: {'d_model': 128, 'num_heads': 16, 'num_layers': 7, 'lr': 0.0002926918418067487, 'batch_size': 50, 'wd': 2.6439163599067733e-06}. Best is trial 23 with value: 0.011614744132384659.
  0%|          | 0/25 [00:00<?, ?it/s]  0%|          | 0/25 [00:10<?, ?it/s]
[I 2024-05-23 19:29:49,167] Trial 30 pruned. 
  0%|          | 0/25 [00:00<?, ?it/s]  0%|          | 0/25 [00:10<?, ?it/s]
[I 2024-05-23 19:29:59,579] Trial 31 pruned. 
  0%|          | 0/25 [00:00<?, ?it/s]  0%|          | 0/25 [00:10<?, ?it/s]
[I 2024-05-23 19:30:09,992] Trial 32 pruned. 
  0%|          | 0/25 [00:00<?, ?it/s]  0%|          | 0/25 [00:03<?, ?it/s]
[I 2024-05-23 19:30:13,291] Trial 33 pruned. 
  0%|          | 0/25 [00:00<?, ?it/s]  4%|▍         | 1/25 [00:10<04:07, 10.33s/it]  4%|▍         | 1/25 [00:20<08:14, 20.59s/it]
[I 2024-05-23 19:30:34,029] Trial 34 pruned. 
  0%|          | 0/25 [00:00<?, ?it/s]  0%|          | 0/25 [00:04<?, ?it/s]
[I 2024-05-23 19:30:39,094] Trial 35 pruned. 
  0%|          | 0/25 [00:00<?, ?it/s]  0%|          | 0/25 [00:05<?, ?it/s]
[I 2024-05-23 19:30:44,449] Trial 36 pruned. 
  0%|          | 0/25 [00:00<?, ?it/s]  0%|          | 0/25 [00:01<?, ?it/s]
[I 2024-05-23 19:30:45,833] Trial 37 pruned. 
  0%|          | 0/25 [00:00<?, ?it/s]  0%|          | 0/25 [00:02<?, ?it/s]
[I 2024-05-23 19:30:48,544] Trial 38 pruned. 
  0%|          | 0/25 [00:00<?, ?it/s]  0%|          | 0/25 [00:01<?, ?it/s]
[I 2024-05-23 19:30:50,029] Trial 39 pruned. 
  0%|          | 0/25 [00:00<?, ?it/s]  0%|          | 0/25 [00:01<?, ?it/s]
[I 2024-05-23 19:30:51,361] Trial 40 pruned. 
  0%|          | 0/25 [00:00<?, ?it/s]  4%|▍         | 1/25 [00:02<00:51,  2.15s/it]  8%|▊         | 2/25 [00:04<00:49,  2.15s/it] 12%|█▏        | 3/25 [00:06<00:47,  2.14s/it] 12%|█▏        | 3/25 [00:08<01:02,  2.85s/it]
[I 2024-05-23 19:30:59,992] Trial 41 pruned. 
  0%|          | 0/25 [00:00<?, ?it/s]  0%|          | 0/25 [00:03<?, ?it/s]
[I 2024-05-23 19:31:03,532] Trial 42 pruned. 
  0%|          | 0/25 [00:00<?, ?it/s]  0%|          | 0/25 [00:02<?, ?it/s]
[I 2024-05-23 19:31:05,873] Trial 43 pruned. 
  0%|          | 0/25 [00:00<?, ?it/s]  4%|▍         | 1/25 [00:02<00:51,  2.13s/it]  8%|▊         | 2/25 [00:04<00:48,  2.12s/it]  8%|▊         | 2/25 [00:06<01:13,  3.20s/it]
[I 2024-05-23 19:31:12,356] Trial 44 pruned. 
  0%|          | 0/25 [00:00<?, ?it/s]  0%|          | 0/25 [00:07<?, ?it/s]
[I 2024-05-23 19:31:20,017] Trial 45 pruned. 
  0%|          | 0/25 [00:00<?, ?it/s]  4%|▍         | 1/25 [00:03<01:29,  3.75s/it]  8%|▊         | 2/25 [00:07<01:25,  3.71s/it] 12%|█▏        | 3/25 [00:11<01:21,  3.69s/it] 16%|█▌        | 4/25 [00:14<01:17,  3.69s/it] 20%|██        | 5/25 [00:18<01:13,  3.69s/it] 24%|██▍       | 6/25 [00:22<01:10,  3.70s/it] 28%|██▊       | 7/25 [00:25<01:06,  3.70s/it] 32%|███▏      | 8/25 [00:29<01:02,  3.69s/it] 36%|███▌      | 9/25 [00:33<00:58,  3.69s/it] 40%|████      | 10/25 [00:36<00:55,  3.67s/it] 44%|████▍     | 11/25 [00:40<00:51,  3.66s/it] 48%|████▊     | 12/25 [00:44<00:47,  3.66s/it] 52%|█████▏    | 13/25 [00:47<00:44,  3.67s/it] 56%|█████▌    | 14/25 [00:51<00:40,  3.68s/it] 60%|██████    | 15/25 [00:55<00:36,  3.68s/it] 64%|██████▍   | 16/25 [00:58<00:33,  3.67s/it] 68%|██████▊   | 17/25 [01:02<00:29,  3.68s/it] 72%|███████▏  | 18/25 [01:06<00:25,  3.67s/it] 76%|███████▌  | 19/25 [01:09<00:22,  3.67s/it] 80%|████████  | 20/25 [01:13<00:18,  3.68s/it] 84%|████████▍ | 21/25 [01:17<00:14,  3.68s/it] 88%|████████▊ | 22/25 [01:20<00:11,  3.68s/it] 92%|█████████▏| 23/25 [01:24<00:07,  3.67s/it] 96%|█████████▌| 24/25 [01:28<00:03,  3.68s/it]100%|██████████| 25/25 [01:32<00:00,  3.68s/it]100%|██████████| 25/25 [01:32<00:00,  3.68s/it]
[I 2024-05-23 19:32:52,147] Trial 46 finished with value: 0.013119038147851824 and parameters: {'d_model': 64, 'num_heads': 4, 'num_layers': 4, 'lr': 0.0009975576834394297, 'batch_size': 50, 'wd': 5.086166299813102e-05}. Best is trial 23 with value: 0.011614744132384659.
  0%|          | 0/25 [00:00<?, ?it/s]  0%|          | 0/25 [00:03<?, ?it/s]
[I 2024-05-23 19:32:55,853] Trial 47 pruned. 
  0%|          | 0/25 [00:00<?, ?it/s]  4%|▍         | 1/25 [00:03<01:28,  3.69s/it]  8%|▊         | 2/25 [00:07<01:25,  3.72s/it] 12%|█▏        | 3/25 [00:11<01:21,  3.69s/it] 16%|█▌        | 4/25 [00:14<01:17,  3.69s/it] 20%|██        | 5/25 [00:18<01:13,  3.69s/it] 24%|██▍       | 6/25 [00:22<01:10,  3.70s/it] 28%|██▊       | 7/25 [00:25<01:06,  3.69s/it] 32%|███▏      | 8/25 [00:29<01:02,  3.68s/it] 36%|███▌      | 9/25 [00:33<00:58,  3.67s/it] 40%|████      | 10/25 [00:36<00:54,  3.66s/it] 44%|████▍     | 11/25 [00:40<00:51,  3.67s/it] 48%|████▊     | 12/25 [00:44<00:47,  3.68s/it] 52%|█████▏    | 13/25 [00:47<00:44,  3.69s/it] 56%|█████▌    | 14/25 [00:51<00:40,  3.70s/it] 60%|██████    | 15/25 [00:55<00:36,  3.70s/it] 64%|██████▍   | 16/25 [00:59<00:33,  3.70s/it] 68%|██████▊   | 17/25 [01:02<00:29,  3.69s/it] 72%|███████▏  | 18/25 [01:06<00:25,  3.68s/it] 76%|███████▌  | 19/25 [01:10<00:22,  3.68s/it] 80%|████████  | 20/25 [01:13<00:18,  3.69s/it] 84%|████████▍ | 21/25 [01:17<00:14,  3.70s/it] 88%|████████▊ | 22/25 [01:21<00:11,  3.71s/it] 92%|█████████▏| 23/25 [01:24<00:07,  3.70s/it] 96%|█████████▌| 24/25 [01:28<00:03,  3.71s/it]100%|██████████| 25/25 [01:32<00:00,  3.70s/it]100%|██████████| 25/25 [01:32<00:00,  3.69s/it]
[I 2024-05-23 19:34:28,239] Trial 48 finished with value: 0.012592432182282209 and parameters: {'d_model': 64, 'num_heads': 4, 'num_layers': 4, 'lr': 0.000983642347678104, 'batch_size': 50, 'wd': 5.8983750622080294e-05}. Best is trial 23 with value: 0.011614744132384659.
  0%|          | 0/25 [00:00<?, ?it/s]  0%|          | 0/25 [00:01<?, ?it/s]
