[I 2024-05-25 01:48:37,087] Trial 61 pruned. 
  0%|          | 0/25 [00:00<?, ?it/s]  4%|▍         | 1/25 [00:04<01:47,  4.48s/it]  8%|▊         | 2/25 [00:08<01:42,  4.48s/it] 12%|█▏        | 3/25 [00:13<01:38,  4.48s/it] 16%|█▌        | 4/25 [00:17<01:34,  4.49s/it] 20%|██        | 5/25 [00:22<01:29,  4.49s/it] 24%|██▍       | 6/25 [00:26<01:25,  4.49s/it] 28%|██▊       | 7/25 [00:31<01:20,  4.49s/it] 32%|███▏      | 8/25 [00:35<01:16,  4.48s/it] 36%|███▌      | 9/25 [00:40<01:11,  4.48s/it] 40%|████      | 10/25 [00:44<01:07,  4.48s/it] 44%|████▍     | 11/25 [00:49<01:02,  4.49s/it] 48%|████▊     | 12/25 [00:53<00:58,  4.49s/it] 52%|█████▏    | 13/25 [00:58<00:53,  4.49s/it] 56%|█████▌    | 14/25 [01:02<00:49,  4.48s/it] 60%|██████    | 15/25 [01:07<00:44,  4.48s/it] 64%|██████▍   | 16/25 [01:11<00:40,  4.49s/it] 68%|██████▊   | 17/25 [01:16<00:35,  4.49s/it] 72%|███████▏  | 18/25 [01:20<00:31,  4.49s/it] 76%|███████▌  | 19/25 [01:25<00:26,  4.48s/it] 80%|████████  | 20/25 [01:29<00:22,  4.47s/it] 84%|████████▍ | 21/25 [01:34<00:17,  4.48s/it] 88%|████████▊ | 22/25 [01:38<00:13,  4.48s/it] 92%|█████████▏| 23/25 [01:43<00:08,  4.47s/it] 96%|█████████▌| 24/25 [01:47<00:04,  4.48s/it]100%|██████████| 25/25 [01:52<00:00,  4.48s/it]100%|██████████| 25/25 [01:52<00:00,  4.48s/it]
[I 2024-05-25 01:50:29,270] Trial 62 finished with value: 0.010759154427796602 and parameters: {'d_model': 128, 'num_heads': 4, 'num_layers': 3, 'lr': 0.0005105373689092852, 'batch_size': 50, 'wd': 1.6588802158766295e-05}. Best is trial 62 with value: 0.010759154427796602.
  0%|          | 0/25 [00:00<?, ?it/s]  4%|▍         | 1/25 [00:03<01:16,  3.20s/it]  8%|▊         | 2/25 [00:06<01:13,  3.19s/it] 12%|█▏        | 3/25 [00:09<01:10,  3.19s/it] 16%|█▌        | 4/25 [00:12<01:06,  3.19s/it] 20%|██        | 5/25 [00:15<01:03,  3.19s/it] 24%|██▍       | 6/25 [00:19<01:00,  3.19s/it] 28%|██▊       | 7/25 [00:22<00:57,  3.19s/it] 32%|███▏      | 8/25 [00:25<00:54,  3.19s/it] 36%|███▌      | 9/25 [00:28<00:51,  3.19s/it] 40%|████      | 10/25 [00:31<00:47,  3.19s/it] 44%|████▍     | 11/25 [00:35<00:44,  3.19s/it] 48%|████▊     | 12/25 [00:38<00:41,  3.19s/it] 52%|█████▏    | 13/25 [00:41<00:38,  3.19s/it] 56%|█████▌    | 14/25 [00:44<00:35,  3.19s/it] 60%|██████    | 15/25 [00:47<00:31,  3.19s/it] 64%|██████▍   | 16/25 [00:51<00:28,  3.19s/it] 68%|██████▊   | 17/25 [00:54<00:25,  3.19s/it] 72%|███████▏  | 18/25 [00:57<00:22,  3.19s/it] 76%|███████▌  | 19/25 [01:00<00:19,  3.19s/it] 80%|████████  | 20/25 [01:03<00:15,  3.18s/it] 84%|████████▍ | 21/25 [01:06<00:12,  3.18s/it] 88%|████████▊ | 22/25 [01:10<00:09,  3.18s/it] 92%|█████████▏| 23/25 [01:13<00:06,  3.18s/it] 96%|█████████▌| 24/25 [01:16<00:03,  3.19s/it]100%|██████████| 25/25 [01:19<00:00,  3.18s/it]100%|██████████| 25/25 [01:19<00:00,  3.19s/it]
[I 2024-05-25 01:51:49,068] Trial 63 finished with value: 0.013911084458231925 and parameters: {'d_model': 128, 'num_heads': 4, 'num_layers': 2, 'lr': 0.0004943884779838229, 'batch_size': 50, 'wd': 1.9704465364383465e-05}. Best is trial 62 with value: 0.010759154427796602.
  0%|          | 0/25 [00:00<?, ?it/s]  0%|          | 0/25 [00:03<?, ?it/s]
[I 2024-05-25 01:51:52,344] Trial 64 pruned. 
  0%|          | 0/25 [00:00<?, ?it/s]  0%|          | 0/25 [00:01<?, ?it/s]
[I 2024-05-25 01:51:54,321] Trial 65 pruned. 
  0%|          | 0/25 [00:00<?, ?it/s]  0%|          | 0/25 [00:03<?, ?it/s]
[I 2024-05-25 01:51:57,618] Trial 66 pruned. 
  0%|          | 0/25 [00:00<?, ?it/s]  0%|          | 0/25 [00:05<?, ?it/s]
[I 2024-05-25 01:52:03,485] Trial 67 pruned. 
  0%|          | 0/25 [00:00<?, ?it/s]  0%|          | 0/25 [00:03<?, ?it/s]
[I 2024-05-25 01:52:07,147] Trial 68 pruned. 
  0%|          | 0/25 [00:00<?, ?it/s]  4%|▍         | 1/25 [00:02<00:48,  2.02s/it]  4%|▍         | 1/25 [00:04<01:36,  4.04s/it]
[I 2024-05-25 01:52:11,258] Trial 69 pruned. 
  0%|          | 0/25 [00:00<?, ?it/s]  0%|          | 0/25 [00:01<?, ?it/s]
[I 2024-05-25 01:52:13,235] Trial 70 pruned. 
  0%|          | 0/25 [00:00<?, ?it/s]  0%|          | 0/25 [00:02<?, ?it/s]
[I 2024-05-25 01:52:16,029] Trial 71 pruned. 
  0%|          | 0/25 [00:00<?, ?it/s]  0%|          | 0/25 [00:03<?, ?it/s]
[I 2024-05-25 01:52:19,322] Trial 72 pruned. 
  0%|          | 0/25 [00:00<?, ?it/s]  0%|          | 0/25 [00:01<?, ?it/s]
[I 2024-05-25 01:52:21,342] Trial 73 pruned. 
  0%|          | 0/25 [00:00<?, ?it/s]  0%|          | 0/25 [00:05<?, ?it/s]
[I 2024-05-25 01:52:27,270] Trial 74 pruned. 
  0%|          | 0/25 [00:00<?, ?it/s]  4%|▍         | 1/25 [00:04<01:48,  4.54s/it]  4%|▍         | 1/25 [00:09<03:37,  9.07s/it]
[I 2024-05-25 01:52:36,511] Trial 75 pruned. 
  0%|          | 0/25 [00:00<?, ?it/s]  0%|          | 0/25 [00:01<?, ?it/s]
[I 2024-05-25 01:52:37,791] Trial 76 pruned. 
  0%|          | 0/25 [00:00<?, ?it/s]  0%|          | 0/25 [00:01<?, ?it/s]
[I 2024-05-25 01:52:39,669] Trial 77 pruned. 
  0%|          | 0/25 [00:00<?, ?it/s]  4%|▍         | 1/25 [00:05<02:18,  5.79s/it]  4%|▍         | 1/25 [00:11<04:37, 11.57s/it]
[I 2024-05-25 01:52:51,345] Trial 78 pruned. 
  0%|          | 0/25 [00:00<?, ?it/s]  4%|▍         | 1/25 [00:07<02:50,  7.11s/it]  4%|▍         | 1/25 [00:14<05:40, 14.19s/it]
[I 2024-05-25 01:53:05,655] Trial 79 pruned. 
  0%|          | 0/25 [00:00<?, ?it/s]  4%|▍         | 1/25 [00:01<00:32,  1.37s/it]  4%|▍         | 1/25 [00:02<01:05,  2.74s/it]
[I 2024-05-25 01:53:08,470] Trial 80 pruned. 
  0%|          | 0/25 [00:00<?, ?it/s]  0%|          | 0/25 [00:04<?, ?it/s]
[I 2024-05-25 01:53:13,046] Trial 81 pruned. 
  0%|          | 0/25 [00:00<?, ?it/s]  0%|          | 0/25 [00:04<?, ?it/s]
[I 2024-05-25 01:53:17,615] Trial 82 pruned. 
  0%|          | 0/25 [00:00<?, ?it/s]  4%|▍         | 1/25 [00:05<02:18,  5.78s/it]  4%|▍         | 1/25 [00:11<04:36, 11.51s/it]
[I 2024-05-25 01:53:29,237] Trial 83 pruned. 
  0%|          | 0/25 [00:00<?, ?it/s]  0%|          | 0/25 [00:04<?, ?it/s]
[I 2024-05-25 01:53:33,821] Trial 84 pruned. 
  0%|          | 0/25 [00:00<?, ?it/s]  0%|          | 0/25 [00:06<?, ?it/s]
[I 2024-05-25 01:53:40,430] Trial 85 pruned. 
  0%|          | 0/25 [00:00<?, ?it/s]  4%|▍         | 1/25 [00:04<01:47,  4.50s/it]  8%|▊         | 2/25 [00:08<01:43,  4.50s/it]  8%|▊         | 2/25 [00:13<02:35,  6.75s/it]
[I 2024-05-25 01:53:54,042] Trial 86 pruned. 
  0%|          | 0/25 [00:00<?, ?it/s]  0%|          | 0/25 [00:09<?, ?it/s]
[I 2024-05-25 01:54:03,870] Trial 87 pruned. 
  0%|          | 0/25 [00:00<?, ?it/s]  0%|          | 0/25 [00:00<?, ?it/s]
[I 2024-05-25 01:54:04,639] Trial 88 pruned. 
  0%|          | 0/25 [00:00<?, ?it/s]  4%|▍         | 1/25 [00:03<01:16,  3.20s/it]  8%|▊         | 2/25 [00:06<01:13,  3.20s/it] 12%|█▏        | 3/25 [00:09<01:10,  3.20s/it] 12%|█▏        | 3/25 [00:12<01:33,  4.27s/it]
[I 2024-05-25 01:54:17,527] Trial 89 pruned. 
  0%|          | 0/25 [00:00<?, ?it/s]  0%|          | 0/25 [00:01<?, ?it/s]
[I 2024-05-25 01:54:18,925] Trial 90 pruned. 
  0%|          | 0/25 [00:00<?, ?it/s]  0%|          | 0/25 [00:04<?, ?it/s]
[I 2024-05-25 01:54:23,517] Trial 91 pruned. 
  0%|          | 0/25 [00:00<?, ?it/s]  4%|▍         | 1/25 [00:05<02:18,  5.78s/it]  4%|▍         | 1/25 [00:11<04:37, 11.56s/it]
[I 2024-05-25 01:54:35,188] Trial 92 pruned. 
  0%|          | 0/25 [00:00<?, ?it/s]  0%|          | 0/25 [00:04<?, ?it/s]
[I 2024-05-25 01:54:39,763] Trial 93 pruned. 
  0%|          | 0/25 [00:00<?, ?it/s]  0%|          | 0/25 [00:03<?, ?it/s]
[I 2024-05-25 01:54:43,044] Trial 94 pruned. 
  0%|          | 0/25 [00:00<?, ?it/s]  4%|▍         | 1/25 [00:04<01:47,  4.49s/it]  4%|▍         | 1/25 [00:08<03:35,  8.97s/it]
[I 2024-05-25 01:54:52,112] Trial 95 pruned. 
  0%|          | 0/25 [00:00<?, ?it/s]  0%|          | 0/25 [00:02<?, ?it/s]
[I 2024-05-25 01:54:54,863] Trial 96 pruned. 
  0%|          | 0/25 [00:00<?, ?it/s]  0%|          | 0/25 [00:05<?, ?it/s]
[I 2024-05-25 01:55:00,725] Trial 97 pruned. 
  0%|          | 0/25 [00:00<?, ?it/s]  4%|▍         | 1/25 [00:02<01:00,  2.52s/it]  4%|▍         | 1/25 [00:05<02:00,  5.03s/it]
[I 2024-05-25 01:55:05,835] Trial 98 pruned. 
  0%|          | 0/25 [00:00<?, ?it/s]  0%|          | 0/25 [00:04<?, ?it/s]
[I 2024-05-25 01:55:10,431] Trial 99 pruned. 
0 True
Number of finished trials:  100
Best hyperparameters:  {'d_model': 128, 'num_heads': 4, 'num_layers': 3, 'lr': 0.0005105373689092852, 'batch_size': 50, 'wd': 1.6588802158766295e-05}
Best validation loss:  0.010759154427796602

JOB STATISTICS
==============
Job ID: 6377400
Cluster: snellius
User/Group: igardner/igardner
State: COMPLETED (exit code 0)
Nodes: 1
Cores per node: 18
CPU Utilized: 14:08:04
CPU Efficiency: 99.26% of 14:14:24 core-walltime
Job Wall-clock time: 00:47:28
Memory Utilized: 3.59 GB
Memory Efficiency: 2.99% of 120.00 GB
