============================================================================================== 
Warning! Mixing Conda and module environments may lead to corruption of the
user environment. 
We do not recommend users mixing those two environments unless absolutely
necessary. Note that 
SURF does not provide any support for Conda environment.
For more information, please refer to our software policy page:
https://servicedesk.surf.nl/wiki/display/WIKI/Software+policy+Snellius#SoftwarepolicySnellius-UseofAnacondaandMinicondaenvironmentsonSnellius 

Remember that many packages have already been installed on the system and can
be loaded using 
the 'module load <package__name>' command. If you are uncertain if a package is
already available 
on the system, please use 'module avail' or 'module spider' to search for it.
============================================================================================== 
[I 2024-05-23 18:51:49,550] A new study created in memory with name: no-name-a091199f-62c9-4b1f-8fae-f83384985ba8
  0%|          | 0/25 [00:00<?, ?it/s]  4%|▍         | 1/25 [00:03<01:20,  3.35s/it]  8%|▊         | 2/25 [00:06<01:13,  3.18s/it] 12%|█▏        | 3/25 [00:09<01:08,  3.12s/it] 16%|█▌        | 4/25 [00:12<01:04,  3.09s/it] 20%|██        | 5/25 [00:15<01:01,  3.08s/it] 24%|██▍       | 6/25 [00:18<00:58,  3.07s/it] 28%|██▊       | 7/25 [00:21<00:55,  3.07s/it] 32%|███▏      | 8/25 [00:24<00:52,  3.07s/it] 36%|███▌      | 9/25 [00:27<00:48,  3.06s/it] 40%|████      | 10/25 [00:30<00:45,  3.06s/it] 44%|████▍     | 11/25 [00:33<00:42,  3.06s/it] 48%|████▊     | 12/25 [00:36<00:39,  3.06s/it] 52%|█████▏    | 13/25 [00:39<00:36,  3.05s/it] 56%|█████▌    | 14/25 [00:43<00:33,  3.05s/it] 60%|██████    | 15/25 [00:46<00:30,  3.05s/it] 64%|██████▍   | 16/25 [00:49<00:27,  3.05s/it] 68%|██████▊   | 17/25 [00:52<00:24,  3.05s/it] 72%|███████▏  | 18/25 [00:55<00:21,  3.05s/it] 76%|███████▌  | 19/25 [00:58<00:18,  3.04s/it] 80%|████████  | 20/25 [01:01<00:15,  3.04s/it] 84%|████████▍ | 21/25 [01:04<00:12,  3.05s/it] 88%|████████▊ | 22/25 [01:07<00:09,  3.04s/it] 92%|█████████▏| 23/25 [01:10<00:06,  3.05s/it] 96%|█████████▌| 24/25 [01:13<00:03,  3.05s/it]100%|██████████| 25/25 [01:16<00:00,  3.05s/it]100%|██████████| 25/25 [01:16<00:00,  3.06s/it]
[I 2024-05-23 18:53:06,688] Trial 0 finished with value: 0.03149786489084363 and parameters: {'d_model': 16, 'num_heads': 4, 'num_layers': 6, 'lr': 0.0002451727132066033, 'batch_size': 50, 'wd': 0.0007556944737165822}. Best is trial 0 with value: 0.03149786489084363.
  0%|          | 0/25 [00:00<?, ?it/s]  4%|▍         | 1/25 [00:00<00:11,  2.14it/s]  8%|▊         | 2/25 [00:00<00:10,  2.14it/s] 12%|█▏        | 3/25 [00:01<00:10,  2.17it/s] 16%|█▌        | 4/25 [00:01<00:09,  2.15it/s] 20%|██        | 5/25 [00:02<00:09,  2.15it/s] 24%|██▍       | 6/25 [00:02<00:08,  2.14it/s] 28%|██▊       | 7/25 [00:03<00:08,  2.15it/s] 32%|███▏      | 8/25 [00:03<00:07,  2.17it/s] 36%|███▌      | 9/25 [00:04<00:07,  2.16it/s] 40%|████      | 10/25 [00:04<00:06,  2.16it/s] 44%|████▍     | 11/25 [00:05<00:06,  2.15it/s] 48%|████▊     | 12/25 [00:05<00:06,  2.14it/s] 52%|█████▏    | 13/25 [00:06<00:05,  2.13it/s] 56%|█████▌    | 14/25 [00:06<00:05,  2.12it/s] 60%|██████    | 15/25 [00:06<00:04,  2.13it/s] 64%|██████▍   | 16/25 [00:07<00:04,  2.12it/s] 68%|██████▊   | 17/25 [00:07<00:03,  2.12it/s] 72%|███████▏  | 18/25 [00:08<00:03,  2.11it/s] 76%|███████▌  | 19/25 [00:08<00:02,  2.13it/s] 80%|████████  | 20/25 [00:09<00:02,  2.11it/s] 84%|████████▍ | 21/25 [00:09<00:01,  2.12it/s] 88%|████████▊ | 22/25 [00:10<00:01,  2.13it/s] 92%|█████████▏| 23/25 [00:10<00:00,  2.15it/s] 96%|█████████▌| 24/25 [00:11<00:00,  2.15it/s]100%|██████████| 25/25 [00:11<00:00,  2.15it/s]100%|██████████| 25/25 [00:11<00:00,  2.14it/s]
[I 2024-05-23 18:53:18,473] Trial 1 finished with value: 0.06254266276955604 and parameters: {'d_model': 16, 'num_heads': 4, 'num_layers': 1, 'lr': 3.529803587692275e-05, 'batch_size': 100, 'wd': 0.0019808231120442337}. Best is trial 0 with value: 0.03149786489084363.
  0%|          | 0/25 [00:00<?, ?it/s]  4%|▍         | 1/25 [00:05<02:00,  5.03s/it]  8%|▊         | 2/25 [00:09<01:53,  4.92s/it] 12%|█▏        | 3/25 [00:14<01:47,  4.87s/it] 16%|█▌        | 4/25 [00:19<01:41,  4.83s/it] 20%|██        | 5/25 [00:24<01:36,  4.84s/it] 24%|██▍       | 6/25 [00:29<01:32,  4.86s/it] 28%|██▊       | 7/25 [00:34<01:27,  4.84s/it] 32%|███▏      | 8/25 [00:38<01:22,  4.84s/it] 36%|███▌      | 9/25 [00:43<01:17,  4.83s/it] 40%|████      | 10/25 [00:48<01:12,  4.81s/it] 44%|████▍     | 11/25 [00:53<01:07,  4.80s/it] 48%|████▊     | 12/25 [00:58<01:02,  4.82s/it] 52%|█████▏    | 13/25 [01:02<00:57,  4.80s/it] 56%|█████▌    | 14/25 [01:07<00:52,  4.80s/it] 60%|██████    | 15/25 [01:12<00:48,  4.83s/it] 64%|██████▍   | 16/25 [01:17<00:43,  4.82s/it] 68%|██████▊   | 17/25 [01:22<00:38,  4.81s/it] 72%|███████▏  | 18/25 [01:27<00:33,  4.84s/it] 76%|███████▌  | 19/25 [01:31<00:29,  4.84s/it] 80%|████████  | 20/25 [01:36<00:24,  4.81s/it] 84%|████████▍ | 21/25 [01:41<00:19,  4.82s/it] 88%|████████▊ | 22/25 [01:46<00:14,  4.80s/it] 92%|█████████▏| 23/25 [01:51<00:09,  4.83s/it] 96%|█████████▌| 24/25 [01:55<00:04,  4.82s/it]100%|██████████| 25/25 [02:00<00:00,  4.80s/it]100%|██████████| 25/25 [02:00<00:00,  4.83s/it]
[I 2024-05-23 18:55:19,331] Trial 2 finished with value: 0.03152997312801225 and parameters: {'d_model': 128, 'num_heads': 4, 'num_layers': 8, 'lr': 7.172753774547918e-05, 'batch_size': 150, 'wd': 0.0009649222635870077}. Best is trial 0 with value: 0.03149786489084363.
  0%|          | 0/25 [00:00<?, ?it/s]  4%|▍         | 1/25 [00:00<00:14,  1.65it/s]  8%|▊         | 2/25 [00:01<00:13,  1.65it/s] 12%|█▏        | 3/25 [00:01<00:13,  1.65it/s] 16%|█▌        | 4/25 [00:02<00:12,  1.65it/s] 20%|██        | 5/25 [00:03<00:12,  1.65it/s] 24%|██▍       | 6/25 [00:03<00:11,  1.66it/s] 28%|██▊       | 7/25 [00:04<00:10,  1.66it/s] 32%|███▏      | 8/25 [00:04<00:10,  1.66it/s] 36%|███▌      | 9/25 [00:05<00:09,  1.66it/s] 40%|████      | 10/25 [00:06<00:09,  1.66it/s] 44%|████▍     | 11/25 [00:06<00:08,  1.66it/s] 48%|████▊     | 12/25 [00:07<00:07,  1.66it/s] 52%|█████▏    | 13/25 [00:07<00:07,  1.65it/s] 56%|█████▌    | 14/25 [00:08<00:06,  1.65it/s] 60%|██████    | 15/25 [00:09<00:06,  1.66it/s] 64%|██████▍   | 16/25 [00:09<00:05,  1.66it/s] 68%|██████▊   | 17/25 [00:10<00:04,  1.64it/s] 72%|███████▏  | 18/25 [00:10<00:04,  1.64it/s] 76%|███████▌  | 19/25 [00:11<00:03,  1.65it/s] 80%|████████  | 20/25 [00:12<00:03,  1.65it/s] 84%|████████▍ | 21/25 [00:12<00:02,  1.65it/s] 88%|████████▊ | 22/25 [00:13<00:01,  1.64it/s] 92%|█████████▏| 23/25 [00:13<00:01,  1.65it/s] 96%|█████████▌| 24/25 [00:14<00:00,  1.64it/s]100%|██████████| 25/25 [00:15<00:00,  1.64it/s]100%|██████████| 25/25 [00:15<00:00,  1.65it/s]
[I 2024-05-23 18:55:34,566] Trial 3 finished with value: 0.05522315736327853 and parameters: {'d_model': 32, 'num_heads': 4, 'num_layers': 2, 'lr': 1.8865992314036954e-05, 'batch_size': 150, 'wd': 3.7857782976756885e-06}. Best is trial 0 with value: 0.03149786489084363.
  0%|          | 0/25 [00:00<?, ?it/s]  4%|▍         | 1/25 [00:00<00:13,  1.76it/s]  8%|▊         | 2/25 [00:01<00:13,  1.77it/s] 12%|█▏        | 3/25 [00:01<00:12,  1.76it/s] 16%|█▌        | 4/25 [00:02<00:12,  1.69it/s] 20%|██        | 5/25 [00:02<00:11,  1.71it/s] 24%|██▍       | 6/25 [00:03<00:10,  1.74it/s] 28%|██▊       | 7/25 [00:04<00:10,  1.76it/s] 32%|███▏      | 8/25 [00:04<00:09,  1.77it/s] 36%|███▌      | 9/25 [00:05<00:08,  1.78it/s] 40%|████      | 10/25 [00:05<00:08,  1.78it/s] 44%|████▍     | 11/25 [00:06<00:07,  1.78it/s] 48%|████▊     | 12/25 [00:06<00:07,  1.79it/s] 52%|█████▏    | 13/25 [00:07<00:06,  1.79it/s] 56%|█████▌    | 14/25 [00:07<00:06,  1.79it/s] 60%|██████    | 15/25 [00:08<00:05,  1.78it/s] 64%|██████▍   | 16/25 [00:09<00:05,  1.78it/s] 68%|██████▊   | 17/25 [00:09<00:04,  1.79it/s] 72%|███████▏  | 18/25 [00:10<00:03,  1.78it/s] 76%|███████▌  | 19/25 [00:10<00:03,  1.78it/s] 80%|████████  | 20/25 [00:11<00:02,  1.77it/s] 84%|████████▍ | 21/25 [00:11<00:02,  1.77it/s] 88%|████████▊ | 22/25 [00:12<00:01,  1.78it/s] 92%|█████████▏| 23/25 [00:12<00:01,  1.78it/s] 96%|█████████▌| 24/25 [00:13<00:00,  1.78it/s]100%|██████████| 25/25 [00:14<00:00,  1.78it/s]100%|██████████| 25/25 [00:14<00:00,  1.77it/s]
[I 2024-05-23 18:55:48,737] Trial 4 finished with value: 0.04381928294897079 and parameters: {'d_model': 32, 'num_heads': 8, 'num_layers': 2, 'lr': 0.00012927114530702187, 'batch_size': 200, 'wd': 0.0017496164933019824}. Best is trial 0 with value: 0.03149786489084363.
  0%|          | 0/25 [00:00<?, ?it/s]  0%|          | 0/25 [00:00<?, ?it/s]
[I 2024-05-23 18:55:49,313] Trial 5 pruned. 
  0%|          | 0/25 [00:00<?, ?it/s]  4%|▍         | 1/25 [00:00<00:21,  1.11it/s]  8%|▊         | 2/25 [00:01<00:20,  1.11it/s] 12%|█▏        | 3/25 [00:02<00:19,  1.11it/s] 16%|█▌        | 4/25 [00:03<00:18,  1.12it/s] 20%|██        | 5/25 [00:04<00:17,  1.12it/s] 24%|██▍       | 6/25 [00:05<00:17,  1.12it/s] 28%|██▊       | 7/25 [00:06<00:16,  1.12it/s] 32%|███▏      | 8/25 [00:07<00:15,  1.11it/s] 36%|███▌      | 9/25 [00:08<00:14,  1.11it/s] 40%|████      | 10/25 [00:08<00:13,  1.11it/s] 44%|████▍     | 11/25 [00:09<00:12,  1.12it/s] 48%|████▊     | 12/25 [00:10<00:11,  1.12it/s] 52%|█████▏    | 13/25 [00:11<00:10,  1.12it/s] 56%|█████▌    | 14/25 [00:12<00:09,  1.12it/s] 60%|██████    | 15/25 [00:13<00:08,  1.12it/s] 64%|██████▍   | 16/25 [00:14<00:08,  1.12it/s] 68%|██████▊   | 17/25 [00:15<00:07,  1.12it/s] 72%|███████▏  | 18/25 [00:16<00:06,  1.11it/s] 76%|███████▌  | 19/25 [00:17<00:05,  1.11it/s] 80%|████████  | 20/25 [00:17<00:04,  1.11it/s] 84%|████████▍ | 21/25 [00:18<00:03,  1.11it/s] 88%|████████▊ | 22/25 [00:19<00:02,  1.11it/s] 92%|█████████▏| 23/25 [00:20<00:01,  1.11it/s] 96%|█████████▌| 24/25 [00:21<00:00,  1.11it/s]100%|██████████| 25/25 [00:22<00:00,  1.12it/s]100%|██████████| 25/25 [00:22<00:00,  1.11it/s]
[I 2024-05-23 18:56:11,794] Trial 6 finished with value: 0.02782382257282734 and parameters: {'d_model': 32, 'num_heads': 8, 'num_layers': 2, 'lr': 0.00018104274733720977, 'batch_size': 100, 'wd': 1.1111300657448171e-05}. Best is trial 6 with value: 0.02782382257282734.
  0%|          | 0/25 [00:00<?, ?it/s]  4%|▍         | 1/25 [00:00<00:13,  1.82it/s]  4%|▍         | 1/25 [00:01<00:26,  1.10s/it]
[I 2024-05-23 18:56:12,968] Trial 7 pruned. 
  0%|          | 0/25 [00:00<?, ?it/s]  4%|▍         | 1/25 [00:02<00:54,  2.27s/it]  8%|▊         | 2/25 [00:04<00:52,  2.28s/it] 12%|█▏        | 3/25 [00:06<00:50,  2.29s/it] 16%|█▌        | 4/25 [00:09<00:47,  2.28s/it] 20%|██        | 5/25 [00:11<00:45,  2.27s/it] 24%|██▍       | 6/25 [00:13<00:43,  2.26s/it] 28%|██▊       | 7/25 [00:15<00:40,  2.26s/it] 32%|███▏      | 8/25 [00:18<00:38,  2.26s/it] 36%|███▌      | 9/25 [00:20<00:36,  2.27s/it] 40%|████      | 10/25 [00:22<00:34,  2.28s/it] 44%|████▍     | 11/25 [00:25<00:31,  2.28s/it] 48%|████▊     | 12/25 [00:27<00:29,  2.28s/it] 52%|█████▏    | 13/25 [00:29<00:27,  2.28s/it] 56%|█████▌    | 14/25 [00:31<00:25,  2.29s/it] 60%|██████    | 15/25 [00:34<00:22,  2.30s/it] 64%|██████▍   | 16/25 [00:36<00:20,  2.29s/it] 68%|██████▊   | 17/25 [00:38<00:18,  2.30s/it] 72%|███████▏  | 18/25 [00:41<00:16,  2.29s/it] 76%|███████▌  | 19/25 [00:43<00:13,  2.29s/it] 80%|████████  | 20/25 [00:45<00:11,  2.29s/it] 84%|████████▍ | 21/25 [00:47<00:09,  2.29s/it] 88%|████████▊ | 22/25 [00:50<00:06,  2.29s/it] 92%|█████████▏| 23/25 [00:52<00:04,  2.29s/it] 96%|█████████▌| 24/25 [00:54<00:02,  2.28s/it]100%|██████████| 25/25 [00:57<00:00,  2.28s/it]100%|██████████| 25/25 [00:57<00:00,  2.28s/it]
[I 2024-05-23 18:57:10,087] Trial 8 finished with value: 0.025597375445067884 and parameters: {'d_model': 32, 'num_heads': 4, 'num_layers': 6, 'lr': 0.00015211019170349583, 'batch_size': 100, 'wd': 2.226388941121387e-05}. Best is trial 8 with value: 0.025597375445067884.
  0%|          | 0/25 [00:00<?, ?it/s]  4%|▍         | 1/25 [00:05<02:03,  5.16s/it]  8%|▊         | 2/25 [00:10<01:58,  5.16s/it] 12%|█▏        | 3/25 [00:15<01:53,  5.15s/it] 16%|█▌        | 4/25 [00:20<01:48,  5.16s/it] 20%|██        | 5/25 [00:25<01:43,  5.15s/it] 24%|██▍       | 6/25 [00:30<01:37,  5.15s/it] 28%|██▊       | 7/25 [00:36<01:32,  5.16s/it] 32%|███▏      | 8/25 [00:41<01:27,  5.15s/it] 36%|███▌      | 9/25 [00:46<01:22,  5.13s/it] 40%|████      | 10/25 [00:51<01:17,  5.14s/it] 44%|████▍     | 11/25 [00:56<01:12,  5.15s/it] 48%|████▊     | 12/25 [01:01<01:07,  5.16s/it] 52%|█████▏    | 13/25 [01:06<01:01,  5.16s/it] 56%|█████▌    | 14/25 [01:12<00:56,  5.15s/it] 60%|██████    | 15/25 [01:17<00:51,  5.15s/it] 64%|██████▍   | 16/25 [01:22<00:46,  5.14s/it] 68%|██████▊   | 17/25 [01:27<00:41,  5.14s/it] 72%|███████▏  | 18/25 [01:32<00:36,  5.14s/it] 76%|███████▌  | 19/25 [01:37<00:30,  5.16s/it] 80%|████████  | 20/25 [01:43<00:25,  5.16s/it] 84%|████████▍ | 21/25 [01:48<00:20,  5.16s/it] 88%|████████▊ | 22/25 [01:53<00:15,  5.15s/it] 92%|█████████▏| 23/25 [01:58<00:10,  5.14s/it] 96%|█████████▌| 24/25 [02:03<00:05,  5.15s/it]100%|██████████| 25/25 [02:08<00:00,  5.14s/it]100%|██████████| 25/25 [02:08<00:00,  5.15s/it]
[I 2024-05-23 18:59:18,885] Trial 9 finished with value: 0.025191739853471517 and parameters: {'d_model': 64, 'num_heads': 8, 'num_layers': 6, 'lr': 9.462346787651613e-05, 'batch_size': 50, 'wd': 0.0005076913420005481}. Best is trial 9 with value: 0.025191739853471517.
  0%|          | 0/25 [00:00<?, ?it/s]  4%|▍         | 1/25 [00:03<01:25,  3.58s/it]  8%|▊         | 2/25 [00:07<01:21,  3.56s/it] 12%|█▏        | 3/25 [00:10<01:18,  3.58s/it] 16%|█▌        | 4/25 [00:14<01:15,  3.59s/it] 20%|██        | 5/25 [00:17<01:11,  3.59s/it] 24%|██▍       | 6/25 [00:21<01:08,  3.58s/it] 28%|██▊       | 7/25 [00:25<01:04,  3.59s/it] 32%|███▏      | 8/25 [00:28<01:01,  3.60s/it] 36%|███▌      | 9/25 [00:32<00:57,  3.60s/it] 40%|████      | 10/25 [00:35<00:53,  3.58s/it] 44%|████▍     | 11/25 [00:39<00:50,  3.57s/it] 48%|████▊     | 12/25 [00:42<00:46,  3.57s/it] 52%|█████▏    | 13/25 [00:46<00:42,  3.57s/it] 56%|█████▌    | 14/25 [00:50<00:39,  3.58s/it] 60%|██████    | 15/25 [00:53<00:35,  3.57s/it] 64%|██████▍   | 16/25 [00:57<00:32,  3.58s/it] 68%|██████▊   | 17/25 [01:00<00:28,  3.57s/it] 72%|███████▏  | 18/25 [01:04<00:24,  3.56s/it] 76%|███████▌  | 19/25 [01:07<00:21,  3.56s/it] 80%|████████  | 20/25 [01:11<00:17,  3.55s/it] 84%|████████▍ | 21/25 [01:15<00:14,  3.54s/it] 88%|████████▊ | 22/25 [01:18<00:10,  3.55s/it] 92%|█████████▏| 23/25 [01:22<00:07,  3.55s/it] 96%|█████████▌| 24/25 [01:25<00:03,  3.55s/it]100%|██████████| 25/25 [01:29<00:00,  3.55s/it]100%|██████████| 25/25 [01:29<00:00,  3.57s/it]
[I 2024-05-23 19:00:48,211] Trial 10 finished with value: 0.022973158862441778 and parameters: {'d_model': 64, 'num_heads': 8, 'num_layers': 4, 'lr': 0.0009000220459473819, 'batch_size': 50, 'wd': 0.008473221693697125}. Best is trial 10 with value: 0.022973158862441778.
  0%|          | 0/25 [00:00<?, ?it/s]  4%|▍         | 1/25 [00:03<01:24,  3.54s/it]  8%|▊         | 2/25 [00:07<01:21,  3.55s/it] 12%|█▏        | 3/25 [00:10<01:18,  3.57s/it] 16%|█▌        | 4/25 [00:14<01:14,  3.56s/it] 20%|██        | 5/25 [00:17<01:11,  3.56s/it] 24%|██▍       | 6/25 [00:21<01:07,  3.55s/it] 28%|██▊       | 7/25 [00:24<01:03,  3.55s/it] 32%|███▏      | 8/25 [00:28<01:00,  3.55s/it] 36%|███▌      | 9/25 [00:31<00:56,  3.56s/it] 40%|████      | 10/25 [00:35<00:53,  3.55s/it] 44%|████▍     | 11/25 [00:39<00:49,  3.54s/it] 48%|████▊     | 12/25 [00:42<00:46,  3.54s/it] 52%|█████▏    | 13/25 [00:46<00:42,  3.54s/it] 56%|█████▌    | 14/25 [00:49<00:38,  3.54s/it] 60%|██████    | 15/25 [00:53<00:35,  3.54s/it] 64%|██████▍   | 16/25 [00:56<00:31,  3.54s/it] 68%|██████▊   | 17/25 [01:00<00:28,  3.54s/it] 72%|███████▏  | 18/25 [01:03<00:24,  3.53s/it] 76%|███████▌  | 19/25 [01:07<00:21,  3.54s/it] 80%|████████  | 20/25 [01:10<00:17,  3.53s/it] 84%|████████▍ | 21/25 [01:14<00:14,  3.53s/it] 88%|████████▊ | 22/25 [01:17<00:10,  3.54s/it] 92%|█████████▏| 23/25 [01:21<00:07,  3.54s/it] 96%|█████████▌| 24/25 [01:25<00:03,  3.53s/it]100%|██████████| 25/25 [01:28<00:00,  3.55s/it]100%|██████████| 25/25 [01:28<00:00,  3.54s/it]
[I 2024-05-23 19:02:16,886] Trial 11 finished with value: 0.022706976998597382 and parameters: {'d_model': 64, 'num_heads': 8, 'num_layers': 4, 'lr': 0.0007179316115702692, 'batch_size': 50, 'wd': 0.00972137303450027}. Best is trial 11 with value: 0.022706976998597382.
  0%|          | 0/25 [00:00<?, ?it/s]  4%|▍         | 1/25 [00:03<01:25,  3.57s/it]  8%|▊         | 2/25 [00:07<01:21,  3.55s/it]  8%|▊         | 2/25 [00:10<02:02,  5.32s/it]
[I 2024-05-23 19:02:27,613] Trial 12 pruned. 
  0%|          | 0/25 [00:00<?, ?it/s]  4%|▍         | 1/25 [00:03<01:25,  3.57s/it]  8%|▊         | 2/25 [00:07<01:21,  3.56s/it] 12%|█▏        | 3/25 [00:10<01:18,  3.56s/it] 16%|█▌        | 4/25 [00:14<01:14,  3.55s/it] 20%|██        | 5/25 [00:17<01:11,  3.55s/it] 24%|██▍       | 6/25 [00:21<01:07,  3.56s/it] 28%|██▊       | 7/25 [00:24<01:03,  3.55s/it] 32%|███▏      | 8/25 [00:28<01:00,  3.55s/it] 36%|███▌      | 9/25 [00:31<00:56,  3.55s/it] 40%|████      | 10/25 [00:35<00:53,  3.55s/it] 44%|████▍     | 11/25 [00:39<00:49,  3.54s/it] 48%|████▊     | 12/25 [00:42<00:46,  3.54s/it] 52%|█████▏    | 13/25 [00:46<00:42,  3.55s/it] 56%|█████▌    | 14/25 [00:49<00:39,  3.57s/it] 60%|██████    | 15/25 [00:53<00:35,  3.57s/it] 64%|██████▍   | 16/25 [00:56<00:32,  3.59s/it] 68%|██████▊   | 17/25 [01:00<00:28,  3.60s/it] 72%|███████▏  | 18/25 [01:04<00:25,  3.61s/it] 76%|███████▌  | 19/25 [01:07<00:21,  3.61s/it] 80%|████████  | 20/25 [01:11<00:18,  3.60s/it] 84%|████████▍ | 21/25 [01:15<00:14,  3.60s/it] 88%|████████▊ | 22/25 [01:18<00:10,  3.60s/it] 92%|█████████▏| 23/25 [01:22<00:07,  3.60s/it] 96%|█████████▌| 24/25 [01:25<00:03,  3.60s/it]100%|██████████| 25/25 [01:29<00:00,  3.60s/it]100%|██████████| 25/25 [01:29<00:00,  3.58s/it]
[I 2024-05-23 19:03:57,127] Trial 13 finished with value: 0.016084018209949136 and parameters: {'d_model': 64, 'num_heads': 8, 'num_layers': 4, 'lr': 0.0008214110568851223, 'batch_size': 50, 'wd': 0.00018454318649999626}. Best is trial 13 with value: 0.016084018209949136.
  0%|          | 0/25 [00:00<?, ?it/s]  4%|▍         | 1/25 [00:04<01:45,  4.38s/it]  8%|▊         | 2/25 [00:08<01:41,  4.40s/it] 12%|█▏        | 3/25 [00:13<01:36,  4.40s/it] 16%|█▌        | 4/25 [00:17<01:31,  4.38s/it] 20%|██        | 5/25 [00:21<01:27,  4.39s/it] 24%|██▍       | 6/25 [00:26<01:23,  4.40s/it] 28%|██▊       | 7/25 [00:30<01:19,  4.39s/it] 32%|███▏      | 8/25 [00:35<01:14,  4.39s/it] 36%|███▌      | 9/25 [00:39<01:10,  4.40s/it] 40%|████      | 10/25 [00:43<01:05,  4.40s/it] 44%|████▍     | 11/25 [00:48<01:01,  4.38s/it] 48%|████▊     | 12/25 [00:52<00:57,  4.39s/it] 52%|█████▏    | 13/25 [00:57<00:52,  4.39s/it] 56%|█████▌    | 14/25 [01:01<00:48,  4.40s/it] 60%|██████    | 15/25 [01:05<00:43,  4.40s/it] 64%|██████▍   | 16/25 [01:10<00:39,  4.39s/it] 68%|██████▊   | 17/25 [01:14<00:35,  4.39s/it] 72%|███████▏  | 18/25 [01:19<00:30,  4.40s/it] 76%|███████▌  | 19/25 [01:23<00:26,  4.40s/it] 80%|████████  | 20/25 [01:27<00:22,  4.40s/it] 84%|████████▍ | 21/25 [01:32<00:17,  4.40s/it] 88%|████████▊ | 22/25 [01:36<00:13,  4.41s/it] 92%|█████████▏| 23/25 [01:41<00:08,  4.41s/it] 96%|█████████▌| 24/25 [01:45<00:04,  4.40s/it]100%|██████████| 25/25 [01:49<00:00,  4.40s/it]100%|██████████| 25/25 [01:49<00:00,  4.40s/it]
[I 2024-05-23 19:05:47,165] Trial 14 finished with value: 0.017114649619907142 and parameters: {'d_model': 64, 'num_heads': 8, 'num_layers': 5, 'lr': 0.0003636433654538423, 'batch_size': 50, 'wd': 0.00014907548350376112}. Best is trial 13 with value: 0.016084018209949136.
  0%|          | 0/25 [00:00<?, ?it/s]  0%|          | 0/25 [00:02<?, ?it/s]
[I 2024-05-23 19:05:50,284] Trial 15 pruned. 
  0%|          | 0/25 [00:00<?, ?it/s]  4%|▍         | 1/25 [00:06<02:44,  6.86s/it]  8%|▊         | 2/25 [00:13<02:37,  6.86s/it] 12%|█▏        | 3/25 [00:20<02:30,  6.85s/it] 16%|█▌        | 4/25 [00:27<02:23,  6.83s/it] 20%|██        | 5/25 [00:34<02:16,  6.82s/it] 24%|██▍       | 6/25 [00:40<02:08,  6.78s/it] 28%|██▊       | 7/25 [00:47<02:02,  6.79s/it] 32%|███▏      | 8/25 [00:54<01:55,  6.79s/it] 36%|███▌      | 9/25 [01:01<01:48,  6.79s/it] 40%|████      | 10/25 [01:08<01:41,  6.78s/it] 44%|████▍     | 11/25 [01:14<01:34,  6.78s/it] 48%|████▊     | 12/25 [01:21<01:28,  6.79s/it] 52%|█████▏    | 13/25 [01:28<01:21,  6.82s/it] 56%|█████▌    | 14/25 [01:35<01:15,  6.83s/it] 60%|██████    | 15/25 [01:42<01:08,  6.83s/it] 64%|██████▍   | 16/25 [01:48<01:01,  6.81s/it] 68%|██████▊   | 17/25 [01:55<00:54,  6.81s/it] 72%|███████▏  | 18/25 [02:02<00:47,  6.80s/it] 76%|███████▌  | 19/25 [02:09<00:40,  6.80s/it] 80%|████████  | 20/25 [02:16<00:33,  6.78s/it] 84%|████████▍ | 21/25 [02:22<00:27,  6.78s/it] 88%|████████▊ | 22/25 [02:29<00:20,  6.78s/it] 92%|█████████▏| 23/25 [02:36<00:13,  6.79s/it] 96%|█████████▌| 24/25 [02:43<00:06,  6.79s/it]100%|██████████| 25/25 [02:50<00:00,  6.79s/it]100%|██████████| 25/25 [02:50<00:00,  6.80s/it]
