[I 2024-05-23 19:10:59,004] Trial 18 pruned. 
  0%|          | 0/25 [00:00<?, ?it/s]  0%|          | 0/25 [00:00<?, ?it/s]
[I 2024-05-23 19:10:59,649] Trial 19 pruned. 
  0%|          | 0/25 [00:00<?, ?it/s]  0%|          | 0/25 [00:01<?, ?it/s]
[I 2024-05-23 19:11:01,373] Trial 20 pruned. 
  0%|          | 0/25 [00:00<?, ?it/s]  0%|          | 0/25 [00:02<?, ?it/s]
[I 2024-05-23 19:11:03,557] Trial 21 pruned. 
  0%|          | 0/25 [00:00<?, ?it/s]  4%|▍         | 1/25 [00:02<00:50,  2.12s/it]  8%|▊         | 2/25 [00:04<00:48,  2.11s/it] 12%|█▏        | 3/25 [00:06<00:46,  2.11s/it] 16%|█▌        | 4/25 [00:08<00:44,  2.11s/it] 16%|█▌        | 4/25 [00:10<00:55,  2.64s/it]
[I 2024-05-23 19:11:14,197] Trial 22 pruned. 
  0%|          | 0/25 [00:00<?, ?it/s]  0%|          | 0/25 [00:01<?, ?it/s]
[I 2024-05-23 19:11:15,456] Trial 23 pruned. 
  0%|          | 0/25 [00:00<?, ?it/s]  0%|          | 0/25 [00:02<?, ?it/s]
[I 2024-05-23 19:11:18,126] Trial 24 pruned. 
  0%|          | 0/25 [00:00<?, ?it/s]  0%|          | 0/25 [00:01<?, ?it/s]
[I 2024-05-23 19:11:19,856] Trial 25 pruned. 
  0%|          | 0/25 [00:00<?, ?it/s]  0%|          | 0/25 [00:02<?, ?it/s]
[I 2024-05-23 19:11:22,049] Trial 26 pruned. 
  0%|          | 0/25 [00:00<?, ?it/s]  0%|          | 0/25 [00:01<?, ?it/s]
[I 2024-05-23 19:11:23,249] Trial 27 pruned. 
  0%|          | 0/25 [00:00<?, ?it/s]  0%|          | 0/25 [00:00<?, ?it/s]
[I 2024-05-23 19:11:24,150] Trial 28 pruned. 
  0%|          | 0/25 [00:00<?, ?it/s]  0%|          | 0/25 [00:00<?, ?it/s]
[I 2024-05-23 19:11:24,759] Trial 29 pruned. 
  0%|          | 0/25 [00:00<?, ?it/s]  4%|▍         | 1/25 [00:01<00:29,  1.21s/it]  8%|▊         | 2/25 [00:02<00:27,  1.21s/it] 12%|█▏        | 3/25 [00:03<00:26,  1.21s/it] 12%|█▏        | 3/25 [00:04<00:35,  1.61s/it]
[I 2024-05-23 19:11:29,675] Trial 30 pruned. 
  0%|          | 0/25 [00:00<?, ?it/s]  0%|          | 0/25 [00:02<?, ?it/s]
[I 2024-05-23 19:11:31,864] Trial 31 pruned. 
  0%|          | 0/25 [00:00<?, ?it/s]  4%|▍         | 1/25 [00:02<00:50,  2.11s/it]  8%|▊         | 2/25 [00:04<00:48,  2.11s/it] 12%|█▏        | 3/25 [00:06<00:46,  2.11s/it] 16%|█▌        | 4/25 [00:08<00:44,  2.11s/it] 20%|██        | 5/25 [00:10<00:42,  2.11s/it] 24%|██▍       | 6/25 [00:12<00:40,  2.11s/it] 28%|██▊       | 7/25 [00:14<00:38,  2.11s/it] 32%|███▏      | 8/25 [00:16<00:35,  2.11s/it] 36%|███▌      | 9/25 [00:19<00:33,  2.11s/it] 40%|████      | 10/25 [00:21<00:31,  2.11s/it] 44%|████▍     | 11/25 [00:23<00:29,  2.12s/it] 48%|████▊     | 12/25 [00:25<00:27,  2.12s/it] 52%|█████▏    | 13/25 [00:27<00:25,  2.12s/it] 56%|█████▌    | 14/25 [00:29<00:23,  2.12s/it] 60%|██████    | 15/25 [00:31<00:21,  2.12s/it] 64%|██████▍   | 16/25 [00:33<00:19,  2.12s/it] 68%|██████▊   | 17/25 [00:35<00:16,  2.12s/it] 72%|███████▏  | 18/25 [00:38<00:14,  2.12s/it] 76%|███████▌  | 19/25 [00:40<00:12,  2.11s/it] 80%|████████  | 20/25 [00:42<00:10,  2.11s/it] 84%|████████▍ | 21/25 [00:44<00:08,  2.11s/it] 88%|████████▊ | 22/25 [00:46<00:06,  2.11s/it] 92%|█████████▏| 23/25 [00:48<00:04,  2.11s/it] 96%|█████████▌| 24/25 [00:50<00:02,  2.11s/it]100%|██████████| 25/25 [00:52<00:00,  2.12s/it]100%|██████████| 25/25 [00:52<00:00,  2.12s/it]
[I 2024-05-23 19:12:24,821] Trial 32 finished with value: 0.013218771293759346 and parameters: {'d_model': 64, 'num_heads': 4, 'num_layers': 4, 'lr': 0.0007755833990662991, 'batch_size': 100, 'wd': 7.921875392058782e-06}. Best is trial 13 with value: 0.012714631017297506.
  0%|          | 0/25 [00:00<?, ?it/s]  0%|          | 0/25 [00:02<?, ?it/s]
[I 2024-05-23 19:12:27,547] Trial 33 pruned. 
  0%|          | 0/25 [00:00<?, ?it/s]  0%|          | 0/25 [00:03<?, ?it/s]
[I 2024-05-23 19:12:30,684] Trial 34 pruned. 
  0%|          | 0/25 [00:00<?, ?it/s]  4%|▍         | 1/25 [00:01<00:38,  1.61s/it]  8%|▊         | 2/25 [00:03<00:37,  1.61s/it] 12%|█▏        | 3/25 [00:04<00:35,  1.61s/it] 16%|█▌        | 4/25 [00:06<00:33,  1.61s/it] 20%|██        | 5/25 [00:08<00:32,  1.61s/it] 24%|██▍       | 6/25 [00:09<00:30,  1.61s/it] 28%|██▊       | 7/25 [00:11<00:28,  1.60s/it] 32%|███▏      | 8/25 [00:12<00:27,  1.60s/it] 36%|███▌      | 9/25 [00:14<00:25,  1.61s/it] 40%|████      | 10/25 [00:16<00:24,  1.61s/it] 44%|████▍     | 11/25 [00:17<00:22,  1.61s/it] 48%|████▊     | 12/25 [00:19<00:20,  1.61s/it] 52%|█████▏    | 13/25 [00:20<00:19,  1.61s/it] 56%|█████▌    | 14/25 [00:22<00:17,  1.61s/it] 60%|██████    | 15/25 [00:24<00:16,  1.61s/it] 64%|██████▍   | 16/25 [00:25<00:14,  1.61s/it] 68%|██████▊   | 17/25 [00:27<00:12,  1.61s/it] 72%|███████▏  | 18/25 [00:28<00:11,  1.61s/it] 76%|███████▌  | 19/25 [00:30<00:09,  1.61s/it] 80%|████████  | 20/25 [00:32<00:08,  1.61s/it] 84%|████████▍ | 21/25 [00:33<00:06,  1.61s/it] 88%|████████▊ | 22/25 [00:35<00:04,  1.61s/it] 92%|█████████▏| 23/25 [00:37<00:03,  1.61s/it] 96%|█████████▌| 24/25 [00:38<00:01,  1.61s/it]100%|██████████| 25/25 [00:40<00:00,  1.61s/it]100%|██████████| 25/25 [00:40<00:00,  1.61s/it]
[I 2024-05-23 19:13:10,974] Trial 35 finished with value: 0.01831179652363062 and parameters: {'d_model': 16, 'num_heads': 4, 'num_layers': 3, 'lr': 0.0007596372210699879, 'batch_size': 50, 'wd': 1.026199790990179e-06}. Best is trial 13 with value: 0.012714631017297506.
  0%|          | 0/25 [00:00<?, ?it/s]  0%|          | 0/25 [00:01<?, ?it/s]
[I 2024-05-23 19:13:12,088] Trial 36 pruned. 
  0%|          | 0/25 [00:00<?, ?it/s]  0%|          | 0/25 [00:04<?, ?it/s]
[I 2024-05-23 19:13:17,168] Trial 37 pruned. 
  0%|          | 0/25 [00:00<?, ?it/s]  0%|          | 0/25 [00:01<?, ?it/s]
[I 2024-05-23 19:13:18,856] Trial 38 pruned. 
  0%|          | 0/25 [00:00<?, ?it/s]  4%|▍         | 1/25 [00:01<00:27,  1.17s/it]  8%|▊         | 2/25 [00:02<00:26,  1.16s/it]  8%|▊         | 2/25 [00:03<00:40,  1.74s/it]
[I 2024-05-23 19:13:22,417] Trial 39 pruned. 
  0%|          | 0/25 [00:00<?, ?it/s]  0%|          | 0/25 [00:01<?, ?it/s]
[I 2024-05-23 19:13:24,181] Trial 40 pruned. 
  0%|          | 0/25 [00:00<?, ?it/s]  0%|          | 0/25 [00:02<?, ?it/s]
[I 2024-05-23 19:13:26,397] Trial 41 pruned. 
  0%|          | 0/25 [00:00<?, ?it/s]  0%|          | 0/25 [00:02<?, ?it/s]
[I 2024-05-23 19:13:28,618] Trial 42 pruned. 
  0%|          | 0/25 [00:00<?, ?it/s]  0%|          | 0/25 [00:04<?, ?it/s]
[I 2024-05-23 19:13:32,971] Trial 43 pruned. 
  0%|          | 0/25 [00:00<?, ?it/s]  0%|          | 0/25 [00:01<?, ?it/s]
[I 2024-05-23 19:13:34,724] Trial 44 pruned. 
  0%|          | 0/25 [00:00<?, ?it/s]  4%|▍         | 1/25 [00:03<01:24,  3.53s/it]  8%|▊         | 2/25 [00:07<01:21,  3.53s/it] 12%|█▏        | 3/25 [00:10<01:17,  3.53s/it] 16%|█▌        | 4/25 [00:14<01:14,  3.54s/it] 20%|██        | 5/25 [00:17<01:10,  3.53s/it] 24%|██▍       | 6/25 [00:21<01:07,  3.54s/it] 28%|██▊       | 7/25 [00:24<01:03,  3.54s/it] 32%|███▏      | 8/25 [00:28<01:00,  3.54s/it] 36%|███▌      | 9/25 [00:31<00:56,  3.54s/it] 40%|████      | 10/25 [00:35<00:53,  3.54s/it] 44%|████▍     | 11/25 [00:38<00:49,  3.54s/it] 48%|████▊     | 12/25 [00:42<00:45,  3.54s/it] 52%|█████▏    | 13/25 [00:45<00:42,  3.54s/it] 56%|█████▌    | 14/25 [00:49<00:38,  3.54s/it] 60%|██████    | 15/25 [00:53<00:35,  3.54s/it] 64%|██████▍   | 16/25 [00:56<00:31,  3.54s/it] 68%|██████▊   | 17/25 [01:00<00:28,  3.54s/it] 72%|███████▏  | 18/25 [01:03<00:24,  3.53s/it] 76%|███████▌  | 19/25 [01:07<00:21,  3.53s/it] 80%|████████  | 20/25 [01:10<00:17,  3.53s/it] 84%|████████▍ | 21/25 [01:14<00:14,  3.53s/it] 88%|████████▊ | 22/25 [01:17<00:10,  3.53s/it] 92%|█████████▏| 23/25 [01:21<00:07,  3.54s/it] 96%|█████████▌| 24/25 [01:24<00:03,  3.54s/it]100%|██████████| 25/25 [01:28<00:00,  3.54s/it]100%|██████████| 25/25 [01:28<00:00,  3.54s/it]
[I 2024-05-23 19:15:03,232] Trial 45 finished with value: 0.0156754401512444 and parameters: {'d_model': 64, 'num_heads': 16, 'num_layers': 4, 'lr': 0.0003108992858035017, 'batch_size': 50, 'wd': 3.9175869690300357e-05}. Best is trial 13 with value: 0.012714631017297506.
  0%|          | 0/25 [00:00<?, ?it/s]  4%|▍         | 1/25 [00:01<00:40,  1.67s/it]  4%|▍         | 1/25 [00:03<01:19,  3.33s/it]
[I 2024-05-23 19:15:06,669] Trial 46 pruned. 
  0%|          | 0/25 [00:00<?, ?it/s]  0%|          | 0/25 [00:01<?, ?it/s]
[I 2024-05-23 19:15:08,333] Trial 47 pruned. 
  0%|          | 0/25 [00:00<?, ?it/s]  0%|          | 0/25 [00:01<?, ?it/s]
[I 2024-05-23 19:15:09,819] Trial 48 pruned. 
  0%|          | 0/25 [00:00<?, ?it/s]  0%|          | 0/25 [00:01<?, ?it/s]
[I 2024-05-23 19:15:11,495] Trial 49 pruned. 
  0%|          | 0/25 [00:00<?, ?it/s]  4%|▍         | 1/25 [00:01<00:30,  1.27s/it]  4%|▍         | 1/25 [00:02<01:00,  2.54s/it]
[I 2024-05-23 19:15:14,107] Trial 50 pruned. 
  0%|          | 0/25 [00:00<?, ?it/s]  4%|▍         | 1/25 [00:03<01:25,  3.56s/it]  8%|▊         | 2/25 [00:07<01:21,  3.55s/it] 12%|█▏        | 3/25 [00:10<01:18,  3.56s/it] 16%|█▌        | 4/25 [00:14<01:14,  3.56s/it] 20%|██        | 5/25 [00:17<01:11,  3.55s/it] 24%|██▍       | 6/25 [00:21<01:07,  3.55s/it] 28%|██▊       | 7/25 [00:24<01:03,  3.55s/it] 32%|███▏      | 8/25 [00:28<01:00,  3.55s/it] 36%|███▌      | 9/25 [00:31<00:56,  3.55s/it] 40%|████      | 10/25 [00:35<00:53,  3.55s/it] 44%|████▍     | 11/25 [00:39<00:49,  3.55s/it] 48%|████▊     | 12/25 [00:42<00:46,  3.55s/it] 52%|█████▏    | 13/25 [00:46<00:42,  3.55s/it] 56%|█████▌    | 14/25 [00:49<00:39,  3.55s/it] 60%|██████    | 15/25 [00:53<00:35,  3.55s/it] 64%|██████▍   | 16/25 [00:56<00:31,  3.54s/it] 68%|██████▊   | 17/25 [01:00<00:28,  3.55s/it] 72%|███████▏  | 18/25 [01:03<00:24,  3.55s/it] 76%|███████▌  | 19/25 [01:07<00:21,  3.54s/it] 80%|████████  | 20/25 [01:10<00:17,  3.55s/it] 84%|████████▍ | 21/25 [01:14<00:14,  3.55s/it] 88%|████████▊ | 22/25 [01:18<00:10,  3.54s/it] 92%|█████████▏| 23/25 [01:21<00:07,  3.54s/it] 96%|█████████▌| 24/25 [01:25<00:03,  3.54s/it]100%|██████████| 25/25 [01:28<00:00,  3.54s/it]100%|██████████| 25/25 [01:28<00:00,  3.55s/it]
[I 2024-05-23 19:16:42,868] Trial 51 finished with value: 0.017340535949915647 and parameters: {'d_model': 64, 'num_heads': 16, 'num_layers': 4, 'lr': 0.00033381481892395614, 'batch_size': 50, 'wd': 4.120114151118748e-05}. Best is trial 13 with value: 0.012714631017297506.
  0%|          | 0/25 [00:00<?, ?it/s]  4%|▍         | 1/25 [00:02<01:06,  2.76s/it]  8%|▊         | 2/25 [00:05<01:03,  2.76s/it] 12%|█▏        | 3/25 [00:08<01:00,  2.76s/it] 16%|█▌        | 4/25 [00:11<00:57,  2.76s/it] 20%|██        | 5/25 [00:13<00:55,  2.76s/it] 24%|██▍       | 6/25 [00:16<00:52,  2.76s/it] 28%|██▊       | 7/25 [00:19<00:49,  2.75s/it] 32%|███▏      | 8/25 [00:22<00:46,  2.75s/it] 36%|███▌      | 9/25 [00:24<00:44,  2.76s/it] 40%|████      | 10/25 [00:27<00:41,  2.76s/it] 44%|████▍     | 11/25 [00:30<00:38,  2.75s/it] 48%|████▊     | 12/25 [00:33<00:35,  2.75s/it] 52%|█████▏    | 13/25 [00:35<00:33,  2.75s/it] 56%|█████▌    | 14/25 [00:38<00:30,  2.76s/it] 60%|██████    | 15/25 [00:41<00:27,  2.76s/it] 64%|██████▍   | 16/25 [00:44<00:24,  2.76s/it] 68%|██████▊   | 17/25 [00:46<00:22,  2.76s/it] 72%|███████▏  | 18/25 [00:49<00:19,  2.76s/it] 76%|███████▌  | 19/25 [00:52<00:16,  2.76s/it] 80%|████████  | 20/25 [00:55<00:13,  2.76s/it] 84%|████████▍ | 21/25 [00:57<00:11,  2.76s/it] 88%|████████▊ | 22/25 [01:00<00:08,  2.75s/it] 92%|█████████▏| 23/25 [01:03<00:05,  2.76s/it] 96%|█████████▌| 24/25 [01:06<00:02,  2.76s/it]100%|██████████| 25/25 [01:08<00:00,  2.76s/it]100%|██████████| 25/25 [01:08<00:00,  2.76s/it]
[I 2024-05-23 19:17:51,897] Trial 52 finished with value: 0.012817786075174809 and parameters: {'d_model': 64, 'num_heads': 16, 'num_layers': 3, 'lr': 0.0008333308396550524, 'batch_size': 50, 'wd': 2.6805908159557337e-05}. Best is trial 13 with value: 0.012714631017297506.
  0%|          | 0/25 [00:00<?, ?it/s]  4%|▍         | 1/25 [00:02<01:06,  2.78s/it]  8%|▊         | 2/25 [00:05<01:03,  2.77s/it] 12%|█▏        | 3/25 [00:08<01:00,  2.76s/it] 16%|█▌        | 4/25 [00:11<00:57,  2.76s/it] 20%|██        | 5/25 [00:13<00:55,  2.76s/it] 24%|██▍       | 6/25 [00:16<00:52,  2.75s/it] 28%|██▊       | 7/25 [00:19<00:49,  2.76s/it] 32%|███▏      | 8/25 [00:22<00:46,  2.75s/it] 36%|███▌      | 9/25 [00:24<00:44,  2.75s/it] 40%|████      | 10/25 [00:27<00:41,  2.75s/it] 44%|████▍     | 11/25 [00:30<00:38,  2.75s/it] 48%|████▊     | 12/25 [00:33<00:35,  2.76s/it] 52%|█████▏    | 13/25 [00:35<00:32,  2.75s/it] 56%|█████▌    | 14/25 [00:38<00:30,  2.74s/it] 60%|██████    | 15/25 [00:41<00:27,  2.73s/it] 64%|██████▍   | 16/25 [00:43<00:24,  2.73s/it] 68%|██████▊   | 17/25 [00:46<00:21,  2.72s/it] 72%|███████▏  | 18/25 [00:49<00:19,  2.72s/it] 76%|███████▌  | 19/25 [00:52<00:16,  2.72s/it] 80%|████████  | 20/25 [00:54<00:13,  2.72s/it] 84%|████████▍ | 21/25 [00:57<00:10,  2.72s/it] 88%|████████▊ | 22/25 [01:00<00:08,  2.72s/it] 92%|█████████▏| 23/25 [01:02<00:05,  2.72s/it] 96%|█████████▌| 24/25 [01:05<00:02,  2.76s/it]100%|██████████| 25/25 [01:08<00:00,  2.80s/it]100%|██████████| 25/25 [01:08<00:00,  2.75s/it]
[I 2024-05-23 19:19:00,699] Trial 53 finished with value: 0.01355585134588182 and parameters: {'d_model': 64, 'num_heads': 16, 'num_layers': 3, 'lr': 0.0008330717437297042, 'batch_size': 50, 'wd': 2.5985896251639286e-05}. Best is trial 13 with value: 0.012714631017297506.
  0%|          | 0/25 [00:00<?, ?it/s]  4%|▍         | 1/25 [00:02<01:09,  2.89s/it]  8%|▊         | 2/25 [00:05<01:06,  2.87s/it] 12%|█▏        | 3/25 [00:08<01:03,  2.86s/it] 16%|█▌        | 4/25 [00:11<01:00,  2.86s/it] 20%|██        | 5/25 [00:14<00:57,  2.85s/it] 24%|██▍       | 6/25 [00:17<00:53,  2.83s/it] 28%|██▊       | 7/25 [00:19<00:50,  2.80s/it] 32%|███▏      | 8/25 [00:22<00:47,  2.77s/it] 36%|███▌      | 9/25 [00:25<00:44,  2.79s/it] 40%|████      | 10/25 [00:28<00:42,  2.83s/it] 44%|████▍     | 11/25 [00:31<00:39,  2.82s/it] 48%|████▊     | 12/25 [00:33<00:36,  2.80s/it] 52%|█████▏    | 13/25 [00:36<00:33,  2.78s/it] 56%|█████▌    | 14/25 [00:39<00:30,  2.77s/it] 60%|██████    | 15/25 [00:42<00:27,  2.77s/it] 64%|██████▍   | 16/25 [00:44<00:24,  2.76s/it] 68%|██████▊   | 17/25 [00:47<00:22,  2.76s/it] 72%|███████▏  | 18/25 [00:50<00:19,  2.76s/it] 76%|███████▌  | 19/25 [00:53<00:16,  2.76s/it] 80%|████████  | 20/25 [00:55<00:13,  2.75s/it] 84%|████████▍ | 21/25 [00:58<00:11,  2.75s/it] 88%|████████▊ | 22/25 [01:01<00:08,  2.75s/it] 92%|█████████▏| 23/25 [01:04<00:05,  2.75s/it] 96%|█████████▌| 24/25 [01:06<00:02,  2.75s/it]100%|██████████| 25/25 [01:09<00:00,  2.75s/it]100%|██████████| 25/25 [01:09<00:00,  2.78s/it]
[I 2024-05-23 19:20:10,374] Trial 54 finished with value: 0.013174643414095044 and parameters: {'d_model': 64, 'num_heads': 16, 'num_layers': 3, 'lr': 0.0008305827576589104, 'batch_size': 50, 'wd': 2.183634097278878e-05}. Best is trial 13 with value: 0.012714631017297506.
  0%|          | 0/25 [00:00<?, ?it/s]  4%|▍         | 1/25 [00:01<00:47,  1.97s/it]  8%|▊         | 2/25 [00:03<00:45,  1.97s/it] 12%|█▏        | 3/25 [00:05<00:43,  1.97s/it] 16%|█▌        | 4/25 [00:07<00:41,  1.97s/it] 20%|██        | 5/25 [00:09<00:39,  1.97s/it] 24%|██▍       | 6/25 [00:11<00:37,  1.97s/it] 28%|██▊       | 7/25 [00:13<00:35,  1.97s/it] 32%|███▏      | 8/25 [00:15<00:33,  1.97s/it] 36%|███▌      | 9/25 [00:17<00:31,  1.97s/it] 40%|████      | 10/25 [00:19<00:29,  1.97s/it] 44%|████▍     | 11/25 [00:21<00:27,  1.97s/it] 48%|████▊     | 12/25 [00:23<00:25,  1.97s/it] 52%|█████▏    | 13/25 [00:25<00:23,  1.97s/it] 56%|█████▌    | 14/25 [00:27<00:21,  1.97s/it] 60%|██████    | 15/25 [00:29<00:19,  1.97s/it] 64%|██████▍   | 16/25 [00:31<00:17,  1.97s/it] 68%|██████▊   | 17/25 [00:33<00:15,  1.97s/it] 72%|███████▏  | 18/25 [00:35<00:13,  1.97s/it] 76%|███████▌  | 19/25 [00:37<00:11,  1.97s/it] 80%|████████  | 20/25 [00:39<00:09,  1.97s/it] 84%|████████▍ | 21/25 [00:41<00:07,  1.97s/it] 88%|████████▊ | 22/25 [00:43<00:05,  1.97s/it] 92%|█████████▏| 23/25 [00:45<00:03,  1.97s/it] 96%|█████████▌| 24/25 [00:47<00:01,  1.97s/it]100%|██████████| 25/25 [00:49<00:00,  1.97s/it]100%|██████████| 25/25 [00:49<00:00,  1.97s/it]
[I 2024-05-23 19:20:59,724] Trial 55 finished with value: 0.012920602411031722 and parameters: {'d_model': 64, 'num_heads': 16, 'num_layers': 2, 'lr': 0.0008052579276412195, 'batch_size': 50, 'wd': 9.025831440817348e-06}. Best is trial 13 with value: 0.012714631017297506.
  0%|          | 0/25 [00:00<?, ?it/s]  4%|▍         | 1/25 [00:01<00:47,  1.97s/it]  8%|▊         | 2/25 [00:03<00:45,  1.97s/it] 12%|█▏        | 3/25 [00:05<00:43,  1.97s/it] 16%|█▌        | 4/25 [00:07<00:41,  1.96s/it] 20%|██        | 5/25 [00:09<00:39,  1.97s/it] 24%|██▍       | 6/25 [00:11<00:37,  1.97s/it] 28%|██▊       | 7/25 [00:13<00:35,  1.97s/it] 32%|███▏      | 8/25 [00:15<00:33,  1.97s/it] 36%|███▌      | 9/25 [00:17<00:31,  1.97s/it] 40%|████      | 10/25 [00:19<00:29,  1.97s/it] 44%|████▍     | 11/25 [00:21<00:27,  1.97s/it] 48%|████▊     | 12/25 [00:23<00:25,  1.97s/it] 52%|█████▏    | 13/25 [00:25<00:23,  1.97s/it] 56%|█████▌    | 14/25 [00:27<00:21,  1.97s/it] 60%|██████    | 15/25 [00:29<00:19,  1.97s/it] 64%|██████▍   | 16/25 [00:31<00:17,  1.97s/it] 68%|██████▊   | 17/25 [00:33<00:15,  1.97s/it] 72%|███████▏  | 18/25 [00:35<00:13,  1.97s/it] 76%|███████▌  | 19/25 [00:37<00:11,  1.97s/it] 80%|████████  | 20/25 [00:39<00:09,  1.97s/it] 84%|████████▍ | 21/25 [00:41<00:07,  1.97s/it] 88%|████████▊ | 22/25 [00:43<00:05,  1.96s/it] 92%|█████████▏| 23/25 [00:45<00:03,  1.97s/it] 96%|█████████▌| 24/25 [00:47<00:01,  1.96s/it]100%|██████████| 25/25 [00:49<00:00,  1.97s/it]100%|██████████| 25/25 [00:49<00:00,  1.97s/it]
[I 2024-05-23 19:21:48,996] Trial 56 finished with value: 0.014859130280092359 and parameters: {'d_model': 64, 'num_heads': 16, 'num_layers': 2, 'lr': 0.0006312789404806303, 'batch_size': 50, 'wd': 4.08821563544382e-06}. Best is trial 13 with value: 0.012714631017297506.
  0%|          | 0/25 [00:00<?, ?it/s]  4%|▍         | 1/25 [00:01<00:28,  1.18s/it]  8%|▊         | 2/25 [00:02<00:27,  1.18s/it] 12%|█▏        | 3/25 [00:03<00:25,  1.18s/it] 16%|█▌        | 4/25 [00:04<00:24,  1.19s/it] 20%|██        | 5/25 [00:05<00:23,  1.18s/it] 24%|██▍       | 6/25 [00:07<00:22,  1.18s/it] 28%|██▊       | 7/25 [00:08<00:21,  1.18s/it] 32%|███▏      | 8/25 [00:09<00:20,  1.18s/it] 36%|███▌      | 9/25 [00:10<00:18,  1.18s/it] 40%|████      | 10/25 [00:11<00:17,  1.18s/it] 40%|████      | 10/25 [00:12<00:19,  1.30s/it]
[I 2024-05-23 19:22:02,086] Trial 57 pruned. 
  0%|          | 0/25 [00:00<?, ?it/s]  4%|▍         | 1/25 [00:01<00:47,  1.97s/it]  8%|▊         | 2/25 [00:03<00:45,  1.97s/it] 12%|█▏        | 3/25 [00:05<00:43,  1.96s/it] 16%|█▌        | 4/25 [00:07<00:41,  1.97s/it] 20%|██        | 5/25 [00:09<00:39,  1.97s/it] 24%|██▍       | 6/25 [00:11<00:37,  1.97s/it] 28%|██▊       | 7/25 [00:13<00:35,  1.97s/it] 32%|███▏      | 8/25 [00:15<00:33,  1.97s/it] 36%|███▌      | 9/25 [00:17<00:31,  1.97s/it] 40%|████      | 10/25 [00:19<00:29,  1.97s/it] 44%|████▍     | 11/25 [00:21<00:27,  1.97s/it] 48%|████▊     | 12/25 [00:23<00:25,  1.97s/it] 52%|█████▏    | 13/25 [00:25<00:23,  1.97s/it] 56%|█████▌    | 14/25 [00:27<00:21,  1.97s/it] 60%|██████    | 15/25 [00:29<00:19,  1.97s/it] 64%|██████▍   | 16/25 [00:31<00:17,  1.97s/it] 68%|██████▊   | 17/25 [00:33<00:15,  1.97s/it] 72%|███████▏  | 18/25 [00:35<00:13,  1.97s/it] 76%|███████▌  | 19/25 [00:37<00:11,  1.97s/it] 80%|████████  | 20/25 [00:39<00:09,  1.97s/it] 84%|████████▍ | 21/25 [00:41<00:07,  1.97s/it] 88%|████████▊ | 22/25 [00:43<00:05,  1.97s/it] 92%|█████████▏| 23/25 [00:45<00:03,  1.97s/it] 96%|█████████▌| 24/25 [00:47<00:01,  1.97s/it]100%|██████████| 25/25 [00:49<00:00,  1.97s/it]100%|██████████| 25/25 [00:49<00:00,  1.97s/it]
[I 2024-05-23 19:22:51,373] Trial 58 finished with value: 0.013365232571959495 and parameters: {'d_model': 64, 'num_heads': 16, 'num_layers': 2, 'lr': 0.000505544856607733, 'batch_size': 50, 'wd': 5.530458942512088e-06}. Best is trial 13 with value: 0.012714631017297506.
  0%|          | 0/25 [00:00<?, ?it/s]  4%|▍         | 1/25 [00:01<00:47,  1.97s/it]  8%|▊         | 2/25 [00:03<00:45,  1.97s/it] 12%|█▏        | 3/25 [00:05<00:43,  1.97s/it] 16%|█▌        | 4/25 [00:07<00:41,  1.96s/it] 20%|██        | 5/25 [00:09<00:39,  1.96s/it] 24%|██▍       | 6/25 [00:11<00:37,  1.96s/it] 28%|██▊       | 7/25 [00:13<00:35,  1.96s/it] 32%|███▏      | 8/25 [00:15<00:33,  1.96s/it] 36%|███▌      | 9/25 [00:17<00:31,  1.96s/it] 40%|████      | 10/25 [00:19<00:29,  1.96s/it] 44%|████▍     | 11/25 [00:21<00:27,  1.96s/it] 48%|████▊     | 12/25 [00:23<00:25,  1.96s/it] 52%|█████▏    | 13/25 [00:25<00:23,  1.96s/it] 56%|█████▌    | 14/25 [00:27<00:21,  1.96s/it] 60%|██████    | 15/25 [00:29<00:19,  1.96s/it] 64%|██████▍   | 16/25 [00:31<00:17,  1.96s/it] 68%|██████▊   | 17/25 [00:33<00:15,  1.97s/it] 72%|███████▏  | 18/25 [00:35<00:13,  1.97s/it] 76%|███████▌  | 19/25 [00:37<00:11,  1.97s/it] 80%|████████  | 20/25 [00:39<00:09,  1.97s/it] 84%|████████▍ | 21/25 [00:41<00:07,  1.97s/it] 88%|████████▊ | 22/25 [00:43<00:05,  1.97s/it] 92%|█████████▏| 23/25 [00:45<00:03,  1.97s/it] 96%|█████████▌| 24/25 [00:47<00:01,  1.97s/it]100%|██████████| 25/25 [00:49<00:00,  1.97s/it]100%|██████████| 25/25 [00:49<00:00,  1.97s/it]
[I 2024-05-23 19:23:40,578] Trial 59 finished with value: 0.013219004403799773 and parameters: {'d_model': 64, 'num_heads': 16, 'num_layers': 2, 'lr': 0.0006829771673598862, 'batch_size': 50, 'wd': 1.8574584165780605e-06}. Best is trial 13 with value: 0.012714631017297506.
  0%|          | 0/25 [00:00<?, ?it/s]  0%|          | 0/25 [00:02<?, ?it/s]
