============================================================================================== 
Warning! Mixing Conda and module environments may lead to corruption of the
user environment. 
We do not recommend users mixing those two environments unless absolutely
necessary. Note that 
SURF does not provide any support for Conda environment.
For more information, please refer to our software policy page:
https://servicedesk.surf.nl/wiki/display/WIKI/Software+policy+Snellius#SoftwarepolicySnellius-UseofAnacondaandMinicondaenvironmentsonSnellius 

Remember that many packages have already been installed on the system and can
be loaded using 
the 'module load <package__name>' command. If you are uncertain if a package is
already available 
on the system, please use 'module avail' or 'module spider' to search for it.
============================================================================================== 
[I 2024-05-25 01:07:55,585] A new study created in memory with name: no-name-bf7547de-eb17-489f-834a-4d91141ba28d
  0%|          | 0/25 [00:00<?, ?it/s]  4%|▍         | 1/25 [00:01<00:33,  1.39s/it]  8%|▊         | 2/25 [00:02<00:28,  1.23s/it] 12%|█▏        | 3/25 [00:03<00:25,  1.18s/it] 16%|█▌        | 4/25 [00:04<00:24,  1.16s/it] 20%|██        | 5/25 [00:05<00:23,  1.15s/it] 24%|██▍       | 6/25 [00:07<00:21,  1.14s/it] 28%|██▊       | 7/25 [00:08<00:20,  1.13s/it] 32%|███▏      | 8/25 [00:09<00:19,  1.13s/it] 36%|███▌      | 9/25 [00:10<00:18,  1.13s/it] 40%|████      | 10/25 [00:11<00:16,  1.12s/it] 44%|████▍     | 11/25 [00:12<00:15,  1.12s/it] 48%|████▊     | 12/25 [00:13<00:14,  1.13s/it] 52%|█████▏    | 13/25 [00:14<00:13,  1.13s/it] 56%|█████▌    | 14/25 [00:15<00:12,  1.13s/it] 60%|██████    | 15/25 [00:17<00:11,  1.13s/it] 64%|██████▍   | 16/25 [00:18<00:10,  1.13s/it] 68%|██████▊   | 17/25 [00:19<00:08,  1.12s/it] 72%|███████▏  | 18/25 [00:20<00:07,  1.13s/it] 76%|███████▌  | 19/25 [00:21<00:06,  1.13s/it] 80%|████████  | 20/25 [00:22<00:05,  1.13s/it] 84%|████████▍ | 21/25 [00:23<00:04,  1.13s/it] 88%|████████▊ | 22/25 [00:25<00:03,  1.13s/it] 92%|█████████▏| 23/25 [00:26<00:02,  1.13s/it] 96%|█████████▌| 24/25 [00:27<00:01,  1.13s/it]100%|██████████| 25/25 [00:28<00:00,  1.13s/it]100%|██████████| 25/25 [00:28<00:00,  1.14s/it]
[I 2024-05-25 01:08:24,415] Trial 0 finished with value: 0.02122499942779541 and parameters: {'d_model': 128, 'num_heads': 16, 'num_layers': 1, 'lr': 0.0006619296968605197, 'batch_size': 100, 'wd': 4.484569527797489e-05}. Best is trial 0 with value: 0.02122499942779541.
  0%|          | 0/25 [00:00<?, ?it/s]  4%|▍         | 1/25 [00:04<01:47,  4.48s/it]  8%|▊         | 2/25 [00:08<01:39,  4.32s/it] 12%|█▏        | 3/25 [00:12<01:34,  4.28s/it] 16%|█▌        | 4/25 [00:17<01:29,  4.24s/it] 20%|██        | 5/25 [00:21<01:24,  4.23s/it] 24%|██▍       | 6/25 [00:25<01:20,  4.23s/it] 28%|██▊       | 7/25 [00:29<01:16,  4.23s/it] 32%|███▏      | 8/25 [00:33<01:11,  4.22s/it] 36%|███▌      | 9/25 [00:38<01:08,  4.25s/it] 40%|████      | 10/25 [00:42<01:03,  4.24s/it] 44%|████▍     | 11/25 [00:46<00:59,  4.23s/it] 48%|████▊     | 12/25 [00:50<00:54,  4.22s/it] 52%|█████▏    | 13/25 [00:55<00:50,  4.21s/it] 56%|█████▌    | 14/25 [00:59<00:46,  4.21s/it] 60%|██████    | 15/25 [01:03<00:42,  4.21s/it] 64%|██████▍   | 16/25 [01:07<00:37,  4.20s/it] 68%|██████▊   | 17/25 [01:11<00:33,  4.20s/it] 72%|███████▏  | 18/25 [01:16<00:29,  4.21s/it] 76%|███████▌  | 19/25 [01:20<00:25,  4.21s/it] 80%|████████  | 20/25 [01:24<00:21,  4.21s/it] 84%|████████▍ | 21/25 [01:28<00:16,  4.22s/it] 88%|████████▊ | 22/25 [01:33<00:12,  4.23s/it] 92%|█████████▏| 23/25 [01:37<00:08,  4.25s/it] 96%|█████████▌| 24/25 [01:41<00:04,  4.23s/it]100%|██████████| 25/25 [01:45<00:00,  4.22s/it]100%|██████████| 25/25 [01:45<00:00,  4.23s/it]
[I 2024-05-25 01:10:10,282] Trial 1 finished with value: 0.022242964059114457 and parameters: {'d_model': 128, 'num_heads': 4, 'num_layers': 8, 'lr': 0.0002353085150337927, 'batch_size': 200, 'wd': 0.00044163924008285254}. Best is trial 0 with value: 0.02122499942779541.
  0%|          | 0/25 [00:00<?, ?it/s]  4%|▍         | 1/25 [00:02<01:03,  2.65s/it]  8%|▊         | 2/25 [00:05<01:00,  2.65s/it] 12%|█▏        | 3/25 [00:07<00:58,  2.65s/it] 16%|█▌        | 4/25 [00:10<00:55,  2.65s/it] 20%|██        | 5/25 [00:13<00:53,  2.66s/it] 24%|██▍       | 6/25 [00:15<00:50,  2.66s/it] 28%|██▊       | 7/25 [00:18<00:47,  2.66s/it] 32%|███▏      | 8/25 [00:21<00:45,  2.66s/it] 36%|███▌      | 9/25 [00:23<00:42,  2.66s/it] 40%|████      | 10/25 [00:26<00:39,  2.66s/it] 44%|████▍     | 11/25 [00:29<00:37,  2.66s/it] 48%|████▊     | 12/25 [00:31<00:34,  2.66s/it] 52%|█████▏    | 13/25 [00:34<00:31,  2.66s/it] 56%|█████▌    | 14/25 [00:37<00:29,  2.66s/it] 60%|██████    | 15/25 [00:39<00:26,  2.66s/it] 64%|██████▍   | 16/25 [00:42<00:23,  2.66s/it] 68%|██████▊   | 17/25 [00:45<00:21,  2.66s/it] 72%|███████▏  | 18/25 [00:47<00:18,  2.66s/it] 76%|███████▌  | 19/25 [00:50<00:15,  2.66s/it] 80%|████████  | 20/25 [00:53<00:13,  2.66s/it] 84%|████████▍ | 21/25 [00:55<00:10,  2.66s/it] 88%|████████▊ | 22/25 [00:58<00:07,  2.65s/it] 92%|█████████▏| 23/25 [01:01<00:05,  2.65s/it] 96%|█████████▌| 24/25 [01:03<00:02,  2.65s/it]100%|██████████| 25/25 [01:06<00:00,  2.65s/it]100%|██████████| 25/25 [01:06<00:00,  2.66s/it]
[I 2024-05-25 01:11:16,779] Trial 2 finished with value: 0.014630778785794973 and parameters: {'d_model': 128, 'num_heads': 16, 'num_layers': 3, 'lr': 0.0007050600136348114, 'batch_size': 100, 'wd': 4.626860537885479e-05}. Best is trial 2 with value: 0.014630778785794973.
  0%|          | 0/25 [00:00<?, ?it/s]  4%|▍         | 1/25 [00:00<00:17,  1.36it/s]  8%|▊         | 2/25 [00:01<00:16,  1.36it/s] 12%|█▏        | 3/25 [00:02<00:16,  1.36it/s] 16%|█▌        | 4/25 [00:02<00:15,  1.36it/s] 20%|██        | 5/25 [00:03<00:14,  1.36it/s] 24%|██▍       | 6/25 [00:04<00:13,  1.36it/s] 28%|██▊       | 7/25 [00:05<00:13,  1.36it/s] 32%|███▏      | 8/25 [00:05<00:12,  1.36it/s] 36%|███▌      | 9/25 [00:06<00:11,  1.36it/s] 40%|████      | 10/25 [00:07<00:11,  1.36it/s] 44%|████▍     | 11/25 [00:08<00:10,  1.36it/s] 48%|████▊     | 12/25 [00:08<00:09,  1.36it/s] 52%|█████▏    | 13/25 [00:09<00:08,  1.36it/s] 56%|█████▌    | 14/25 [00:10<00:08,  1.36it/s] 60%|██████    | 15/25 [00:11<00:07,  1.36it/s] 64%|██████▍   | 16/25 [00:11<00:06,  1.36it/s] 68%|██████▊   | 17/25 [00:12<00:05,  1.36it/s] 72%|███████▏  | 18/25 [00:13<00:05,  1.36it/s] 76%|███████▌  | 19/25 [00:13<00:04,  1.36it/s] 80%|████████  | 20/25 [00:14<00:03,  1.36it/s] 84%|████████▍ | 21/25 [00:15<00:02,  1.36it/s] 88%|████████▊ | 22/25 [00:16<00:02,  1.36it/s] 92%|█████████▏| 23/25 [00:16<00:01,  1.36it/s] 96%|█████████▌| 24/25 [00:17<00:00,  1.36it/s]100%|██████████| 25/25 [00:18<00:00,  1.36it/s]100%|██████████| 25/25 [00:18<00:00,  1.36it/s]
[I 2024-05-25 01:11:35,257] Trial 3 finished with value: 0.03024441413581371 and parameters: {'d_model': 64, 'num_heads': 8, 'num_layers': 2, 'lr': 0.00010765511891196434, 'batch_size': 200, 'wd': 0.00027221852276780996}. Best is trial 2 with value: 0.014630778785794973.
  0%|          | 0/25 [00:00<?, ?it/s]  4%|▍         | 1/25 [00:01<00:33,  1.38s/it]  8%|▊         | 2/25 [00:02<00:31,  1.38s/it] 12%|█▏        | 3/25 [00:04<00:30,  1.38s/it] 16%|█▌        | 4/25 [00:05<00:29,  1.38s/it] 20%|██        | 5/25 [00:06<00:27,  1.38s/it] 24%|██▍       | 6/25 [00:08<00:26,  1.38s/it] 28%|██▊       | 7/25 [00:09<00:24,  1.38s/it] 32%|███▏      | 8/25 [00:11<00:23,  1.38s/it] 36%|███▌      | 9/25 [00:12<00:22,  1.38s/it] 40%|████      | 10/25 [00:13<00:20,  1.38s/it] 44%|████▍     | 11/25 [00:15<00:19,  1.38s/it] 48%|████▊     | 12/25 [00:16<00:17,  1.38s/it] 52%|█████▏    | 13/25 [00:17<00:16,  1.38s/it] 56%|█████▌    | 14/25 [00:19<00:15,  1.38s/it] 60%|██████    | 15/25 [00:20<00:13,  1.38s/it] 64%|██████▍   | 16/25 [00:22<00:12,  1.38s/it] 68%|██████▊   | 17/25 [00:23<00:11,  1.38s/it] 72%|███████▏  | 18/25 [00:24<00:09,  1.38s/it] 76%|███████▌  | 19/25 [00:26<00:08,  1.38s/it] 80%|████████  | 20/25 [00:27<00:06,  1.38s/it] 84%|████████▍ | 21/25 [00:29<00:05,  1.38s/it] 88%|████████▊ | 22/25 [00:30<00:04,  1.38s/it] 92%|█████████▏| 23/25 [00:31<00:02,  1.38s/it] 96%|█████████▌| 24/25 [00:33<00:01,  1.38s/it]100%|██████████| 25/25 [00:34<00:00,  1.38s/it]100%|██████████| 25/25 [00:34<00:00,  1.38s/it]
[I 2024-05-25 01:12:09,871] Trial 4 finished with value: 0.030235975049436092 and parameters: {'d_model': 32, 'num_heads': 16, 'num_layers': 2, 'lr': 9.619631322826124e-05, 'batch_size': 50, 'wd': 3.7363577354836934e-05}. Best is trial 2 with value: 0.014630778785794973.
  0%|          | 0/25 [00:00<?, ?it/s]  4%|▍         | 1/25 [00:03<01:16,  3.17s/it]  8%|▊         | 2/25 [00:06<01:12,  3.16s/it] 12%|█▏        | 3/25 [00:09<01:09,  3.16s/it] 16%|█▌        | 4/25 [00:12<01:06,  3.16s/it] 20%|██        | 5/25 [00:15<01:03,  3.16s/it] 24%|██▍       | 6/25 [00:18<00:59,  3.16s/it] 28%|██▊       | 7/25 [00:22<00:56,  3.15s/it] 32%|███▏      | 8/25 [00:25<00:53,  3.15s/it] 36%|███▌      | 9/25 [00:28<00:50,  3.15s/it] 40%|████      | 10/25 [00:31<00:47,  3.16s/it] 44%|████▍     | 11/25 [00:34<00:44,  3.16s/it] 48%|████▊     | 12/25 [00:37<00:41,  3.16s/it] 52%|█████▏    | 13/25 [00:41<00:37,  3.16s/it] 56%|█████▌    | 14/25 [00:44<00:34,  3.17s/it] 60%|██████    | 15/25 [00:47<00:31,  3.17s/it] 64%|██████▍   | 16/25 [00:50<00:28,  3.17s/it] 68%|██████▊   | 17/25 [00:53<00:25,  3.16s/it] 72%|███████▏  | 18/25 [00:56<00:22,  3.16s/it] 76%|███████▌  | 19/25 [01:00<00:18,  3.16s/it] 80%|████████  | 20/25 [01:03<00:15,  3.16s/it] 84%|████████▍ | 21/25 [01:06<00:12,  3.16s/it] 88%|████████▊ | 22/25 [01:09<00:09,  3.16s/it] 92%|█████████▏| 23/25 [01:12<00:06,  3.16s/it] 96%|█████████▌| 24/25 [01:15<00:03,  3.16s/it]100%|██████████| 25/25 [01:19<00:00,  3.16s/it]100%|██████████| 25/25 [01:19<00:00,  3.16s/it]
[I 2024-05-25 01:13:28,973] Trial 5 finished with value: 0.015390048455446958 and parameters: {'d_model': 128, 'num_heads': 4, 'num_layers': 2, 'lr': 0.0001642687229798771, 'batch_size': 50, 'wd': 0.00020457300603606972}. Best is trial 2 with value: 0.014630778785794973.
  0%|          | 0/25 [00:00<?, ?it/s]  0%|          | 0/25 [00:02<?, ?it/s]
[I 2024-05-25 01:13:31,839] Trial 6 pruned. 
  0%|          | 0/25 [00:00<?, ?it/s]  0%|          | 0/25 [00:01<?, ?it/s]
[I 2024-05-25 01:13:33,794] Trial 7 pruned. 
  0%|          | 0/25 [00:00<?, ?it/s]  4%|▍         | 1/25 [00:07<02:49,  7.07s/it]  8%|▊         | 2/25 [00:14<02:42,  7.07s/it] 12%|█▏        | 3/25 [00:21<02:35,  7.07s/it] 16%|█▌        | 4/25 [00:28<02:28,  7.07s/it] 20%|██        | 5/25 [00:35<02:21,  7.07s/it] 24%|██▍       | 6/25 [00:42<02:14,  7.06s/it] 28%|██▊       | 7/25 [00:49<02:07,  7.06s/it] 32%|███▏      | 8/25 [00:56<02:00,  7.07s/it] 36%|███▌      | 9/25 [01:03<01:53,  7.06s/it] 40%|████      | 10/25 [01:10<01:45,  7.06s/it] 44%|████▍     | 11/25 [01:17<01:38,  7.06s/it] 48%|████▊     | 12/25 [01:24<01:31,  7.06s/it] 52%|█████▏    | 13/25 [01:31<01:24,  7.07s/it] 56%|█████▌    | 14/25 [01:38<01:17,  7.07s/it] 60%|██████    | 15/25 [01:45<01:10,  7.07s/it] 64%|██████▍   | 16/25 [01:53<01:03,  7.07s/it] 68%|██████▊   | 17/25 [02:00<00:56,  7.07s/it] 72%|███████▏  | 18/25 [02:07<00:49,  7.07s/it] 76%|███████▌  | 19/25 [02:14<00:42,  7.06s/it] 80%|████████  | 20/25 [02:21<00:35,  7.06s/it] 84%|████████▍ | 21/25 [02:28<00:28,  7.07s/it] 88%|████████▊ | 22/25 [02:35<00:21,  7.07s/it] 92%|█████████▏| 23/25 [02:42<00:14,  7.07s/it] 96%|█████████▌| 24/25 [02:49<00:07,  7.07s/it]100%|██████████| 25/25 [02:56<00:00,  7.07s/it]100%|██████████| 25/25 [02:56<00:00,  7.07s/it]
[I 2024-05-25 01:16:30,551] Trial 8 finished with value: 0.019299384765326978 and parameters: {'d_model': 128, 'num_heads': 8, 'num_layers': 5, 'lr': 0.0004650363589617227, 'batch_size': 50, 'wd': 0.00043740443669799245}. Best is trial 2 with value: 0.014630778785794973.
  0%|          | 0/25 [00:00<?, ?it/s]  0%|          | 0/25 [00:04<?, ?it/s]
[I 2024-05-25 01:16:34,719] Trial 9 pruned. 
  0%|          | 0/25 [00:00<?, ?it/s]  0%|          | 0/25 [00:00<?, ?it/s]
[I 2024-05-25 01:16:35,668] Trial 10 pruned. 
  0%|          | 0/25 [00:00<?, ?it/s]  4%|▍         | 1/25 [00:04<01:46,  4.45s/it]  8%|▊         | 2/25 [00:08<01:42,  4.45s/it] 12%|█▏        | 3/25 [00:13<01:37,  4.45s/it] 16%|█▌        | 4/25 [00:17<01:33,  4.46s/it] 20%|██        | 5/25 [00:22<01:29,  4.46s/it] 24%|██▍       | 6/25 [00:26<01:24,  4.46s/it] 28%|██▊       | 7/25 [00:31<01:20,  4.47s/it] 32%|███▏      | 8/25 [00:35<01:15,  4.46s/it] 36%|███▌      | 9/25 [00:40<01:11,  4.46s/it] 40%|████      | 10/25 [00:44<01:06,  4.45s/it] 44%|████▍     | 11/25 [00:49<01:02,  4.46s/it] 48%|████▊     | 12/25 [00:53<00:58,  4.46s/it] 52%|█████▏    | 13/25 [00:57<00:53,  4.46s/it] 56%|█████▌    | 14/25 [01:02<00:49,  4.46s/it] 60%|██████    | 15/25 [01:06<00:44,  4.46s/it] 64%|██████▍   | 16/25 [01:11<00:40,  4.46s/it] 68%|██████▊   | 17/25 [01:15<00:35,  4.45s/it] 72%|███████▏  | 18/25 [01:20<00:31,  4.45s/it] 76%|███████▌  | 19/25 [01:24<00:26,  4.46s/it] 80%|████████  | 20/25 [01:29<00:22,  4.46s/it] 84%|████████▍ | 21/25 [01:33<00:17,  4.46s/it] 88%|████████▊ | 22/25 [01:38<00:13,  4.46s/it] 92%|█████████▏| 23/25 [01:42<00:08,  4.46s/it] 96%|█████████▌| 24/25 [01:46<00:04,  4.46s/it]100%|██████████| 25/25 [01:51<00:00,  4.46s/it]100%|██████████| 25/25 [01:51<00:00,  4.46s/it]
[I 2024-05-25 01:18:27,218] Trial 11 finished with value: 0.01511604180559516 and parameters: {'d_model': 128, 'num_heads': 4, 'num_layers': 3, 'lr': 0.00022416460865633836, 'batch_size': 50, 'wd': 1.1695338062456125e-06}. Best is trial 2 with value: 0.014630778785794973.
  0%|          | 0/25 [00:00<?, ?it/s]  0%|          | 0/25 [00:00<?, ?it/s]
[I 2024-05-25 01:18:28,288] Trial 12 pruned. 
  0%|          | 0/25 [00:00<?, ?it/s]  0%|          | 0/25 [00:01<?, ?it/s]
[I 2024-05-25 01:18:29,379] Trial 13 pruned. 
  0%|          | 0/25 [00:00<?, ?it/s]  4%|▍         | 1/25 [00:04<01:47,  4.47s/it]  8%|▊         | 2/25 [00:08<01:42,  4.46s/it] 12%|█▏        | 3/25 [00:13<01:38,  4.46s/it] 16%|█▌        | 4/25 [00:17<01:33,  4.45s/it] 20%|██        | 5/25 [00:22<01:29,  4.45s/it] 24%|██▍       | 6/25 [00:26<01:24,  4.46s/it] 28%|██▊       | 7/25 [00:31<01:20,  4.46s/it] 32%|███▏      | 8/25 [00:35<01:15,  4.46s/it] 32%|███▏      | 8/25 [00:40<01:25,  5.01s/it]
[I 2024-05-25 01:19:09,588] Trial 14 pruned. 
  0%|          | 0/25 [00:00<?, ?it/s]  0%|          | 0/25 [00:04<?, ?it/s]
[I 2024-05-25 01:19:14,644] Trial 15 pruned. 
  0%|          | 0/25 [00:00<?, ?it/s]  4%|▍         | 1/25 [00:01<00:45,  1.88s/it]  8%|▊         | 2/25 [00:03<00:43,  1.88s/it] 12%|█▏        | 3/25 [00:05<00:41,  1.88s/it] 16%|█▌        | 4/25 [00:07<00:39,  1.88s/it] 20%|██        | 5/25 [00:09<00:37,  1.88s/it] 24%|██▍       | 6/25 [00:11<00:35,  1.89s/it] 28%|██▊       | 7/25 [00:13<00:33,  1.89s/it] 32%|███▏      | 8/25 [00:15<00:32,  1.88s/it] 36%|███▌      | 9/25 [00:16<00:30,  1.88s/it] 40%|████      | 10/25 [00:18<00:28,  1.88s/it] 44%|████▍     | 11/25 [00:20<00:26,  1.88s/it] 48%|████▊     | 12/25 [00:22<00:24,  1.88s/it] 52%|█████▏    | 13/25 [00:24<00:22,  1.88s/it] 56%|█████▌    | 14/25 [00:26<00:20,  1.88s/it] 60%|██████    | 15/25 [00:28<00:18,  1.88s/it] 64%|██████▍   | 16/25 [00:30<00:16,  1.88s/it] 68%|██████▊   | 17/25 [00:31<00:15,  1.88s/it] 72%|███████▏  | 18/25 [00:33<00:13,  1.88s/it] 76%|███████▌  | 19/25 [00:35<00:11,  1.88s/it] 80%|████████  | 20/25 [00:37<00:09,  1.88s/it] 84%|████████▍ | 21/25 [00:39<00:07,  1.88s/it] 88%|████████▊ | 22/25 [00:41<00:05,  1.88s/it] 92%|█████████▏| 23/25 [00:43<00:03,  1.88s/it] 96%|█████████▌| 24/25 [00:45<00:01,  1.88s/it]100%|██████████| 25/25 [00:47<00:00,  1.88s/it]100%|██████████| 25/25 [00:47<00:00,  1.88s/it]
[I 2024-05-25 01:20:01,797] Trial 16 finished with value: 0.017074985057115556 and parameters: {'d_model': 128, 'num_heads': 16, 'num_layers': 1, 'lr': 0.0004110103581318405, 'batch_size': 50, 'wd': 8.278398480394856e-05}. Best is trial 2 with value: 0.014630778785794973.
  0%|          | 0/25 [00:00<?, ?it/s]  0%|          | 0/25 [00:00<?, ?it/s]
[I 2024-05-25 01:20:02,873] Trial 17 pruned. 
  0%|          | 0/25 [00:00<?, ?it/s]  0%|          | 0/25 [00:01<?, ?it/s]
[I 2024-05-25 01:20:03,973] Trial 18 pruned. 
  0%|          | 0/25 [00:00<?, ?it/s]  4%|▍         | 1/25 [00:04<01:58,  4.95s/it]  8%|▊         | 2/25 [00:09<01:53,  4.94s/it] 12%|█▏        | 3/25 [00:14<01:48,  4.93s/it] 16%|█▌        | 4/25 [00:19<01:43,  4.93s/it] 20%|██        | 5/25 [00:24<01:38,  4.93s/it] 24%|██▍       | 6/25 [00:29<01:33,  4.92s/it] 28%|██▊       | 7/25 [00:34<01:28,  4.92s/it] 32%|███▏      | 8/25 [00:39<01:23,  4.93s/it] 36%|███▌      | 9/25 [00:44<01:18,  4.93s/it] 40%|████      | 10/25 [00:49<01:13,  4.93s/it] 44%|████▍     | 11/25 [00:54<01:09,  4.93s/it] 48%|████▊     | 12/25 [00:59<01:04,  4.93s/it] 52%|█████▏    | 13/25 [01:04<00:59,  4.92s/it] 56%|█████▌    | 14/25 [01:08<00:54,  4.92s/it] 60%|██████    | 15/25 [01:13<00:49,  4.91s/it] 64%|██████▍   | 16/25 [01:18<00:44,  4.92s/it] 68%|██████▊   | 17/25 [01:23<00:39,  4.92s/it] 72%|███████▏  | 18/25 [01:28<00:34,  4.92s/it] 76%|███████▌  | 19/25 [01:33<00:29,  4.92s/it] 80%|████████  | 20/25 [01:38<00:24,  4.92s/it] 84%|████████▍ | 21/25 [01:43<00:19,  4.93s/it] 88%|████████▊ | 22/25 [01:48<00:14,  4.93s/it] 92%|█████████▏| 23/25 [01:53<00:09,  4.93s/it] 96%|█████████▌| 24/25 [01:58<00:04,  4.92s/it]100%|██████████| 25/25 [02:03<00:00,  4.93s/it]100%|██████████| 25/25 [02:03<00:00,  4.93s/it]
[I 2024-05-25 01:22:07,238] Trial 19 finished with value: 0.016678984090685845 and parameters: {'d_model': 128, 'num_heads': 8, 'num_layers': 6, 'lr': 0.0002838274560208473, 'batch_size': 100, 'wd': 2.6481716895675066e-06}. Best is trial 2 with value: 0.014630778785794973.
  0%|          | 0/25 [00:00<?, ?it/s]  4%|▍         | 1/25 [00:04<01:46,  4.45s/it]  8%|▊         | 2/25 [00:08<01:42,  4.44s/it] 12%|█▏        | 3/25 [00:13<01:37,  4.45s/it] 16%|█▌        | 4/25 [00:17<01:33,  4.45s/it] 20%|██        | 5/25 [00:22<01:29,  4.45s/it] 24%|██▍       | 6/25 [00:26<01:24,  4.45s/it] 28%|██▊       | 7/25 [00:31<01:20,  4.45s/it] 32%|███▏      | 8/25 [00:35<01:15,  4.45s/it] 36%|███▌      | 9/25 [00:40<01:11,  4.45s/it] 40%|████      | 10/25 [00:44<01:06,  4.45s/it] 44%|████▍     | 11/25 [00:48<01:02,  4.46s/it] 48%|████▊     | 12/25 [00:53<00:57,  4.46s/it] 52%|█████▏    | 13/25 [00:57<00:53,  4.46s/it] 56%|█████▌    | 14/25 [01:02<00:48,  4.45s/it] 60%|██████    | 15/25 [01:06<00:44,  4.45s/it] 60%|██████    | 15/25 [01:11<00:47,  4.75s/it]
[I 2024-05-25 01:23:18,615] Trial 20 pruned. 
  0%|          | 0/25 [00:00<?, ?it/s]  4%|▍         | 1/25 [00:03<01:15,  3.16s/it]  8%|▊         | 2/25 [00:06<01:12,  3.16s/it] 12%|█▏        | 3/25 [00:09<01:09,  3.16s/it] 16%|█▌        | 4/25 [00:12<01:06,  3.15s/it] 20%|██        | 5/25 [00:15<01:03,  3.15s/it] 24%|██▍       | 6/25 [00:18<00:59,  3.15s/it] 28%|██▊       | 7/25 [00:22<00:56,  3.15s/it] 32%|███▏      | 8/25 [00:25<00:53,  3.15s/it] 36%|███▌      | 9/25 [00:28<00:50,  3.15s/it] 40%|████      | 10/25 [00:31<00:47,  3.15s/it] 44%|████▍     | 11/25 [00:34<00:44,  3.15s/it] 48%|████▊     | 12/25 [00:37<00:40,  3.15s/it] 52%|█████▏    | 13/25 [00:40<00:37,  3.15s/it] 56%|█████▌    | 14/25 [00:44<00:34,  3.15s/it] 60%|██████    | 15/25 [00:47<00:31,  3.15s/it] 64%|██████▍   | 16/25 [00:50<00:28,  3.15s/it] 68%|██████▊   | 17/25 [00:53<00:25,  3.14s/it] 72%|███████▏  | 18/25 [00:56<00:22,  3.15s/it] 76%|███████▌  | 19/25 [00:59<00:18,  3.15s/it] 80%|████████  | 20/25 [01:02<00:15,  3.15s/it] 84%|████████▍ | 21/25 [01:06<00:12,  3.16s/it] 88%|████████▊ | 22/25 [01:09<00:09,  3.16s/it] 92%|█████████▏| 23/25 [01:12<00:06,  3.16s/it] 96%|█████████▌| 24/25 [01:15<00:03,  3.15s/it]100%|██████████| 25/25 [01:18<00:00,  3.15s/it]100%|██████████| 25/25 [01:18<00:00,  3.15s/it]
[I 2024-05-25 01:24:37,510] Trial 21 finished with value: 0.015300031239166855 and parameters: {'d_model': 128, 'num_heads': 4, 'num_layers': 2, 'lr': 0.0001590970369454645, 'batch_size': 50, 'wd': 0.00013194091164146342}. Best is trial 2 with value: 0.014630778785794973.
  0%|          | 0/25 [00:00<?, ?it/s]  4%|▍         | 1/25 [00:03<01:15,  3.16s/it]  8%|▊         | 2/25 [00:06<01:12,  3.15s/it] 12%|█▏        | 3/25 [00:09<01:09,  3.15s/it] 16%|█▌        | 4/25 [00:12<01:06,  3.14s/it] 20%|██        | 5/25 [00:15<01:02,  3.15s/it] 24%|██▍       | 6/25 [00:18<00:59,  3.15s/it] 28%|██▊       | 7/25 [00:22<00:56,  3.15s/it] 32%|███▏      | 8/25 [00:25<00:53,  3.15s/it] 36%|███▌      | 9/25 [00:28<00:50,  3.14s/it] 40%|████      | 10/25 [00:31<00:47,  3.15s/it] 40%|████      | 10/25 [00:34<00:51,  3.46s/it]
[I 2024-05-25 01:25:12,257] Trial 22 pruned. 
  0%|          | 0/25 [00:00<?, ?it/s]  0%|          | 0/25 [00:01<?, ?it/s]
