============================================================================================== 
Warning! Mixing Conda and module environments may lead to corruption of the
user environment. 
We do not recommend users mixing those two environments unless absolutely
necessary. Note that 
SURF does not provide any support for Conda environment.
For more information, please refer to our software policy page:
https://servicedesk.surf.nl/wiki/display/WIKI/Software+policy+Snellius#SoftwarepolicySnellius-UseofAnacondaandMinicondaenvironmentsonSnellius 

Remember that many packages have already been installed on the system and can
be loaded using 
the 'module load <package__name>' command. If you are uncertain if a package is
already available 
on the system, please use 'module avail' or 'module spider' to search for it.
============================================================================================== 
[I 2024-05-23 18:51:27,049] A new study created in memory with name: no-name-88ffc885-216d-4e88-b577-bc7fc3052cca
  0%|          | 0/25 [00:00<?, ?it/s]  4%|▍         | 1/25 [00:00<00:19,  1.25it/s]  8%|▊         | 2/25 [00:01<00:14,  1.58it/s] 12%|█▏        | 3/25 [00:01<00:12,  1.72it/s] 16%|█▌        | 4/25 [00:02<00:11,  1.79it/s] 20%|██        | 5/25 [00:02<00:10,  1.84it/s] 24%|██▍       | 6/25 [00:03<00:10,  1.87it/s] 28%|██▊       | 7/25 [00:03<00:09,  1.89it/s] 32%|███▏      | 8/25 [00:04<00:08,  1.90it/s] 36%|███▌      | 9/25 [00:04<00:08,  1.90it/s] 40%|████      | 10/25 [00:05<00:07,  1.91it/s] 44%|████▍     | 11/25 [00:05<00:07,  1.92it/s] 48%|████▊     | 12/25 [00:06<00:06,  1.92it/s] 52%|█████▏    | 13/25 [00:07<00:06,  1.92it/s] 56%|█████▌    | 14/25 [00:07<00:05,  1.92it/s] 60%|██████    | 15/25 [00:08<00:05,  1.92it/s] 64%|██████▍   | 16/25 [00:08<00:04,  1.93it/s] 68%|██████▊   | 17/25 [00:09<00:04,  1.92it/s] 72%|███████▏  | 18/25 [00:09<00:03,  1.92it/s] 76%|███████▌  | 19/25 [00:10<00:03,  1.92it/s] 80%|████████  | 20/25 [00:10<00:02,  1.92it/s] 84%|████████▍ | 21/25 [00:11<00:02,  1.92it/s] 88%|████████▊ | 22/25 [00:11<00:01,  1.93it/s] 92%|█████████▏| 23/25 [00:12<00:01,  1.93it/s] 96%|█████████▌| 24/25 [00:12<00:00,  1.92it/s]100%|██████████| 25/25 [00:13<00:00,  1.92it/s]100%|██████████| 25/25 [00:13<00:00,  1.88it/s]
[I 2024-05-23 18:51:40,953] Trial 0 finished with value: 0.0700187087059021 and parameters: {'d_model': 32, 'num_heads': 4, 'num_layers': 1, 'lr': 1.8186962599725534e-05, 'batch_size': 100, 'wd': 0.003393769270478835}. Best is trial 0 with value: 0.0700187087059021.
  0%|          | 0/25 [00:00<?, ?it/s]  4%|▍         | 1/25 [00:04<01:53,  4.73s/it]  8%|▊         | 2/25 [00:09<01:48,  4.72s/it] 12%|█▏        | 3/25 [00:14<01:43,  4.72s/it] 16%|█▌        | 4/25 [00:18<01:38,  4.71s/it] 20%|██        | 5/25 [00:23<01:34,  4.71s/it] 24%|██▍       | 6/25 [00:28<01:29,  4.70s/it] 28%|██▊       | 7/25 [00:32<01:24,  4.70s/it] 32%|███▏      | 8/25 [00:37<01:19,  4.70s/it] 36%|███▌      | 9/25 [00:42<01:15,  4.70s/it] 40%|████      | 10/25 [00:47<01:10,  4.70s/it] 44%|████▍     | 11/25 [00:51<01:05,  4.70s/it] 48%|████▊     | 12/25 [00:56<01:01,  4.70s/it] 52%|█████▏    | 13/25 [01:01<00:56,  4.70s/it] 56%|█████▌    | 14/25 [01:05<00:51,  4.70s/it] 60%|██████    | 15/25 [01:10<00:46,  4.69s/it] 64%|██████▍   | 16/25 [01:15<00:42,  4.70s/it] 68%|██████▊   | 17/25 [01:19<00:37,  4.70s/it] 72%|███████▏  | 18/25 [01:24<00:32,  4.70s/it] 76%|███████▌  | 19/25 [01:29<00:28,  4.69s/it] 80%|████████  | 20/25 [01:33<00:23,  4.69s/it] 84%|████████▍ | 21/25 [01:38<00:18,  4.70s/it] 88%|████████▊ | 22/25 [01:43<00:14,  4.70s/it] 92%|█████████▏| 23/25 [01:48<00:09,  4.70s/it] 96%|█████████▌| 24/25 [01:52<00:04,  4.69s/it]100%|██████████| 25/25 [01:57<00:00,  4.69s/it]100%|██████████| 25/25 [01:57<00:00,  4.70s/it]
[I 2024-05-23 18:53:38,533] Trial 1 finished with value: 0.035074396338313815 and parameters: {'d_model': 32, 'num_heads': 8, 'num_layers': 8, 'lr': 4.9718946192906836e-05, 'batch_size': 50, 'wd': 0.00012884627089784764}. Best is trial 1 with value: 0.035074396338313815.
  0%|          | 0/25 [00:00<?, ?it/s]  4%|▍         | 1/25 [00:01<00:25,  1.07s/it]  8%|▊         | 2/25 [00:02<00:24,  1.07s/it] 12%|█▏        | 3/25 [00:03<00:23,  1.06s/it] 16%|█▌        | 4/25 [00:04<00:22,  1.06s/it] 20%|██        | 5/25 [00:05<00:21,  1.06s/it] 24%|██▍       | 6/25 [00:06<00:20,  1.06s/it] 28%|██▊       | 7/25 [00:07<00:19,  1.06s/it] 32%|███▏      | 8/25 [00:08<00:18,  1.06s/it] 36%|███▌      | 9/25 [00:09<00:17,  1.08s/it] 40%|████      | 10/25 [00:10<00:16,  1.08s/it] 44%|████▍     | 11/25 [00:11<00:14,  1.07s/it] 48%|████▊     | 12/25 [00:12<00:13,  1.07s/it] 52%|█████▏    | 13/25 [00:13<00:12,  1.06s/it] 56%|█████▌    | 14/25 [00:14<00:11,  1.06s/it] 60%|██████    | 15/25 [00:15<00:10,  1.06s/it] 64%|██████▍   | 16/25 [00:17<00:09,  1.06s/it] 68%|██████▊   | 17/25 [00:18<00:08,  1.06s/it] 72%|███████▏  | 18/25 [00:19<00:07,  1.06s/it] 76%|███████▌  | 19/25 [00:20<00:06,  1.06s/it] 80%|████████  | 20/25 [00:21<00:05,  1.06s/it] 84%|████████▍ | 21/25 [00:22<00:04,  1.06s/it] 88%|████████▊ | 22/25 [00:23<00:03,  1.06s/it] 92%|█████████▏| 23/25 [00:24<00:02,  1.06s/it] 96%|█████████▌| 24/25 [00:25<00:01,  1.06s/it]100%|██████████| 25/25 [00:26<00:00,  1.06s/it]100%|██████████| 25/25 [00:26<00:00,  1.06s/it]
[I 2024-05-23 18:54:05,195] Trial 2 finished with value: 0.06105198285409382 and parameters: {'d_model': 16, 'num_heads': 16, 'num_layers': 5, 'lr': 2.792084387297657e-05, 'batch_size': 150, 'wd': 1.071952839193717e-06}. Best is trial 1 with value: 0.035074396338313815.
  0%|          | 0/25 [00:00<?, ?it/s]  4%|▍         | 1/25 [00:01<00:30,  1.29s/it]  8%|▊         | 2/25 [00:02<00:29,  1.28s/it] 12%|█▏        | 3/25 [00:03<00:28,  1.29s/it] 16%|█▌        | 4/25 [00:05<00:27,  1.29s/it] 20%|██        | 5/25 [00:06<00:25,  1.28s/it] 24%|██▍       | 6/25 [00:07<00:24,  1.28s/it] 28%|██▊       | 7/25 [00:08<00:23,  1.28s/it] 32%|███▏      | 8/25 [00:10<00:21,  1.28s/it] 36%|███▌      | 9/25 [00:11<00:20,  1.28s/it] 40%|████      | 10/25 [00:12<00:19,  1.28s/it] 44%|████▍     | 11/25 [00:14<00:17,  1.28s/it] 48%|████▊     | 12/25 [00:15<00:16,  1.28s/it] 52%|█████▏    | 13/25 [00:16<00:15,  1.28s/it] 56%|█████▌    | 14/25 [00:17<00:14,  1.28s/it] 60%|██████    | 15/25 [00:19<00:12,  1.28s/it] 64%|██████▍   | 16/25 [00:20<00:11,  1.29s/it] 68%|██████▊   | 17/25 [00:21<00:10,  1.28s/it] 72%|███████▏  | 18/25 [00:23<00:09,  1.29s/it] 76%|███████▌  | 19/25 [00:24<00:07,  1.28s/it] 80%|████████  | 20/25 [00:25<00:06,  1.29s/it] 84%|████████▍ | 21/25 [00:26<00:05,  1.29s/it] 88%|████████▊ | 22/25 [00:28<00:03,  1.28s/it] 92%|█████████▏| 23/25 [00:29<00:02,  1.28s/it] 96%|█████████▌| 24/25 [00:30<00:01,  1.28s/it]100%|██████████| 25/25 [00:32<00:00,  1.28s/it]100%|██████████| 25/25 [00:32<00:00,  1.28s/it]
[I 2024-05-23 18:54:37,355] Trial 3 finished with value: 0.042372336983680724 and parameters: {'d_model': 16, 'num_heads': 4, 'num_layers': 7, 'lr': 0.0004321602494891243, 'batch_size': 200, 'wd': 0.0003754770675957358}. Best is trial 1 with value: 0.035074396338313815.
  0%|          | 0/25 [00:00<?, ?it/s]  4%|▍         | 1/25 [00:11<04:26, 11.12s/it]  8%|▊         | 2/25 [00:22<04:15, 11.10s/it] 12%|█▏        | 3/25 [00:33<04:03, 11.09s/it] 16%|█▌        | 4/25 [00:44<03:52, 11.06s/it] 20%|██        | 5/25 [00:55<03:41, 11.06s/it] 24%|██▍       | 6/25 [01:06<03:30, 11.07s/it] 28%|██▊       | 7/25 [01:17<03:19, 11.08s/it] 32%|███▏      | 8/25 [01:28<03:08, 11.08s/it] 36%|███▌      | 9/25 [01:39<02:57, 11.07s/it] 40%|████      | 10/25 [01:50<02:45, 11.06s/it] 44%|████▍     | 11/25 [02:01<02:34, 11.07s/it] 48%|████▊     | 12/25 [02:12<02:23, 11.07s/it] 52%|█████▏    | 13/25 [02:23<02:12, 11.06s/it] 56%|█████▌    | 14/25 [02:35<02:01, 11.07s/it] 60%|██████    | 15/25 [02:46<01:50, 11.07s/it] 64%|██████▍   | 16/25 [02:57<01:39, 11.08s/it] 68%|██████▊   | 17/25 [03:08<01:28, 11.08s/it] 72%|███████▏  | 18/25 [03:19<01:17, 11.08s/it] 76%|███████▌  | 19/25 [03:30<01:06, 11.06s/it] 80%|████████  | 20/25 [03:41<00:55, 11.06s/it] 84%|████████▍ | 21/25 [03:52<00:44, 11.06s/it] 88%|████████▊ | 22/25 [04:03<00:33, 11.05s/it] 92%|█████████▏| 23/25 [04:14<00:22, 11.05s/it] 96%|█████████▌| 24/25 [04:25<00:11, 11.07s/it]100%|██████████| 25/25 [04:36<00:00, 11.08s/it]100%|██████████| 25/25 [04:36<00:00, 11.07s/it]
[I 2024-05-23 18:59:14,252] Trial 4 finished with value: 0.029736234433948995 and parameters: {'d_model': 128, 'num_heads': 16, 'num_layers': 8, 'lr': 3.7223399558589725e-05, 'batch_size': 50, 'wd': 0.001155704733479219}. Best is trial 4 with value: 0.029736234433948995.
  0%|          | 0/25 [00:00<?, ?it/s]  0%|          | 0/25 [00:05<?, ?it/s]
[I 2024-05-23 18:59:20,178] Trial 5 pruned. 
  0%|          | 0/25 [00:00<?, ?it/s]  4%|▍         | 1/25 [00:03<01:22,  3.44s/it]  8%|▊         | 2/25 [00:06<01:18,  3.43s/it] 12%|█▏        | 3/25 [00:10<01:15,  3.43s/it] 16%|█▌        | 4/25 [00:13<01:11,  3.43s/it] 20%|██        | 5/25 [00:17<01:08,  3.43s/it] 24%|██▍       | 6/25 [00:20<01:05,  3.43s/it] 28%|██▊       | 7/25 [00:23<01:01,  3.43s/it] 32%|███▏      | 8/25 [00:27<00:58,  3.43s/it] 36%|███▌      | 9/25 [00:30<00:54,  3.43s/it] 40%|████      | 10/25 [00:34<00:51,  3.43s/it] 44%|████▍     | 11/25 [00:37<00:48,  3.43s/it] 48%|████▊     | 12/25 [00:41<00:44,  3.43s/it] 52%|█████▏    | 13/25 [00:44<00:41,  3.42s/it] 56%|█████▌    | 14/25 [00:47<00:37,  3.42s/it] 60%|██████    | 15/25 [00:51<00:34,  3.42s/it] 64%|██████▍   | 16/25 [00:54<00:30,  3.42s/it] 68%|██████▊   | 17/25 [00:58<00:27,  3.42s/it] 72%|███████▏  | 18/25 [01:01<00:23,  3.42s/it] 76%|███████▌  | 19/25 [01:05<00:20,  3.42s/it] 80%|████████  | 20/25 [01:08<00:17,  3.42s/it] 84%|████████▍ | 21/25 [01:11<00:13,  3.42s/it] 88%|████████▊ | 22/25 [01:15<00:10,  3.42s/it] 92%|█████████▏| 23/25 [01:18<00:06,  3.42s/it] 96%|█████████▌| 24/25 [01:22<00:03,  3.42s/it]100%|██████████| 25/25 [01:25<00:00,  3.42s/it]100%|██████████| 25/25 [01:25<00:00,  3.42s/it]
[I 2024-05-23 19:00:45,786] Trial 6 finished with value: 0.034380942676216365 and parameters: {'d_model': 16, 'num_heads': 4, 'num_layers': 7, 'lr': 0.0001599929656877033, 'batch_size': 50, 'wd': 0.0010979777734131347}. Best is trial 4 with value: 0.029736234433948995.
  0%|          | 0/25 [00:00<?, ?it/s]  4%|▍         | 1/25 [00:02<01:11,  2.97s/it]  8%|▊         | 2/25 [00:05<01:07,  2.92s/it] 12%|█▏        | 3/25 [00:08<01:04,  2.91s/it] 16%|█▌        | 4/25 [00:11<01:00,  2.90s/it] 20%|██        | 5/25 [00:14<00:57,  2.89s/it] 24%|██▍       | 6/25 [00:17<00:54,  2.89s/it] 28%|██▊       | 7/25 [00:20<00:52,  2.89s/it] 32%|███▏      | 8/25 [00:23<00:49,  2.89s/it] 36%|███▌      | 9/25 [00:26<00:46,  2.89s/it] 40%|████      | 10/25 [00:28<00:43,  2.89s/it] 44%|████▍     | 11/25 [00:31<00:40,  2.89s/it] 48%|████▊     | 12/25 [00:34<00:37,  2.89s/it] 52%|█████▏    | 13/25 [00:37<00:34,  2.89s/it] 56%|█████▌    | 14/25 [00:40<00:31,  2.89s/it] 60%|██████    | 15/25 [00:43<00:28,  2.89s/it] 64%|██████▍   | 16/25 [00:46<00:26,  2.89s/it] 68%|██████▊   | 17/25 [00:49<00:23,  2.89s/it] 72%|███████▏  | 18/25 [00:52<00:20,  2.89s/it] 76%|███████▌  | 19/25 [00:54<00:17,  2.89s/it] 80%|████████  | 20/25 [00:57<00:14,  2.89s/it] 84%|████████▍ | 21/25 [01:00<00:11,  2.89s/it] 88%|████████▊ | 22/25 [01:03<00:08,  2.89s/it] 92%|█████████▏| 23/25 [01:06<00:05,  2.89s/it] 96%|█████████▌| 24/25 [01:09<00:02,  2.89s/it]100%|██████████| 25/25 [01:12<00:00,  2.89s/it]100%|██████████| 25/25 [01:12<00:00,  2.89s/it]
[I 2024-05-23 19:01:58,170] Trial 7 finished with value: 0.02218195591121912 and parameters: {'d_model': 32, 'num_heads': 4, 'num_layers': 8, 'lr': 0.000371740849807143, 'batch_size': 100, 'wd': 6.673015098455788e-05}. Best is trial 7 with value: 0.02218195591121912.
  0%|          | 0/25 [00:00<?, ?it/s]  4%|▍         | 1/25 [00:11<04:25, 11.08s/it]  8%|▊         | 2/25 [00:22<04:14, 11.08s/it] 12%|█▏        | 3/25 [00:33<04:03, 11.09s/it] 16%|█▌        | 4/25 [00:44<03:52, 11.07s/it] 20%|██        | 5/25 [00:55<03:41, 11.10s/it] 24%|██▍       | 6/25 [01:06<03:30, 11.09s/it] 28%|██▊       | 7/25 [01:17<03:19, 11.08s/it] 32%|███▏      | 8/25 [01:28<03:08, 11.09s/it] 36%|███▌      | 9/25 [01:39<02:57, 11.09s/it] 40%|████      | 10/25 [01:50<02:46, 11.08s/it] 44%|████▍     | 11/25 [02:01<02:35, 11.08s/it] 48%|████▊     | 12/25 [02:12<02:23, 11.06s/it] 52%|█████▏    | 13/25 [02:24<02:12, 11.07s/it] 56%|█████▌    | 14/25 [02:35<02:01, 11.07s/it] 60%|██████    | 15/25 [02:46<01:50, 11.07s/it] 64%|██████▍   | 16/25 [02:57<01:39, 11.08s/it] 68%|██████▊   | 17/25 [03:08<01:28, 11.08s/it] 72%|███████▏  | 18/25 [03:19<01:17, 11.07s/it] 76%|███████▌  | 19/25 [03:30<01:06, 11.08s/it] 80%|████████  | 20/25 [03:41<00:55, 11.07s/it] 84%|████████▍ | 21/25 [03:52<00:44, 11.07s/it] 88%|████████▊ | 22/25 [04:03<00:33, 11.08s/it] 92%|█████████▏| 23/25 [04:14<00:22, 11.09s/it] 96%|█████████▌| 24/25 [04:25<00:11, 11.08s/it]100%|██████████| 25/25 [04:36<00:00, 11.08s/it]100%|██████████| 25/25 [04:36<00:00, 11.08s/it]
[I 2024-05-23 19:06:35,301] Trial 8 finished with value: 0.02895751763135195 and parameters: {'d_model': 128, 'num_heads': 8, 'num_layers': 8, 'lr': 4.311261207461407e-05, 'batch_size': 50, 'wd': 0.0013231384959003333}. Best is trial 7 with value: 0.02218195591121912.
  0%|          | 0/25 [00:00<?, ?it/s]  0%|          | 0/25 [00:04<?, ?it/s]
[I 2024-05-23 19:06:39,725] Trial 9 pruned. 
  0%|          | 0/25 [00:00<?, ?it/s]  4%|▍         | 1/25 [00:02<00:51,  2.16s/it]  8%|▊         | 2/25 [00:04<00:49,  2.16s/it] 12%|█▏        | 3/25 [00:06<00:47,  2.16s/it] 16%|█▌        | 4/25 [00:08<00:45,  2.16s/it] 20%|██        | 5/25 [00:10<00:43,  2.16s/it] 24%|██▍       | 6/25 [00:12<00:41,  2.16s/it] 28%|██▊       | 7/25 [00:15<00:38,  2.16s/it] 32%|███▏      | 8/25 [00:17<00:36,  2.16s/it] 36%|███▌      | 9/25 [00:19<00:34,  2.16s/it] 40%|████      | 10/25 [00:21<00:32,  2.16s/it] 44%|████▍     | 11/25 [00:23<00:30,  2.16s/it] 48%|████▊     | 12/25 [00:25<00:28,  2.16s/it] 52%|█████▏    | 13/25 [00:28<00:25,  2.16s/it] 56%|█████▌    | 14/25 [00:30<00:23,  2.16s/it] 60%|██████    | 15/25 [00:32<00:21,  2.15s/it] 64%|██████▍   | 16/25 [00:34<00:19,  2.15s/it] 68%|██████▊   | 17/25 [00:36<00:17,  2.15s/it] 72%|███████▏  | 18/25 [00:38<00:15,  2.15s/it] 76%|███████▌  | 19/25 [00:40<00:12,  2.15s/it] 80%|████████  | 20/25 [00:43<00:10,  2.15s/it] 84%|████████▍ | 21/25 [00:45<00:08,  2.16s/it] 88%|████████▊ | 22/25 [00:47<00:06,  2.16s/it] 92%|█████████▏| 23/25 [00:49<00:04,  2.16s/it] 96%|█████████▌| 24/25 [00:51<00:02,  2.15s/it]100%|██████████| 25/25 [00:53<00:00,  2.15s/it]100%|██████████| 25/25 [00:53<00:00,  2.16s/it]
[I 2024-05-23 19:07:33,705] Trial 10 finished with value: 0.015268791001290083 and parameters: {'d_model': 64, 'num_heads': 4, 'num_layers': 4, 'lr': 0.0008989627325671443, 'batch_size': 100, 'wd': 3.435862581319349e-05}. Best is trial 10 with value: 0.015268791001290083.
  0%|          | 0/25 [00:00<?, ?it/s]  4%|▍         | 1/25 [00:02<00:51,  2.15s/it]  8%|▊         | 2/25 [00:04<00:50,  2.18s/it] 12%|█▏        | 3/25 [00:06<00:47,  2.15s/it] 16%|█▌        | 4/25 [00:08<00:44,  2.14s/it] 20%|██        | 5/25 [00:10<00:42,  2.13s/it] 24%|██▍       | 6/25 [00:12<00:40,  2.13s/it] 28%|██▊       | 7/25 [00:14<00:38,  2.13s/it] 32%|███▏      | 8/25 [00:17<00:36,  2.12s/it] 36%|███▌      | 9/25 [00:19<00:33,  2.12s/it] 40%|████      | 10/25 [00:21<00:31,  2.13s/it] 44%|████▍     | 11/25 [00:23<00:29,  2.13s/it] 48%|████▊     | 12/25 [00:25<00:27,  2.13s/it] 52%|█████▏    | 13/25 [00:27<00:25,  2.13s/it] 56%|█████▌    | 14/25 [00:29<00:23,  2.13s/it] 60%|██████    | 15/25 [00:31<00:21,  2.12s/it] 64%|██████▍   | 16/25 [00:34<00:19,  2.12s/it] 68%|██████▊   | 17/25 [00:36<00:17,  2.13s/it] 72%|███████▏  | 18/25 [00:38<00:14,  2.13s/it] 76%|███████▌  | 19/25 [00:40<00:12,  2.13s/it] 80%|████████  | 20/25 [00:42<00:10,  2.12s/it] 84%|████████▍ | 21/25 [00:44<00:08,  2.12s/it] 88%|████████▊ | 22/25 [00:46<00:06,  2.13s/it] 92%|█████████▏| 23/25 [00:48<00:04,  2.13s/it] 96%|█████████▌| 24/25 [00:51<00:02,  2.13s/it]100%|██████████| 25/25 [00:53<00:00,  2.13s/it]100%|██████████| 25/25 [00:53<00:00,  2.13s/it]
[I 2024-05-23 19:08:27,026] Trial 11 finished with value: 0.01402924358844757 and parameters: {'d_model': 64, 'num_heads': 4, 'num_layers': 4, 'lr': 0.0009411277459242691, 'batch_size': 100, 'wd': 3.35841528260299e-05}. Best is trial 11 with value: 0.01402924358844757.
  0%|          | 0/25 [00:00<?, ?it/s]  4%|▍         | 1/25 [00:01<00:39,  1.66s/it]  8%|▊         | 2/25 [00:03<00:37,  1.65s/it] 12%|█▏        | 3/25 [00:04<00:36,  1.65s/it] 16%|█▌        | 4/25 [00:06<00:34,  1.64s/it] 20%|██        | 5/25 [00:08<00:32,  1.64s/it] 24%|██▍       | 6/25 [00:09<00:31,  1.64s/it] 28%|██▊       | 7/25 [00:11<00:29,  1.65s/it] 32%|███▏      | 8/25 [00:13<00:27,  1.65s/it] 36%|███▌      | 9/25 [00:14<00:26,  1.64s/it] 40%|████      | 10/25 [00:16<00:24,  1.64s/it] 44%|████▍     | 11/25 [00:18<00:22,  1.64s/it] 48%|████▊     | 12/25 [00:19<00:21,  1.64s/it] 52%|█████▏    | 13/25 [00:21<00:19,  1.64s/it] 56%|█████▌    | 14/25 [00:23<00:18,  1.64s/it] 60%|██████    | 15/25 [00:24<00:16,  1.64s/it] 64%|██████▍   | 16/25 [00:26<00:14,  1.64s/it] 68%|██████▊   | 17/25 [00:27<00:13,  1.65s/it] 72%|███████▏  | 18/25 [00:29<00:11,  1.65s/it] 76%|███████▌  | 19/25 [00:31<00:09,  1.65s/it] 80%|████████  | 20/25 [00:32<00:08,  1.65s/it] 84%|████████▍ | 21/25 [00:34<00:06,  1.65s/it] 88%|████████▊ | 22/25 [00:36<00:04,  1.64s/it] 92%|█████████▏| 23/25 [00:37<00:03,  1.65s/it] 96%|█████████▌| 24/25 [00:39<00:01,  1.65s/it]100%|██████████| 25/25 [00:41<00:00,  1.65s/it]100%|██████████| 25/25 [00:41<00:00,  1.64s/it]
[I 2024-05-23 19:09:08,228] Trial 12 finished with value: 0.012806742731481791 and parameters: {'d_model': 64, 'num_heads': 4, 'num_layers': 3, 'lr': 0.0009913071667270658, 'batch_size': 100, 'wd': 1.4602674277202098e-05}. Best is trial 12 with value: 0.012806742731481791.
  0%|          | 0/25 [00:00<?, ?it/s]  4%|▍         | 1/25 [00:01<00:39,  1.65s/it]  8%|▊         | 2/25 [00:03<00:37,  1.65s/it] 12%|█▏        | 3/25 [00:04<00:36,  1.65s/it] 16%|█▌        | 4/25 [00:06<00:34,  1.65s/it] 20%|██        | 5/25 [00:08<00:32,  1.65s/it] 24%|██▍       | 6/25 [00:09<00:31,  1.65s/it] 28%|██▊       | 7/25 [00:11<00:29,  1.65s/it] 32%|███▏      | 8/25 [00:13<00:28,  1.65s/it] 36%|███▌      | 9/25 [00:14<00:26,  1.65s/it] 40%|████      | 10/25 [00:16<00:24,  1.65s/it] 44%|████▍     | 11/25 [00:18<00:23,  1.65s/it] 48%|████▊     | 12/25 [00:19<00:21,  1.65s/it] 52%|█████▏    | 13/25 [00:21<00:19,  1.65s/it] 56%|█████▌    | 14/25 [00:23<00:18,  1.65s/it] 60%|██████    | 15/25 [00:24<00:16,  1.65s/it] 64%|██████▍   | 16/25 [00:26<00:14,  1.65s/it] 68%|██████▊   | 17/25 [00:28<00:13,  1.65s/it] 72%|███████▏  | 18/25 [00:29<00:11,  1.64s/it] 76%|███████▌  | 19/25 [00:31<00:09,  1.65s/it] 80%|████████  | 20/25 [00:32<00:08,  1.65s/it] 84%|████████▍ | 21/25 [00:34<00:06,  1.65s/it] 88%|████████▊ | 22/25 [00:36<00:04,  1.65s/it] 92%|█████████▏| 23/25 [00:37<00:03,  1.65s/it] 96%|█████████▌| 24/25 [00:39<00:01,  1.65s/it]100%|██████████| 25/25 [00:41<00:00,  1.65s/it]100%|██████████| 25/25 [00:41<00:00,  1.65s/it]
[I 2024-05-23 19:09:49,518] Trial 13 finished with value: 0.012714631017297506 and parameters: {'d_model': 64, 'num_heads': 4, 'num_layers': 3, 'lr': 0.0009353763379696769, 'batch_size': 100, 'wd': 7.0967896890630274e-06}. Best is trial 13 with value: 0.012714631017297506.
  0%|          | 0/25 [00:00<?, ?it/s]  0%|          | 0/25 [00:00<?, ?it/s]
[I 2024-05-23 19:09:50,333] Trial 14 pruned. 
  0%|          | 0/25 [00:00<?, ?it/s]  0%|          | 0/25 [00:01<?, ?it/s]
[I 2024-05-23 19:09:52,067] Trial 15 pruned. 
  0%|          | 0/25 [00:00<?, ?it/s]  0%|          | 0/25 [00:01<?, ?it/s]
[I 2024-05-23 19:09:53,322] Trial 16 pruned. 
  0%|          | 0/25 [00:00<?, ?it/s]  4%|▍         | 1/25 [00:02<01:02,  2.60s/it]  8%|▊         | 2/25 [00:05<00:59,  2.59s/it] 12%|█▏        | 3/25 [00:07<00:56,  2.58s/it] 16%|█▌        | 4/25 [00:10<00:54,  2.58s/it] 20%|██        | 5/25 [00:12<00:51,  2.58s/it] 24%|██▍       | 6/25 [00:15<00:48,  2.58s/it] 28%|██▊       | 7/25 [00:18<00:46,  2.58s/it] 32%|███▏      | 8/25 [00:20<00:43,  2.58s/it] 36%|███▌      | 9/25 [00:23<00:41,  2.57s/it] 40%|████      | 10/25 [00:25<00:38,  2.58s/it] 44%|████▍     | 11/25 [00:28<00:36,  2.58s/it] 48%|████▊     | 12/25 [00:30<00:33,  2.58s/it] 52%|█████▏    | 13/25 [00:33<00:30,  2.58s/it] 56%|█████▌    | 14/25 [00:36<00:28,  2.58s/it] 60%|██████    | 15/25 [00:38<00:25,  2.58s/it] 64%|██████▍   | 16/25 [00:41<00:23,  2.58s/it] 68%|██████▊   | 17/25 [00:43<00:20,  2.58s/it] 72%|███████▏  | 18/25 [00:46<00:18,  2.58s/it] 76%|███████▌  | 19/25 [00:48<00:15,  2.57s/it] 80%|████████  | 20/25 [00:51<00:12,  2.57s/it] 84%|████████▍ | 21/25 [00:54<00:10,  2.58s/it] 88%|████████▊ | 22/25 [00:56<00:07,  2.58s/it] 92%|█████████▏| 23/25 [00:59<00:05,  2.58s/it] 96%|█████████▌| 24/25 [01:01<00:02,  2.58s/it]100%|██████████| 25/25 [01:04<00:00,  2.58s/it]100%|██████████| 25/25 [01:04<00:00,  2.58s/it]
[I 2024-05-23 19:10:57,883] Trial 17 finished with value: 0.01749069057404995 and parameters: {'d_model': 64, 'num_heads': 4, 'num_layers': 5, 'lr': 0.00034819707585970867, 'batch_size': 100, 'wd': 1.0551793426187084e-05}. Best is trial 13 with value: 0.012714631017297506.
  0%|          | 0/25 [00:00<?, ?it/s]  0%|          | 0/25 [00:01<?, ?it/s]
